{"event": {"@timestamp": "2022-12-19T08:48:24.528Z", "agent": {"ephemeral_id": "75382475-4494-4885-af56-0a918c9c7d5b", "hostname": "CLIENT1", "id": "a5ea4d3e-40c5-43d5-9a2e-ed2c48327430", "name": "CLIENT1", "type": "winlogbeat", "version": "7.10.2"}, "ecs": {"version": "1.5.0"}, "event": {"action": "File created (rule: FileCreate)", "category": ["file"], "code": 11, "created": "2022-12-19T08:48:25.567Z", "kind": "event", "module": "sysmon", "provider": "Microsoft-Windows-Sysmon", "type": ["creation"]}, "file": {"directory": "C:\\Users\\client1\\AppData\\Local\\Microsoft\\OneDrive", "extension": "exe", "name": "OneDrive.exe", "path": "C:\\Users\\client1\\AppData\\Local\\Microsoft\\OneDrive\\OneDrive.exe"}, "host": {"name": "CLIENT1.breach.local"}, "log": {"level": "information"}, "message": "File created:\nRuleName: EXE\nUtcTime: 2022-12-19 08:48:24.528\nProcessGuid: {4901c233-24dd-63a0-9b00-000000000600}\nProcessId: 6488\nImage: C:\\Windows\\SysWOW64\\OneDriveSetup.exe\nTargetFilename: C:\\Users\\client1\\AppData\\Local\\Microsoft\\OneDrive\\OneDrive.exe\nCreationUtcTime: 2022-12-19 08:48:24.528\nUser: BREACH\\client1", "process": {"entity_id": "{4901c233-24dd-63a0-9b00-000000000600}", "executable": "C:\\Windows\\SysWOW64\\OneDriveSetup.exe", "name": "OneDriveSetup.exe", "pid": 6488}, "rule": {"name": "EXE"}, "winlog": {"api": "wineventlog", "channel": "Microsoft-Windows-Sysmon/Operational", "computer_name": "CLIENT1.breach.local", "event_data": {"CreationUtcTime": "2022-12-19 08:48:24.528", "User": "BREACH\\client1"}, "event_id": 11, "opcode": "Info", "process": {"pid": 2072, "thread": {"id": 2684}}, "provider_guid": "{5770385f-c22a-43e0-bf4c-06f5698ffbd9}", "provider_name": "Microsoft-Windows-Sysmon", "record_id": 1607, "task": "File created (rule: FileCreate)", "user": {"domain": "NT AUTHORITY", "identifier": "S-1-5-18", "name": "SYSTEM", "type": "User"}, "version": 2}}, "rule": {"name": "Creation of an Executable by an Executable", "authors": ["frack113"], "level": "low", "source": "sigma", "status": "experimental", "falsepositives": ["Software installers", "Update utilities"], "id": "297afac9-5d02-4138-8c58-b977bac60556", "logsource": {"category": "file_event", "product": "windows"}, "references": ["Malware Sandbox"], "tags": ["attack.resource_development", "attack.t1587.001"]}, "metadata": {"group": "Sigma", "kind": "individual", "document": {"kind": "jsonl", "path": "simulation_datasets/simulation_1/EntireSimulation_winlogbeat.jsonl"}, "timestamp": "2022-12-19T08:48:24.528+00:00", "misuse": false}}
{"event": {"@timestamp": "2022-12-19T08:48:24.561Z", "agent": {"ephemeral_id": "75382475-4494-4885-af56-0a918c9c7d5b", "hostname": "CLIENT1", "id": "a5ea4d3e-40c5-43d5-9a2e-ed2c48327430", "name": "CLIENT1", "type": "winlogbeat", "version": "7.10.2"}, "ecs": {"version": "1.5.0"}, "event": {"action": "File created (rule: FileCreate)", "category": ["file"], "code": 11, "created": "2022-12-19T08:48:25.568Z", "kind": "event", "module": "sysmon", "provider": "Microsoft-Windows-Sysmon", "type": ["creation"]}, "file": {"directory": "C:\\Users\\client1\\AppData\\Local\\Microsoft\\OneDrive", "extension": "exe", "name": "OneDriveStandaloneUpdater.exe", "path": "C:\\Users\\client1\\AppData\\Local\\Microsoft\\OneDrive\\OneDriveStandaloneUpdater.exe"}, "host": {"name": "CLIENT1.breach.local"}, "log": {"level": "information"}, "message": "File created:\nRuleName: EXE\nUtcTime: 2022-12-19 08:48:24.561\nProcessGuid: {4901c233-24dd-63a0-9b00-000000000600}\nProcessId: 6488\nImage: C:\\Windows\\SysWOW64\\OneDriveSetup.exe\nTargetFilename: C:\\Users\\client1\\AppData\\Local\\Microsoft\\OneDrive\\OneDriveStandaloneUpdater.exe\nCreationUtcTime: 2022-12-19 08:48:24.561\nUser: BREACH\\client1", "process": {"entity_id": "{4901c233-24dd-63a0-9b00-000000000600}", "executable": "C:\\Windows\\SysWOW64\\OneDriveSetup.exe", "name": "OneDriveSetup.exe", "pid": 6488}, "rule": {"name": "EXE"}, "winlog": {"api": "wineventlog", "channel": "Microsoft-Windows-Sysmon/Operational", "computer_name": "CLIENT1.breach.local", "event_data": {"CreationUtcTime": "2022-12-19 08:48:24.561", "User": "BREACH\\client1"}, "event_id": 11, "opcode": "Info", "process": {"pid": 2072, "thread": {"id": 2684}}, "provider_guid": "{5770385f-c22a-43e0-bf4c-06f5698ffbd9}", "provider_name": "Microsoft-Windows-Sysmon", "record_id": 1609, "task": "File created (rule: FileCreate)", "user": {"domain": "NT AUTHORITY", "identifier": "S-1-5-18", "name": "SYSTEM", "type": "User"}, "version": 2}}, "rule": {"name": "Creation of an Executable by an Executable", "authors": ["frack113"], "level": "low", "source": "sigma", "status": "experimental", "falsepositives": ["Software installers", "Update utilities"], "id": "297afac9-5d02-4138-8c58-b977bac60556", "logsource": {"category": "file_event", "product": "windows"}, "references": ["Malware Sandbox"], "tags": ["attack.resource_development", "attack.t1587.001"]}, "metadata": {"group": "Sigma", "kind": "individual", "document": {"kind": "jsonl", "path": "simulation_datasets/simulation_1/EntireSimulation_winlogbeat.jsonl"}, "timestamp": "2022-12-19T08:48:24.561+00:00", "misuse": false}}
{"event": {"@timestamp": "2022-12-19T08:55:57.526Z", "agent": {"ephemeral_id": "75382475-4494-4885-af56-0a918c9c7d5b", "hostname": "CLIENT1", "id": "a5ea4d3e-40c5-43d5-9a2e-ed2c48327430", "name": "CLIENT1", "type": "winlogbeat", "version": "7.10.2"}, "ecs": {"version": "1.5.0"}, "event": {"action": "Windows Update Agent", "code": 19, "created": "2022-12-19T08:55:58.866Z", "kind": "event", "provider": "Microsoft-Windows-WindowsUpdateClient"}, "host": {"name": "CLIENT1.breach.local"}, "log": {"level": "information"}, "message": "Installation Successful: Windows successfully installed the following update: 9NBLGGH537C2-Microsoft.XboxGameOverlay", "winlog": {"activity_id": "{1ff30d06-1386-0000-f042-f31f8613d901}", "api": "wineventlog", "channel": "System", "computer_name": "CLIENT1.breach.local", "event_data": {"serviceGuid": "{855e8a7c-ecb4-4ca3-b045-1dfa50104289}", "updateGuid": "{d82f41c1-893a-4a90-ac94-8f83da52a274}", "updateRevisionNumber": "1", "updateTitle": "9NBLGGH537C2-Microsoft.XboxGameOverlay"}, "event_id": 19, "keywords": ["Installation", "Success"], "opcode": "Installation", "process": {"pid": 356, "thread": {"id": 2768}}, "provider_guid": "{945a8954-c147-4acd-923f-40c45405a658}", "provider_name": "Microsoft-Windows-WindowsUpdateClient", "record_id": 613, "task": "Windows Update Agent", "user": {"domain": "NT AUTHORITY", "identifier": "S-1-5-18", "name": "SYSTEM", "type": "User"}, "version": 1}}, "rule": {"name": "WMI Event Subscription", "authors": ["Tom Ueltschi (@c_APT_ure)"], "level": "medium", "source": "sigma", "status": "experimental", "falsepositives": ["Exclude legitimate (vetted) use of WMI event subscription in your network"], "id": "0f06a3a5-6a09-413f-8743-e6cf35561297", "logsource": {"category": "wmi_event", "product": "windows"}, "tags": ["attack.persistence", "attack.t1546.003"]}, "metadata": {"group": "Sigma", "kind": "individual", "document": {"kind": "jsonl", "path": "simulation_datasets/simulation_1/EntireSimulation_winlogbeat.jsonl"}, "timestamp": "2022-12-19T08:55:57.526+00:00", "misuse": false}}
{"event": {"@timestamp": "2022-12-19T08:55:59.279Z", "agent": {"ephemeral_id": "75382475-4494-4885-af56-0a918c9c7d5b", "hostname": "CLIENT1", "id": "a5ea4d3e-40c5-43d5-9a2e-ed2c48327430", "name": "CLIENT1", "type": "winlogbeat", "version": "7.10.2"}, "ecs": {"version": "1.5.0"}, "event": {"action": "Windows Update Agent", "code": 19, "created": "2022-12-19T08:56:00.894Z", "kind": "event", "provider": "Microsoft-Windows-WindowsUpdateClient"}, "host": {"name": "CLIENT1.breach.local"}, "log": {"level": "information"}, "message": "Installation Successful: Windows successfully installed the following update: 9NBLGGH3FRZM-Microsoft.VCLibs.140.00", "winlog": {"activity_id": "{1ff30d06-1386-0001-7139-f31f8613d901}", "api": "wineventlog", "channel": "System", "computer_name": "CLIENT1.breach.local", "event_data": {"serviceGuid": "{855e8a7c-ecb4-4ca3-b045-1dfa50104289}", "updateGuid": "{075a4121-db52-4709-91f0-1a3dbd9beb30}", "updateRevisionNumber": "1", "updateTitle": "9NBLGGH3FRZM-Microsoft.VCLibs.140.00"}, "event_id": 19, "keywords": ["Installation", "Success"], "opcode": "Installation", "process": {"pid": 356, "thread": {"id": 2768}}, "provider_guid": "{945a8954-c147-4acd-923f-40c45405a658}", "provider_name": "Microsoft-Windows-WindowsUpdateClient", "record_id": 615, "task": "Windows Update Agent", "user": {"domain": "NT AUTHORITY", "identifier": "S-1-5-18", "name": "SYSTEM", "type": "User"}, "version": 1}}, "rule": {"name": "WMI Event Subscription", "authors": ["Tom Ueltschi (@c_APT_ure)"], "level": "medium", "source": "sigma", "status": "experimental", "falsepositives": ["Exclude legitimate (vetted) use of WMI event subscription in your network"], "id": "0f06a3a5-6a09-413f-8743-e6cf35561297", "logsource": {"category": "wmi_event", "product": "windows"}, "tags": ["attack.persistence", "attack.t1546.003"]}, "metadata": {"group": "Sigma", "kind": "individual", "document": {"kind": "jsonl", "path": "simulation_datasets/simulation_1/EntireSimulation_winlogbeat.jsonl"}, "timestamp": "2022-12-19T08:55:59.279+00:00", "misuse": false}}
{"event": {"@timestamp": "2022-12-19T09:10:11.629Z", "agent": {"ephemeral_id": "75382475-4494-4885-af56-0a918c9c7d5b", "hostname": "CLIENT1", "id": "a5ea4d3e-40c5-43d5-9a2e-ed2c48327430", "name": "CLIENT1", "type": "winlogbeat", "version": "7.10.2"}, "ecs": {"version": "1.5.0"}, "event": {"action": "Windows Update Agent", "code": 19, "created": "2022-12-19T09:10:12.224Z", "kind": "event", "provider": "Microsoft-Windows-WindowsUpdateClient"}, "host": {"name": "CLIENT1.breach.local"}, "log": {"level": "information"}, "message": "Installation Successful: Windows successfully installed the following update: 9NBLGGH5FV99-Microsoft.MSPaint", "winlog": {"activity_id": "{1ff30d06-1386-0001-b267-f31f8613d901}", "api": "wineventlog", "channel": "System", "computer_name": "CLIENT1.breach.local", "event_data": {"serviceGuid": "{855e8a7c-ecb4-4ca3-b045-1dfa50104289}", "updateGuid": "{06edc54b-4724-4e5d-903d-5abec05117e8}", "updateRevisionNumber": "1", "updateTitle": "9NBLGGH5FV99-Microsoft.MSPaint"}, "event_id": 19, "keywords": ["Installation", "Success"], "opcode": "Installation", "process": {"pid": 356, "thread": {"id": 4172}}, "provider_guid": "{945a8954-c147-4acd-923f-40c45405a658}", "provider_name": "Microsoft-Windows-WindowsUpdateClient", "record_id": 621, "task": "Windows Update Agent", "user": {"domain": "NT AUTHORITY", "identifier": "S-1-5-18", "name": "SYSTEM", "type": "User"}, "version": 1}}, "rule": {"name": "WMI Event Subscription", "authors": ["Tom Ueltschi (@c_APT_ure)"], "level": "medium", "source": "sigma", "status": "experimental", "falsepositives": ["Exclude legitimate (vetted) use of WMI event subscription in your network"], "id": "0f06a3a5-6a09-413f-8743-e6cf35561297", "logsource": {"category": "wmi_event", "product": "windows"}, "tags": ["attack.persistence", "attack.t1546.003"]}, "metadata": {"group": "Sigma", "kind": "individual", "document": {"kind": "jsonl", "path": "simulation_datasets/simulation_1/EntireSimulation_winlogbeat.jsonl"}, "timestamp": "2022-12-19T09:10:11.629+00:00", "misuse": false}}
{"event": {"@timestamp": "2022-12-19T09:10:20.103Z", "agent": {"ephemeral_id": "75382475-4494-4885-af56-0a918c9c7d5b", "hostname": "CLIENT1", "id": "a5ea4d3e-40c5-43d5-9a2e-ed2c48327430", "name": "CLIENT1", "type": "winlogbeat", "version": "7.10.2"}, "ecs": {"version": "1.5.0"}, "event": {"action": "Windows Update Agent", "code": 19, "created": "2022-12-19T09:10:21.291Z", "kind": "event", "provider": "Microsoft-Windows-WindowsUpdateClient"}, "host": {"name": "CLIENT1.breach.local"}, "log": {"level": "information"}, "message": "Installation Successful: Windows successfully installed the following update: 9PMMSR1CGPWG-Microsoft.HEIFImageExtension", "winlog": {"activity_id": "{1ff30d06-1386-0000-1177-f31f8613d901}", "api": "wineventlog", "channel": "System", "computer_name": "CLIENT1.breach.local", "event_data": {"serviceGuid": "{855e8a7c-ecb4-4ca3-b045-1dfa50104289}", "updateGuid": "{156b1999-29d4-4fc1-8008-71d550ac4c41}", "updateRevisionNumber": "1", "updateTitle": "9PMMSR1CGPWG-Microsoft.HEIFImageExtension"}, "event_id": 19, "keywords": ["Installation", "Success"], "opcode": "Installation", "process": {"pid": 356, "thread": {"id": 968}}, "provider_guid": "{945a8954-c147-4acd-923f-40c45405a658}", "provider_name": "Microsoft-Windows-WindowsUpdateClient", "record_id": 626, "task": "Windows Update Agent", "user": {"domain": "NT AUTHORITY", "identifier": "S-1-5-18", "name": "SYSTEM", "type": "User"}, "version": 1}}, "rule": {"name": "WMI Event Subscription", "authors": ["Tom Ueltschi (@c_APT_ure)"], "level": "medium", "source": "sigma", "status": "experimental", "falsepositives": ["Exclude legitimate (vetted) use of WMI event subscription in your network"], "id": "0f06a3a5-6a09-413f-8743-e6cf35561297", "logsource": {"category": "wmi_event", "product": "windows"}, "tags": ["attack.persistence", "attack.t1546.003"]}, "metadata": {"group": "Sigma", "kind": "individual", "document": {"kind": "jsonl", "path": "simulation_datasets/simulation_1/EntireSimulation_winlogbeat.jsonl"}, "timestamp": "2022-12-19T09:10:20.103+00:00", "misuse": false}}
{"event": {"@timestamp": "2022-12-19T09:10:27.346Z", "agent": {"ephemeral_id": "75382475-4494-4885-af56-0a918c9c7d5b", "hostname": "CLIENT1", "id": "a5ea4d3e-40c5-43d5-9a2e-ed2c48327430", "name": "CLIENT1", "type": "winlogbeat", "version": "7.10.2"}, "ecs": {"version": "1.5.0"}, "event": {"action": "Windows Update Agent", "code": 19, "created": "2022-12-19T09:10:28.374Z", "kind": "event", "provider": "Microsoft-Windows-WindowsUpdateClient"}, "host": {"name": "CLIENT1.breach.local"}, "log": {"level": "information"}, "message": "Installation Successful: Windows successfully installed the following update: 9N5TDP8VCMHS-Microsoft.WebMediaExtensions", "winlog": {"activity_id": "{1ff30d06-1386-0000-5077-f31f8613d901}", "api": "wineventlog", "channel": "System", "computer_name": "CLIENT1.breach.local", "event_data": {"serviceGuid": "{855e8a7c-ecb4-4ca3-b045-1dfa50104289}", "updateGuid": "{d61549b0-568d-49b2-b8c2-80eccddcd37c}", "updateRevisionNumber": "1", "updateTitle": "9N5TDP8VCMHS-Microsoft.WebMediaExtensions"}, "event_id": 19, "keywords": ["Installation", "Success"], "opcode": "Installation", "process": {"pid": 356, "thread": {"id": 2932}}, "provider_guid": "{945a8954-c147-4acd-923f-40c45405a658}", "provider_name": "Microsoft-Windows-WindowsUpdateClient", "record_id": 637, "task": "Windows Update Agent", "user": {"domain": "NT AUTHORITY", "identifier": "S-1-5-18", "name": "SYSTEM", "type": "User"}, "version": 1}}, "rule": {"name": "WMI Event Subscription", "authors": ["Tom Ueltschi (@c_APT_ure)"], "level": "medium", "source": "sigma", "status": "experimental", "falsepositives": ["Exclude legitimate (vetted) use of WMI event subscription in your network"], "id": "0f06a3a5-6a09-413f-8743-e6cf35561297", "logsource": {"category": "wmi_event", "product": "windows"}, "tags": ["attack.persistence", "attack.t1546.003"]}, "metadata": {"group": "Sigma", "kind": "individual", "document": {"kind": "jsonl", "path": "simulation_datasets/simulation_1/EntireSimulation_winlogbeat.jsonl"}, "timestamp": "2022-12-19T09:10:27.346+00:00", "misuse": false}}
{"event": {"@timestamp": "2022-12-19T09:10:38.656Z", "agent": {"ephemeral_id": "75382475-4494-4885-af56-0a918c9c7d5b", "hostname": "CLIENT1", "id": "a5ea4d3e-40c5-43d5-9a2e-ed2c48327430", "name": "CLIENT1", "type": "winlogbeat", "version": "7.10.2"}, "ecs": {"version": "1.5.0"}, "event": {"action": "Windows Update Agent", "code": 19, "created": "2022-12-19T09:10:39.513Z", "kind": "event", "provider": "Microsoft-Windows-WindowsUpdateClient"}, "host": {"name": "CLIENT1.breach.local"}, "log": {"level": "information"}, "message": "Installation Successful: Windows successfully installed the following update: 9P086NHDNB9W-Microsoft.XboxSpeechtoTextOverlay", "winlog": {"activity_id": "{1ff30d06-1386-0001-5c68-f31f8613d901}", "api": "wineventlog", "channel": "System", "computer_name": "CLIENT1.breach.local", "event_data": {"serviceGuid": "{855e8a7c-ecb4-4ca3-b045-1dfa50104289}", "updateGuid": "{2d41a1c7-a089-4426-b953-037765a1ed95}", "updateRevisionNumber": "1", "updateTitle": "9P086NHDNB9W-Microsoft.XboxSpeechtoTextOverlay"}, "event_id": 19, "keywords": ["Installation", "Success"], "opcode": "Installation", "process": {"pid": 356, "thread": {"id": 6392}}, "provider_guid": "{945a8954-c147-4acd-923f-40c45405a658}", "provider_name": "Microsoft-Windows-WindowsUpdateClient", "record_id": 654, "task": "Windows Update Agent", "user": {"domain": "NT AUTHORITY", "identifier": "S-1-5-18", "name": "SYSTEM", "type": "User"}, "version": 1}}, "rule": {"name": "WMI Event Subscription", "authors": ["Tom Ueltschi (@c_APT_ure)"], "level": "medium", "source": "sigma", "status": "experimental", "falsepositives": ["Exclude legitimate (vetted) use of WMI event subscription in your network"], "id": "0f06a3a5-6a09-413f-8743-e6cf35561297", "logsource": {"category": "wmi_event", "product": "windows"}, "tags": ["attack.persistence", "attack.t1546.003"]}, "metadata": {"group": "Sigma", "kind": "individual", "document": {"kind": "jsonl", "path": "simulation_datasets/simulation_1/EntireSimulation_winlogbeat.jsonl"}, "timestamp": "2022-12-19T09:10:38.656+00:00", "misuse": false}}
{"event": {"@timestamp": "2022-12-19T09:11:05.544Z", "agent": {"ephemeral_id": "75382475-4494-4885-af56-0a918c9c7d5b", "hostname": "CLIENT1", "id": "a5ea4d3e-40c5-43d5-9a2e-ed2c48327430", "name": "CLIENT1", "type": "winlogbeat", "version": "7.10.2"}, "ecs": {"version": "1.5.0"}, "event": {"action": "Windows Update Agent", "code": 19, "created": "2022-12-19T09:11:06.849Z", "kind": "event", "provider": "Microsoft-Windows-WindowsUpdateClient"}, "host": {"name": "CLIENT1.breach.local"}, "log": {"level": "information"}, "message": "Installation Successful: Windows successfully installed the following update: 9NBLGGH4R32N-Microsoft.WindowsFeedbackHub", "winlog": {"activity_id": "{1ff30d06-1386-0000-7b78-f31f8613d901}", "api": "wineventlog", "channel": "System", "computer_name": "CLIENT1.breach.local", "event_data": {"serviceGuid": "{855e8a7c-ecb4-4ca3-b045-1dfa50104289}", "updateGuid": "{6f84e08f-e2c0-417a-926a-e23dace58b7b}", "updateRevisionNumber": "1", "updateTitle": "9NBLGGH4R32N-Microsoft.WindowsFeedbackHub"}, "event_id": 19, "keywords": ["Installation", "Success"], "opcode": "Installation", "process": {"pid": 356, "thread": {"id": 3708}}, "provider_guid": "{945a8954-c147-4acd-923f-40c45405a658}", "provider_name": "Microsoft-Windows-WindowsUpdateClient", "record_id": 681, "task": "Windows Update Agent", "user": {"domain": "NT AUTHORITY", "identifier": "S-1-5-18", "name": "SYSTEM", "type": "User"}, "version": 1}}, "rule": {"name": "WMI Event Subscription", "authors": ["Tom Ueltschi (@c_APT_ure)"], "level": "medium", "source": "sigma", "status": "experimental", "falsepositives": ["Exclude legitimate (vetted) use of WMI event subscription in your network"], "id": "0f06a3a5-6a09-413f-8743-e6cf35561297", "logsource": {"category": "wmi_event", "product": "windows"}, "tags": ["attack.persistence", "attack.t1546.003"]}, "metadata": {"group": "Sigma", "kind": "individual", "document": {"kind": "jsonl", "path": "simulation_datasets/simulation_1/EntireSimulation_winlogbeat.jsonl"}, "timestamp": "2022-12-19T09:11:05.544+00:00", "misuse": false}}
{"event": {"@timestamp": "2022-12-19T09:11:07.821Z", "agent": {"ephemeral_id": "75382475-4494-4885-af56-0a918c9c7d5b", "hostname": "CLIENT1", "id": "a5ea4d3e-40c5-43d5-9a2e-ed2c48327430", "name": "CLIENT1", "type": "winlogbeat", "version": "7.10.2"}, "ecs": {"version": "1.5.0"}, "event": {"action": "Windows Update Agent", "code": 19, "created": "2022-12-19T09:11:08.854Z", "kind": "event", "provider": "Microsoft-Windows-WindowsUpdateClient"}, "host": {"name": "CLIENT1.breach.local"}, "log": {"level": "information"}, "message": "Installation Successful: Windows successfully installed the following update: 9P5VK8KZB5QZ-Microsoft.UI.Xaml.2.7", "winlog": {"activity_id": "{1ff30d06-1386-0001-1969-f31f8613d901}", "api": "wineventlog", "channel": "System", "computer_name": "CLIENT1.breach.local", "event_data": {"serviceGuid": "{855e8a7c-ecb4-4ca3-b045-1dfa50104289}", "updateGuid": "{a4c90b12-4505-498a-a342-293f7bdff5a6}", "updateRevisionNumber": "1", "updateTitle": "9P5VK8KZB5QZ-Microsoft.UI.Xaml.2.7"}, "event_id": 19, "keywords": ["Installation", "Success"], "opcode": "Installation", "process": {"pid": 356, "thread": {"id": 3708}}, "provider_guid": "{945a8954-c147-4acd-923f-40c45405a658}", "provider_name": "Microsoft-Windows-WindowsUpdateClient", "record_id": 684, "task": "Windows Update Agent", "user": {"domain": "NT AUTHORITY", "identifier": "S-1-5-18", "name": "SYSTEM", "type": "User"}, "version": 1}}, "rule": {"name": "WMI Event Subscription", "authors": ["Tom Ueltschi (@c_APT_ure)"], "level": "medium", "source": "sigma", "status": "experimental", "falsepositives": ["Exclude legitimate (vetted) use of WMI event subscription in your network"], "id": "0f06a3a5-6a09-413f-8743-e6cf35561297", "logsource": {"category": "wmi_event", "product": "windows"}, "tags": ["attack.persistence", "attack.t1546.003"]}, "metadata": {"group": "Sigma", "kind": "individual", "document": {"kind": "jsonl", "path": "simulation_datasets/simulation_1/EntireSimulation_winlogbeat.jsonl"}, "timestamp": "2022-12-19T09:11:07.821+00:00", "misuse": false}}
{"event": {"@timestamp": "2022-12-19T09:11:54.305Z", "agent": {"ephemeral_id": "75382475-4494-4885-af56-0a918c9c7d5b", "hostname": "CLIENT1", "id": "a5ea4d3e-40c5-43d5-9a2e-ed2c48327430", "name": "CLIENT1", "type": "winlogbeat", "version": "7.10.2"}, "ecs": {"version": "1.5.0"}, "event": {"action": "Windows Update Agent", "code": 19, "created": "2022-12-19T09:11:55.093Z", "kind": "event", "provider": "Microsoft-Windows-WindowsUpdateClient"}, "host": {"name": "CLIENT1.breach.local"}, "log": {"level": "information"}, "message": "Installation Successful: Windows successfully installed the following update: 9PG2DK419DRG-Microsoft.WebpImageExtension", "winlog": {"activity_id": "{1ff30d06-1386-0000-e678-f31f8613d901}", "api": "wineventlog", "channel": "System", "computer_name": "CLIENT1.breach.local", "event_data": {"serviceGuid": "{855e8a7c-ecb4-4ca3-b045-1dfa50104289}", "updateGuid": "{e1f049c8-c46b-4beb-90a5-59c1148593e4}", "updateRevisionNumber": "1", "updateTitle": "9PG2DK419DRG-Microsoft.WebpImageExtension"}, "event_id": 19, "keywords": ["Installation", "Success"], "opcode": "Installation", "process": {"pid": 356, "thread": {"id": 6616}}, "provider_guid": "{945a8954-c147-4acd-923f-40c45405a658}", "provider_name": "Microsoft-Windows-WindowsUpdateClient", "record_id": 689, "task": "Windows Update Agent", "user": {"domain": "NT AUTHORITY", "identifier": "S-1-5-18", "name": "SYSTEM", "type": "User"}, "version": 1}}, "rule": {"name": "WMI Event Subscription", "authors": ["Tom Ueltschi (@c_APT_ure)"], "level": "medium", "source": "sigma", "status": "experimental", "falsepositives": ["Exclude legitimate (vetted) use of WMI event subscription in your network"], "id": "0f06a3a5-6a09-413f-8743-e6cf35561297", "logsource": {"category": "wmi_event", "product": "windows"}, "tags": ["attack.persistence", "attack.t1546.003"]}, "metadata": {"group": "Sigma", "kind": "individual", "document": {"kind": "jsonl", "path": "simulation_datasets/simulation_1/EntireSimulation_winlogbeat.jsonl"}, "timestamp": "2022-12-19T09:11:54.305+00:00", "misuse": false}}
{"event": {"@timestamp": "2022-12-19T09:21:31.712Z", "agent": {"ephemeral_id": "75382475-4494-4885-af56-0a918c9c7d5b", "hostname": "CLIENT1", "id": "a5ea4d3e-40c5-43d5-9a2e-ed2c48327430", "name": "CLIENT1", "type": "winlogbeat", "version": "7.10.2"}, "ecs": {"version": "1.5.0"}, "event": {"action": "Windows Update Agent", "code": 19, "created": "2022-12-19T09:21:33.122Z", "kind": "event", "provider": "Microsoft-Windows-WindowsUpdateClient"}, "host": {"name": "CLIENT1.breach.local"}, "log": {"level": "information"}, "message": "Installation Successful: Windows successfully installed the following update: 9NBLGGH10PG8-MICROSOFT.PEOPLE", "winlog": {"activity_id": "{1ff30d06-1386-0001-b1c1-f31f8613d901}", "api": "wineventlog", "channel": "System", "computer_name": "CLIENT1.breach.local", "event_data": {"serviceGuid": "{855e8a7c-ecb4-4ca3-b045-1dfa50104289}", "updateGuid": "{d9e29148-498c-4802-be9a-6efe30e2b610}", "updateRevisionNumber": "1", "updateTitle": "9NBLGGH10PG8-MICROSOFT.PEOPLE"}, "event_id": 19, "keywords": ["Installation", "Success"], "opcode": "Installation", "process": {"pid": 356, "thread": {"id": 4960}}, "provider_guid": "{945a8954-c147-4acd-923f-40c45405a658}", "provider_name": "Microsoft-Windows-WindowsUpdateClient", "record_id": 703, "task": "Windows Update Agent", "user": {"domain": "NT AUTHORITY", "identifier": "S-1-5-18", "name": "SYSTEM", "type": "User"}, "version": 1}}, "rule": {"name": "WMI Event Subscription", "authors": ["Tom Ueltschi (@c_APT_ure)"], "level": "medium", "source": "sigma", "status": "experimental", "falsepositives": ["Exclude legitimate (vetted) use of WMI event subscription in your network"], "id": "0f06a3a5-6a09-413f-8743-e6cf35561297", "logsource": {"category": "wmi_event", "product": "windows"}, "tags": ["attack.persistence", "attack.t1546.003"]}, "metadata": {"group": "Sigma", "kind": "individual", "document": {"kind": "jsonl", "path": "simulation_datasets/simulation_1/EntireSimulation_winlogbeat.jsonl"}, "timestamp": "2022-12-19T09:21:31.712+00:00", "misuse": false}}
{"event": {"@timestamp": "2022-12-19T09:21:57.915Z", "agent": {"ephemeral_id": "75382475-4494-4885-af56-0a918c9c7d5b", "hostname": "CLIENT1", "id": "a5ea4d3e-40c5-43d5-9a2e-ed2c48327430", "name": "CLIENT1", "type": "winlogbeat", "version": "7.10.2"}, "ecs": {"version": "1.5.0"}, "event": {"action": "Windows Update Agent", "code": 19, "created": "2022-12-19T09:21:59.353Z", "kind": "event", "provider": "Microsoft-Windows-WindowsUpdateClient"}, "host": {"name": "CLIENT1.breach.local"}, "log": {"level": "information"}, "message": "Installation Successful: Windows successfully installed the following update: 9NBLGGH4NNS1-Microsoft.DesktopAppInstaller", "winlog": {"activity_id": "{1ff30d06-1386-0001-50c7-f31f8613d901}", "api": "wineventlog", "channel": "System", "computer_name": "CLIENT1.breach.local", "event_data": {"serviceGuid": "{855e8a7c-ecb4-4ca3-b045-1dfa50104289}", "updateGuid": "{63425eba-e66d-41ea-8e16-9ec69bf52890}", "updateRevisionNumber": "1", "updateTitle": "9NBLGGH4NNS1-Microsoft.DesktopAppInstaller"}, "event_id": 19, "keywords": ["Installation", "Success"], "opcode": "Installation", "process": {"pid": 356, "thread": {"id": 6716}}, "provider_guid": "{945a8954-c147-4acd-923f-40c45405a658}", "provider_name": "Microsoft-Windows-WindowsUpdateClient", "record_id": 726, "task": "Windows Update Agent", "user": {"domain": "NT AUTHORITY", "identifier": "S-1-5-18", "name": "SYSTEM", "type": "User"}, "version": 1}}, "rule": {"name": "WMI Event Subscription", "authors": ["Tom Ueltschi (@c_APT_ure)"], "level": "medium", "source": "sigma", "status": "experimental", "falsepositives": ["Exclude legitimate (vetted) use of WMI event subscription in your network"], "id": "0f06a3a5-6a09-413f-8743-e6cf35561297", "logsource": {"category": "wmi_event", "product": "windows"}, "tags": ["attack.persistence", "attack.t1546.003"]}, "metadata": {"group": "Sigma", "kind": "individual", "document": {"kind": "jsonl", "path": "simulation_datasets/simulation_1/EntireSimulation_winlogbeat.jsonl"}, "timestamp": "2022-12-19T09:21:57.915+00:00", "misuse": false}}
{"event": {"@timestamp": "2022-12-19T09:26:02.287Z", "agent": {"ephemeral_id": "75382475-4494-4885-af56-0a918c9c7d5b", "hostname": "CLIENT1", "id": "a5ea4d3e-40c5-43d5-9a2e-ed2c48327430", "name": "CLIENT1", "type": "winlogbeat", "version": "7.10.2"}, "ecs": {"version": "1.5.0"}, "event": {"action": "Windows Update Agent", "code": 19, "created": "2022-12-19T09:26:04.123Z", "kind": "event", "provider": "Microsoft-Windows-WindowsUpdateClient"}, "host": {"name": "CLIENT1.breach.local"}, "log": {"level": "information"}, "message": "Installation Successful: Windows successfully installed the following update: 9MTW6RN84LVM-Microsoft.NET.Native.Runtime.1.7", "winlog": {"activity_id": "{1ff30d06-1386-0001-a5cf-f31f8613d901}", "api": "wineventlog", "channel": "System", "computer_name": "CLIENT1.breach.local", "event_data": {"serviceGuid": "{855e8a7c-ecb4-4ca3-b045-1dfa50104289}", "updateGuid": "{5b23cc34-97ff-441e-92e8-4712ad9d0774}", "updateRevisionNumber": "1", "updateTitle": "9MTW6RN84LVM-Microsoft.NET.Native.Runtime.1.7"}, "event_id": 19, "keywords": ["Installation", "Success"], "opcode": "Installation", "process": {"pid": 356, "thread": {"id": 5596}}, "provider_guid": "{945a8954-c147-4acd-923f-40c45405a658}", "provider_name": "Microsoft-Windows-WindowsUpdateClient", "record_id": 733, "task": "Windows Update Agent", "user": {"domain": "NT AUTHORITY", "identifier": "S-1-5-18", "name": "SYSTEM", "type": "User"}, "version": 1}}, "rule": {"name": "WMI Event Subscription", "authors": ["Tom Ueltschi (@c_APT_ure)"], "level": "medium", "source": "sigma", "status": "experimental", "falsepositives": ["Exclude legitimate (vetted) use of WMI event subscription in your network"], "id": "0f06a3a5-6a09-413f-8743-e6cf35561297", "logsource": {"category": "wmi_event", "product": "windows"}, "tags": ["attack.persistence", "attack.t1546.003"]}, "metadata": {"group": "Sigma", "kind": "individual", "document": {"kind": "jsonl", "path": "simulation_datasets/simulation_1/EntireSimulation_winlogbeat.jsonl"}, "timestamp": "2022-12-19T09:26:02.287+00:00", "misuse": false}}
{"event": {"@timestamp": "2022-12-19T09:26:03.469Z", "agent": {"ephemeral_id": "75382475-4494-4885-af56-0a918c9c7d5b", "hostname": "CLIENT1", "id": "a5ea4d3e-40c5-43d5-9a2e-ed2c48327430", "name": "CLIENT1", "type": "winlogbeat", "version": "7.10.2"}, "ecs": {"version": "1.5.0"}, "event": {"action": "Windows Update Agent", "code": 19, "created": "2022-12-19T09:26:05.239Z", "kind": "event", "provider": "Microsoft-Windows-WindowsUpdateClient"}, "host": {"name": "CLIENT1.breach.local"}, "log": {"level": "information"}, "message": "Installation Successful: Windows successfully installed the following update: 9WZDNCRFJBD8-Microsoft.XboxApp", "winlog": {"activity_id": "{1ff30d06-1386-0001-aacf-f31f8613d901}", "api": "wineventlog", "channel": "System", "computer_name": "CLIENT1.breach.local", "event_data": {"serviceGuid": "{855e8a7c-ecb4-4ca3-b045-1dfa50104289}", "updateGuid": "{7f18a5fb-1500-40d2-a7a1-ea867ceefdfe}", "updateRevisionNumber": "1", "updateTitle": "9WZDNCRFJBD8-Microsoft.XboxApp"}, "event_id": 19, "keywords": ["Installation", "Success"], "opcode": "Installation", "process": {"pid": 356, "thread": {"id": 5596}}, "provider_guid": "{945a8954-c147-4acd-923f-40c45405a658}", "provider_name": "Microsoft-Windows-WindowsUpdateClient", "record_id": 735, "task": "Windows Update Agent", "user": {"domain": "NT AUTHORITY", "identifier": "S-1-5-18", "name": "SYSTEM", "type": "User"}, "version": 1}}, "rule": {"name": "WMI Event Subscription", "authors": ["Tom Ueltschi (@c_APT_ure)"], "level": "medium", "source": "sigma", "status": "experimental", "falsepositives": ["Exclude legitimate (vetted) use of WMI event subscription in your network"], "id": "0f06a3a5-6a09-413f-8743-e6cf35561297", "logsource": {"category": "wmi_event", "product": "windows"}, "tags": ["attack.persistence", "attack.t1546.003"]}, "metadata": {"group": "Sigma", "kind": "individual", "document": {"kind": "jsonl", "path": "simulation_datasets/simulation_1/EntireSimulation_winlogbeat.jsonl"}, "timestamp": "2022-12-19T09:26:03.469+00:00", "misuse": false}}
{"event": {"@timestamp": "2022-12-19T09:48:17.324Z", "agent": {"ephemeral_id": "75382475-4494-4885-af56-0a918c9c7d5b", "hostname": "CLIENT1", "id": "a5ea4d3e-40c5-43d5-9a2e-ed2c48327430", "name": "CLIENT1", "type": "winlogbeat", "version": "7.10.2"}, "ecs": {"version": "1.5.0"}, "event": {"action": "File created (rule: FileCreate)", "category": ["file"], "code": 11, "created": "2022-12-19T09:48:18.363Z", "kind": "event", "module": "sysmon", "provider": "Microsoft-Windows-Sysmon", "type": ["creation"]}, "file": {"directory": "C:\\Users\\client1\\AppData\\Local\\Temp\\breach_attachments", "extension": "exe", "name": "Bank-of-Nuthington.exe", "path": "C:\\Users\\client1\\AppData\\Local\\Temp\\breach_attachments\\Bank-of-Nuthington.exe"}, "host": {"name": "CLIENT1.breach.local"}, "log": {"level": "information"}, "message": "File created:\nRuleName: EXE\nUtcTime: 2022-12-19 09:48:17.324\nProcessGuid: {4901c233-24ce-63a0-8a00-000000000600}\nProcessId: 4856\nImage: C:\\Python37\\python.exe\nTargetFilename: C:\\Users\\client1\\AppData\\Local\\Temp\\breach_attachments\\Bank-of-Nuthington.exe\nCreationUtcTime: 2022-12-19 09:48:17.324\nUser: BREACH\\client1", "process": {"entity_id": "{4901c233-24ce-63a0-8a00-000000000600}", "executable": "C:\\Python37\\python.exe", "name": "python.exe", "pid": 4856}, "rule": {"name": "EXE"}, "winlog": {"api": "wineventlog", "channel": "Microsoft-Windows-Sysmon/Operational", "computer_name": "CLIENT1.breach.local", "event_data": {"CreationUtcTime": "2022-12-19 09:48:17.324", "User": "BREACH\\client1"}, "event_id": 11, "opcode": "Info", "process": {"pid": 2072, "thread": {"id": 2684}}, "provider_guid": "{5770385f-c22a-43e0-bf4c-06f5698ffbd9}", "provider_name": "Microsoft-Windows-Sysmon", "record_id": 4332, "task": "File created (rule: FileCreate)", "user": {"domain": "NT AUTHORITY", "identifier": "S-1-5-18", "name": "SYSTEM", "type": "User"}, "version": 2}}, "rule": {"name": "Creation of an Executable by an Executable", "authors": ["frack113"], "level": "low", "source": "sigma", "status": "experimental", "falsepositives": ["Software installers", "Update utilities"], "id": "297afac9-5d02-4138-8c58-b977bac60556", "logsource": {"category": "file_event", "product": "windows"}, "references": ["Malware Sandbox"], "tags": ["attack.resource_development", "attack.t1587.001"]}, "metadata": {"group": "Sigma", "kind": "individual", "document": {"kind": "jsonl", "path": "simulation_datasets/simulation_1/EntireSimulation_winlogbeat.jsonl"}, "timestamp": "2022-12-19T09:48:17.324+00:00", "misuse": true, "mitreattack": {"Command and Control": ["t1105"], "Execution": ["t1204.002"]}, "comment": "Side effect of how the userbehavior works, the \"created\" .exe here is an email attachment which our userbehavior stores in a temp folder. Theoretically this is also spearfishing, but we have no way of nowing that. [Ingress Tool Transfer] [User Execution: Malicious File]"}}
{"event": {"@timestamp": "2022-12-19T09:48:17.379Z", "agent": {"ephemeral_id": "75382475-4494-4885-af56-0a918c9c7d5b", "hostname": "CLIENT1", "id": "a5ea4d3e-40c5-43d5-9a2e-ed2c48327430", "name": "CLIENT1", "type": "winlogbeat", "version": "7.10.2"}, "ecs": {"version": "1.5.0"}, "event": {"action": "Process Create (rule: ProcessCreate)", "category": ["process"], "code": 1, "created": "2022-12-19T09:48:18.364Z", "kind": "event", "module": "sysmon", "provider": "Microsoft-Windows-Sysmon", "type": ["start", "process_start"]}, "hash": {"imphash": "b4c6fff030479aa3b12625be67bf4914", "md5": "17438c2d916b97d0dbbf4209829ba2bc", "sha256": "0ca827cbc562bd048dd4d7f5b7f42da25d550645f94b46ddb7ba3ec403a603d2"}, "host": {"name": "CLIENT1.breach.local"}, "log": {"level": "information"}, "message": "Process Create:\nRuleName: -\nUtcTime: 2022-12-19 09:48:17.379\nProcessGuid: {4901c233-3361-63a0-3207-000000000600}\nProcessId: 2412\nImage: C:\\Users\\client1\\AppData\\Local\\Temp\\breach_attachments\\Bank-of-Nuthington.exe\nFileVersion: -\nDescription: -\nProduct: -\nCompany: -\nOriginalFileName: -\nCommandLine: \"C:\\Users\\client1\\AppData\\Local\\Temp\\breach_attachments\\Bank-of-Nuthington.exe\" \nCurrentDirectory: C:\\BREACH\\\nUser: BREACH\\client1\nLogonGuid: {4901c233-2496-63a0-8302-040000000000}\nLogonId: 0x40283\nTerminalSessionId: 1\nIntegrityLevel: High\nHashes: MD5=17438C2D916B97D0DBBF4209829BA2BC,SHA256=0CA827CBC562BD048DD4D7F5B7F42DA25D550645F94B46DDB7BA3EC403A603D2,IMPHASH=B4C6FFF030479AA3B12625BE67BF4914\nParentProcessGuid: {4901c233-24ce-63a0-8a00-000000000600}\nParentProcessId: 4856\nParentImage: C:\\Python37\\python.exe\nParentCommandLine: python C:\\BREACH\\userbehavior\\run.py --use-breach-setup\nParentUser: BREACH\\client1", "process": {"args": ["C:\\Users\\client1\\AppData\\Local\\Temp\\breach_attachments\\Bank-of-Nuthington.exe"], "command_line": "\"C:\\Users\\client1\\AppData\\Local\\Temp\\breach_attachments\\Bank-of-Nuthington.exe\" ", "entity_id": "{4901c233-3361-63a0-3207-000000000600}", "executable": "C:\\Users\\client1\\AppData\\Local\\Temp\\breach_attachments\\Bank-of-Nuthington.exe", "hash": {"md5": "17438c2d916b97d0dbbf4209829ba2bc", "sha256": "0ca827cbc562bd048dd4d7f5b7f42da25d550645f94b46ddb7ba3ec403a603d2"}, "name": "Bank-of-Nuthington.exe", "parent": {"args": ["python", "C:\\BREACH\\userbehavior\\run.py", "--use-breach-setup"], "command_line": "python C:\\BREACH\\userbehavior\\run.py --use-breach-setup", "entity_id": "{4901c233-24ce-63a0-8a00-000000000600}", "executable": "C:\\Python37\\python.exe", "name": "python.exe", "pid": 4856}, "pe": {"imphash": "b4c6fff030479aa3b12625be67bf4914"}, "pid": 2412, "working_directory": "C:\\BREACH\\"}, "related": {"hash": ["17438c2d916b97d0dbbf4209829ba2bc", "0ca827cbc562bd048dd4d7f5b7f42da25d550645f94b46ddb7ba3ec403a603d2", "b4c6fff030479aa3b12625be67bf4914"], "user": "client1"}, "user": {"domain": "BREACH", "name": "client1"}, "winlog": {"api": "wineventlog", "channel": "Microsoft-Windows-Sysmon/Operational", "computer_name": "CLIENT1.breach.local", "event_data": {"Company": "-", "Description": "-", "FileVersion": "-", "IntegrityLevel": "High", "LogonGuid": "{4901c233-2496-63a0-8302-040000000000}", "LogonId": "0x40283", "OriginalFileName": "-", "ParentUser": "BREACH\\client1", "Product": "-", "RuleName": "-", "TerminalSessionId": "1"}, "event_id": 1, "opcode": "Info", "process": {"pid": 2072, "thread": {"id": 2684}}, "provider_guid": "{5770385f-c22a-43e0-bf4c-06f5698ffbd9}", "provider_name": "Microsoft-Windows-Sysmon", "record_id": 4333, "task": "Process Create (rule: ProcessCreate)", "user": {"domain": "NT AUTHORITY", "identifier": "S-1-5-18", "name": "SYSTEM", "type": "User"}, "version": 5}}, "rule": {"name": "Process Start From Suspicious Folder", "authors": ["frack113"], "level": "low", "source": "sigma", "status": "experimental", "falsepositives": ["Unknown"], "id": "dca91cfd-d7ab-4c66-8da7-ee57d487b35b", "logsource": {"category": "process_creation", "product": "windows"}, "references": ["Malware sandbox results"], "tags": ["attack.execution", "attack.t1204"]}, "metadata": {"group": "Sigma", "kind": "individual", "document": {"kind": "jsonl", "path": "simulation_datasets/simulation_1/EntireSimulation_winlogbeat.jsonl"}, "timestamp": "2022-12-19T09:48:17.379+00:00", "misuse": true, "mitreattack": {"Execution": ["t1204.002"]}, "comment": "Userbehavior executing downloaded email attachment. Could also be command line execution. [User Execution: Malicious File]"}}
{"event": {"@timestamp": "2022-12-19T09:53:13.662Z", "agent": {"ephemeral_id": "75382475-4494-4885-af56-0a918c9c7d5b", "hostname": "CLIENT1", "id": "a5ea4d3e-40c5-43d5-9a2e-ed2c48327430", "name": "CLIENT1", "type": "winlogbeat", "version": "7.10.2"}, "destination": {"domain": "-", "ip": "172.18.0.3", "port": 80}, "ecs": {"version": "1.5.0"}, "event": {"action": "Network connection detected (rule: NetworkConnect)", "category": ["network"], "code": 3, "created": "2022-12-19T09:53:16.220Z", "kind": "event", "module": "sysmon", "provider": "Microsoft-Windows-Sysmon", "type": ["connection", "start", "protocol"]}, "host": {"name": "CLIENT1.breach.local"}, "log": {"level": "information"}, "message": "Network connection detected:\nRuleName: Usermode\nUtcTime: 2022-12-19 09:53:13.662\nProcessGuid: {4901c233-3361-63a0-3207-000000000600}\nProcessId: 2412\nImage: C:\\Users\\client1\\AppData\\Local\\Temp\\breach_attachments\\Bank-of-Nuthington.exe\nUser: BREACH\\client1\nProtocol: tcp\nInitiated: true\nSourceIsIpv6: false\nSourceIp: 172.16.1.1\nSourceHostname: CLIENT1.breach.local\nSourcePort: 53769\nSourcePortName: -\nDestinationIsIpv6: false\nDestinationIp: 172.18.0.3\nDestinationHostname: -\nDestinationPort: 80\nDestinationPortName: http", "network": {"community_id": "1:mTP/8fHTYgORR1e9WSP9kseADC0=", "direction": "outbound", "protocol": "http", "transport": "tcp", "type": "ipv4"}, "process": {"entity_id": "{4901c233-3361-63a0-3207-000000000600}", "executable": "C:\\Users\\client1\\AppData\\Local\\Temp\\breach_attachments\\Bank-of-Nuthington.exe", "name": "Bank-of-Nuthington.exe", "pid": 2412}, "related": {"ip": ["172.16.1.1", "172.18.0.3"], "user": "client1"}, "rule": {"name": "Usermode"}, "source": {"domain": "CLIENT1.breach.local", "ip": "172.16.1.1", "port": 53769}, "user": {"domain": "BREACH", "name": "client1"}, "winlog": {"api": "wineventlog", "channel": "Microsoft-Windows-Sysmon/Operational", "computer_name": "CLIENT1.breach.local", "event_data": {"SourcePortName": "-"}, "event_id": 3, "opcode": "Info", "process": {"pid": 2072, "thread": {"id": 2576}}, "provider_guid": "{5770385f-c22a-43e0-bf4c-06f5698ffbd9}", "provider_name": "Microsoft-Windows-Sysmon", "record_id": 4382, "task": "Network connection detected (rule: NetworkConnect)", "user": {"domain": "NT AUTHORITY", "identifier": "S-1-5-18", "name": "SYSTEM", "type": "User"}, "version": 5}}, "rule": {"name": "Cleartext Protocol Usage", "authors": ["Alexandr Yampolskyi", "SOC Prime"], "level": "low", "source": "sigma", "status": "stable", "falsepositives": ["Unknown"], "id": "7e4bfe58-4a47-4709-828d-d86c78b7cc1f", "logsource": {"service": "netflow"}, "references": ["https://www.cisecurity.org/controls/cis-controls-list/", "https://www.pcisecuritystandards.org/documents/PCI_DSS_v3-2-1.pdf", "https://nvlpubs.nist.gov/nistpubs/CSWP/NIST.CSWP.04162018.pdf"]}, "metadata": {"group": "Sigma", "kind": "individual", "document": {"kind": "jsonl", "path": "simulation_datasets/simulation_1/EntireSimulation_winlogbeat.jsonl"}, "timestamp": "2022-12-19T09:53:13.662+00:00", "misuse": true, "mitreattack": {"Command and Control": ["t1071.001"]}, "comment": "Malicious binary communicating with attacker over http. [Application Layer Protocol: Web Protocols]"}}
{"event": {"@timestamp": "2022-12-19T09:53:13.780Z", "agent": {"ephemeral_id": "75382475-4494-4885-af56-0a918c9c7d5b", "hostname": "CLIENT1", "id": "a5ea4d3e-40c5-43d5-9a2e-ed2c48327430", "name": "CLIENT1", "type": "winlogbeat", "version": "7.10.2"}, "destination": {"domain": "-", "ip": "172.18.0.3", "port": 80}, "ecs": {"version": "1.5.0"}, "event": {"action": "Network connection detected (rule: NetworkConnect)", "category": ["network"], "code": 3, "created": "2022-12-19T09:53:16.220Z", "kind": "event", "module": "sysmon", "provider": "Microsoft-Windows-Sysmon", "type": ["connection", "start", "protocol"]}, "host": {"name": "CLIENT1.breach.local"}, "log": {"level": "information"}, "message": "Network connection detected:\nRuleName: Usermode\nUtcTime: 2022-12-19 09:53:13.780\nProcessGuid: {4901c233-3361-63a0-3207-000000000600}\nProcessId: 2412\nImage: C:\\Users\\client1\\AppData\\Local\\Temp\\breach_attachments\\Bank-of-Nuthington.exe\nUser: BREACH\\client1\nProtocol: tcp\nInitiated: true\nSourceIsIpv6: false\nSourceIp: 172.16.1.1\nSourceHostname: CLIENT1.breach.local\nSourcePort: 53770\nSourcePortName: -\nDestinationIsIpv6: false\nDestinationIp: 172.18.0.3\nDestinationHostname: -\nDestinationPort: 80\nDestinationPortName: http", "network": {"community_id": "1:g6guMG2+rwNgBroRTUyk8rdXeUE=", "direction": "outbound", "protocol": "http", "transport": "tcp", "type": "ipv4"}, "process": {"entity_id": "{4901c233-3361-63a0-3207-000000000600}", "executable": "C:\\Users\\client1\\AppData\\Local\\Temp\\breach_attachments\\Bank-of-Nuthington.exe", "name": "Bank-of-Nuthington.exe", "pid": 2412}, "related": {"ip": ["172.16.1.1", "172.18.0.3"], "user": "client1"}, "rule": {"name": "Usermode"}, "source": {"domain": "CLIENT1.breach.local", "ip": "172.16.1.1", "port": 53770}, "user": {"domain": "BREACH", "name": "client1"}, "winlog": {"api": "wineventlog", "channel": "Microsoft-Windows-Sysmon/Operational", "computer_name": "CLIENT1.breach.local", "event_data": {"SourcePortName": "-"}, "event_id": 3, "opcode": "Info", "process": {"pid": 2072, "thread": {"id": 2576}}, "provider_guid": "{5770385f-c22a-43e0-bf4c-06f5698ffbd9}", "provider_name": "Microsoft-Windows-Sysmon", "record_id": 4383, "task": "Network connection detected (rule: NetworkConnect)", "user": {"domain": "NT AUTHORITY", "identifier": "S-1-5-18", "name": "SYSTEM", "type": "User"}, "version": 5}}, "rule": {"name": "Cleartext Protocol Usage", "authors": ["Alexandr Yampolskyi", "SOC Prime"], "level": "low", "source": "sigma", "status": "stable", "falsepositives": ["Unknown"], "id": "7e4bfe58-4a47-4709-828d-d86c78b7cc1f", "logsource": {"service": "netflow"}, "references": ["https://www.cisecurity.org/controls/cis-controls-list/", "https://www.pcisecuritystandards.org/documents/PCI_DSS_v3-2-1.pdf", "https://nvlpubs.nist.gov/nistpubs/CSWP/NIST.CSWP.04162018.pdf"]}, "metadata": {"group": "Sigma", "kind": "individual", "document": {"kind": "jsonl", "path": "simulation_datasets/simulation_1/EntireSimulation_winlogbeat.jsonl"}, "timestamp": "2022-12-19T09:53:13.780+00:00", "misuse": true, "mitreattack": {"Command and Control": ["t1071.001"]}, "comment": "Malicious binary communicating with attacker over http. [Application Layer Protocol: Web Protocols]"}}
{"event": {"@timestamp": "2022-12-19T09:58:14.670Z", "agent": {"ephemeral_id": "75382475-4494-4885-af56-0a918c9c7d5b", "hostname": "CLIENT1", "id": "a5ea4d3e-40c5-43d5-9a2e-ed2c48327430", "name": "CLIENT1", "type": "winlogbeat", "version": "7.10.2"}, "destination": {"domain": "-", "ip": "172.18.0.3", "port": 80}, "ecs": {"version": "1.5.0"}, "event": {"action": "Network connection detected (rule: NetworkConnect)", "category": ["network"], "code": 3, "created": "2022-12-19T09:58:17.248Z", "kind": "event", "module": "sysmon", "provider": "Microsoft-Windows-Sysmon", "type": ["connection", "start", "protocol"]}, "host": {"name": "CLIENT1.breach.local"}, "log": {"level": "information"}, "message": "Network connection detected:\nRuleName: Usermode\nUtcTime: 2022-12-19 09:58:14.670\nProcessGuid: {4901c233-3361-63a0-3207-000000000600}\nProcessId: 2412\nImage: C:\\Users\\client1\\AppData\\Local\\Temp\\breach_attachments\\Bank-of-Nuthington.exe\nUser: BREACH\\client1\nProtocol: tcp\nInitiated: true\nSourceIsIpv6: false\nSourceIp: 172.16.1.1\nSourceHostname: CLIENT1.breach.local\nSourcePort: 53869\nSourcePortName: -\nDestinationIsIpv6: false\nDestinationIp: 172.18.0.3\nDestinationHostname: -\nDestinationPort: 80\nDestinationPortName: http", "network": {"community_id": "1:qJjPQkZES8mp5fS2rT5CwL+DIyk=", "direction": "outbound", "protocol": "http", "transport": "tcp", "type": "ipv4"}, "process": {"entity_id": "{4901c233-3361-63a0-3207-000000000600}", "executable": "C:\\Users\\client1\\AppData\\Local\\Temp\\breach_attachments\\Bank-of-Nuthington.exe", "name": "Bank-of-Nuthington.exe", "pid": 2412}, "related": {"ip": ["172.16.1.1", "172.18.0.3"], "user": "client1"}, "rule": {"name": "Usermode"}, "source": {"domain": "CLIENT1.breach.local", "ip": "172.16.1.1", "port": 53869}, "user": {"domain": "BREACH", "name": "client1"}, "winlog": {"api": "wineventlog", "channel": "Microsoft-Windows-Sysmon/Operational", "computer_name": "CLIENT1.breach.local", "event_data": {"SourcePortName": "-"}, "event_id": 3, "opcode": "Info", "process": {"pid": 2072, "thread": {"id": 2576}}, "provider_guid": "{5770385f-c22a-43e0-bf4c-06f5698ffbd9}", "provider_name": "Microsoft-Windows-Sysmon", "record_id": 4432, "task": "Network connection detected (rule: NetworkConnect)", "user": {"domain": "NT AUTHORITY", "identifier": "S-1-5-18", "name": "SYSTEM", "type": "User"}, "version": 5}}, "rule": {"name": "Cleartext Protocol Usage", "authors": ["Alexandr Yampolskyi", "SOC Prime"], "level": "low", "source": "sigma", "status": "stable", "falsepositives": ["Unknown"], "id": "7e4bfe58-4a47-4709-828d-d86c78b7cc1f", "logsource": {"service": "netflow"}, "references": ["https://www.cisecurity.org/controls/cis-controls-list/", "https://www.pcisecuritystandards.org/documents/PCI_DSS_v3-2-1.pdf", "https://nvlpubs.nist.gov/nistpubs/CSWP/NIST.CSWP.04162018.pdf"]}, "metadata": {"group": "Sigma", "kind": "individual", "document": {"kind": "jsonl", "path": "simulation_datasets/simulation_1/EntireSimulation_winlogbeat.jsonl"}, "timestamp": "2022-12-19T09:58:14.670+00:00", "misuse": true, "mitreattack": {"Command and Control": ["t1071.001"]}, "comment": "Malicious binary communicating with attacker over http. [Application Layer Protocol: Web Protocols]"}}
