{"event": {"@timestamp": "2022-12-19T08:43:07.259Z", "agent": {"ephemeral_id": "f998276c-afe4-4463-aba7-6d1241c5c07f", "hostname": "CLIENT2", "id": "a5ea4d3e-40c5-43d5-9a2e-ed2c48327430", "name": "CLIENT2", "type": "winlogbeat", "version": "7.10.2"}, "ecs": {"version": "1.5.0"}, "event": {"action": "Process Create (rule: ProcessCreate)", "category": ["process"], "code": 1, "created": "2022-12-19T08:46:33.403Z", "kind": "event", "module": "sysmon", "provider": "Microsoft-Windows-Sysmon", "type": ["start", "process_start"]}, "hash": {"imphash": "7c955a0abc747f57ccc4324480737ef7", "md5": "04029e121a0cfa5991749937dd22a1d9", "sha256": "9f914d42706fe215501044acd85a32d58aaef1419d404fddfa5d3b48f66ccd9f"}, "host": {"name": "CLIENT"}, "log": {"level": "information"}, "message": "Process Create:\nRuleName: -\nUtcTime: 2022-12-19 08:43:07.259\nProcessGuid: {4901c233-241b-63a0-9000-000000000400}\nProcessId: 4028\nImage: C:\\Windows\\System32\\WindowsPowerShell\\v1.0\\powershell.exe\nFileVersion: 10.0.19041.546 (WinBuild.160101.0800)\nDescription: Windows PowerShell\nProduct: Microsoft\u00ae Windows\u00ae Operating System\nCompany: Microsoft Corporation\nOriginalFileName: PowerShell.EXE\nCommandLine: powershell \"$cmd_man_ip = \\\"netsh.exe interface ip set address name='Ethernet 3' static 192.168.56.102\\\"; Start-Process powershell.exe -Wait -ArgumentList $cmd_man_ip -Verb RunAs\"\nCurrentDirectory: C:\\BREACH\\\nUser: CLIENT\\setup\nLogonGuid: {4901c233-23f1-63a0-1314-030000000000}\nLogonId: 0x31413\nTerminalSessionId: 1\nIntegrityLevel: High\nHashes: MD5=04029E121A0CFA5991749937DD22A1D9,SHA256=9F914D42706FE215501044ACD85A32D58AAEF1419D404FDDFA5D3B48F66CCD9F,IMPHASH=7C955A0ABC747F57CCC4324480737EF7\nParentProcessGuid: {4901c233-241a-63a0-8c00-000000000400}\nParentProcessId: 5520\nParentImage: C:\\Python37\\python.exe\nParentCommandLine: C:\\Python37\\python.exe \"C:\\BREACH\\init_tbf_client.py\" \nParentUser: CLIENT\\setup", "process": {"args": ["powershell", "$cmd_man_ip = \"netsh.exe interface ip set address name='Ethernet 3' static 192.168.56.102\"; Start-Process powershell.exe -Wait -ArgumentList $cmd_man_ip -Verb RunAs"], "command_line": "powershell \"$cmd_man_ip = \\\"netsh.exe interface ip set address name='Ethernet 3' static 192.168.56.102\\\"; Start-Process powershell.exe -Wait -ArgumentList $cmd_man_ip -Verb RunAs\"", "entity_id": "{4901c233-241b-63a0-9000-000000000400}", "executable": "C:\\Windows\\System32\\WindowsPowerShell\\v1.0\\powershell.exe", "hash": {"md5": "04029e121a0cfa5991749937dd22a1d9", "sha256": "9f914d42706fe215501044acd85a32d58aaef1419d404fddfa5d3b48f66ccd9f"}, "name": "powershell.exe", "parent": {"args": ["C:\\Python37\\python.exe", "C:\\BREACH\\init_tbf_client.py"], "command_line": "C:\\Python37\\python.exe \"C:\\BREACH\\init_tbf_client.py\" ", "entity_id": "{4901c233-241a-63a0-8c00-000000000400}", "executable": "C:\\Python37\\python.exe", "name": "python.exe", "pid": 5520}, "pe": {"imphash": "7c955a0abc747f57ccc4324480737ef7"}, "pid": 4028, "working_directory": "C:\\BREACH\\"}, "related": {"hash": ["04029e121a0cfa5991749937dd22a1d9", "9f914d42706fe215501044acd85a32d58aaef1419d404fddfa5d3b48f66ccd9f", "7c955a0abc747f57ccc4324480737ef7"], "user": "setup"}, "user": {"domain": "CLIENT", "name": "setup"}, "winlog": {"api": "wineventlog", "channel": "Microsoft-Windows-Sysmon/Operational", "computer_name": "CLIENT", "event_data": {"Company": "Microsoft Corporation", "Description": "Windows PowerShell", "FileVersion": "10.0.19041.546 (WinBuild.160101.0800)", "IntegrityLevel": "High", "LogonGuid": "{4901c233-23f1-63a0-1314-030000000000}", "LogonId": "0x31413", "OriginalFileName": "PowerShell.EXE", "ParentUser": "CLIENT\\setup", "Product": "Microsoft\u00ae Windows\u00ae Operating System", "RuleName": "-", "TerminalSessionId": "1"}, "event_id": 1, "opcode": "Info", "process": {"pid": 1808, "thread": {"id": 2672}}, "provider_guid": "{5770385f-c22a-43e0-bf4c-06f5698ffbd9}", "provider_name": "Microsoft-Windows-Sysmon", "record_id": 634, "task": "Process Create (rule: ProcessCreate)", "user": {"domain": "NT AUTHORITY", "identifier": "S-1-5-18", "name": "SYSTEM", "type": "User"}, "version": 5}}, "rule": {"name": "Non Interactive PowerShell", "authors": ["Roberto Rodriguez @Cyb3rWard0g (rule)", "oscd.community (improvements)"], "level": "low", "source": "sigma", "status": "experimental", "falsepositives": ["Legitimate programs executing PowerShell scripts"], "id": "f4bbd493-b796-416e-bbf2-121235348529", "logsource": {"category": "process_creation", "product": "windows"}, "references": ["https://threathunterplaybook.com/notebooks/windows/02_execution/WIN-190410151110.html"], "tags": ["attack.execution", "attack.t1059.001"]}, "metadata": {"group": "Sigma", "kind": "individual", "document": {"kind": "jsonl", "path": "simulation_datasets/simulation_1/EntireSimulation_winlogbeat.jsonl"}, "timestamp": "2022-12-19T08:43:07.259+00:00", "misuse": false}}
{"event": {"@timestamp": "2022-12-19T08:43:09.111Z", "agent": {"ephemeral_id": "9f267527-6a01-4adf-bfdd-37fe019af17c", "hostname": "CLIENT3", "id": "a5ea4d3e-40c5-43d5-9a2e-ed2c48327430", "name": "CLIENT3", "type": "winlogbeat", "version": "7.10.2"}, "ecs": {"version": "1.5.0"}, "event": {"action": "Process Create (rule: ProcessCreate)", "category": ["process"], "code": 1, "created": "2022-12-19T08:46:36.098Z", "kind": "event", "module": "sysmon", "provider": "Microsoft-Windows-Sysmon", "type": ["start", "process_start"]}, "hash": {"imphash": "1002d523645a81bc52877d82d9e88417", "md5": "62f170fb07fdbb79ceb7147101406eb8", "sha256": "53e000f5aa9b3a00934319db8080bb99cb323bf48fc628a64f75d7847c265606"}, "host": {"name": "CLIENT"}, "log": {"level": "information"}, "message": "Process Create:\nRuleName: -\nUtcTime: 2022-12-19 08:43:09.111\nProcessGuid: {4901c233-241d-63a0-9200-000000000400}\nProcessId: 6032\nImage: C:\\Windows\\System32\\ipconfig.exe\nFileVersion: 10.0.19041.1 (WinBuild.160101.0800)\nDescription: IP Configuration Utility\nProduct: Microsoft\u00ae Windows\u00ae Operating System\nCompany: Microsoft Corporation\nOriginalFileName: ipconfig.exe\nCommandLine: ipconfig /all\nCurrentDirectory: C:\\BREACH\\\nUser: CLIENT\\setup\nLogonGuid: {4901c233-23f1-63a0-d027-030000000000}\nLogonId: 0x327D0\nTerminalSessionId: 1\nIntegrityLevel: High\nHashes: MD5=62F170FB07FDBB79CEB7147101406EB8,SHA256=53E000F5AA9B3A00934319DB8080BB99CB323BF48FC628A64F75D7847C265606,IMPHASH=1002D523645A81BC52877D82D9E88417\nParentProcessGuid: {4901c233-241c-63a0-8f00-000000000400}\nParentProcessId: 4080\nParentImage: C:\\Python37\\python.exe\nParentCommandLine: C:\\Python37\\python.exe \"C:\\BREACH\\init_tbf_client.py\" \nParentUser: CLIENT\\setup", "process": {"args": ["ipconfig", "/all"], "command_line": "ipconfig /all", "entity_id": "{4901c233-241d-63a0-9200-000000000400}", "executable": "C:\\Windows\\System32\\ipconfig.exe", "hash": {"md5": "62f170fb07fdbb79ceb7147101406eb8", "sha256": "53e000f5aa9b3a00934319db8080bb99cb323bf48fc628a64f75d7847c265606"}, "name": "ipconfig.exe", "parent": {"args": ["C:\\Python37\\python.exe", "C:\\BREACH\\init_tbf_client.py"], "command_line": "C:\\Python37\\python.exe \"C:\\BREACH\\init_tbf_client.py\" ", "entity_id": "{4901c233-241c-63a0-8f00-000000000400}", "executable": "C:\\Python37\\python.exe", "name": "python.exe", "pid": 4080}, "pe": {"imphash": "1002d523645a81bc52877d82d9e88417"}, "pid": 6032, "working_directory": "C:\\BREACH\\"}, "related": {"hash": ["62f170fb07fdbb79ceb7147101406eb8", "53e000f5aa9b3a00934319db8080bb99cb323bf48fc628a64f75d7847c265606", "1002d523645a81bc52877d82d9e88417"], "user": "setup"}, "user": {"domain": "CLIENT", "name": "setup"}, "winlog": {"api": "wineventlog", "channel": "Microsoft-Windows-Sysmon/Operational", "computer_name": "CLIENT", "event_data": {"Company": "Microsoft Corporation", "Description": "IP Configuration Utility", "FileVersion": "10.0.19041.1 (WinBuild.160101.0800)", "IntegrityLevel": "High", "LogonGuid": "{4901c233-23f1-63a0-d027-030000000000}", "LogonId": "0x327d0", "OriginalFileName": "ipconfig.exe", "ParentUser": "CLIENT\\setup", "Product": "Microsoft\u00ae Windows\u00ae Operating System", "RuleName": "-", "TerminalSessionId": "1"}, "event_id": 1, "opcode": "Info", "process": {"pid": 1708, "thread": {"id": 2544}}, "provider_guid": "{5770385f-c22a-43e0-bf4c-06f5698ffbd9}", "provider_name": "Microsoft-Windows-Sysmon", "record_id": 634, "task": "Process Create (rule: ProcessCreate)", "user": {"domain": "NT AUTHORITY", "identifier": "S-1-5-18", "name": "SYSTEM", "type": "User"}, "version": 5}}, "rule": {"name": "Suspicious Network Command", "authors": ["frack113", "Christopher Peacock '@securepeacock'", "SCYTHE '@scythe_io'"], "level": "low", "source": "sigma", "status": "experimental", "falsepositives": ["Administrator, hotline ask to user"], "id": "a29c1813-ab1f-4dde-b489-330b952e91ae", "logsource": {"category": "process_creation", "product": "windows"}, "references": ["https://github.com/redcanaryco/atomic-red-team/blob/f339e7da7d05f6057fdfcdd3742bfcf365fee2a9/atomics/T1016/T1016.md#atomic-test-1---system-network-configuration-discovery-on-windows"], "tags": ["attack.discovery", "attack.t1016"]}, "metadata": {"group": "Sigma", "kind": "individual", "document": {"kind": "jsonl", "path": "simulation_datasets/simulation_1/EntireSimulation_winlogbeat.jsonl"}, "timestamp": "2022-12-19T08:43:09.111+00:00", "misuse": false}}
{"event": {"@timestamp": "2022-12-19T08:43:09.145Z", "agent": {"ephemeral_id": "9f267527-6a01-4adf-bfdd-37fe019af17c", "hostname": "CLIENT3", "id": "a5ea4d3e-40c5-43d5-9a2e-ed2c48327430", "name": "CLIENT3", "type": "winlogbeat", "version": "7.10.2"}, "ecs": {"version": "1.5.0"}, "event": {"action": "Process Create (rule: ProcessCreate)", "category": ["process"], "code": 1, "created": "2022-12-19T08:46:36.098Z", "kind": "event", "module": "sysmon", "provider": "Microsoft-Windows-Sysmon", "type": ["start", "process_start"]}, "hash": {"imphash": "7c955a0abc747f57ccc4324480737ef7", "md5": "04029e121a0cfa5991749937dd22a1d9", "sha256": "9f914d42706fe215501044acd85a32d58aaef1419d404fddfa5d3b48f66ccd9f"}, "host": {"name": "CLIENT"}, "log": {"level": "information"}, "message": "Process Create:\nRuleName: -\nUtcTime: 2022-12-19 08:43:09.145\nProcessGuid: {4901c233-241d-63a0-9300-000000000400}\nProcessId: 4992\nImage: C:\\Windows\\System32\\WindowsPowerShell\\v1.0\\powershell.exe\nFileVersion: 10.0.19041.546 (WinBuild.160101.0800)\nDescription: Windows PowerShell\nProduct: Microsoft\u00ae Windows\u00ae Operating System\nCompany: Microsoft Corporation\nOriginalFileName: PowerShell.EXE\nCommandLine: powershell \"$cmd_man_ip = \\\"netsh.exe interface ip set address name='Ethernet 3' static 192.168.56.103\\\"; Start-Process powershell.exe -Wait -ArgumentList $cmd_man_ip -Verb RunAs\"\nCurrentDirectory: C:\\BREACH\\\nUser: CLIENT\\setup\nLogonGuid: {4901c233-23f1-63a0-d027-030000000000}\nLogonId: 0x327D0\nTerminalSessionId: 1\nIntegrityLevel: High\nHashes: MD5=04029E121A0CFA5991749937DD22A1D9,SHA256=9F914D42706FE215501044ACD85A32D58AAEF1419D404FDDFA5D3B48F66CCD9F,IMPHASH=7C955A0ABC747F57CCC4324480737EF7\nParentProcessGuid: {4901c233-241c-63a0-8f00-000000000400}\nParentProcessId: 4080\nParentImage: C:\\Python37\\python.exe\nParentCommandLine: C:\\Python37\\python.exe \"C:\\BREACH\\init_tbf_client.py\" \nParentUser: CLIENT\\setup", "process": {"args": ["powershell", "$cmd_man_ip = \"netsh.exe interface ip set address name='Ethernet 3' static 192.168.56.103\"; Start-Process powershell.exe -Wait -ArgumentList $cmd_man_ip -Verb RunAs"], "command_line": "powershell \"$cmd_man_ip = \\\"netsh.exe interface ip set address name='Ethernet 3' static 192.168.56.103\\\"; Start-Process powershell.exe -Wait -ArgumentList $cmd_man_ip -Verb RunAs\"", "entity_id": "{4901c233-241d-63a0-9300-000000000400}", "executable": "C:\\Windows\\System32\\WindowsPowerShell\\v1.0\\powershell.exe", "hash": {"md5": "04029e121a0cfa5991749937dd22a1d9", "sha256": "9f914d42706fe215501044acd85a32d58aaef1419d404fddfa5d3b48f66ccd9f"}, "name": "powershell.exe", "parent": {"args": ["C:\\Python37\\python.exe", "C:\\BREACH\\init_tbf_client.py"], "command_line": "C:\\Python37\\python.exe \"C:\\BREACH\\init_tbf_client.py\" ", "entity_id": "{4901c233-241c-63a0-8f00-000000000400}", "executable": "C:\\Python37\\python.exe", "name": "python.exe", "pid": 4080}, "pe": {"imphash": "7c955a0abc747f57ccc4324480737ef7"}, "pid": 4992, "working_directory": "C:\\BREACH\\"}, "related": {"hash": ["04029e121a0cfa5991749937dd22a1d9", "9f914d42706fe215501044acd85a32d58aaef1419d404fddfa5d3b48f66ccd9f", "7c955a0abc747f57ccc4324480737ef7"], "user": "setup"}, "user": {"domain": "CLIENT", "name": "setup"}, "winlog": {"api": "wineventlog", "channel": "Microsoft-Windows-Sysmon/Operational", "computer_name": "CLIENT", "event_data": {"Company": "Microsoft Corporation", "Description": "Windows PowerShell", "FileVersion": "10.0.19041.546 (WinBuild.160101.0800)", "IntegrityLevel": "High", "LogonGuid": "{4901c233-23f1-63a0-d027-030000000000}", "LogonId": "0x327d0", "OriginalFileName": "PowerShell.EXE", "ParentUser": "CLIENT\\setup", "Product": "Microsoft\u00ae Windows\u00ae Operating System", "RuleName": "-", "TerminalSessionId": "1"}, "event_id": 1, "opcode": "Info", "process": {"pid": 1708, "thread": {"id": 2544}}, "provider_guid": "{5770385f-c22a-43e0-bf4c-06f5698ffbd9}", "provider_name": "Microsoft-Windows-Sysmon", "record_id": 635, "task": "Process Create (rule: ProcessCreate)", "user": {"domain": "NT AUTHORITY", "identifier": "S-1-5-18", "name": "SYSTEM", "type": "User"}, "version": 5}}, "rule": {"name": "Non Interactive PowerShell", "authors": ["Roberto Rodriguez @Cyb3rWard0g (rule)", "oscd.community (improvements)"], "level": "low", "source": "sigma", "status": "experimental", "falsepositives": ["Legitimate programs executing PowerShell scripts"], "id": "f4bbd493-b796-416e-bbf2-121235348529", "logsource": {"category": "process_creation", "product": "windows"}, "references": ["https://threathunterplaybook.com/notebooks/windows/02_execution/WIN-190410151110.html"], "tags": ["attack.execution", "attack.t1059.001"]}, "metadata": {"group": "Sigma", "kind": "individual", "document": {"kind": "jsonl", "path": "simulation_datasets/simulation_1/EntireSimulation_winlogbeat.jsonl"}, "timestamp": "2022-12-19T08:43:09.145+00:00", "misuse": false}}
{"event": {"@timestamp": "2022-12-19T08:43:09.562Z", "agent": {"ephemeral_id": "f998276c-afe4-4463-aba7-6d1241c5c07f", "hostname": "CLIENT2", "id": "a5ea4d3e-40c5-43d5-9a2e-ed2c48327430", "name": "CLIENT2", "type": "winlogbeat", "version": "7.10.2"}, "ecs": {"version": "1.5.0"}, "event": {"action": "Engine Lifecycle", "category": ["process"], "code": 400, "created": "2022-12-19T08:46:32.870Z", "kind": "event", "module": "powershell", "provider": "PowerShell", "sequence": 13, "type": ["start"]}, "host": {"name": "CLIENT"}, "log": {"level": "information"}, "message": "Engine state is changed from None to Available. \n\nDetails: \n\tNewEngineState=Available\n\tPreviousEngineState=None\n\n\tSequenceNumber=13\n\n\tHostName=ConsoleHost\n\tHostVersion=5.1.19041.1237\n\tHostId=25804ac2-f09f-495d-b09e-3c802cc547f1\n\tHostApplication=powershell $cmd_man_ip = \"netsh.exe interface ip set address name='Ethernet 3' static 192.168.56.102\"; Start-Process powershell.exe -Wait -ArgumentList $cmd_man_ip -Verb RunAs\n\tEngineVersion=5.1.19041.1237\n\tRunspaceId=53d210cd-9940-4310-849e-f0dab6230eee\n\tPipelineId=\n\tCommandName=\n\tCommandType=\n\tScriptName=\n\tCommandPath=\n\tCommandLine=", "powershell": {"engine": {"new_state": "Available", "previous_state": "None", "version": "5.1.19041.1237"}, "process": {"executable_version": "5.1.19041.1237"}, "runspace_id": "53d210cd-9940-4310-849e-f0dab6230eee"}, "process": {"args": ["powershell", "$cmd_man_ip", "=", "netsh.exe interface ip set address name='Ethernet 3' static 192.168.56.102;", "Start-Process", "powershell.exe", "-Wait", "-ArgumentList", "$cmd_man_ip", "-Verb", "RunAs"], "args_count": 11, "command_line": "powershell $cmd_man_ip = \"netsh.exe interface ip set address name='Ethernet 3' static 192.168.56.102\"; Start-Process powershell.exe -Wait -ArgumentList $cmd_man_ip -Verb RunAs", "entity_id": "25804ac2-f09f-495d-b09e-3c802cc547f1", "title": "ConsoleHost"}, "winlog": {"api": "wineventlog", "channel": "Windows PowerShell", "computer_name": "CLIENT", "event_id": 400, "keywords": ["Classic"], "opcode": "Info", "provider_name": "PowerShell", "record_id": 6653, "task": "Engine Lifecycle"}}, "rule": {"name": "Alternate PowerShell Hosts", "authors": ["Roberto Rodriguez @Cyb3rWard0g"], "level": "medium", "source": "sigma", "status": "experimental", "falsepositives": ["Programs using PowerShell directly without invocation of a dedicated interpreter", "MSP Detection Searcher", "Citrix ConfigSync.ps1"], "id": "d7326048-328b-4d5e-98af-86e84b17c765", "logsource": {"category": "ps_classic_start", "definition": "fields have to be extract from event", "product": "windows"}, "references": ["https://threathunterplaybook.com/notebooks/windows/02_execution/WIN-190815181010.html"], "tags": ["attack.execution", "attack.t1059.001"]}, "metadata": {"group": "Sigma", "kind": "individual", "document": {"kind": "jsonl", "path": "simulation_datasets/simulation_1/EntireSimulation_winlogbeat.jsonl"}, "timestamp": "2022-12-19T08:43:09.562+00:00", "misuse": false}}
{"event": {"@timestamp": "2022-12-19T08:43:09.844Z", "agent": {"ephemeral_id": "75382475-4494-4885-af56-0a918c9c7d5b", "hostname": "CLIENT1", "id": "a5ea4d3e-40c5-43d5-9a2e-ed2c48327430", "name": "CLIENT1", "type": "winlogbeat", "version": "7.10.2"}, "ecs": {"version": "1.5.0"}, "event": {"action": "Process Create (rule: ProcessCreate)", "category": ["process"], "code": 1, "created": "2022-12-19T08:46:43.131Z", "kind": "event", "module": "sysmon", "provider": "Microsoft-Windows-Sysmon", "type": ["start", "process_start"]}, "hash": {"imphash": "1002d523645a81bc52877d82d9e88417", "md5": "62f170fb07fdbb79ceb7147101406eb8", "sha256": "53e000f5aa9b3a00934319db8080bb99cb323bf48fc628a64f75d7847c265606"}, "host": {"name": "CLIENT"}, "log": {"level": "information"}, "message": "Process Create:\nRuleName: -\nUtcTime: 2022-12-19 08:43:09.844\nProcessGuid: {4901c233-241d-63a0-9000-000000000400}\nProcessId: 5040\nImage: C:\\Windows\\System32\\ipconfig.exe\nFileVersion: 10.0.19041.1 (WinBuild.160101.0800)\nDescription: IP Configuration Utility\nProduct: Microsoft\u00ae Windows\u00ae Operating System\nCompany: Microsoft Corporation\nOriginalFileName: ipconfig.exe\nCommandLine: ipconfig /all\nCurrentDirectory: C:\\BREACH\\\nUser: CLIENT\\setup\nLogonGuid: {4901c233-23f1-63a0-ee0c-030000000000}\nLogonId: 0x30CEE\nTerminalSessionId: 1\nIntegrityLevel: High\nHashes: MD5=62F170FB07FDBB79CEB7147101406EB8,SHA256=53E000F5AA9B3A00934319DB8080BB99CB323BF48FC628A64F75D7847C265606,IMPHASH=1002D523645A81BC52877D82D9E88417\nParentProcessGuid: {4901c233-241d-63a0-8c00-000000000400}\nParentProcessId: 3908\nParentImage: C:\\Python37\\python.exe\nParentCommandLine: C:\\Python37\\python.exe \"C:\\BREACH\\init_tbf_client.py\" \nParentUser: CLIENT\\setup", "process": {"args": ["ipconfig", "/all"], "command_line": "ipconfig /all", "entity_id": "{4901c233-241d-63a0-9000-000000000400}", "executable": "C:\\Windows\\System32\\ipconfig.exe", "hash": {"md5": "62f170fb07fdbb79ceb7147101406eb8", "sha256": "53e000f5aa9b3a00934319db8080bb99cb323bf48fc628a64f75d7847c265606"}, "name": "ipconfig.exe", "parent": {"args": ["C:\\Python37\\python.exe", "C:\\BREACH\\init_tbf_client.py"], "command_line": "C:\\Python37\\python.exe \"C:\\BREACH\\init_tbf_client.py\" ", "entity_id": "{4901c233-241d-63a0-8c00-000000000400}", "executable": "C:\\Python37\\python.exe", "name": "python.exe", "pid": 3908}, "pe": {"imphash": "1002d523645a81bc52877d82d9e88417"}, "pid": 5040, "working_directory": "C:\\BREACH\\"}, "related": {"hash": ["62f170fb07fdbb79ceb7147101406eb8", "53e000f5aa9b3a00934319db8080bb99cb323bf48fc628a64f75d7847c265606", "1002d523645a81bc52877d82d9e88417"], "user": "setup"}, "user": {"domain": "CLIENT", "name": "setup"}, "winlog": {"api": "wineventlog", "channel": "Microsoft-Windows-Sysmon/Operational", "computer_name": "CLIENT", "event_data": {"Company": "Microsoft Corporation", "Description": "IP Configuration Utility", "FileVersion": "10.0.19041.1 (WinBuild.160101.0800)", "IntegrityLevel": "High", "LogonGuid": "{4901c233-23f1-63a0-ee0c-030000000000}", "LogonId": "0x30cee", "OriginalFileName": "ipconfig.exe", "ParentUser": "CLIENT\\setup", "Product": "Microsoft\u00ae Windows\u00ae Operating System", "RuleName": "-", "TerminalSessionId": "1"}, "event_id": 1, "opcode": "Info", "process": {"pid": 1240, "thread": {"id": 2444}}, "provider_guid": "{5770385f-c22a-43e0-bf4c-06f5698ffbd9}", "provider_name": "Microsoft-Windows-Sysmon", "record_id": 633, "task": "Process Create (rule: ProcessCreate)", "user": {"domain": "NT AUTHORITY", "identifier": "S-1-5-18", "name": "SYSTEM", "type": "User"}, "version": 5}}, "rule": {"name": "Suspicious Network Command", "authors": ["frack113", "Christopher Peacock '@securepeacock'", "SCYTHE '@scythe_io'"], "level": "low", "source": "sigma", "status": "experimental", "falsepositives": ["Administrator, hotline ask to user"], "id": "a29c1813-ab1f-4dde-b489-330b952e91ae", "logsource": {"category": "process_creation", "product": "windows"}, "references": ["https://github.com/redcanaryco/atomic-red-team/blob/f339e7da7d05f6057fdfcdd3742bfcf365fee2a9/atomics/T1016/T1016.md#atomic-test-1---system-network-configuration-discovery-on-windows"], "tags": ["attack.discovery", "attack.t1016"]}, "metadata": {"group": "Sigma", "kind": "individual", "document": {"kind": "jsonl", "path": "simulation_datasets/simulation_1/EntireSimulation_winlogbeat.jsonl"}, "timestamp": "2022-12-19T08:43:09.844+00:00", "misuse": false}}
{"event": {"@timestamp": "2022-12-19T08:43:09.884Z", "agent": {"ephemeral_id": "75382475-4494-4885-af56-0a918c9c7d5b", "hostname": "CLIENT1", "id": "a5ea4d3e-40c5-43d5-9a2e-ed2c48327430", "name": "CLIENT1", "type": "winlogbeat", "version": "7.10.2"}, "ecs": {"version": "1.5.0"}, "event": {"action": "Process Create (rule: ProcessCreate)", "category": ["process"], "code": 1, "created": "2022-12-19T08:46:43.131Z", "kind": "event", "module": "sysmon", "provider": "Microsoft-Windows-Sysmon", "type": ["start", "process_start"]}, "hash": {"imphash": "7c955a0abc747f57ccc4324480737ef7", "md5": "04029e121a0cfa5991749937dd22a1d9", "sha256": "9f914d42706fe215501044acd85a32d58aaef1419d404fddfa5d3b48f66ccd9f"}, "host": {"name": "CLIENT"}, "log": {"level": "information"}, "message": "Process Create:\nRuleName: -\nUtcTime: 2022-12-19 08:43:09.884\nProcessGuid: {4901c233-241d-63a0-9100-000000000400}\nProcessId: 5024\nImage: C:\\Windows\\System32\\WindowsPowerShell\\v1.0\\powershell.exe\nFileVersion: 10.0.19041.546 (WinBuild.160101.0800)\nDescription: Windows PowerShell\nProduct: Microsoft\u00ae Windows\u00ae Operating System\nCompany: Microsoft Corporation\nOriginalFileName: PowerShell.EXE\nCommandLine: powershell \"$cmd_man_ip = \\\"netsh.exe interface ip set address name='Ethernet 3' static 192.168.56.101\\\"; Start-Process powershell.exe -Wait -ArgumentList $cmd_man_ip -Verb RunAs\"\nCurrentDirectory: C:\\BREACH\\\nUser: CLIENT\\setup\nLogonGuid: {4901c233-23f1-63a0-ee0c-030000000000}\nLogonId: 0x30CEE\nTerminalSessionId: 1\nIntegrityLevel: High\nHashes: MD5=04029E121A0CFA5991749937DD22A1D9,SHA256=9F914D42706FE215501044ACD85A32D58AAEF1419D404FDDFA5D3B48F66CCD9F,IMPHASH=7C955A0ABC747F57CCC4324480737EF7\nParentProcessGuid: {4901c233-241d-63a0-8c00-000000000400}\nParentProcessId: 3908\nParentImage: C:\\Python37\\python.exe\nParentCommandLine: C:\\Python37\\python.exe \"C:\\BREACH\\init_tbf_client.py\" \nParentUser: CLIENT\\setup", "process": {"args": ["powershell", "$cmd_man_ip = \"netsh.exe interface ip set address name='Ethernet 3' static 192.168.56.101\"; Start-Process powershell.exe -Wait -ArgumentList $cmd_man_ip -Verb RunAs"], "command_line": "powershell \"$cmd_man_ip = \\\"netsh.exe interface ip set address name='Ethernet 3' static 192.168.56.101\\\"; Start-Process powershell.exe -Wait -ArgumentList $cmd_man_ip -Verb RunAs\"", "entity_id": "{4901c233-241d-63a0-9100-000000000400}", "executable": "C:\\Windows\\System32\\WindowsPowerShell\\v1.0\\powershell.exe", "hash": {"md5": "04029e121a0cfa5991749937dd22a1d9", "sha256": "9f914d42706fe215501044acd85a32d58aaef1419d404fddfa5d3b48f66ccd9f"}, "name": "powershell.exe", "parent": {"args": ["C:\\Python37\\python.exe", "C:\\BREACH\\init_tbf_client.py"], "command_line": "C:\\Python37\\python.exe \"C:\\BREACH\\init_tbf_client.py\" ", "entity_id": "{4901c233-241d-63a0-8c00-000000000400}", "executable": "C:\\Python37\\python.exe", "name": "python.exe", "pid": 3908}, "pe": {"imphash": "7c955a0abc747f57ccc4324480737ef7"}, "pid": 5024, "working_directory": "C:\\BREACH\\"}, "related": {"hash": ["04029e121a0cfa5991749937dd22a1d9", "9f914d42706fe215501044acd85a32d58aaef1419d404fddfa5d3b48f66ccd9f", "7c955a0abc747f57ccc4324480737ef7"], "user": "setup"}, "user": {"domain": "CLIENT", "name": "setup"}, "winlog": {"api": "wineventlog", "channel": "Microsoft-Windows-Sysmon/Operational", "computer_name": "CLIENT", "event_data": {"Company": "Microsoft Corporation", "Description": "Windows PowerShell", "FileVersion": "10.0.19041.546 (WinBuild.160101.0800)", "IntegrityLevel": "High", "LogonGuid": "{4901c233-23f1-63a0-ee0c-030000000000}", "LogonId": "0x30cee", "OriginalFileName": "PowerShell.EXE", "ParentUser": "CLIENT\\setup", "Product": "Microsoft\u00ae Windows\u00ae Operating System", "RuleName": "-", "TerminalSessionId": "1"}, "event_id": 1, "opcode": "Info", "process": {"pid": 1240, "thread": {"id": 2444}}, "provider_guid": "{5770385f-c22a-43e0-bf4c-06f5698ffbd9}", "provider_name": "Microsoft-Windows-Sysmon", "record_id": 634, "task": "Process Create (rule: ProcessCreate)", "user": {"domain": "NT AUTHORITY", "identifier": "S-1-5-18", "name": "SYSTEM", "type": "User"}, "version": 5}}, "rule": {"name": "Non Interactive PowerShell", "authors": ["Roberto Rodriguez @Cyb3rWard0g (rule)", "oscd.community (improvements)"], "level": "low", "source": "sigma", "status": "experimental", "falsepositives": ["Legitimate programs executing PowerShell scripts"], "id": "f4bbd493-b796-416e-bbf2-121235348529", "logsource": {"category": "process_creation", "product": "windows"}, "references": ["https://threathunterplaybook.com/notebooks/windows/02_execution/WIN-190410151110.html"], "tags": ["attack.execution", "attack.t1059.001"]}, "metadata": {"group": "Sigma", "kind": "individual", "document": {"kind": "jsonl", "path": "simulation_datasets/simulation_1/EntireSimulation_winlogbeat.jsonl"}, "timestamp": "2022-12-19T08:43:09.884+00:00", "misuse": false}}
{"event": {"@timestamp": "2022-12-19T08:43:11.450Z", "agent": {"ephemeral_id": "f998276c-afe4-4463-aba7-6d1241c5c07f", "hostname": "CLIENT2", "id": "a5ea4d3e-40c5-43d5-9a2e-ed2c48327430", "name": "CLIENT2", "type": "winlogbeat", "version": "7.10.2"}, "ecs": {"version": "1.5.0"}, "event": {"action": "Process Create (rule: ProcessCreate)", "category": ["process"], "code": 1, "created": "2022-12-19T08:46:33.404Z", "kind": "event", "module": "sysmon", "provider": "Microsoft-Windows-Sysmon", "type": ["start", "process_start"]}, "hash": {"imphash": "7c955a0abc747f57ccc4324480737ef7", "md5": "04029e121a0cfa5991749937dd22a1d9", "sha256": "9f914d42706fe215501044acd85a32d58aaef1419d404fddfa5d3b48f66ccd9f"}, "host": {"name": "CLIENT"}, "log": {"level": "information"}, "message": "Process Create:\nRuleName: -\nUtcTime: 2022-12-19 08:43:11.450\nProcessGuid: {4901c233-241f-63a0-9600-000000000400}\nProcessId: 6288\nImage: C:\\Windows\\System32\\WindowsPowerShell\\v1.0\\powershell.exe\nFileVersion: 10.0.19041.546 (WinBuild.160101.0800)\nDescription: Windows PowerShell\nProduct: Microsoft\u00ae Windows\u00ae Operating System\nCompany: Microsoft Corporation\nOriginalFileName: PowerShell.EXE\nCommandLine: \"C:\\Windows\\System32\\WindowsPowerShell\\v1.0\\powershell.exe\" netsh.exe interface ip set address name='Ethernet 3' static 192.168.56.102 \nCurrentDirectory: C:\\BREACH\\\nUser: CLIENT\\setup\nLogonGuid: {4901c233-23f1-63a0-1314-030000000000}\nLogonId: 0x31413\nTerminalSessionId: 1\nIntegrityLevel: High\nHashes: MD5=04029E121A0CFA5991749937DD22A1D9,SHA256=9F914D42706FE215501044ACD85A32D58AAEF1419D404FDDFA5D3B48F66CCD9F,IMPHASH=7C955A0ABC747F57CCC4324480737EF7\nParentProcessGuid: {4901c233-241b-63a0-9000-000000000400}\nParentProcessId: 4028\nParentImage: C:\\Windows\\System32\\WindowsPowerShell\\v1.0\\powershell.exe\nParentCommandLine: powershell \"$cmd_man_ip = \\\"netsh.exe interface ip set address name='Ethernet 3' static 192.168.56.102\\\"; Start-Process powershell.exe -Wait -ArgumentList $cmd_man_ip -Verb RunAs\"\nParentUser: CLIENT\\setup", "process": {"args": ["C:\\Windows\\System32\\WindowsPowerShell\\v1.0\\powershell.exe", "netsh.exe", "interface", "ip", "set", "address", "name='Ethernet", "3'", "static", "192.168.56.102"], "command_line": "\"C:\\Windows\\System32\\WindowsPowerShell\\v1.0\\powershell.exe\" netsh.exe interface ip set address name='Ethernet 3' static 192.168.56.102 ", "entity_id": "{4901c233-241f-63a0-9600-000000000400}", "executable": "C:\\Windows\\System32\\WindowsPowerShell\\v1.0\\powershell.exe", "hash": {"md5": "04029e121a0cfa5991749937dd22a1d9", "sha256": "9f914d42706fe215501044acd85a32d58aaef1419d404fddfa5d3b48f66ccd9f"}, "name": "powershell.exe", "parent": {"args": ["powershell", "$cmd_man_ip = \"netsh.exe interface ip set address name='Ethernet 3' static 192.168.56.102\"; Start-Process powershell.exe -Wait -ArgumentList $cmd_man_ip -Verb RunAs"], "command_line": "powershell \"$cmd_man_ip = \\\"netsh.exe interface ip set address name='Ethernet 3' static 192.168.56.102\\\"; Start-Process powershell.exe -Wait -ArgumentList $cmd_man_ip -Verb RunAs\"", "entity_id": "{4901c233-241b-63a0-9000-000000000400}", "executable": "C:\\Windows\\System32\\WindowsPowerShell\\v1.0\\powershell.exe", "name": "powershell.exe", "pid": 4028}, "pe": {"imphash": "7c955a0abc747f57ccc4324480737ef7"}, "pid": 6288, "working_directory": "C:\\BREACH\\"}, "related": {"hash": ["04029e121a0cfa5991749937dd22a1d9", "9f914d42706fe215501044acd85a32d58aaef1419d404fddfa5d3b48f66ccd9f", "7c955a0abc747f57ccc4324480737ef7"], "user": "setup"}, "user": {"domain": "CLIENT", "name": "setup"}, "winlog": {"api": "wineventlog", "channel": "Microsoft-Windows-Sysmon/Operational", "computer_name": "CLIENT", "event_data": {"Company": "Microsoft Corporation", "Description": "Windows PowerShell", "FileVersion": "10.0.19041.546 (WinBuild.160101.0800)", "IntegrityLevel": "High", "LogonGuid": "{4901c233-23f1-63a0-1314-030000000000}", "LogonId": "0x31413", "OriginalFileName": "PowerShell.EXE", "ParentUser": "CLIENT\\setup", "Product": "Microsoft\u00ae Windows\u00ae Operating System", "RuleName": "-", "TerminalSessionId": "1"}, "event_id": 1, "opcode": "Info", "process": {"pid": 1808, "thread": {"id": 2672}}, "provider_guid": "{5770385f-c22a-43e0-bf4c-06f5698ffbd9}", "provider_name": "Microsoft-Windows-Sysmon", "record_id": 640, "task": "Process Create (rule: ProcessCreate)", "user": {"domain": "NT AUTHORITY", "identifier": "S-1-5-18", "name": "SYSTEM", "type": "User"}, "version": 5}}, "rule": {"name": "Non Interactive PowerShell", "authors": ["Roberto Rodriguez @Cyb3rWard0g (rule)", "oscd.community (improvements)"], "level": "low", "source": "sigma", "status": "experimental", "falsepositives": ["Legitimate programs executing PowerShell scripts"], "id": "f4bbd493-b796-416e-bbf2-121235348529", "logsource": {"category": "process_creation", "product": "windows"}, "references": ["https://threathunterplaybook.com/notebooks/windows/02_execution/WIN-190410151110.html"], "tags": ["attack.execution", "attack.t1059.001"]}, "metadata": {"group": "Sigma", "kind": "individual", "document": {"kind": "jsonl", "path": "simulation_datasets/simulation_1/EntireSimulation_winlogbeat.jsonl"}, "timestamp": "2022-12-19T08:43:11.450+00:00", "misuse": false}}
{"event": {"@timestamp": "2022-12-19T08:43:11.483Z", "agent": {"ephemeral_id": "9f267527-6a01-4adf-bfdd-37fe019af17c", "hostname": "CLIENT3", "id": "a5ea4d3e-40c5-43d5-9a2e-ed2c48327430", "name": "CLIENT3", "type": "winlogbeat", "version": "7.10.2"}, "ecs": {"version": "1.5.0"}, "event": {"action": "Engine Lifecycle", "category": ["process"], "code": 400, "created": "2022-12-19T08:46:35.632Z", "kind": "event", "module": "powershell", "provider": "PowerShell", "sequence": 13, "type": ["start"]}, "host": {"name": "CLIENT"}, "log": {"level": "information"}, "message": "Engine state is changed from None to Available. \n\nDetails: \n\tNewEngineState=Available\n\tPreviousEngineState=None\n\n\tSequenceNumber=13\n\n\tHostName=ConsoleHost\n\tHostVersion=5.1.19041.1237\n\tHostId=ef5996a1-5702-4130-81c5-ffd6ca16c3ad\n\tHostApplication=powershell $cmd_man_ip = \"netsh.exe interface ip set address name='Ethernet 3' static 192.168.56.103\"; Start-Process powershell.exe -Wait -ArgumentList $cmd_man_ip -Verb RunAs\n\tEngineVersion=5.1.19041.1237\n\tRunspaceId=7de06adb-8490-433c-b389-3cec38c59c89\n\tPipelineId=\n\tCommandName=\n\tCommandType=\n\tScriptName=\n\tCommandPath=\n\tCommandLine=", "powershell": {"engine": {"new_state": "Available", "previous_state": "None", "version": "5.1.19041.1237"}, "process": {"executable_version": "5.1.19041.1237"}, "runspace_id": "7de06adb-8490-433c-b389-3cec38c59c89"}, "process": {"args": ["powershell", "$cmd_man_ip", "=", "netsh.exe interface ip set address name='Ethernet 3' static 192.168.56.103;", "Start-Process", "powershell.exe", "-Wait", "-ArgumentList", "$cmd_man_ip", "-Verb", "RunAs"], "args_count": 11, "command_line": "powershell $cmd_man_ip = \"netsh.exe interface ip set address name='Ethernet 3' static 192.168.56.103\"; Start-Process powershell.exe -Wait -ArgumentList $cmd_man_ip -Verb RunAs", "entity_id": "ef5996a1-5702-4130-81c5-ffd6ca16c3ad", "title": "ConsoleHost"}, "winlog": {"api": "wineventlog", "channel": "Windows PowerShell", "computer_name": "CLIENT", "event_id": 400, "keywords": ["Classic"], "opcode": "Info", "provider_name": "PowerShell", "record_id": 6653, "task": "Engine Lifecycle"}}, "rule": {"name": "Alternate PowerShell Hosts", "authors": ["Roberto Rodriguez @Cyb3rWard0g"], "level": "medium", "source": "sigma", "status": "experimental", "falsepositives": ["Programs using PowerShell directly without invocation of a dedicated interpreter", "MSP Detection Searcher", "Citrix ConfigSync.ps1"], "id": "d7326048-328b-4d5e-98af-86e84b17c765", "logsource": {"category": "ps_classic_start", "definition": "fields have to be extract from event", "product": "windows"}, "references": ["https://threathunterplaybook.com/notebooks/windows/02_execution/WIN-190815181010.html"], "tags": ["attack.execution", "attack.t1059.001"]}, "metadata": {"group": "Sigma", "kind": "individual", "document": {"kind": "jsonl", "path": "simulation_datasets/simulation_1/EntireSimulation_winlogbeat.jsonl"}, "timestamp": "2022-12-19T08:43:11.483+00:00", "misuse": false}}
{"event": {"@timestamp": "2022-12-19T08:43:12.204Z", "agent": {"ephemeral_id": "75382475-4494-4885-af56-0a918c9c7d5b", "hostname": "CLIENT1", "id": "a5ea4d3e-40c5-43d5-9a2e-ed2c48327430", "name": "CLIENT1", "type": "winlogbeat", "version": "7.10.2"}, "ecs": {"version": "1.5.0"}, "event": {"action": "Engine Lifecycle", "category": ["process"], "code": 400, "created": "2022-12-19T08:46:42.621Z", "kind": "event", "module": "powershell", "provider": "PowerShell", "sequence": 13, "type": ["start"]}, "host": {"name": "CLIENT"}, "log": {"level": "information"}, "message": "Engine state is changed from None to Available. \n\nDetails: \n\tNewEngineState=Available\n\tPreviousEngineState=None\n\n\tSequenceNumber=13\n\n\tHostName=ConsoleHost\n\tHostVersion=5.1.19041.1237\n\tHostId=d05edd7c-65f5-4880-a757-0d82dceed366\n\tHostApplication=powershell $cmd_man_ip = \"netsh.exe interface ip set address name='Ethernet 3' static 192.168.56.101\"; Start-Process powershell.exe -Wait -ArgumentList $cmd_man_ip -Verb RunAs\n\tEngineVersion=5.1.19041.1237\n\tRunspaceId=2523b1c7-0ee1-4a64-8da6-1353aab8573d\n\tPipelineId=\n\tCommandName=\n\tCommandType=\n\tScriptName=\n\tCommandPath=\n\tCommandLine=", "powershell": {"engine": {"new_state": "Available", "previous_state": "None", "version": "5.1.19041.1237"}, "process": {"executable_version": "5.1.19041.1237"}, "runspace_id": "2523b1c7-0ee1-4a64-8da6-1353aab8573d"}, "process": {"args": ["powershell", "$cmd_man_ip", "=", "netsh.exe interface ip set address name='Ethernet 3' static 192.168.56.101;", "Start-Process", "powershell.exe", "-Wait", "-ArgumentList", "$cmd_man_ip", "-Verb", "RunAs"], "args_count": 11, "command_line": "powershell $cmd_man_ip = \"netsh.exe interface ip set address name='Ethernet 3' static 192.168.56.101\"; Start-Process powershell.exe -Wait -ArgumentList $cmd_man_ip -Verb RunAs", "entity_id": "d05edd7c-65f5-4880-a757-0d82dceed366", "title": "ConsoleHost"}, "winlog": {"api": "wineventlog", "channel": "Windows PowerShell", "computer_name": "CLIENT", "event_id": 400, "keywords": ["Classic"], "opcode": "Info", "provider_name": "PowerShell", "record_id": 6653, "task": "Engine Lifecycle"}}, "rule": {"name": "Alternate PowerShell Hosts", "authors": ["Roberto Rodriguez @Cyb3rWard0g"], "level": "medium", "source": "sigma", "status": "experimental", "falsepositives": ["Programs using PowerShell directly without invocation of a dedicated interpreter", "MSP Detection Searcher", "Citrix ConfigSync.ps1"], "id": "d7326048-328b-4d5e-98af-86e84b17c765", "logsource": {"category": "ps_classic_start", "definition": "fields have to be extract from event", "product": "windows"}, "references": ["https://threathunterplaybook.com/notebooks/windows/02_execution/WIN-190815181010.html"], "tags": ["attack.execution", "attack.t1059.001"]}, "metadata": {"group": "Sigma", "kind": "individual", "document": {"kind": "jsonl", "path": "simulation_datasets/simulation_1/EntireSimulation_winlogbeat.jsonl"}, "timestamp": "2022-12-19T08:43:12.204+00:00", "misuse": false}}
{"event": {"@timestamp": "2022-12-19T08:43:13.559Z", "agent": {"ephemeral_id": "9f267527-6a01-4adf-bfdd-37fe019af17c", "hostname": "CLIENT3", "id": "a5ea4d3e-40c5-43d5-9a2e-ed2c48327430", "name": "CLIENT3", "type": "winlogbeat", "version": "7.10.2"}, "ecs": {"version": "1.5.0"}, "event": {"action": "Process Create (rule: ProcessCreate)", "category": ["process"], "code": 1, "created": "2022-12-19T08:46:36.099Z", "kind": "event", "module": "sysmon", "provider": "Microsoft-Windows-Sysmon", "type": ["start", "process_start"]}, "hash": {"imphash": "7c955a0abc747f57ccc4324480737ef7", "md5": "04029e121a0cfa5991749937dd22a1d9", "sha256": "9f914d42706fe215501044acd85a32d58aaef1419d404fddfa5d3b48f66ccd9f"}, "host": {"name": "CLIENT"}, "log": {"level": "information"}, "message": "Process Create:\nRuleName: -\nUtcTime: 2022-12-19 08:43:13.559\nProcessGuid: {4901c233-2421-63a0-9a00-000000000400}\nProcessId: 6364\nImage: C:\\Windows\\System32\\WindowsPowerShell\\v1.0\\powershell.exe\nFileVersion: 10.0.19041.546 (WinBuild.160101.0800)\nDescription: Windows PowerShell\nProduct: Microsoft\u00ae Windows\u00ae Operating System\nCompany: Microsoft Corporation\nOriginalFileName: PowerShell.EXE\nCommandLine: \"C:\\Windows\\System32\\WindowsPowerShell\\v1.0\\powershell.exe\" netsh.exe interface ip set address name='Ethernet 3' static 192.168.56.103 \nCurrentDirectory: C:\\BREACH\\\nUser: CLIENT\\setup\nLogonGuid: {4901c233-23f1-63a0-d027-030000000000}\nLogonId: 0x327D0\nTerminalSessionId: 1\nIntegrityLevel: High\nHashes: MD5=04029E121A0CFA5991749937DD22A1D9,SHA256=9F914D42706FE215501044ACD85A32D58AAEF1419D404FDDFA5D3B48F66CCD9F,IMPHASH=7C955A0ABC747F57CCC4324480737EF7\nParentProcessGuid: {4901c233-241d-63a0-9300-000000000400}\nParentProcessId: 4992\nParentImage: C:\\Windows\\System32\\WindowsPowerShell\\v1.0\\powershell.exe\nParentCommandLine: powershell \"$cmd_man_ip = \\\"netsh.exe interface ip set address name='Ethernet 3' static 192.168.56.103\\\"; Start-Process powershell.exe -Wait -ArgumentList $cmd_man_ip -Verb RunAs\"\nParentUser: CLIENT\\setup", "process": {"args": ["C:\\Windows\\System32\\WindowsPowerShell\\v1.0\\powershell.exe", "netsh.exe", "interface", "ip", "set", "address", "name='Ethernet", "3'", "static", "192.168.56.103"], "command_line": "\"C:\\Windows\\System32\\WindowsPowerShell\\v1.0\\powershell.exe\" netsh.exe interface ip set address name='Ethernet 3' static 192.168.56.103 ", "entity_id": "{4901c233-2421-63a0-9a00-000000000400}", "executable": "C:\\Windows\\System32\\WindowsPowerShell\\v1.0\\powershell.exe", "hash": {"md5": "04029e121a0cfa5991749937dd22a1d9", "sha256": "9f914d42706fe215501044acd85a32d58aaef1419d404fddfa5d3b48f66ccd9f"}, "name": "powershell.exe", "parent": {"args": ["powershell", "$cmd_man_ip = \"netsh.exe interface ip set address name='Ethernet 3' static 192.168.56.103\"; Start-Process powershell.exe -Wait -ArgumentList $cmd_man_ip -Verb RunAs"], "command_line": "powershell \"$cmd_man_ip = \\\"netsh.exe interface ip set address name='Ethernet 3' static 192.168.56.103\\\"; Start-Process powershell.exe -Wait -ArgumentList $cmd_man_ip -Verb RunAs\"", "entity_id": "{4901c233-241d-63a0-9300-000000000400}", "executable": "C:\\Windows\\System32\\WindowsPowerShell\\v1.0\\powershell.exe", "name": "powershell.exe", "pid": 4992}, "pe": {"imphash": "7c955a0abc747f57ccc4324480737ef7"}, "pid": 6364, "working_directory": "C:\\BREACH\\"}, "related": {"hash": ["04029e121a0cfa5991749937dd22a1d9", "9f914d42706fe215501044acd85a32d58aaef1419d404fddfa5d3b48f66ccd9f", "7c955a0abc747f57ccc4324480737ef7"], "user": "setup"}, "user": {"domain": "CLIENT", "name": "setup"}, "winlog": {"api": "wineventlog", "channel": "Microsoft-Windows-Sysmon/Operational", "computer_name": "CLIENT", "event_data": {"Company": "Microsoft Corporation", "Description": "Windows PowerShell", "FileVersion": "10.0.19041.546 (WinBuild.160101.0800)", "IntegrityLevel": "High", "LogonGuid": "{4901c233-23f1-63a0-d027-030000000000}", "LogonId": "0x327d0", "OriginalFileName": "PowerShell.EXE", "ParentUser": "CLIENT\\setup", "Product": "Microsoft\u00ae Windows\u00ae Operating System", "RuleName": "-", "TerminalSessionId": "1"}, "event_id": 1, "opcode": "Info", "process": {"pid": 1708, "thread": {"id": 2544}}, "provider_guid": "{5770385f-c22a-43e0-bf4c-06f5698ffbd9}", "provider_name": "Microsoft-Windows-Sysmon", "record_id": 642, "task": "Process Create (rule: ProcessCreate)", "user": {"domain": "NT AUTHORITY", "identifier": "S-1-5-18", "name": "SYSTEM", "type": "User"}, "version": 5}}, "rule": {"name": "Non Interactive PowerShell", "authors": ["Roberto Rodriguez @Cyb3rWard0g (rule)", "oscd.community (improvements)"], "level": "low", "source": "sigma", "status": "experimental", "falsepositives": ["Legitimate programs executing PowerShell scripts"], "id": "f4bbd493-b796-416e-bbf2-121235348529", "logsource": {"category": "process_creation", "product": "windows"}, "references": ["https://threathunterplaybook.com/notebooks/windows/02_execution/WIN-190410151110.html"], "tags": ["attack.execution", "attack.t1059.001"]}, "metadata": {"group": "Sigma", "kind": "individual", "document": {"kind": "jsonl", "path": "simulation_datasets/simulation_1/EntireSimulation_winlogbeat.jsonl"}, "timestamp": "2022-12-19T08:43:13.559+00:00", "misuse": false}}
{"event": {"@timestamp": "2022-12-19T08:43:14.109Z", "agent": {"ephemeral_id": "f998276c-afe4-4463-aba7-6d1241c5c07f", "hostname": "CLIENT2", "id": "a5ea4d3e-40c5-43d5-9a2e-ed2c48327430", "name": "CLIENT2", "type": "winlogbeat", "version": "7.10.2"}, "ecs": {"version": "1.5.0"}, "event": {"action": "File created (rule: FileCreate)", "category": ["file"], "code": 11, "created": "2022-12-19T08:46:33.408Z", "kind": "event", "module": "sysmon", "provider": "Microsoft-Windows-Sysmon", "type": ["creation"]}, "file": {"directory": "C:\\Users\\setup\\AppData\\Local\\Microsoft\\OneDrive\\19.043.0304.0013", "extension": "exe", "name": "FileCoAuth.exe", "path": "C:\\Users\\setup\\AppData\\Local\\Microsoft\\OneDrive\\19.043.0304.0013\\FileCoAuth.exe"}, "host": {"name": "CLIENT"}, "log": {"level": "information"}, "message": "File created:\nRuleName: EXE\nUtcTime: 2022-12-19 08:43:14.109\nProcessGuid: {4901c233-2421-63a0-9800-000000000400}\nProcessId: 6456\nImage: C:\\Windows\\SysWOW64\\OneDriveSetup.exe\nTargetFilename: C:\\Users\\setup\\AppData\\Local\\Microsoft\\OneDrive\\19.043.0304.0013\\FileCoAuth.exe\nCreationUtcTime: 2022-12-19 08:43:14.109\nUser: CLIENT\\setup", "process": {"entity_id": "{4901c233-2421-63a0-9800-000000000400}", "executable": "C:\\Windows\\SysWOW64\\OneDriveSetup.exe", "name": "OneDriveSetup.exe", "pid": 6456}, "rule": {"name": "EXE"}, "winlog": {"api": "wineventlog", "channel": "Microsoft-Windows-Sysmon/Operational", "computer_name": "CLIENT", "event_data": {"CreationUtcTime": "2022-12-19 08:43:14.109", "User": "CLIENT\\setup"}, "event_id": 11, "opcode": "Info", "process": {"pid": 1808, "thread": {"id": 2672}}, "provider_guid": "{5770385f-c22a-43e0-bf4c-06f5698ffbd9}", "provider_name": "Microsoft-Windows-Sysmon", "record_id": 687, "task": "File created (rule: FileCreate)", "user": {"domain": "NT AUTHORITY", "identifier": "S-1-5-18", "name": "SYSTEM", "type": "User"}, "version": 2}}, "rule": {"name": "Creation of an Executable by an Executable", "authors": ["frack113"], "level": "low", "source": "sigma", "status": "experimental", "falsepositives": ["Software installers", "Update utilities"], "id": "297afac9-5d02-4138-8c58-b977bac60556", "logsource": {"category": "file_event", "product": "windows"}, "references": ["Malware Sandbox"], "tags": ["attack.resource_development", "attack.t1587.001"]}, "metadata": {"group": "Sigma", "kind": "individual", "document": {"kind": "jsonl", "path": "simulation_datasets/simulation_1/EntireSimulation_winlogbeat.jsonl"}, "timestamp": "2022-12-19T08:43:14.109+00:00", "misuse": false}}
