{"event": {"@timestamp": "2022-12-19T08:45:28.159Z", "agent": {"ephemeral_id": "9f267527-6a01-4adf-bfdd-37fe019af17c", "hostname": "CLIENT3", "id": "a5ea4d3e-40c5-43d5-9a2e-ed2c48327430", "name": "CLIENT3", "type": "winlogbeat", "version": "7.10.2"}, "ecs": {"version": "1.5.0"}, "event": {"action": "File created (rule: FileCreate)", "category": ["file"], "code": 11, "created": "2022-12-19T08:46:37.114Z", "kind": "event", "module": "sysmon", "provider": "Microsoft-Windows-Sysmon", "type": ["creation"]}, "file": {"directory": "C:\\Users\\client3\\AppData\\Local\\Microsoft\\OneDrive\\19.043.0304.0013", "extension": "exe", "name": "OneDriveSetup.exe", "path": "C:\\Users\\client3\\AppData\\Local\\Microsoft\\OneDrive\\19.043.0304.0013\\OneDriveSetup.exe"}, "host": {"name": "CLIENT3.breach.local"}, "log": {"level": "information"}, "message": "File created:\nRuleName: EXE\nUtcTime: 2022-12-19 08:45:28.159\nProcessGuid: {4901c233-24a0-63a0-9300-000000000600}\nProcessId: 3680\nImage: C:\\Windows\\SysWOW64\\OneDriveSetup.exe\nTargetFilename: C:\\Users\\client3\\AppData\\Local\\Microsoft\\OneDrive\\19.043.0304.0013\\OneDriveSetup.exe\nCreationUtcTime: 2022-12-19 08:45:28.159\nUser: BREACH\\client3", "process": {"entity_id": "{4901c233-24a0-63a0-9300-000000000600}", "executable": "C:\\Windows\\SysWOW64\\OneDriveSetup.exe", "name": "OneDriveSetup.exe", "pid": 3680}, "rule": {"name": "EXE"}, "winlog": {"api": "wineventlog", "channel": "Microsoft-Windows-Sysmon/Operational", "computer_name": "CLIENT3.breach.local", "event_data": {"CreationUtcTime": "2022-12-19 08:45:28.159", "User": "BREACH\\client3"}, "event_id": 11, "opcode": "Info", "process": {"pid": 2052, "thread": {"id": 2744}}, "provider_guid": "{5770385f-c22a-43e0-bf4c-06f5698ffbd9}", "provider_name": "Microsoft-Windows-Sysmon", "record_id": 1530, "task": "File created (rule: FileCreate)", "user": {"domain": "NT AUTHORITY", "identifier": "S-1-5-18", "name": "SYSTEM", "type": "User"}, "version": 2}}, "rule": {"name": "Creation of an Executable by an Executable", "authors": ["frack113"], "level": "low", "source": "sigma", "status": "experimental", "falsepositives": ["Software installers", "Update utilities"], "id": "297afac9-5d02-4138-8c58-b977bac60556", "logsource": {"category": "file_event", "product": "windows"}, "references": ["Malware Sandbox"], "tags": ["attack.resource_development", "attack.t1587.001"]}, "metadata": {"group": "Sigma", "kind": "individual", "document": {"kind": "jsonl", "path": "simulation_datasets/simulation_1/EntireSimulation_winlogbeat.jsonl"}, "timestamp": "2022-12-19T08:45:28.159+00:00", "misuse": false}}
{"event": {"@timestamp": "2022-12-19T08:45:28.208Z", "agent": {"ephemeral_id": "9f267527-6a01-4adf-bfdd-37fe019af17c", "hostname": "CLIENT3", "id": "a5ea4d3e-40c5-43d5-9a2e-ed2c48327430", "name": "CLIENT3", "type": "winlogbeat", "version": "7.10.2"}, "ecs": {"version": "1.5.0"}, "event": {"action": "File created (rule: FileCreate)", "category": ["file"], "code": 11, "created": "2022-12-19T08:46:37.114Z", "kind": "event", "module": "sysmon", "provider": "Microsoft-Windows-Sysmon", "type": ["creation"]}, "file": {"directory": "C:\\Users\\client3\\AppData\\Local\\Microsoft\\OneDrive", "extension": "exe", "name": "OneDrive.exe", "path": "C:\\Users\\client3\\AppData\\Local\\Microsoft\\OneDrive\\OneDrive.exe"}, "host": {"name": "CLIENT3.breach.local"}, "log": {"level": "information"}, "message": "File created:\nRuleName: EXE\nUtcTime: 2022-12-19 08:45:28.208\nProcessGuid: {4901c233-24a0-63a0-9300-000000000600}\nProcessId: 3680\nImage: C:\\Windows\\SysWOW64\\OneDriveSetup.exe\nTargetFilename: C:\\Users\\client3\\AppData\\Local\\Microsoft\\OneDrive\\OneDrive.exe\nCreationUtcTime: 2022-12-19 08:45:28.208\nUser: BREACH\\client3", "process": {"entity_id": "{4901c233-24a0-63a0-9300-000000000600}", "executable": "C:\\Windows\\SysWOW64\\OneDriveSetup.exe", "name": "OneDriveSetup.exe", "pid": 3680}, "rule": {"name": "EXE"}, "winlog": {"api": "wineventlog", "channel": "Microsoft-Windows-Sysmon/Operational", "computer_name": "CLIENT3.breach.local", "event_data": {"CreationUtcTime": "2022-12-19 08:45:28.208", "User": "BREACH\\client3"}, "event_id": 11, "opcode": "Info", "process": {"pid": 2052, "thread": {"id": 2744}}, "provider_guid": "{5770385f-c22a-43e0-bf4c-06f5698ffbd9}", "provider_name": "Microsoft-Windows-Sysmon", "record_id": 1531, "task": "File created (rule: FileCreate)", "user": {"domain": "NT AUTHORITY", "identifier": "S-1-5-18", "name": "SYSTEM", "type": "User"}, "version": 2}}, "rule": {"name": "Creation of an Executable by an Executable", "authors": ["frack113"], "level": "low", "source": "sigma", "status": "experimental", "falsepositives": ["Software installers", "Update utilities"], "id": "297afac9-5d02-4138-8c58-b977bac60556", "logsource": {"category": "file_event", "product": "windows"}, "references": ["Malware Sandbox"], "tags": ["attack.resource_development", "attack.t1587.001"]}, "metadata": {"group": "Sigma", "kind": "individual", "document": {"kind": "jsonl", "path": "simulation_datasets/simulation_1/EntireSimulation_winlogbeat.jsonl"}, "timestamp": "2022-12-19T08:45:28.208+00:00", "misuse": false}}
{"event": {"@timestamp": "2022-12-19T08:45:28.244Z", "agent": {"ephemeral_id": "9f267527-6a01-4adf-bfdd-37fe019af17c", "hostname": "CLIENT3", "id": "a5ea4d3e-40c5-43d5-9a2e-ed2c48327430", "name": "CLIENT3", "type": "winlogbeat", "version": "7.10.2"}, "ecs": {"version": "1.5.0"}, "event": {"action": "File created (rule: FileCreate)", "category": ["file"], "code": 11, "created": "2022-12-19T08:46:37.114Z", "kind": "event", "module": "sysmon", "provider": "Microsoft-Windows-Sysmon", "type": ["creation"]}, "file": {"directory": "C:\\Users\\client3\\AppData\\Local\\Microsoft\\OneDrive", "extension": "exe", "name": "OneDriveStandaloneUpdater.exe", "path": "C:\\Users\\client3\\AppData\\Local\\Microsoft\\OneDrive\\OneDriveStandaloneUpdater.exe"}, "host": {"name": "CLIENT3.breach.local"}, "log": {"level": "information"}, "message": "File created:\nRuleName: EXE\nUtcTime: 2022-12-19 08:45:28.244\nProcessGuid: {4901c233-24a0-63a0-9300-000000000600}\nProcessId: 3680\nImage: C:\\Windows\\SysWOW64\\OneDriveSetup.exe\nTargetFilename: C:\\Users\\client3\\AppData\\Local\\Microsoft\\OneDrive\\OneDriveStandaloneUpdater.exe\nCreationUtcTime: 2022-12-19 08:45:28.244\nUser: BREACH\\client3", "process": {"entity_id": "{4901c233-24a0-63a0-9300-000000000600}", "executable": "C:\\Windows\\SysWOW64\\OneDriveSetup.exe", "name": "OneDriveSetup.exe", "pid": 3680}, "rule": {"name": "EXE"}, "winlog": {"api": "wineventlog", "channel": "Microsoft-Windows-Sysmon/Operational", "computer_name": "CLIENT3.breach.local", "event_data": {"CreationUtcTime": "2022-12-19 08:45:28.244", "User": "BREACH\\client3"}, "event_id": 11, "opcode": "Info", "process": {"pid": 2052, "thread": {"id": 2744}}, "provider_guid": "{5770385f-c22a-43e0-bf4c-06f5698ffbd9}", "provider_name": "Microsoft-Windows-Sysmon", "record_id": 1532, "task": "File created (rule: FileCreate)", "user": {"domain": "NT AUTHORITY", "identifier": "S-1-5-18", "name": "SYSTEM", "type": "User"}, "version": 2}}, "rule": {"name": "Creation of an Executable by an Executable", "authors": ["frack113"], "level": "low", "source": "sigma", "status": "experimental", "falsepositives": ["Software installers", "Update utilities"], "id": "297afac9-5d02-4138-8c58-b977bac60556", "logsource": {"category": "file_event", "product": "windows"}, "references": ["Malware Sandbox"], "tags": ["attack.resource_development", "attack.t1587.001"]}, "metadata": {"group": "Sigma", "kind": "individual", "document": {"kind": "jsonl", "path": "simulation_datasets/simulation_1/EntireSimulation_winlogbeat.jsonl"}, "timestamp": "2022-12-19T08:45:28.244+00:00", "misuse": false}}
{"event": {"@timestamp": "2022-12-19T08:45:45.988Z", "agent": {"ephemeral_id": "75382475-4494-4885-af56-0a918c9c7d5b", "hostname": "CLIENT1", "id": "a5ea4d3e-40c5-43d5-9a2e-ed2c48327430", "name": "CLIENT1", "type": "winlogbeat", "version": "7.10.2"}, "ecs": {"version": "1.5.0"}, "event": {"action": "Process Create (rule: ProcessCreate)", "category": ["process"], "code": 1, "created": "2022-12-19T08:46:43.925Z", "kind": "event", "module": "sysmon", "provider": "Microsoft-Windows-Sysmon", "type": ["start", "process_start"]}, "hash": {"imphash": "0c029ef03be0dfe4324558843609a28e", "md5": "ef9bba7a637a11b224a90bf90a8943ac", "sha256": "2fda95aafb2e9284c730bf912b93f60a75b151941adc14445ed1e056140325b1"}, "host": {"name": "CLIENT1.breach.local"}, "log": {"level": "information"}, "message": "Process Create:\nRuleName: -\nUtcTime: 2022-12-19 08:45:45.988\nProcessGuid: {4901c233-24b9-63a0-6e00-000000000600}\nProcessId: 5276\nImage: C:\\Windows\\System32\\wlrmdr.exe\nFileVersion: 10.0.19041.746 (WinBuild.160101.0800)\nDescription: Windows logon reminder\nProduct: Microsoft\u00ae Windows\u00ae Operating System\nCompany: Microsoft Corporation\nOriginalFileName: WLRMNDR.EXE\nCommandLine:  -c -s 0 -f 0 -t Empty -m Empty -a 0 -u Empty\nCurrentDirectory: C:\\Windows\\system32\\\nUser: BREACH\\client1\nLogonGuid: {4901c233-2496-63a0-8302-040000000000}\nLogonId: 0x40283\nTerminalSessionId: 1\nIntegrityLevel: High\nHashes: MD5=EF9BBA7A637A11B224A90BF90A8943AC,SHA256=2FDA95AAFB2E9284C730BF912B93F60A75B151941ADC14445ED1E056140325B1,IMPHASH=0C029EF03BE0DFE4324558843609A28E\nParentProcessGuid: {00000000-0000-0000-0000-000000000000}\nParentProcessId: 568\nParentImage: -\nParentCommandLine: -\nParentUser: -", "process": {"args": ["", "-c", "-s", "0", "-f", "0", "-t", "Empty", "-m", "Empty", "-a", "0", "-u", "Empty"], "command_line": " -c -s 0 -f 0 -t Empty -m Empty -a 0 -u Empty", "entity_id": "{4901c233-24b9-63a0-6e00-000000000600}", "executable": "C:\\Windows\\System32\\wlrmdr.exe", "hash": {"md5": "ef9bba7a637a11b224a90bf90a8943ac", "sha256": "2fda95aafb2e9284c730bf912b93f60a75b151941adc14445ed1e056140325b1"}, "name": "wlrmdr.exe", "parent": {"args": ["-"], "command_line": "-", "entity_id": "{00000000-0000-0000-0000-000000000000}", "executable": "-", "name": "-", "pid": 568}, "pe": {"imphash": "0c029ef03be0dfe4324558843609a28e"}, "pid": 5276, "working_directory": "C:\\Windows\\system32\\"}, "related": {"hash": ["ef9bba7a637a11b224a90bf90a8943ac", "2fda95aafb2e9284c730bf912b93f60a75b151941adc14445ed1e056140325b1", "0c029ef03be0dfe4324558843609a28e"], "user": "client1"}, "user": {"domain": "BREACH", "name": "client1"}, "winlog": {"api": "wineventlog", "channel": "Microsoft-Windows-Sysmon/Operational", "computer_name": "CLIENT1.breach.local", "event_data": {"Company": "Microsoft Corporation", "Description": "Windows logon reminder", "FileVersion": "10.0.19041.746 (WinBuild.160101.0800)", "IntegrityLevel": "High", "LogonGuid": "{4901c233-2496-63a0-8302-040000000000}", "LogonId": "0x40283", "OriginalFileName": "WLRMNDR.EXE", "ParentUser": "-", "Product": "Microsoft\u00ae Windows\u00ae Operating System", "RuleName": "-", "TerminalSessionId": "1"}, "event_id": 1, "opcode": "Info", "process": {"pid": 2072, "thread": {"id": 2684}}, "provider_guid": "{5770385f-c22a-43e0-bf4c-06f5698ffbd9}", "provider_name": "Microsoft-Windows-Sysmon", "record_id": 1299, "task": "Process Create (rule: ProcessCreate)", "user": {"domain": "NT AUTHORITY", "identifier": "S-1-5-18", "name": "SYSTEM", "type": "User"}, "version": 5}}, "rule": {"name": "Wlrmdr Lolbin Use as Launcher", "authors": ["frack113"], "level": "medium", "source": "sigma", "status": "experimental", "falsepositives": ["Unknown"], "id": "9cfc00b6-bfb7-49ce-9781-ef78503154bb", "logsource": {"category": "process_creation", "product": "windows"}, "references": ["https://twitter.com/0gtweet/status/1493963591745220608?s=20&t=xUg9DsZhJy1q9bPTUWgeIQ"], "tags": ["attack.defense_evasion"]}, "metadata": {"group": "Sigma", "kind": "individual", "document": {"kind": "jsonl", "path": "simulation_datasets/simulation_1/EntireSimulation_winlogbeat.jsonl"}, "timestamp": "2022-12-19T08:45:45.988+00:00", "misuse": false}}
{"event": {"@timestamp": "2022-12-19T08:45:57.566Z", "agent": {"ephemeral_id": "75382475-4494-4885-af56-0a918c9c7d5b", "hostname": "CLIENT1", "id": "a5ea4d3e-40c5-43d5-9a2e-ed2c48327430", "name": "CLIENT1", "type": "winlogbeat", "version": "7.10.2"}, "ecs": {"version": "1.5.0"}, "event": {"action": "Process Create (rule: ProcessCreate)", "category": ["process"], "code": 1, "created": "2022-12-19T08:46:43.926Z", "kind": "event", "module": "sysmon", "provider": "Microsoft-Windows-Sysmon", "type": ["start", "process_start"]}, "hash": {"imphash": "fa65d753209c7382631265744de49154", "md5": "81d41e225b8b55748ffb0d8747fe8bac", "sha256": "ac6e1f614cb902c0abe4297646e21c70590624b652a080bfbb8407b1ab52609d"}, "host": {"name": "CLIENT1.breach.local"}, "log": {"level": "information"}, "message": "Process Create:\nRuleName: -\nUtcTime: 2022-12-19 08:45:57.566\nProcessGuid: {4901c233-24c5-63a0-7d00-000000000600}\nProcessId: 4288\nImage: C:\\Windows\\System32\\verclsid.exe\nFileVersion: 10.0.19041.1 (WinBuild.160101.0800)\nDescription: Extension CLSID Verification Host\nProduct: Microsoft\u00ae Windows\u00ae Operating System\nCompany: Microsoft Corporation\nOriginalFileName: verclsid.exe\nCommandLine: \"C:\\Windows\\system32\\verclsid.exe\" /S /C {9E175B8B-F52A-11D8-B9A5-505054503030} /I {0C733A8A-2A1C-11CE-ADE5-00AA0044773D} /X 0x401\nCurrentDirectory: C:\\Windows\\system32\\\nUser: BREACH\\client1\nLogonGuid: {4901c233-2496-63a0-8302-040000000000}\nLogonId: 0x40283\nTerminalSessionId: 1\nIntegrityLevel: High\nHashes: MD5=81D41E225B8B55748FFB0D8747FE8BAC,SHA256=AC6E1F614CB902C0ABE4297646E21C70590624B652A080BFBB8407B1AB52609D,IMPHASH=FA65D753209C7382631265744DE49154\nParentProcessGuid: {4901c233-24c4-63a0-7b00-000000000600}\nParentProcessId: 6056\nParentImage: C:\\Windows\\System32\\RuntimeBroker.exe\nParentCommandLine: C:\\Windows\\System32\\RuntimeBroker.exe -Embedding\nParentUser: BREACH\\client1", "process": {"args": ["C:\\Windows\\system32\\verclsid.exe", "/S", "/C", "{9E175B8B-F52A-11D8-B9A5-505054503030}", "/I", "{0C733A8A-2A1C-11CE-ADE5-00AA0044773D}", "/X", "0x401"], "command_line": "\"C:\\Windows\\system32\\verclsid.exe\" /S /C {9E175B8B-F52A-11D8-B9A5-505054503030} /I {0C733A8A-2A1C-11CE-ADE5-00AA0044773D} /X 0x401", "entity_id": "{4901c233-24c5-63a0-7d00-000000000600}", "executable": "C:\\Windows\\System32\\verclsid.exe", "hash": {"md5": "81d41e225b8b55748ffb0d8747fe8bac", "sha256": "ac6e1f614cb902c0abe4297646e21c70590624b652a080bfbb8407b1ab52609d"}, "name": "verclsid.exe", "parent": {"args": ["C:\\Windows\\System32\\RuntimeBroker.exe", "-Embedding"], "command_line": "C:\\Windows\\System32\\RuntimeBroker.exe -Embedding", "entity_id": "{4901c233-24c4-63a0-7b00-000000000600}", "executable": "C:\\Windows\\System32\\RuntimeBroker.exe", "name": "RuntimeBroker.exe", "pid": 6056}, "pe": {"imphash": "fa65d753209c7382631265744de49154"}, "pid": 4288, "working_directory": "C:\\Windows\\system32\\"}, "related": {"hash": ["81d41e225b8b55748ffb0d8747fe8bac", "ac6e1f614cb902c0abe4297646e21c70590624b652a080bfbb8407b1ab52609d", "fa65d753209c7382631265744de49154"], "user": "client1"}, "user": {"domain": "BREACH", "name": "client1"}, "winlog": {"api": "wineventlog", "channel": "Microsoft-Windows-Sysmon/Operational", "computer_name": "CLIENT1.breach.local", "event_data": {"Company": "Microsoft Corporation", "Description": "Extension CLSID Verification Host", "FileVersion": "10.0.19041.1 (WinBuild.160101.0800)", "IntegrityLevel": "High", "LogonGuid": "{4901c233-2496-63a0-8302-040000000000}", "LogonId": "0x40283", "OriginalFileName": "verclsid.exe", "ParentUser": "BREACH\\client1", "Product": "Microsoft\u00ae Windows\u00ae Operating System", "RuleName": "-", "TerminalSessionId": "1"}, "event_id": 1, "opcode": "Info", "process": {"pid": 2072, "thread": {"id": 2684}}, "provider_guid": "{5770385f-c22a-43e0-bf4c-06f5698ffbd9}", "provider_name": "Microsoft-Windows-Sysmon", "record_id": 1309, "task": "Process Create (rule: ProcessCreate)", "user": {"domain": "NT AUTHORITY", "identifier": "S-1-5-18", "name": "SYSTEM", "type": "User"}, "version": 5}}, "rule": {"name": "Verclsid.exe Runs COM Object", "authors": ["Victor Sergeev", "oscd.community"], "level": "medium", "source": "sigma", "status": "experimental", "falsepositives": ["Unknown"], "id": "d06be4b9-8045-428b-a567-740a26d9db25", "logsource": {"category": "process_creation", "product": "windows"}, "references": ["https://lolbas-project.github.io/lolbas/Binaries/Verclsid/", "https://gist.github.com/NickTyrer/0598b60112eaafe6d07789f7964290d5", "https://bohops.com/2018/08/18/abusing-the-com-registry-structure-part-2-loading-techniques-for-evasion-and-persistence/"], "tags": ["attack.defense_evasion", "attack.t1218"]}, "metadata": {"group": "Sigma", "kind": "individual", "document": {"kind": "jsonl", "path": "simulation_datasets/simulation_1/EntireSimulation_winlogbeat.jsonl"}, "timestamp": "2022-12-19T08:45:57.566+00:00", "misuse": false}}
{"event": {"@timestamp": "2022-12-19T08:46:06.290Z", "agent": {"ephemeral_id": "75382475-4494-4885-af56-0a918c9c7d5b", "hostname": "CLIENT1", "id": "a5ea4d3e-40c5-43d5-9a2e-ed2c48327430", "name": "CLIENT1", "type": "winlogbeat", "version": "7.10.2"}, "ecs": {"version": "1.5.0"}, "event": {"action": "Process Create (rule: ProcessCreate)", "category": ["process"], "code": 1, "created": "2022-12-19T08:46:43.928Z", "kind": "event", "module": "sysmon", "provider": "Microsoft-Windows-Sysmon", "type": ["start", "process_start"]}, "hash": {"imphash": "1002d523645a81bc52877d82d9e88417", "md5": "62f170fb07fdbb79ceb7147101406eb8", "sha256": "53e000f5aa9b3a00934319db8080bb99cb323bf48fc628a64f75d7847c265606"}, "host": {"name": "CLIENT1.breach.local"}, "log": {"level": "information"}, "message": "Process Create:\nRuleName: -\nUtcTime: 2022-12-19 08:46:06.290\nProcessGuid: {4901c233-24ce-63a0-8500-000000000600}\nProcessId: 4836\nImage: C:\\Windows\\System32\\ipconfig.exe\nFileVersion: 10.0.19041.1 (WinBuild.160101.0800)\nDescription: IP Configuration Utility\nProduct: Microsoft\u00ae Windows\u00ae Operating System\nCompany: Microsoft Corporation\nOriginalFileName: ipconfig.exe\nCommandLine: ipconfig /all\nCurrentDirectory: C:\\BREACH\\\nUser: BREACH\\client1\nLogonGuid: {4901c233-2496-63a0-8302-040000000000}\nLogonId: 0x40283\nTerminalSessionId: 1\nIntegrityLevel: High\nHashes: MD5=62F170FB07FDBB79CEB7147101406EB8,SHA256=53E000F5AA9B3A00934319DB8080BB99CB323BF48FC628A64F75D7847C265606,IMPHASH=1002D523645A81BC52877D82D9E88417\nParentProcessGuid: {4901c233-24ce-63a0-8400-000000000600}\nParentProcessId: 3600\nParentImage: C:\\Python37\\python.exe\nParentCommandLine: C:\\Python37\\python.exe \"C:\\BREACH\\init_tbf_client.py\" \nParentUser: BREACH\\client1", "process": {"args": ["ipconfig", "/all"], "command_line": "ipconfig /all", "entity_id": "{4901c233-24ce-63a0-8500-000000000600}", "executable": "C:\\Windows\\System32\\ipconfig.exe", "hash": {"md5": "62f170fb07fdbb79ceb7147101406eb8", "sha256": "53e000f5aa9b3a00934319db8080bb99cb323bf48fc628a64f75d7847c265606"}, "name": "ipconfig.exe", "parent": {"args": ["C:\\Python37\\python.exe", "C:\\BREACH\\init_tbf_client.py"], "command_line": "C:\\Python37\\python.exe \"C:\\BREACH\\init_tbf_client.py\" ", "entity_id": "{4901c233-24ce-63a0-8400-000000000600}", "executable": "C:\\Python37\\python.exe", "name": "python.exe", "pid": 3600}, "pe": {"imphash": "1002d523645a81bc52877d82d9e88417"}, "pid": 4836, "working_directory": "C:\\BREACH\\"}, "related": {"hash": ["62f170fb07fdbb79ceb7147101406eb8", "53e000f5aa9b3a00934319db8080bb99cb323bf48fc628a64f75d7847c265606", "1002d523645a81bc52877d82d9e88417"], "user": "client1"}, "user": {"domain": "BREACH", "name": "client1"}, "winlog": {"api": "wineventlog", "channel": "Microsoft-Windows-Sysmon/Operational", "computer_name": "CLIENT1.breach.local", "event_data": {"Company": "Microsoft Corporation", "Description": "IP Configuration Utility", "FileVersion": "10.0.19041.1 (WinBuild.160101.0800)", "IntegrityLevel": "High", "LogonGuid": "{4901c233-2496-63a0-8302-040000000000}", "LogonId": "0x40283", "OriginalFileName": "ipconfig.exe", "ParentUser": "BREACH\\client1", "Product": "Microsoft\u00ae Windows\u00ae Operating System", "RuleName": "-", "TerminalSessionId": "1"}, "event_id": 1, "opcode": "Info", "process": {"pid": 2072, "thread": {"id": 2684}}, "provider_guid": "{5770385f-c22a-43e0-bf4c-06f5698ffbd9}", "provider_name": "Microsoft-Windows-Sysmon", "record_id": 1319, "task": "Process Create (rule: ProcessCreate)", "user": {"domain": "NT AUTHORITY", "identifier": "S-1-5-18", "name": "SYSTEM", "type": "User"}, "version": 5}}, "rule": {"name": "Suspicious Network Command", "authors": ["frack113", "Christopher Peacock '@securepeacock'", "SCYTHE '@scythe_io'"], "level": "low", "source": "sigma", "status": "experimental", "falsepositives": ["Administrator, hotline ask to user"], "id": "a29c1813-ab1f-4dde-b489-330b952e91ae", "logsource": {"category": "process_creation", "product": "windows"}, "references": ["https://github.com/redcanaryco/atomic-red-team/blob/f339e7da7d05f6057fdfcdd3742bfcf365fee2a9/atomics/T1016/T1016.md#atomic-test-1---system-network-configuration-discovery-on-windows"], "tags": ["attack.discovery", "attack.t1016"]}, "metadata": {"group": "Sigma", "kind": "individual", "document": {"kind": "jsonl", "path": "simulation_datasets/simulation_1/EntireSimulation_winlogbeat.jsonl"}, "timestamp": "2022-12-19T08:46:06.290+00:00", "misuse": false}}
{"event": {"@timestamp": "2022-12-19T08:46:06.324Z", "agent": {"ephemeral_id": "75382475-4494-4885-af56-0a918c9c7d5b", "hostname": "CLIENT1", "id": "a5ea4d3e-40c5-43d5-9a2e-ed2c48327430", "name": "CLIENT1", "type": "winlogbeat", "version": "7.10.2"}, "ecs": {"version": "1.5.0"}, "event": {"action": "Process Create (rule: ProcessCreate)", "category": ["process"], "code": 1, "created": "2022-12-19T08:46:43.928Z", "kind": "event", "module": "sysmon", "provider": "Microsoft-Windows-Sysmon", "type": ["start", "process_start"]}, "hash": {"imphash": "1002d523645a81bc52877d82d9e88417", "md5": "62f170fb07fdbb79ceb7147101406eb8", "sha256": "53e000f5aa9b3a00934319db8080bb99cb323bf48fc628a64f75d7847c265606"}, "host": {"name": "CLIENT1.breach.local"}, "log": {"level": "information"}, "message": "Process Create:\nRuleName: -\nUtcTime: 2022-12-19 08:46:06.324\nProcessGuid: {4901c233-24ce-63a0-8600-000000000600}\nProcessId: 3152\nImage: C:\\Windows\\System32\\ipconfig.exe\nFileVersion: 10.0.19041.1 (WinBuild.160101.0800)\nDescription: IP Configuration Utility\nProduct: Microsoft\u00ae Windows\u00ae Operating System\nCompany: Microsoft Corporation\nOriginalFileName: ipconfig.exe\nCommandLine: ipconfig /all\nCurrentDirectory: C:\\BREACH\\\nUser: BREACH\\client1\nLogonGuid: {4901c233-2496-63a0-8302-040000000000}\nLogonId: 0x40283\nTerminalSessionId: 1\nIntegrityLevel: High\nHashes: MD5=62F170FB07FDBB79CEB7147101406EB8,SHA256=53E000F5AA9B3A00934319DB8080BB99CB323BF48FC628A64F75D7847C265606,IMPHASH=1002D523645A81BC52877D82D9E88417\nParentProcessGuid: {4901c233-24ce-63a0-8400-000000000600}\nParentProcessId: 3600\nParentImage: C:\\Python37\\python.exe\nParentCommandLine: C:\\Python37\\python.exe \"C:\\BREACH\\init_tbf_client.py\" \nParentUser: BREACH\\client1", "process": {"args": ["ipconfig", "/all"], "command_line": "ipconfig /all", "entity_id": "{4901c233-24ce-63a0-8600-000000000600}", "executable": "C:\\Windows\\System32\\ipconfig.exe", "hash": {"md5": "62f170fb07fdbb79ceb7147101406eb8", "sha256": "53e000f5aa9b3a00934319db8080bb99cb323bf48fc628a64f75d7847c265606"}, "name": "ipconfig.exe", "parent": {"args": ["C:\\Python37\\python.exe", "C:\\BREACH\\init_tbf_client.py"], "command_line": "C:\\Python37\\python.exe \"C:\\BREACH\\init_tbf_client.py\" ", "entity_id": "{4901c233-24ce-63a0-8400-000000000600}", "executable": "C:\\Python37\\python.exe", "name": "python.exe", "pid": 3600}, "pe": {"imphash": "1002d523645a81bc52877d82d9e88417"}, "pid": 3152, "working_directory": "C:\\BREACH\\"}, "related": {"hash": ["62f170fb07fdbb79ceb7147101406eb8", "53e000f5aa9b3a00934319db8080bb99cb323bf48fc628a64f75d7847c265606", "1002d523645a81bc52877d82d9e88417"], "user": "client1"}, "user": {"domain": "BREACH", "name": "client1"}, "winlog": {"api": "wineventlog", "channel": "Microsoft-Windows-Sysmon/Operational", "computer_name": "CLIENT1.breach.local", "event_data": {"Company": "Microsoft Corporation", "Description": "IP Configuration Utility", "FileVersion": "10.0.19041.1 (WinBuild.160101.0800)", "IntegrityLevel": "High", "LogonGuid": "{4901c233-2496-63a0-8302-040000000000}", "LogonId": "0x40283", "OriginalFileName": "ipconfig.exe", "ParentUser": "BREACH\\client1", "Product": "Microsoft\u00ae Windows\u00ae Operating System", "RuleName": "-", "TerminalSessionId": "1"}, "event_id": 1, "opcode": "Info", "process": {"pid": 2072, "thread": {"id": 2684}}, "provider_guid": "{5770385f-c22a-43e0-bf4c-06f5698ffbd9}", "provider_name": "Microsoft-Windows-Sysmon", "record_id": 1320, "task": "Process Create (rule: ProcessCreate)", "user": {"domain": "NT AUTHORITY", "identifier": "S-1-5-18", "name": "SYSTEM", "type": "User"}, "version": 5}}, "rule": {"name": "Suspicious Network Command", "authors": ["frack113", "Christopher Peacock '@securepeacock'", "SCYTHE '@scythe_io'"], "level": "low", "source": "sigma", "status": "experimental", "falsepositives": ["Administrator, hotline ask to user"], "id": "a29c1813-ab1f-4dde-b489-330b952e91ae", "logsource": {"category": "process_creation", "product": "windows"}, "references": ["https://github.com/redcanaryco/atomic-red-team/blob/f339e7da7d05f6057fdfcdd3742bfcf365fee2a9/atomics/T1016/T1016.md#atomic-test-1---system-network-configuration-discovery-on-windows"], "tags": ["attack.discovery", "attack.t1016"]}, "metadata": {"group": "Sigma", "kind": "individual", "document": {"kind": "jsonl", "path": "simulation_datasets/simulation_1/EntireSimulation_winlogbeat.jsonl"}, "timestamp": "2022-12-19T08:46:06.324+00:00", "misuse": false}}
{"event": {"@timestamp": "2022-12-19T08:46:07.248Z", "agent": {"ephemeral_id": "75382475-4494-4885-af56-0a918c9c7d5b", "hostname": "CLIENT1", "id": "a5ea4d3e-40c5-43d5-9a2e-ed2c48327430", "name": "CLIENT1", "type": "winlogbeat", "version": "7.10.2"}, "ecs": {"version": "1.5.0"}, "event": {"action": "Process Create (rule: ProcessCreate)", "category": ["process"], "code": 1, "created": "2022-12-19T08:46:43.928Z", "kind": "event", "module": "sysmon", "provider": "Microsoft-Windows-Sysmon", "type": ["start", "process_start"]}, "hash": {"imphash": "1002d523645a81bc52877d82d9e88417", "md5": "62f170fb07fdbb79ceb7147101406eb8", "sha256": "53e000f5aa9b3a00934319db8080bb99cb323bf48fc628a64f75d7847c265606"}, "host": {"name": "CLIENT1.breach.local"}, "log": {"level": "information"}, "message": "Process Create:\nRuleName: -\nUtcTime: 2022-12-19 08:46:07.248\nProcessGuid: {4901c233-24cf-63a0-8f00-000000000600}\nProcessId: 4932\nImage: C:\\Windows\\System32\\ipconfig.exe\nFileVersion: 10.0.19041.1 (WinBuild.160101.0800)\nDescription: IP Configuration Utility\nProduct: Microsoft\u00ae Windows\u00ae Operating System\nCompany: Microsoft Corporation\nOriginalFileName: ipconfig.exe\nCommandLine: ipconfig /all\nCurrentDirectory: C:\\BREACH\\\nUser: BREACH\\client1\nLogonGuid: {4901c233-2496-63a0-8302-040000000000}\nLogonId: 0x40283\nTerminalSessionId: 1\nIntegrityLevel: High\nHashes: MD5=62F170FB07FDBB79CEB7147101406EB8,SHA256=53E000F5AA9B3A00934319DB8080BB99CB323BF48FC628A64F75D7847C265606,IMPHASH=1002D523645A81BC52877D82D9E88417\nParentProcessGuid: {4901c233-24ce-63a0-8a00-000000000600}\nParentProcessId: 4856\nParentImage: C:\\Python37\\python.exe\nParentCommandLine: python C:\\BREACH\\userbehavior\\run.py --use-breach-setup\nParentUser: BREACH\\client1", "process": {"args": ["ipconfig", "/all"], "command_line": "ipconfig /all", "entity_id": "{4901c233-24cf-63a0-8f00-000000000600}", "executable": "C:\\Windows\\System32\\ipconfig.exe", "hash": {"md5": "62f170fb07fdbb79ceb7147101406eb8", "sha256": "53e000f5aa9b3a00934319db8080bb99cb323bf48fc628a64f75d7847c265606"}, "name": "ipconfig.exe", "parent": {"args": ["python", "C:\\BREACH\\userbehavior\\run.py", "--use-breach-setup"], "command_line": "python C:\\BREACH\\userbehavior\\run.py --use-breach-setup", "entity_id": "{4901c233-24ce-63a0-8a00-000000000600}", "executable": "C:\\Python37\\python.exe", "name": "python.exe", "pid": 4856}, "pe": {"imphash": "1002d523645a81bc52877d82d9e88417"}, "pid": 4932, "working_directory": "C:\\BREACH\\"}, "related": {"hash": ["62f170fb07fdbb79ceb7147101406eb8", "53e000f5aa9b3a00934319db8080bb99cb323bf48fc628a64f75d7847c265606", "1002d523645a81bc52877d82d9e88417"], "user": "client1"}, "user": {"domain": "BREACH", "name": "client1"}, "winlog": {"api": "wineventlog", "channel": "Microsoft-Windows-Sysmon/Operational", "computer_name": "CLIENT1.breach.local", "event_data": {"Company": "Microsoft Corporation", "Description": "IP Configuration Utility", "FileVersion": "10.0.19041.1 (WinBuild.160101.0800)", "IntegrityLevel": "High", "LogonGuid": "{4901c233-2496-63a0-8302-040000000000}", "LogonId": "0x40283", "OriginalFileName": "ipconfig.exe", "ParentUser": "BREACH\\client1", "Product": "Microsoft\u00ae Windows\u00ae Operating System", "RuleName": "-", "TerminalSessionId": "1"}, "event_id": 1, "opcode": "Info", "process": {"pid": 2072, "thread": {"id": 2684}}, "provider_guid": "{5770385f-c22a-43e0-bf4c-06f5698ffbd9}", "provider_name": "Microsoft-Windows-Sysmon", "record_id": 1327, "task": "Process Create (rule: ProcessCreate)", "user": {"domain": "NT AUTHORITY", "identifier": "S-1-5-18", "name": "SYSTEM", "type": "User"}, "version": 5}}, "rule": {"name": "Suspicious Network Command", "authors": ["frack113", "Christopher Peacock '@securepeacock'", "SCYTHE '@scythe_io'"], "level": "low", "source": "sigma", "status": "experimental", "falsepositives": ["Administrator, hotline ask to user"], "id": "a29c1813-ab1f-4dde-b489-330b952e91ae", "logsource": {"category": "process_creation", "product": "windows"}, "references": ["https://github.com/redcanaryco/atomic-red-team/blob/f339e7da7d05f6057fdfcdd3742bfcf365fee2a9/atomics/T1016/T1016.md#atomic-test-1---system-network-configuration-discovery-on-windows"], "tags": ["attack.discovery", "attack.t1016"]}, "metadata": {"group": "Sigma", "kind": "individual", "document": {"kind": "jsonl", "path": "simulation_datasets/simulation_1/EntireSimulation_winlogbeat.jsonl"}, "timestamp": "2022-12-19T08:46:07.248+00:00", "misuse": false}}
{"event": {"@timestamp": "2022-12-19T08:46:22.262Z", "agent": {"ephemeral_id": "75382475-4494-4885-af56-0a918c9c7d5b", "hostname": "CLIENT1", "id": "a5ea4d3e-40c5-43d5-9a2e-ed2c48327430", "name": "CLIENT1", "type": "winlogbeat", "version": "7.10.2"}, "ecs": {"version": "1.5.0"}, "event": {"action": "File created (rule: FileCreate)", "category": ["file"], "code": 11, "created": "2022-12-19T08:46:44.033Z", "kind": "event", "module": "sysmon", "provider": "Microsoft-Windows-Sysmon", "type": ["creation"]}, "file": {"directory": "C:\\Users\\client1\\AppData\\Local\\Microsoft\\OneDrive\\19.043.0304.0013", "extension": "exe", "name": "FileCoAuth.exe", "path": "C:\\Users\\client1\\AppData\\Local\\Microsoft\\OneDrive\\19.043.0304.0013\\FileCoAuth.exe"}, "host": {"name": "CLIENT1.breach.local"}, "log": {"level": "information"}, "message": "File created:\nRuleName: EXE\nUtcTime: 2022-12-19 08:46:22.262\nProcessGuid: {4901c233-24dd-63a0-9b00-000000000600}\nProcessId: 6488\nImage: C:\\Windows\\SysWOW64\\OneDriveSetup.exe\nTargetFilename: C:\\Users\\client1\\AppData\\Local\\Microsoft\\OneDrive\\19.043.0304.0013\\FileCoAuth.exe\nCreationUtcTime: 2022-12-19 08:46:22.262\nUser: BREACH\\client1", "process": {"entity_id": "{4901c233-24dd-63a0-9b00-000000000600}", "executable": "C:\\Windows\\SysWOW64\\OneDriveSetup.exe", "name": "OneDriveSetup.exe", "pid": 6488}, "rule": {"name": "EXE"}, "winlog": {"api": "wineventlog", "channel": "Microsoft-Windows-Sysmon/Operational", "computer_name": "CLIENT1.breach.local", "event_data": {"CreationUtcTime": "2022-12-19 08:46:22.262", "User": "BREACH\\client1"}, "event_id": 11, "opcode": "Info", "process": {"pid": 2072, "thread": {"id": 2684}}, "provider_guid": "{5770385f-c22a-43e0-bf4c-06f5698ffbd9}", "provider_name": "Microsoft-Windows-Sysmon", "record_id": 1395, "task": "File created (rule: FileCreate)", "user": {"domain": "NT AUTHORITY", "identifier": "S-1-5-18", "name": "SYSTEM", "type": "User"}, "version": 2}}, "rule": {"name": "Creation of an Executable by an Executable", "authors": ["frack113"], "level": "low", "source": "sigma", "status": "experimental", "falsepositives": ["Software installers", "Update utilities"], "id": "297afac9-5d02-4138-8c58-b977bac60556", "logsource": {"category": "file_event", "product": "windows"}, "references": ["Malware Sandbox"], "tags": ["attack.resource_development", "attack.t1587.001"]}, "metadata": {"group": "Sigma", "kind": "individual", "document": {"kind": "jsonl", "path": "simulation_datasets/simulation_1/EntireSimulation_winlogbeat.jsonl"}, "timestamp": "2022-12-19T08:46:22.262+00:00", "misuse": false}}
{"event": {"@timestamp": "2022-12-19T08:46:22.653Z", "agent": {"ephemeral_id": "75382475-4494-4885-af56-0a918c9c7d5b", "hostname": "CLIENT1", "id": "a5ea4d3e-40c5-43d5-9a2e-ed2c48327430", "name": "CLIENT1", "type": "winlogbeat", "version": "7.10.2"}, "ecs": {"version": "1.5.0"}, "event": {"action": "File created (rule: FileCreate)", "category": ["file"], "code": 11, "created": "2022-12-19T08:46:44.033Z", "kind": "event", "module": "sysmon", "provider": "Microsoft-Windows-Sysmon", "type": ["creation"]}, "file": {"directory": "C:\\Users\\client1\\AppData\\Local\\Microsoft\\OneDrive\\19.043.0304.0013", "extension": "exe", "name": "FileSyncConfig.exe", "path": "C:\\Users\\client1\\AppData\\Local\\Microsoft\\OneDrive\\19.043.0304.0013\\FileSyncConfig.exe"}, "host": {"name": "CLIENT1.breach.local"}, "log": {"level": "information"}, "message": "File created:\nRuleName: EXE\nUtcTime: 2022-12-19 08:46:22.653\nProcessGuid: {4901c233-24dd-63a0-9b00-000000000600}\nProcessId: 6488\nImage: C:\\Windows\\SysWOW64\\OneDriveSetup.exe\nTargetFilename: C:\\Users\\client1\\AppData\\Local\\Microsoft\\OneDrive\\19.043.0304.0013\\FileSyncConfig.exe\nCreationUtcTime: 2022-12-19 08:46:22.653\nUser: BREACH\\client1", "process": {"entity_id": "{4901c233-24dd-63a0-9b00-000000000600}", "executable": "C:\\Windows\\SysWOW64\\OneDriveSetup.exe", "name": "OneDriveSetup.exe", "pid": 6488}, "rule": {"name": "EXE"}, "winlog": {"api": "wineventlog", "channel": "Microsoft-Windows-Sysmon/Operational", "computer_name": "CLIENT1.breach.local", "event_data": {"CreationUtcTime": "2022-12-19 08:46:22.653", "User": "BREACH\\client1"}, "event_id": 11, "opcode": "Info", "process": {"pid": 2072, "thread": {"id": 2684}}, "provider_guid": "{5770385f-c22a-43e0-bf4c-06f5698ffbd9}", "provider_name": "Microsoft-Windows-Sysmon", "record_id": 1401, "task": "File created (rule: FileCreate)", "user": {"domain": "NT AUTHORITY", "identifier": "S-1-5-18", "name": "SYSTEM", "type": "User"}, "version": 2}}, "rule": {"name": "Creation of an Executable by an Executable", "authors": ["frack113"], "level": "low", "source": "sigma", "status": "experimental", "falsepositives": ["Software installers", "Update utilities"], "id": "297afac9-5d02-4138-8c58-b977bac60556", "logsource": {"category": "file_event", "product": "windows"}, "references": ["Malware Sandbox"], "tags": ["attack.resource_development", "attack.t1587.001"]}, "metadata": {"group": "Sigma", "kind": "individual", "document": {"kind": "jsonl", "path": "simulation_datasets/simulation_1/EntireSimulation_winlogbeat.jsonl"}, "timestamp": "2022-12-19T08:46:22.653+00:00", "misuse": false}}
{"event": {"@timestamp": "2022-12-19T08:46:24.334Z", "agent": {"ephemeral_id": "75382475-4494-4885-af56-0a918c9c7d5b", "hostname": "CLIENT1", "id": "a5ea4d3e-40c5-43d5-9a2e-ed2c48327430", "name": "CLIENT1", "type": "winlogbeat", "version": "7.10.2"}, "ecs": {"version": "1.5.0"}, "event": {"action": "File created (rule: FileCreate)", "category": ["file"], "code": 11, "created": "2022-12-19T08:46:44.035Z", "kind": "event", "module": "sysmon", "provider": "Microsoft-Windows-Sysmon", "type": ["creation"]}, "file": {"directory": "C:\\Users\\client1\\AppData\\Local\\Microsoft\\OneDrive\\19.043.0304.0013", "extension": "exe", "name": "FileSyncHelper.exe", "path": "C:\\Users\\client1\\AppData\\Local\\Microsoft\\OneDrive\\19.043.0304.0013\\FileSyncHelper.exe"}, "host": {"name": "CLIENT1.breach.local"}, "log": {"level": "information"}, "message": "File created:\nRuleName: EXE\nUtcTime: 2022-12-19 08:46:24.334\nProcessGuid: {4901c233-24dd-63a0-9b00-000000000600}\nProcessId: 6488\nImage: C:\\Windows\\SysWOW64\\OneDriveSetup.exe\nTargetFilename: C:\\Users\\client1\\AppData\\Local\\Microsoft\\OneDrive\\19.043.0304.0013\\FileSyncHelper.exe\nCreationUtcTime: 2022-12-19 08:46:24.334\nUser: BREACH\\client1", "process": {"entity_id": "{4901c233-24dd-63a0-9b00-000000000600}", "executable": "C:\\Windows\\SysWOW64\\OneDriveSetup.exe", "name": "OneDriveSetup.exe", "pid": 6488}, "rule": {"name": "EXE"}, "winlog": {"api": "wineventlog", "channel": "Microsoft-Windows-Sysmon/Operational", "computer_name": "CLIENT1.breach.local", "event_data": {"CreationUtcTime": "2022-12-19 08:46:24.334", "User": "BREACH\\client1"}, "event_id": 11, "opcode": "Info", "process": {"pid": 2072, "thread": {"id": 2684}}, "provider_guid": "{5770385f-c22a-43e0-bf4c-06f5698ffbd9}", "provider_name": "Microsoft-Windows-Sysmon", "record_id": 1411, "task": "File created (rule: FileCreate)", "user": {"domain": "NT AUTHORITY", "identifier": "S-1-5-18", "name": "SYSTEM", "type": "User"}, "version": 2}}, "rule": {"name": "Creation of an Executable by an Executable", "authors": ["frack113"], "level": "low", "source": "sigma", "status": "experimental", "falsepositives": ["Software installers", "Update utilities"], "id": "297afac9-5d02-4138-8c58-b977bac60556", "logsource": {"category": "file_event", "product": "windows"}, "references": ["Malware Sandbox"], "tags": ["attack.resource_development", "attack.t1587.001"]}, "metadata": {"group": "Sigma", "kind": "individual", "document": {"kind": "jsonl", "path": "simulation_datasets/simulation_1/EntireSimulation_winlogbeat.jsonl"}, "timestamp": "2022-12-19T08:46:24.334+00:00", "misuse": false}}
{"event": {"@timestamp": "2022-12-19T08:46:32.051Z", "agent": {"ephemeral_id": "75382475-4494-4885-af56-0a918c9c7d5b", "hostname": "CLIENT1", "id": "a5ea4d3e-40c5-43d5-9a2e-ed2c48327430", "name": "CLIENT1", "type": "winlogbeat", "version": "7.10.2"}, "ecs": {"version": "1.5.0"}, "event": {"action": "File created (rule: FileCreate)", "category": ["file"], "code": 11, "created": "2022-12-19T08:46:44.038Z", "kind": "event", "module": "sysmon", "provider": "Microsoft-Windows-Sysmon", "type": ["creation"]}, "file": {"directory": "C:\\Users\\client1\\AppData\\Local\\Microsoft\\OneDrive\\19.043.0304.0013", "extension": "exe", "name": "OneDrive.exe", "path": "C:\\Users\\client1\\AppData\\Local\\Microsoft\\OneDrive\\19.043.0304.0013\\OneDrive.exe"}, "host": {"name": "CLIENT1.breach.local"}, "log": {"level": "information"}, "message": "File created:\nRuleName: EXE\nUtcTime: 2022-12-19 08:46:32.051\nProcessGuid: {4901c233-24dd-63a0-9b00-000000000600}\nProcessId: 6488\nImage: C:\\Windows\\SysWOW64\\OneDriveSetup.exe\nTargetFilename: C:\\Users\\client1\\AppData\\Local\\Microsoft\\OneDrive\\19.043.0304.0013\\OneDrive.exe\nCreationUtcTime: 2022-12-19 08:46:32.051\nUser: BREACH\\client1", "process": {"entity_id": "{4901c233-24dd-63a0-9b00-000000000600}", "executable": "C:\\Windows\\SysWOW64\\OneDriveSetup.exe", "name": "OneDriveSetup.exe", "pid": 6488}, "rule": {"name": "EXE"}, "winlog": {"api": "wineventlog", "channel": "Microsoft-Windows-Sysmon/Operational", "computer_name": "CLIENT1.breach.local", "event_data": {"CreationUtcTime": "2022-12-19 08:46:32.051", "User": "BREACH\\client1"}, "event_id": 11, "opcode": "Info", "process": {"pid": 2072, "thread": {"id": 2684}}, "provider_guid": "{5770385f-c22a-43e0-bf4c-06f5698ffbd9}", "provider_name": "Microsoft-Windows-Sysmon", "record_id": 1435, "task": "File created (rule: FileCreate)", "user": {"domain": "NT AUTHORITY", "identifier": "S-1-5-18", "name": "SYSTEM", "type": "User"}, "version": 2}}, "rule": {"name": "Creation of an Executable by an Executable", "authors": ["frack113"], "level": "low", "source": "sigma", "status": "experimental", "falsepositives": ["Software installers", "Update utilities"], "id": "297afac9-5d02-4138-8c58-b977bac60556", "logsource": {"category": "file_event", "product": "windows"}, "references": ["Malware Sandbox"], "tags": ["attack.resource_development", "attack.t1587.001"]}, "metadata": {"group": "Sigma", "kind": "individual", "document": {"kind": "jsonl", "path": "simulation_datasets/simulation_1/EntireSimulation_winlogbeat.jsonl"}, "timestamp": "2022-12-19T08:46:32.051+00:00", "misuse": false}}
{"event": {"@timestamp": "2022-12-19T08:46:33.550Z", "agent": {"ephemeral_id": "75382475-4494-4885-af56-0a918c9c7d5b", "hostname": "CLIENT1", "id": "a5ea4d3e-40c5-43d5-9a2e-ed2c48327430", "name": "CLIENT1", "type": "winlogbeat", "version": "7.10.2"}, "ecs": {"version": "1.5.0"}, "event": {"action": "File created (rule: FileCreate)", "category": ["file"], "code": 11, "created": "2022-12-19T08:46:44.038Z", "kind": "event", "module": "sysmon", "provider": "Microsoft-Windows-Sysmon", "type": ["creation"]}, "file": {"directory": "C:\\Users\\client1\\AppData\\Local\\Microsoft\\OneDrive\\19.043.0304.0013", "extension": "exe", "name": "OneDriveStandaloneUpdater.exe", "path": "C:\\Users\\client1\\AppData\\Local\\Microsoft\\OneDrive\\19.043.0304.0013\\OneDriveStandaloneUpdater.exe"}, "host": {"name": "CLIENT1.breach.local"}, "log": {"level": "information"}, "message": "File created:\nRuleName: EXE\nUtcTime: 2022-12-19 08:46:33.550\nProcessGuid: {4901c233-24dd-63a0-9b00-000000000600}\nProcessId: 6488\nImage: C:\\Windows\\SysWOW64\\OneDriveSetup.exe\nTargetFilename: C:\\Users\\client1\\AppData\\Local\\Microsoft\\OneDrive\\19.043.0304.0013\\OneDriveStandaloneUpdater.exe\nCreationUtcTime: 2022-12-19 08:46:33.550\nUser: BREACH\\client1", "process": {"entity_id": "{4901c233-24dd-63a0-9b00-000000000600}", "executable": "C:\\Windows\\SysWOW64\\OneDriveSetup.exe", "name": "OneDriveSetup.exe", "pid": 6488}, "rule": {"name": "EXE"}, "winlog": {"api": "wineventlog", "channel": "Microsoft-Windows-Sysmon/Operational", "computer_name": "CLIENT1.breach.local", "event_data": {"CreationUtcTime": "2022-12-19 08:46:33.550", "User": "BREACH\\client1"}, "event_id": 11, "opcode": "Info", "process": {"pid": 2072, "thread": {"id": 2684}}, "provider_guid": "{5770385f-c22a-43e0-bf4c-06f5698ffbd9}", "provider_name": "Microsoft-Windows-Sysmon", "record_id": 1439, "task": "File created (rule: FileCreate)", "user": {"domain": "NT AUTHORITY", "identifier": "S-1-5-18", "name": "SYSTEM", "type": "User"}, "version": 2}}, "rule": {"name": "Creation of an Executable by an Executable", "authors": ["frack113"], "level": "low", "source": "sigma", "status": "experimental", "falsepositives": ["Software installers", "Update utilities"], "id": "297afac9-5d02-4138-8c58-b977bac60556", "logsource": {"category": "file_event", "product": "windows"}, "references": ["Malware Sandbox"], "tags": ["attack.resource_development", "attack.t1587.001"]}, "metadata": {"group": "Sigma", "kind": "individual", "document": {"kind": "jsonl", "path": "simulation_datasets/simulation_1/EntireSimulation_winlogbeat.jsonl"}, "timestamp": "2022-12-19T08:46:33.550+00:00", "misuse": false}}
{"event": {"@timestamp": "2022-12-19T08:46:33.976Z", "agent": {"ephemeral_id": "75382475-4494-4885-af56-0a918c9c7d5b", "hostname": "CLIENT1", "id": "a5ea4d3e-40c5-43d5-9a2e-ed2c48327430", "name": "CLIENT1", "type": "winlogbeat", "version": "7.10.2"}, "ecs": {"version": "1.5.0"}, "event": {"action": "File created (rule: FileCreate)", "category": ["file"], "code": 11, "created": "2022-12-19T08:46:44.038Z", "kind": "event", "module": "sysmon", "provider": "Microsoft-Windows-Sysmon", "type": ["creation"]}, "file": {"directory": "C:\\Users\\client1\\AppData\\Local\\Microsoft\\OneDrive\\19.043.0304.0013", "extension": "exe", "name": "OneDriveUpdaterService.exe", "path": "C:\\Users\\client1\\AppData\\Local\\Microsoft\\OneDrive\\19.043.0304.0013\\OneDriveUpdaterService.exe"}, "host": {"name": "CLIENT1.breach.local"}, "log": {"level": "information"}, "message": "File created:\nRuleName: EXE\nUtcTime: 2022-12-19 08:46:33.976\nProcessGuid: {4901c233-24dd-63a0-9b00-000000000600}\nProcessId: 6488\nImage: C:\\Windows\\SysWOW64\\OneDriveSetup.exe\nTargetFilename: C:\\Users\\client1\\AppData\\Local\\Microsoft\\OneDrive\\19.043.0304.0013\\OneDriveUpdaterService.exe\nCreationUtcTime: 2022-12-19 08:46:33.976\nUser: BREACH\\client1", "process": {"entity_id": "{4901c233-24dd-63a0-9b00-000000000600}", "executable": "C:\\Windows\\SysWOW64\\OneDriveSetup.exe", "name": "OneDriveSetup.exe", "pid": 6488}, "rule": {"name": "EXE"}, "winlog": {"api": "wineventlog", "channel": "Microsoft-Windows-Sysmon/Operational", "computer_name": "CLIENT1.breach.local", "event_data": {"CreationUtcTime": "2022-12-19 08:46:33.976", "User": "BREACH\\client1"}, "event_id": 11, "opcode": "Info", "process": {"pid": 2072, "thread": {"id": 2684}}, "provider_guid": "{5770385f-c22a-43e0-bf4c-06f5698ffbd9}", "provider_name": "Microsoft-Windows-Sysmon", "record_id": 1441, "task": "File created (rule: FileCreate)", "user": {"domain": "NT AUTHORITY", "identifier": "S-1-5-18", "name": "SYSTEM", "type": "User"}, "version": 2}}, "rule": {"name": "Creation of an Executable by an Executable", "authors": ["frack113"], "level": "low", "source": "sigma", "status": "experimental", "falsepositives": ["Software installers", "Update utilities"], "id": "297afac9-5d02-4138-8c58-b977bac60556", "logsource": {"category": "file_event", "product": "windows"}, "references": ["Malware Sandbox"], "tags": ["attack.resource_development", "attack.t1587.001"]}, "metadata": {"group": "Sigma", "kind": "individual", "document": {"kind": "jsonl", "path": "simulation_datasets/simulation_1/EntireSimulation_winlogbeat.jsonl"}, "timestamp": "2022-12-19T08:46:33.976+00:00", "misuse": false}}
{"event": {"@timestamp": "2022-12-19T08:48:24.476Z", "agent": {"ephemeral_id": "75382475-4494-4885-af56-0a918c9c7d5b", "hostname": "CLIENT1", "id": "a5ea4d3e-40c5-43d5-9a2e-ed2c48327430", "name": "CLIENT1", "type": "winlogbeat", "version": "7.10.2"}, "ecs": {"version": "1.5.0"}, "event": {"action": "File created (rule: FileCreate)", "category": ["file"], "code": 11, "created": "2022-12-19T08:48:25.567Z", "kind": "event", "module": "sysmon", "provider": "Microsoft-Windows-Sysmon", "type": ["creation"]}, "file": {"directory": "C:\\Users\\client1\\AppData\\Local\\Microsoft\\OneDrive\\19.043.0304.0013", "extension": "exe", "name": "OneDriveSetup.exe", "path": "C:\\Users\\client1\\AppData\\Local\\Microsoft\\OneDrive\\19.043.0304.0013\\OneDriveSetup.exe"}, "host": {"name": "CLIENT1.breach.local"}, "log": {"level": "information"}, "message": "File created:\nRuleName: EXE\nUtcTime: 2022-12-19 08:48:24.476\nProcessGuid: {4901c233-24dd-63a0-9b00-000000000600}\nProcessId: 6488\nImage: C:\\Windows\\SysWOW64\\OneDriveSetup.exe\nTargetFilename: C:\\Users\\client1\\AppData\\Local\\Microsoft\\OneDrive\\19.043.0304.0013\\OneDriveSetup.exe\nCreationUtcTime: 2022-12-19 08:48:24.476\nUser: BREACH\\client1", "process": {"entity_id": "{4901c233-24dd-63a0-9b00-000000000600}", "executable": "C:\\Windows\\SysWOW64\\OneDriveSetup.exe", "name": "OneDriveSetup.exe", "pid": 6488}, "rule": {"name": "EXE"}, "winlog": {"api": "wineventlog", "channel": "Microsoft-Windows-Sysmon/Operational", "computer_name": "CLIENT1.breach.local", "event_data": {"CreationUtcTime": "2022-12-19 08:48:24.476", "User": "BREACH\\client1"}, "event_id": 11, "opcode": "Info", "process": {"pid": 2072, "thread": {"id": 2684}}, "provider_guid": "{5770385f-c22a-43e0-bf4c-06f5698ffbd9}", "provider_name": "Microsoft-Windows-Sysmon", "record_id": 1606, "task": "File created (rule: FileCreate)", "user": {"domain": "NT AUTHORITY", "identifier": "S-1-5-18", "name": "SYSTEM", "type": "User"}, "version": 2}}, "rule": {"name": "Creation of an Executable by an Executable", "authors": ["frack113"], "level": "low", "source": "sigma", "status": "experimental", "falsepositives": ["Software installers", "Update utilities"], "id": "297afac9-5d02-4138-8c58-b977bac60556", "logsource": {"category": "file_event", "product": "windows"}, "references": ["Malware Sandbox"], "tags": ["attack.resource_development", "attack.t1587.001"]}, "metadata": {"group": "Sigma", "kind": "individual", "document": {"kind": "jsonl", "path": "simulation_datasets/simulation_1/EntireSimulation_winlogbeat.jsonl"}, "timestamp": "2022-12-19T08:48:24.476+00:00", "misuse": false}}
