{"event": {"@timestamp": "2022-12-19T10:09:50.978Z", "agent": {"ephemeral_id": "75382475-4494-4885-af56-0a918c9c7d5b", "hostname": "CLIENT1", "id": "a5ea4d3e-40c5-43d5-9a2e-ed2c48327430", "name": "CLIENT1", "type": "winlogbeat", "version": "7.10.2"}, "ecs": {"version": "1.5.0"}, "event": {"action": "Windows Update Agent", "code": 19, "created": "2022-12-19T10:09:52.035Z", "kind": "event", "provider": "Microsoft-Windows-WindowsUpdateClient"}, "host": {"name": "CLIENT1.breach.local"}, "log": {"level": "information"}, "message": "Installation Successful: Windows successfully installed the following update: 9WZDNCRFHWKN-MICROSOFT.WINDOWSSOUNDRECORDER", "winlog": {"activity_id": "{1ff30d06-1386-0001-cd63-f41f8613d901}", "api": "wineventlog", "channel": "System", "computer_name": "CLIENT1.breach.local", "event_data": {"serviceGuid": "{855e8a7c-ecb4-4ca3-b045-1dfa50104289}", "updateGuid": "{408ac31c-1616-4e51-874a-2d54b9e448a3}", "updateRevisionNumber": "1", "updateTitle": "9WZDNCRFHWKN-MICROSOFT.WINDOWSSOUNDRECORDER"}, "event_id": 19, "keywords": ["Installation", "Success"], "opcode": "Installation", "process": {"pid": 356, "thread": {"id": 3196}}, "provider_guid": "{945a8954-c147-4acd-923f-40c45405a658}", "provider_name": "Microsoft-Windows-WindowsUpdateClient", "record_id": 998, "task": "Windows Update Agent", "user": {"domain": "NT AUTHORITY", "identifier": "S-1-5-18", "name": "SYSTEM", "type": "User"}, "version": 1}}, "rule": {"name": "WMI Event Subscription", "authors": ["Tom Ueltschi (@c_APT_ure)"], "level": "medium", "source": "sigma", "status": "experimental", "falsepositives": ["Exclude legitimate (vetted) use of WMI event subscription in your network"], "id": "0f06a3a5-6a09-413f-8743-e6cf35561297", "logsource": {"category": "wmi_event", "product": "windows"}, "tags": ["attack.persistence", "attack.t1546.003"]}, "metadata": {"group": "Sigma", "kind": "individual", "document": {"kind": "jsonl", "path": "simulation_datasets/simulation_1/EntireSimulation_winlogbeat.jsonl"}, "timestamp": "2022-12-19T10:09:50.978+00:00", "misuse": false}}
{"event": {"@timestamp": "2022-12-19T10:09:53.455Z", "agent": {"ephemeral_id": "75382475-4494-4885-af56-0a918c9c7d5b", "hostname": "CLIENT1", "id": "a5ea4d3e-40c5-43d5-9a2e-ed2c48327430", "name": "CLIENT1", "type": "winlogbeat", "version": "7.10.2"}, "ecs": {"version": "1.5.0"}, "event": {"action": "Windows Update Agent", "code": 19, "created": "2022-12-19T10:09:54.063Z", "kind": "event", "provider": "Microsoft-Windows-WindowsUpdateClient"}, "host": {"name": "CLIENT1.breach.local"}, "log": {"level": "information"}, "message": "Installation Successful: Windows successfully installed the following update: 9WZDNCRDTBJJ-MICROSOFT.GETSTARTED", "winlog": {"activity_id": "{1ff30d06-1386-0000-8599-f41f8613d901}", "api": "wineventlog", "channel": "System", "computer_name": "CLIENT1.breach.local", "event_data": {"serviceGuid": "{855e8a7c-ecb4-4ca3-b045-1dfa50104289}", "updateGuid": "{2706492c-4436-4ef7-a51d-395e983ed6cf}", "updateRevisionNumber": "1", "updateTitle": "9WZDNCRDTBJJ-MICROSOFT.GETSTARTED"}, "event_id": 19, "keywords": ["Installation", "Success"], "opcode": "Installation", "process": {"pid": 356, "thread": {"id": 5924}}, "provider_guid": "{945a8954-c147-4acd-923f-40c45405a658}", "provider_name": "Microsoft-Windows-WindowsUpdateClient", "record_id": 1003, "task": "Windows Update Agent", "user": {"domain": "NT AUTHORITY", "identifier": "S-1-5-18", "name": "SYSTEM", "type": "User"}, "version": 1}}, "rule": {"name": "WMI Event Subscription", "authors": ["Tom Ueltschi (@c_APT_ure)"], "level": "medium", "source": "sigma", "status": "experimental", "falsepositives": ["Exclude legitimate (vetted) use of WMI event subscription in your network"], "id": "0f06a3a5-6a09-413f-8743-e6cf35561297", "logsource": {"category": "wmi_event", "product": "windows"}, "tags": ["attack.persistence", "attack.t1546.003"]}, "metadata": {"group": "Sigma", "kind": "individual", "document": {"kind": "jsonl", "path": "simulation_datasets/simulation_1/EntireSimulation_winlogbeat.jsonl"}, "timestamp": "2022-12-19T10:09:53.455+00:00", "misuse": false}}
{"event": {"@timestamp": "2022-12-19T10:09:54.613Z", "agent": {"ephemeral_id": "75382475-4494-4885-af56-0a918c9c7d5b", "hostname": "CLIENT1", "id": "a5ea4d3e-40c5-43d5-9a2e-ed2c48327430", "name": "CLIENT1", "type": "winlogbeat", "version": "7.10.2"}, "ecs": {"version": "1.5.0"}, "event": {"action": "Windows Update Agent", "code": 19, "created": "2022-12-19T10:09:55.074Z", "kind": "event", "provider": "Microsoft-Windows-WindowsUpdateClient"}, "host": {"name": "CLIENT1.breach.local"}, "log": {"level": "information"}, "message": "Installation Successful: Windows successfully installed the following update: 9WZDNCRFHVJL-MICROSOFT.OFFICE.ONENOTE", "winlog": {"activity_id": "{1ff30d06-1386-0001-de63-f41f8613d901}", "api": "wineventlog", "channel": "System", "computer_name": "CLIENT1.breach.local", "event_data": {"serviceGuid": "{855e8a7c-ecb4-4ca3-b045-1dfa50104289}", "updateGuid": "{43ce8834-d8e2-411b-8962-887a6d3a90c7}", "updateRevisionNumber": "1", "updateTitle": "9WZDNCRFHVJL-MICROSOFT.OFFICE.ONENOTE"}, "event_id": 19, "keywords": ["Installation", "Success"], "opcode": "Installation", "process": {"pid": 356, "thread": {"id": 6372}}, "provider_guid": "{945a8954-c147-4acd-923f-40c45405a658}", "provider_name": "Microsoft-Windows-WindowsUpdateClient", "record_id": 1006, "task": "Windows Update Agent", "user": {"domain": "NT AUTHORITY", "identifier": "S-1-5-18", "name": "SYSTEM", "type": "User"}, "version": 1}}, "rule": {"name": "WMI Event Subscription", "authors": ["Tom Ueltschi (@c_APT_ure)"], "level": "medium", "source": "sigma", "status": "experimental", "falsepositives": ["Exclude legitimate (vetted) use of WMI event subscription in your network"], "id": "0f06a3a5-6a09-413f-8743-e6cf35561297", "logsource": {"category": "wmi_event", "product": "windows"}, "tags": ["attack.persistence", "attack.t1546.003"]}, "metadata": {"group": "Sigma", "kind": "individual", "document": {"kind": "jsonl", "path": "simulation_datasets/simulation_1/EntireSimulation_winlogbeat.jsonl"}, "timestamp": "2022-12-19T10:09:54.613+00:00", "misuse": false}}
{"event": {"@timestamp": "2022-12-19T10:13:06.287Z", "agent": {"ephemeral_id": "75382475-4494-4885-af56-0a918c9c7d5b", "hostname": "CLIENT1", "id": "a5ea4d3e-40c5-43d5-9a2e-ed2c48327430", "name": "CLIENT1", "type": "winlogbeat", "version": "7.10.2"}, "ecs": {"version": "1.5.0"}, "event": {"action": "Process Create (rule: ProcessCreate)", "category": ["process"], "code": 1, "created": "2022-12-19T10:13:06.973Z", "kind": "event", "module": "sysmon", "provider": "Microsoft-Windows-Sysmon", "type": ["start", "process_start"]}, "hash": {"imphash": "272245e2988e1e430500b852c4fb5e18", "md5": "8a2122e8162dbef04694b9c3e0b6cdee", "sha256": "b99d61d874728edc0918ca0eb10eab93d381e7367e377406e65963366c874450"}, "host": {"name": "CLIENT1.breach.local"}, "log": {"level": "information"}, "message": "Process Create:\nRuleName: -\nUtcTime: 2022-12-19 10:13:06.287\nProcessGuid: {4901c233-3932-63a0-7407-000000000600}\nProcessId: 3948\nImage: C:\\Windows\\System32\\cmd.exe\nFileVersion: 10.0.19041.746 (WinBuild.160101.0800)\nDescription: Windows Command Processor\nProduct: Microsoft\u00ae Windows\u00ae Operating System\nCompany: Microsoft Corporation\nOriginalFileName: Cmd.Exe\nCommandLine: c:\\windows\\system32\\cmd.exe /c REG ADD HKLM\\Software\\Microsoft\\Windows\\CurrentVersion\\Run /v \"Meterpreter Bind TCP\" /t REG_SZ /d meterpreter_bind_tcp.exe /f\nCurrentDirectory: C:\\Users\\ssh\\\nUser: CLIENT1\\ssh\nLogonGuid: {4901c233-3932-63a0-7a5c-0f0100000000}\nLogonId: 0x10F5C7A\nTerminalSessionId: 0\nIntegrityLevel: High\nHashes: MD5=8A2122E8162DBEF04694B9C3E0B6CDEE,SHA256=B99D61D874728EDC0918CA0EB10EAB93D381E7367E377406E65963366C874450,IMPHASH=272245E2988E1E430500B852C4FB5E18\nParentProcessGuid: {4901c233-3932-63a0-7307-000000000600}\nParentProcessId: 984\nParentImage: C:\\Windows\\System32\\conhost.exe\nParentCommandLine: C:\\Windows\\system32\\conhost.exe --headless --width 80 --height 24 --signal 0x1e8 -- \"c:\\windows\\system32\\cmd.exe\" /c REG ADD HKLM\\Software\\Microsoft\\Windows\\CurrentVersion\\Run /v \"Meterpreter Bind TCP\" /t REG_SZ /d \"meterpreter_bind_tcp.exe\" /f\nParentUser: CLIENT1\\ssh", "process": {"args": ["c:\\windows\\system32\\cmd.exe", "/c", "REG", "ADD", "HKLM\\Software\\Microsoft\\Windows\\CurrentVersion\\Run", "/v", "Meterpreter Bind TCP", "/t", "REG_SZ", "/d", "meterpreter_bind_tcp.exe", "/f"], "command_line": "c:\\windows\\system32\\cmd.exe /c REG ADD HKLM\\Software\\Microsoft\\Windows\\CurrentVersion\\Run /v \"Meterpreter Bind TCP\" /t REG_SZ /d meterpreter_bind_tcp.exe /f", "entity_id": "{4901c233-3932-63a0-7407-000000000600}", "executable": "C:\\Windows\\System32\\cmd.exe", "hash": {"md5": "8a2122e8162dbef04694b9c3e0b6cdee", "sha256": "b99d61d874728edc0918ca0eb10eab93d381e7367e377406e65963366c874450"}, "name": "cmd.exe", "parent": {"args": ["C:\\Windows\\system32\\conhost.exe", "--headless", "--width", "80", "--height", "24", "--signal", "0x1e8", "--", "c:\\windows\\system32\\cmd.exe", "/c", "REG", "ADD", "HKLM\\Software\\Microsoft\\Windows\\CurrentVersion\\Run", "/v", "Meterpreter Bind TCP", "/t", "REG_SZ", "/d", "meterpreter_bind_tcp.exe", "/f"], "command_line": "C:\\Windows\\system32\\conhost.exe --headless --width 80 --height 24 --signal 0x1e8 -- \"c:\\windows\\system32\\cmd.exe\" /c REG ADD HKLM\\Software\\Microsoft\\Windows\\CurrentVersion\\Run /v \"Meterpreter Bind TCP\" /t REG_SZ /d \"meterpreter_bind_tcp.exe\" /f", "entity_id": "{4901c233-3932-63a0-7307-000000000600}", "executable": "C:\\Windows\\System32\\conhost.exe", "name": "conhost.exe", "pid": 984}, "pe": {"imphash": "272245e2988e1e430500b852c4fb5e18"}, "pid": 3948, "working_directory": "C:\\Users\\ssh\\"}, "related": {"hash": ["8a2122e8162dbef04694b9c3e0b6cdee", "b99d61d874728edc0918ca0eb10eab93d381e7367e377406e65963366c874450", "272245e2988e1e430500b852c4fb5e18"], "user": "ssh"}, "user": {"domain": "CLIENT1", "name": "ssh"}, "winlog": {"api": "wineventlog", "channel": "Microsoft-Windows-Sysmon/Operational", "computer_name": "CLIENT1.breach.local", "event_data": {"Company": "Microsoft Corporation", "Description": "Windows Command Processor", "FileVersion": "10.0.19041.746 (WinBuild.160101.0800)", "IntegrityLevel": "High", "LogonGuid": "{4901c233-3932-63a0-7a5c-0f0100000000}", "LogonId": "0x10f5c7a", "OriginalFileName": "Cmd.Exe", "ParentUser": "CLIENT1\\ssh", "Product": "Microsoft\u00ae Windows\u00ae Operating System", "RuleName": "-", "TerminalSessionId": "0"}, "event_id": 1, "opcode": "Info", "process": {"pid": 2072, "thread": {"id": 2684}}, "provider_guid": "{5770385f-c22a-43e0-bf4c-06f5698ffbd9}", "provider_name": "Microsoft-Windows-Sysmon", "record_id": 5040, "task": "Process Create (rule: ProcessCreate)", "user": {"domain": "NT AUTHORITY", "identifier": "S-1-5-18", "name": "SYSTEM", "type": "User"}, "version": 5}}, "rule": {"name": "Conhost Parent Process Executions", "authors": ["omkar72"], "level": "medium", "source": "sigma", "status": "experimental", "falsepositives": ["Unlikely, conhost is a child less process"], "id": "7dc2dedd-7603-461a-bc13-15803d132355", "logsource": {"category": "process_creation", "product": "windows"}, "references": ["http://www.hexacorn.com/blog/2020/05/25/how-to-con-your-host/"], "tags": ["attack.defense_evasion", "attack.t1202"]}, "metadata": {"group": "Sigma", "kind": "individual", "document": {"kind": "jsonl", "path": "simulation_datasets/simulation_1/EntireSimulation_winlogbeat.jsonl"}, "timestamp": "2022-12-19T10:13:06.287+00:00", "misuse": true, "mitreattack": {"Execution": ["t1059.001"], "Defense Evasion": ["t1202"]}, "comment": "Powershell / Indirect Command Execution"}}
{"event": {"@timestamp": "2022-12-19T10:13:06.287Z", "agent": {"ephemeral_id": "75382475-4494-4885-af56-0a918c9c7d5b", "hostname": "CLIENT1", "id": "a5ea4d3e-40c5-43d5-9a2e-ed2c48327430", "name": "CLIENT1", "type": "winlogbeat", "version": "7.10.2"}, "ecs": {"version": "1.5.0"}, "event": {"action": "Process Create (rule: ProcessCreate)", "category": ["process"], "code": 1, "created": "2022-12-19T10:13:06.973Z", "kind": "event", "module": "sysmon", "provider": "Microsoft-Windows-Sysmon", "type": ["start", "process_start"]}, "hash": {"imphash": "272245e2988e1e430500b852c4fb5e18", "md5": "8a2122e8162dbef04694b9c3e0b6cdee", "sha256": "b99d61d874728edc0918ca0eb10eab93d381e7367e377406e65963366c874450"}, "host": {"name": "CLIENT1.breach.local"}, "log": {"level": "information"}, "message": "Process Create:\nRuleName: -\nUtcTime: 2022-12-19 10:13:06.287\nProcessGuid: {4901c233-3932-63a0-7407-000000000600}\nProcessId: 3948\nImage: C:\\Windows\\System32\\cmd.exe\nFileVersion: 10.0.19041.746 (WinBuild.160101.0800)\nDescription: Windows Command Processor\nProduct: Microsoft\u00ae Windows\u00ae Operating System\nCompany: Microsoft Corporation\nOriginalFileName: Cmd.Exe\nCommandLine: c:\\windows\\system32\\cmd.exe /c REG ADD HKLM\\Software\\Microsoft\\Windows\\CurrentVersion\\Run /v \"Meterpreter Bind TCP\" /t REG_SZ /d meterpreter_bind_tcp.exe /f\nCurrentDirectory: C:\\Users\\ssh\\\nUser: CLIENT1\\ssh\nLogonGuid: {4901c233-3932-63a0-7a5c-0f0100000000}\nLogonId: 0x10F5C7A\nTerminalSessionId: 0\nIntegrityLevel: High\nHashes: MD5=8A2122E8162DBEF04694B9C3E0B6CDEE,SHA256=B99D61D874728EDC0918CA0EB10EAB93D381E7367E377406E65963366C874450,IMPHASH=272245E2988E1E430500B852C4FB5E18\nParentProcessGuid: {4901c233-3932-63a0-7307-000000000600}\nParentProcessId: 984\nParentImage: C:\\Windows\\System32\\conhost.exe\nParentCommandLine: C:\\Windows\\system32\\conhost.exe --headless --width 80 --height 24 --signal 0x1e8 -- \"c:\\windows\\system32\\cmd.exe\" /c REG ADD HKLM\\Software\\Microsoft\\Windows\\CurrentVersion\\Run /v \"Meterpreter Bind TCP\" /t REG_SZ /d \"meterpreter_bind_tcp.exe\" /f\nParentUser: CLIENT1\\ssh", "process": {"args": ["c:\\windows\\system32\\cmd.exe", "/c", "REG", "ADD", "HKLM\\Software\\Microsoft\\Windows\\CurrentVersion\\Run", "/v", "Meterpreter Bind TCP", "/t", "REG_SZ", "/d", "meterpreter_bind_tcp.exe", "/f"], "command_line": "c:\\windows\\system32\\cmd.exe /c REG ADD HKLM\\Software\\Microsoft\\Windows\\CurrentVersion\\Run /v \"Meterpreter Bind TCP\" /t REG_SZ /d meterpreter_bind_tcp.exe /f", "entity_id": "{4901c233-3932-63a0-7407-000000000600}", "executable": "C:\\Windows\\System32\\cmd.exe", "hash": {"md5": "8a2122e8162dbef04694b9c3e0b6cdee", "sha256": "b99d61d874728edc0918ca0eb10eab93d381e7367e377406e65963366c874450"}, "name": "cmd.exe", "parent": {"args": ["C:\\Windows\\system32\\conhost.exe", "--headless", "--width", "80", "--height", "24", "--signal", "0x1e8", "--", "c:\\windows\\system32\\cmd.exe", "/c", "REG", "ADD", "HKLM\\Software\\Microsoft\\Windows\\CurrentVersion\\Run", "/v", "Meterpreter Bind TCP", "/t", "REG_SZ", "/d", "meterpreter_bind_tcp.exe", "/f"], "command_line": "C:\\Windows\\system32\\conhost.exe --headless --width 80 --height 24 --signal 0x1e8 -- \"c:\\windows\\system32\\cmd.exe\" /c REG ADD HKLM\\Software\\Microsoft\\Windows\\CurrentVersion\\Run /v \"Meterpreter Bind TCP\" /t REG_SZ /d \"meterpreter_bind_tcp.exe\" /f", "entity_id": "{4901c233-3932-63a0-7307-000000000600}", "executable": "C:\\Windows\\System32\\conhost.exe", "name": "conhost.exe", "pid": 984}, "pe": {"imphash": "272245e2988e1e430500b852c4fb5e18"}, "pid": 3948, "working_directory": "C:\\Users\\ssh\\"}, "related": {"hash": ["8a2122e8162dbef04694b9c3e0b6cdee", "b99d61d874728edc0918ca0eb10eab93d381e7367e377406e65963366c874450", "272245e2988e1e430500b852c4fb5e18"], "user": "ssh"}, "user": {"domain": "CLIENT1", "name": "ssh"}, "winlog": {"api": "wineventlog", "channel": "Microsoft-Windows-Sysmon/Operational", "computer_name": "CLIENT1.breach.local", "event_data": {"Company": "Microsoft Corporation", "Description": "Windows Command Processor", "FileVersion": "10.0.19041.746 (WinBuild.160101.0800)", "IntegrityLevel": "High", "LogonGuid": "{4901c233-3932-63a0-7a5c-0f0100000000}", "LogonId": "0x10f5c7a", "OriginalFileName": "Cmd.Exe", "ParentUser": "CLIENT1\\ssh", "Product": "Microsoft\u00ae Windows\u00ae Operating System", "RuleName": "-", "TerminalSessionId": "0"}, "event_id": 1, "opcode": "Info", "process": {"pid": 2072, "thread": {"id": 2684}}, "provider_guid": "{5770385f-c22a-43e0-bf4c-06f5698ffbd9}", "provider_name": "Microsoft-Windows-Sysmon", "record_id": 5040, "task": "Process Create (rule: ProcessCreate)", "user": {"domain": "NT AUTHORITY", "identifier": "S-1-5-18", "name": "SYSTEM", "type": "User"}, "version": 5}}, "rule": {"name": "Reg Add RUN Key", "authors": ["Florian Roth"], "level": "medium", "source": "sigma", "status": "experimental", "falsepositives": ["Unknown"], "id": "de587dce-915e-4218-aac4-835ca6af6f70", "logsource": {"category": "process_creation", "product": "windows"}, "references": ["https://app.any.run/tasks/9c0f37bc-867a-4314-b685-e101566766d7/", "https://docs.microsoft.com/en-us/windows/win32/setupapi/run-and-runonce-registry-keys"], "tags": ["attack.persistence", "attack.t1547.001"]}, "metadata": {"group": "Sigma", "kind": "individual", "document": {"kind": "jsonl", "path": "simulation_datasets/simulation_1/EntireSimulation_winlogbeat.jsonl"}, "timestamp": "2022-12-19T10:13:06.287+00:00", "misuse": true, "mitreattack": {"Persistence": ["t1547.001"]}, "comment": "Boot or Logon Autostart Execution: Registry Run Keys"}}
{"event": {"@timestamp": "2022-12-19T10:13:06.304Z", "agent": {"ephemeral_id": "75382475-4494-4885-af56-0a918c9c7d5b", "hostname": "CLIENT1", "id": "a5ea4d3e-40c5-43d5-9a2e-ed2c48327430", "name": "CLIENT1", "type": "winlogbeat", "version": "7.10.2"}, "ecs": {"version": "1.5.0"}, "event": {"action": "Process Create (rule: ProcessCreate)", "category": ["process"], "code": 1, "created": "2022-12-19T10:13:06.974Z", "kind": "event", "module": "sysmon", "provider": "Microsoft-Windows-Sysmon", "type": ["start", "process_start"]}, "hash": {"imphash": "be482be427fe212cfef2cda0e61f19ac", "md5": "227f63e1d9008b36bdbcc4b397780be4", "sha256": "c0e25b1f9b22de445298c1e96ddfcead265ca030fa6626f61a4a4786cc4a3b7d"}, "host": {"name": "CLIENT1.breach.local"}, "log": {"level": "information"}, "message": "Process Create:\nRuleName: -\nUtcTime: 2022-12-19 10:13:06.304\nProcessGuid: {4901c233-3932-63a0-7507-000000000600}\nProcessId: 4540\nImage: C:\\Windows\\System32\\reg.exe\nFileVersion: 10.0.19041.1 (WinBuild.160101.0800)\nDescription: Registry Console Tool\nProduct: Microsoft\u00ae Windows\u00ae Operating System\nCompany: Microsoft Corporation\nOriginalFileName: reg.exe\nCommandLine: REG  ADD HKLM\\Software\\Microsoft\\Windows\\CurrentVersion\\Run /v \"Meterpreter Bind TCP\" /t REG_SZ /d meterpreter_bind_tcp.exe /f\nCurrentDirectory: C:\\Users\\ssh\\\nUser: CLIENT1\\ssh\nLogonGuid: {4901c233-3932-63a0-7a5c-0f0100000000}\nLogonId: 0x10F5C7A\nTerminalSessionId: 0\nIntegrityLevel: High\nHashes: MD5=227F63E1D9008B36BDBCC4B397780BE4,SHA256=C0E25B1F9B22DE445298C1E96DDFCEAD265CA030FA6626F61A4A4786CC4A3B7D,IMPHASH=BE482BE427FE212CFEF2CDA0E61F19AC\nParentProcessGuid: {4901c233-3932-63a0-7407-000000000600}\nParentProcessId: 3948\nParentImage: C:\\Windows\\System32\\cmd.exe\nParentCommandLine: c:\\windows\\system32\\cmd.exe /c REG ADD HKLM\\Software\\Microsoft\\Windows\\CurrentVersion\\Run /v \"Meterpreter Bind TCP\" /t REG_SZ /d meterpreter_bind_tcp.exe /f\nParentUser: CLIENT1\\ssh", "process": {"args": ["REG", "ADD", "HKLM\\Software\\Microsoft\\Windows\\CurrentVersion\\Run", "/v", "Meterpreter Bind TCP", "/t", "REG_SZ", "/d", "meterpreter_bind_tcp.exe", "/f"], "command_line": "REG  ADD HKLM\\Software\\Microsoft\\Windows\\CurrentVersion\\Run /v \"Meterpreter Bind TCP\" /t REG_SZ /d meterpreter_bind_tcp.exe /f", "entity_id": "{4901c233-3932-63a0-7507-000000000600}", "executable": "C:\\Windows\\System32\\reg.exe", "hash": {"md5": "227f63e1d9008b36bdbcc4b397780be4", "sha256": "c0e25b1f9b22de445298c1e96ddfcead265ca030fa6626f61a4a4786cc4a3b7d"}, "name": "reg.exe", "parent": {"args": ["c:\\windows\\system32\\cmd.exe", "/c", "REG", "ADD", "HKLM\\Software\\Microsoft\\Windows\\CurrentVersion\\Run", "/v", "Meterpreter Bind TCP", "/t", "REG_SZ", "/d", "meterpreter_bind_tcp.exe", "/f"], "command_line": "c:\\windows\\system32\\cmd.exe /c REG ADD HKLM\\Software\\Microsoft\\Windows\\CurrentVersion\\Run /v \"Meterpreter Bind TCP\" /t REG_SZ /d meterpreter_bind_tcp.exe /f", "entity_id": "{4901c233-3932-63a0-7407-000000000600}", "executable": "C:\\Windows\\System32\\cmd.exe", "name": "cmd.exe", "pid": 3948}, "pe": {"imphash": "be482be427fe212cfef2cda0e61f19ac"}, "pid": 4540, "working_directory": "C:\\Users\\ssh\\"}, "related": {"hash": ["227f63e1d9008b36bdbcc4b397780be4", "c0e25b1f9b22de445298c1e96ddfcead265ca030fa6626f61a4a4786cc4a3b7d", "be482be427fe212cfef2cda0e61f19ac"], "user": "ssh"}, "user": {"domain": "CLIENT1", "name": "ssh"}, "winlog": {"api": "wineventlog", "channel": "Microsoft-Windows-Sysmon/Operational", "computer_name": "CLIENT1.breach.local", "event_data": {"Company": "Microsoft Corporation", "Description": "Registry Console Tool", "FileVersion": "10.0.19041.1 (WinBuild.160101.0800)", "IntegrityLevel": "High", "LogonGuid": "{4901c233-3932-63a0-7a5c-0f0100000000}", "LogonId": "0x10f5c7a", "OriginalFileName": "reg.exe", "ParentUser": "CLIENT1\\ssh", "Product": "Microsoft\u00ae Windows\u00ae Operating System", "RuleName": "-", "TerminalSessionId": "0"}, "event_id": 1, "opcode": "Info", "process": {"pid": 2072, "thread": {"id": 2684}}, "provider_guid": "{5770385f-c22a-43e0-bf4c-06f5698ffbd9}", "provider_name": "Microsoft-Windows-Sysmon", "record_id": 5041, "task": "Process Create (rule: ProcessCreate)", "user": {"domain": "NT AUTHORITY", "identifier": "S-1-5-18", "name": "SYSTEM", "type": "User"}, "version": 5}}, "rule": {"name": "Direct Autorun Keys Modification", "authors": ["Victor Sergeev", "Daniil Yugoslavskiy", "oscd.community"], "level": "medium", "source": "sigma", "status": "experimental", "falsepositives": ["Legitimate software automatically (mostly, during installation) sets up autorun keys for legitimate reasons.", "Legitimate administrator sets up autorun keys for legitimate reasons."], "id": "24357373-078f-44ed-9ac4-6d334a668a11", "logsource": {"category": "process_creation", "product": "windows"}, "references": ["https://github.com/redcanaryco/atomic-red-team/blob/f339e7da7d05f6057fdfcdd3742bfcf365fee2a9/atomics/T1547.001/T1547.001.md"], "tags": ["attack.persistence", "attack.t1547.001"]}, "metadata": {"group": "Sigma", "kind": "individual", "document": {"kind": "jsonl", "path": "simulation_datasets/simulation_1/EntireSimulation_winlogbeat.jsonl"}, "timestamp": "2022-12-19T10:13:06.304+00:00", "misuse": true, "mitreattack": {"Persistence": ["t1547.001"]}, "comment": "Boot or Logon Autostart Execution: Registry Run Keys"}}
{"event": {"@timestamp": "2022-12-19T10:13:06.304Z", "agent": {"ephemeral_id": "75382475-4494-4885-af56-0a918c9c7d5b", "hostname": "CLIENT1", "id": "a5ea4d3e-40c5-43d5-9a2e-ed2c48327430", "name": "CLIENT1", "type": "winlogbeat", "version": "7.10.2"}, "ecs": {"version": "1.5.0"}, "event": {"action": "Process Create (rule: ProcessCreate)", "category": ["process"], "code": 1, "created": "2022-12-19T10:13:06.974Z", "kind": "event", "module": "sysmon", "provider": "Microsoft-Windows-Sysmon", "type": ["start", "process_start"]}, "hash": {"imphash": "be482be427fe212cfef2cda0e61f19ac", "md5": "227f63e1d9008b36bdbcc4b397780be4", "sha256": "c0e25b1f9b22de445298c1e96ddfcead265ca030fa6626f61a4a4786cc4a3b7d"}, "host": {"name": "CLIENT1.breach.local"}, "log": {"level": "information"}, "message": "Process Create:\nRuleName: -\nUtcTime: 2022-12-19 10:13:06.304\nProcessGuid: {4901c233-3932-63a0-7507-000000000600}\nProcessId: 4540\nImage: C:\\Windows\\System32\\reg.exe\nFileVersion: 10.0.19041.1 (WinBuild.160101.0800)\nDescription: Registry Console Tool\nProduct: Microsoft\u00ae Windows\u00ae Operating System\nCompany: Microsoft Corporation\nOriginalFileName: reg.exe\nCommandLine: REG  ADD HKLM\\Software\\Microsoft\\Windows\\CurrentVersion\\Run /v \"Meterpreter Bind TCP\" /t REG_SZ /d meterpreter_bind_tcp.exe /f\nCurrentDirectory: C:\\Users\\ssh\\\nUser: CLIENT1\\ssh\nLogonGuid: {4901c233-3932-63a0-7a5c-0f0100000000}\nLogonId: 0x10F5C7A\nTerminalSessionId: 0\nIntegrityLevel: High\nHashes: MD5=227F63E1D9008B36BDBCC4B397780BE4,SHA256=C0E25B1F9B22DE445298C1E96DDFCEAD265CA030FA6626F61A4A4786CC4A3B7D,IMPHASH=BE482BE427FE212CFEF2CDA0E61F19AC\nParentProcessGuid: {4901c233-3932-63a0-7407-000000000600}\nParentProcessId: 3948\nParentImage: C:\\Windows\\System32\\cmd.exe\nParentCommandLine: c:\\windows\\system32\\cmd.exe /c REG ADD HKLM\\Software\\Microsoft\\Windows\\CurrentVersion\\Run /v \"Meterpreter Bind TCP\" /t REG_SZ /d meterpreter_bind_tcp.exe /f\nParentUser: CLIENT1\\ssh", "process": {"args": ["REG", "ADD", "HKLM\\Software\\Microsoft\\Windows\\CurrentVersion\\Run", "/v", "Meterpreter Bind TCP", "/t", "REG_SZ", "/d", "meterpreter_bind_tcp.exe", "/f"], "command_line": "REG  ADD HKLM\\Software\\Microsoft\\Windows\\CurrentVersion\\Run /v \"Meterpreter Bind TCP\" /t REG_SZ /d meterpreter_bind_tcp.exe /f", "entity_id": "{4901c233-3932-63a0-7507-000000000600}", "executable": "C:\\Windows\\System32\\reg.exe", "hash": {"md5": "227f63e1d9008b36bdbcc4b397780be4", "sha256": "c0e25b1f9b22de445298c1e96ddfcead265ca030fa6626f61a4a4786cc4a3b7d"}, "name": "reg.exe", "parent": {"args": ["c:\\windows\\system32\\cmd.exe", "/c", "REG", "ADD", "HKLM\\Software\\Microsoft\\Windows\\CurrentVersion\\Run", "/v", "Meterpreter Bind TCP", "/t", "REG_SZ", "/d", "meterpreter_bind_tcp.exe", "/f"], "command_line": "c:\\windows\\system32\\cmd.exe /c REG ADD HKLM\\Software\\Microsoft\\Windows\\CurrentVersion\\Run /v \"Meterpreter Bind TCP\" /t REG_SZ /d meterpreter_bind_tcp.exe /f", "entity_id": "{4901c233-3932-63a0-7407-000000000600}", "executable": "C:\\Windows\\System32\\cmd.exe", "name": "cmd.exe", "pid": 3948}, "pe": {"imphash": "be482be427fe212cfef2cda0e61f19ac"}, "pid": 4540, "working_directory": "C:\\Users\\ssh\\"}, "related": {"hash": ["227f63e1d9008b36bdbcc4b397780be4", "c0e25b1f9b22de445298c1e96ddfcead265ca030fa6626f61a4a4786cc4a3b7d", "be482be427fe212cfef2cda0e61f19ac"], "user": "ssh"}, "user": {"domain": "CLIENT1", "name": "ssh"}, "winlog": {"api": "wineventlog", "channel": "Microsoft-Windows-Sysmon/Operational", "computer_name": "CLIENT1.breach.local", "event_data": {"Company": "Microsoft Corporation", "Description": "Registry Console Tool", "FileVersion": "10.0.19041.1 (WinBuild.160101.0800)", "IntegrityLevel": "High", "LogonGuid": "{4901c233-3932-63a0-7a5c-0f0100000000}", "LogonId": "0x10f5c7a", "OriginalFileName": "reg.exe", "ParentUser": "CLIENT1\\ssh", "Product": "Microsoft\u00ae Windows\u00ae Operating System", "RuleName": "-", "TerminalSessionId": "0"}, "event_id": 1, "opcode": "Info", "process": {"pid": 2072, "thread": {"id": 2684}}, "provider_guid": "{5770385f-c22a-43e0-bf4c-06f5698ffbd9}", "provider_name": "Microsoft-Windows-Sysmon", "record_id": 5041, "task": "Process Create (rule: ProcessCreate)", "user": {"domain": "NT AUTHORITY", "identifier": "S-1-5-18", "name": "SYSTEM", "type": "User"}, "version": 5}}, "rule": {"name": "Reg Add RUN Key", "authors": ["Florian Roth"], "level": "medium", "source": "sigma", "status": "experimental", "falsepositives": ["Unknown"], "id": "de587dce-915e-4218-aac4-835ca6af6f70", "logsource": {"category": "process_creation", "product": "windows"}, "references": ["https://app.any.run/tasks/9c0f37bc-867a-4314-b685-e101566766d7/", "https://docs.microsoft.com/en-us/windows/win32/setupapi/run-and-runonce-registry-keys"], "tags": ["attack.persistence", "attack.t1547.001"]}, "metadata": {"group": "Sigma", "kind": "individual", "document": {"kind": "jsonl", "path": "simulation_datasets/simulation_1/EntireSimulation_winlogbeat.jsonl"}, "timestamp": "2022-12-19T10:13:06.304+00:00", "misuse": true, "mitreattack": {"Persistence": ["t1547.001"]}, "comment": "Boot or Logon Autostart Execution: Registry Run Keys"}}
{"event": {"@timestamp": "2022-12-19T10:18:06.873Z", "agent": {"ephemeral_id": "75382475-4494-4885-af56-0a918c9c7d5b", "hostname": "CLIENT1", "id": "a5ea4d3e-40c5-43d5-9a2e-ed2c48327430", "name": "CLIENT1", "type": "winlogbeat", "version": "7.10.2"}, "ecs": {"version": "1.5.0"}, "event": {"action": "Process Create (rule: ProcessCreate)", "category": ["process"], "code": 1, "created": "2022-12-19T10:18:08.499Z", "kind": "event", "module": "sysmon", "provider": "Microsoft-Windows-Sysmon", "type": ["start", "process_start"]}, "hash": {"imphash": "272245e2988e1e430500b852c4fb5e18", "md5": "8a2122e8162dbef04694b9c3e0b6cdee", "sha256": "b99d61d874728edc0918ca0eb10eab93d381e7367e377406e65963366c874450"}, "host": {"name": "CLIENT1.breach.local"}, "log": {"level": "information"}, "message": "Process Create:\nRuleName: -\nUtcTime: 2022-12-19 10:18:06.873\nProcessGuid: {4901c233-3a5e-63a0-7a07-000000000600}\nProcessId: 5012\nImage: C:\\Windows\\System32\\cmd.exe\nFileVersion: 10.0.19041.746 (WinBuild.160101.0800)\nDescription: Windows Command Processor\nProduct: Microsoft\u00ae Windows\u00ae Operating System\nCompany: Microsoft Corporation\nOriginalFileName: Cmd.Exe\nCommandLine: c:\\windows\\system32\\cmd.exe /c if exist C:\\Windows\\meterpreter_bind_tcp.exe (schtasks /create /sc once /st 23:59 /tn tag_1191f /tr C:\\Windows\\meterpreter_bind_tcp.exe /ru BREACH\\client1 && schtasks /run /tn tag_1191f) else (echo Unable to locate C:\\Windows\\meterpreter_bind_tcp.exe)\nCurrentDirectory: C:\\Users\\ssh\\\nUser: CLIENT1\\ssh\nLogonGuid: {4901c233-3a5e-63a0-bdae-0f0100000000}\nLogonId: 0x10FAEBD\nTerminalSessionId: 0\nIntegrityLevel: High\nHashes: MD5=8A2122E8162DBEF04694B9C3E0B6CDEE,SHA256=B99D61D874728EDC0918CA0EB10EAB93D381E7367E377406E65963366C874450,IMPHASH=272245E2988E1E430500B852C4FB5E18\nParentProcessGuid: {4901c233-3a5e-63a0-7907-000000000600}\nParentProcessId: 5596\nParentImage: C:\\Windows\\System32\\conhost.exe\nParentCommandLine: C:\\Windows\\system32\\conhost.exe --headless --width 80 --height 24 --signal 0x1e0 -- \"c:\\windows\\system32\\cmd.exe\" /c if exist C:\\Windows\\meterpreter_bind_tcp.exe (schtasks /create /sc once /st 23:59 /tn tag_1191f /tr \"C:\\Windows\\meterpreter_bind_tcp.exe\" /ru BREACH\\client1 && schtasks /run /tn tag_1191f) else (echo Unable to locate C:\\Windows\\meterpreter_bind_tcp.exe)\nParentUser: CLIENT1\\ssh", "process": {"args": ["c:\\windows\\system32\\cmd.exe", "/c", "if", "exist", "C:\\Windows\\meterpreter_bind_tcp.exe", "(schtasks", "/create", "/sc", "once", "/st", "23:59", "/tn", "tag_1191f", "/tr", "C:\\Windows\\meterpreter_bind_tcp.exe", "/ru", "BREACH\\client1", "&&", "schtasks", "/run", "/tn", "tag_1191f)", "else", "(echo", "Unable", "to", "locate", "C:\\Windows\\meterpreter_bind_tcp.exe)"], "command_line": "c:\\windows\\system32\\cmd.exe /c if exist C:\\Windows\\meterpreter_bind_tcp.exe (schtasks /create /sc once /st 23:59 /tn tag_1191f /tr C:\\Windows\\meterpreter_bind_tcp.exe /ru BREACH\\client1 && schtasks /run /tn tag_1191f) else (echo Unable to locate C:\\Windows\\meterpreter_bind_tcp.exe)", "entity_id": "{4901c233-3a5e-63a0-7a07-000000000600}", "executable": "C:\\Windows\\System32\\cmd.exe", "hash": {"md5": "8a2122e8162dbef04694b9c3e0b6cdee", "sha256": "b99d61d874728edc0918ca0eb10eab93d381e7367e377406e65963366c874450"}, "name": "cmd.exe", "parent": {"args": ["C:\\Windows\\system32\\conhost.exe", "--headless", "--width", "80", "--height", "24", "--signal", "0x1e0", "--", "c:\\windows\\system32\\cmd.exe", "/c", "if", "exist", "C:\\Windows\\meterpreter_bind_tcp.exe", "(schtasks", "/create", "/sc", "once", "/st", "23:59", "/tn", "tag_1191f", "/tr", "C:\\Windows\\meterpreter_bind_tcp.exe", "/ru", "BREACH\\client1", "&&", "schtasks", "/run", "/tn", "tag_1191f)", "else", "(echo", "Unable", "to", "locate", "C:\\Windows\\meterpreter_bind_tcp.exe)"], "command_line": "C:\\Windows\\system32\\conhost.exe --headless --width 80 --height 24 --signal 0x1e0 -- \"c:\\windows\\system32\\cmd.exe\" /c if exist C:\\Windows\\meterpreter_bind_tcp.exe (schtasks /create /sc once /st 23:59 /tn tag_1191f /tr \"C:\\Windows\\meterpreter_bind_tcp.exe\" /ru BREACH\\client1 && schtasks /run /tn tag_1191f) else (echo Unable to locate C:\\Windows\\meterpreter_bind_tcp.exe)", "entity_id": "{4901c233-3a5e-63a0-7907-000000000600}", "executable": "C:\\Windows\\System32\\conhost.exe", "name": "conhost.exe", "pid": 5596}, "pe": {"imphash": "272245e2988e1e430500b852c4fb5e18"}, "pid": 5012, "working_directory": "C:\\Users\\ssh\\"}, "related": {"hash": ["8a2122e8162dbef04694b9c3e0b6cdee", "b99d61d874728edc0918ca0eb10eab93d381e7367e377406e65963366c874450", "272245e2988e1e430500b852c4fb5e18"], "user": "ssh"}, "user": {"domain": "CLIENT1", "name": "ssh"}, "winlog": {"api": "wineventlog", "channel": "Microsoft-Windows-Sysmon/Operational", "computer_name": "CLIENT1.breach.local", "event_data": {"Company": "Microsoft Corporation", "Description": "Windows Command Processor", "FileVersion": "10.0.19041.746 (WinBuild.160101.0800)", "IntegrityLevel": "High", "LogonGuid": "{4901c233-3a5e-63a0-bdae-0f0100000000}", "LogonId": "0x10faebd", "OriginalFileName": "Cmd.Exe", "ParentUser": "CLIENT1\\ssh", "Product": "Microsoft\u00ae Windows\u00ae Operating System", "RuleName": "-", "TerminalSessionId": "0"}, "event_id": 1, "opcode": "Info", "process": {"pid": 2072, "thread": {"id": 2684}}, "provider_guid": "{5770385f-c22a-43e0-bf4c-06f5698ffbd9}", "provider_name": "Microsoft-Windows-Sysmon", "record_id": 5096, "task": "Process Create (rule: ProcessCreate)", "user": {"domain": "NT AUTHORITY", "identifier": "S-1-5-18", "name": "SYSTEM", "type": "User"}, "version": 5}}, "rule": {"name": "Conhost Parent Process Executions", "authors": ["omkar72"], "level": "medium", "source": "sigma", "status": "experimental", "falsepositives": ["Unlikely, conhost is a child less process"], "id": "7dc2dedd-7603-461a-bc13-15803d132355", "logsource": {"category": "process_creation", "product": "windows"}, "references": ["http://www.hexacorn.com/blog/2020/05/25/how-to-con-your-host/"], "tags": ["attack.defense_evasion", "attack.t1202"]}, "metadata": {"group": "Sigma", "kind": "individual", "document": {"kind": "jsonl", "path": "simulation_datasets/simulation_1/EntireSimulation_winlogbeat.jsonl"}, "timestamp": "2022-12-19T10:18:06.873+00:00", "misuse": true, "mitreattack": {"Execution": ["t1059.001"], "Defense Evasion": ["t1202"]}, "comment": "Powershell / Indirect Command Execution"}}
{"event": {"@timestamp": "2022-12-19T10:18:06.884Z", "agent": {"ephemeral_id": "75382475-4494-4885-af56-0a918c9c7d5b", "hostname": "CLIENT1", "id": "a5ea4d3e-40c5-43d5-9a2e-ed2c48327430", "name": "CLIENT1", "type": "winlogbeat", "version": "7.10.2"}, "ecs": {"version": "1.5.0"}, "event": {"action": "Process Create (rule: ProcessCreate)", "category": ["process"], "code": 1, "created": "2022-12-19T10:18:08.499Z", "kind": "event", "module": "sysmon", "provider": "Microsoft-Windows-Sysmon", "type": ["start", "process_start"]}, "hash": {"imphash": "ecce05491f2e8f279f4790bcb1318c05", "md5": "796b784e98008854c27f4b18d287ba30", "sha256": "356280cca63ca5e887fdbe5cb4105a53341fbac9219efc51621df9ba8ee9838b"}, "host": {"name": "CLIENT1.breach.local"}, "log": {"level": "information"}, "message": "Process Create:\nRuleName: -\nUtcTime: 2022-12-19 10:18:06.884\nProcessGuid: {4901c233-3a5e-63a0-7b07-000000000600}\nProcessId: 4064\nImage: C:\\Windows\\System32\\schtasks.exe\nFileVersion: 10.0.19041.906 (WinBuild.160101.0800)\nDescription: Task Scheduler Configuration Tool\nProduct: Microsoft\u00ae Windows\u00ae Operating System\nCompany: Microsoft Corporation\nOriginalFileName: schtasks.exe\nCommandLine: schtasks  /create /sc once /st 23:59 /tn tag_1191f /tr C:\\Windows\\meterpreter_bind_tcp.exe /ru BREACH\\client1 \nCurrentDirectory: C:\\Users\\ssh\\\nUser: CLIENT1\\ssh\nLogonGuid: {4901c233-3a5e-63a0-bdae-0f0100000000}\nLogonId: 0x10FAEBD\nTerminalSessionId: 0\nIntegrityLevel: High\nHashes: MD5=796B784E98008854C27F4B18D287BA30,SHA256=356280CCA63CA5E887FDBE5CB4105A53341FBAC9219EFC51621DF9BA8EE9838B,IMPHASH=ECCE05491F2E8F279F4790BCB1318C05\nParentProcessGuid: {4901c233-3a5e-63a0-7a07-000000000600}\nParentProcessId: 5012\nParentImage: C:\\Windows\\System32\\cmd.exe\nParentCommandLine: c:\\windows\\system32\\cmd.exe /c if exist C:\\Windows\\meterpreter_bind_tcp.exe (schtasks /create /sc once /st 23:59 /tn tag_1191f /tr C:\\Windows\\meterpreter_bind_tcp.exe /ru BREACH\\client1 && schtasks /run /tn tag_1191f) else (echo Unable to locate C:\\Windows\\meterpreter_bind_tcp.exe)\nParentUser: CLIENT1\\ssh", "process": {"args": ["schtasks", "/create", "/sc", "once", "/st", "23:59", "/tn", "tag_1191f", "/tr", "C:\\Windows\\meterpreter_bind_tcp.exe", "/ru", "BREACH\\client1"], "command_line": "schtasks  /create /sc once /st 23:59 /tn tag_1191f /tr C:\\Windows\\meterpreter_bind_tcp.exe /ru BREACH\\client1 ", "entity_id": "{4901c233-3a5e-63a0-7b07-000000000600}", "executable": "C:\\Windows\\System32\\schtasks.exe", "hash": {"md5": "796b784e98008854c27f4b18d287ba30", "sha256": "356280cca63ca5e887fdbe5cb4105a53341fbac9219efc51621df9ba8ee9838b"}, "name": "schtasks.exe", "parent": {"args": ["c:\\windows\\system32\\cmd.exe", "/c", "if", "exist", "C:\\Windows\\meterpreter_bind_tcp.exe", "(schtasks", "/create", "/sc", "once", "/st", "23:59", "/tn", "tag_1191f", "/tr", "C:\\Windows\\meterpreter_bind_tcp.exe", "/ru", "BREACH\\client1", "&&", "schtasks", "/run", "/tn", "tag_1191f)", "else", "(echo", "Unable", "to", "locate", "C:\\Windows\\meterpreter_bind_tcp.exe)"], "command_line": "c:\\windows\\system32\\cmd.exe /c if exist C:\\Windows\\meterpreter_bind_tcp.exe (schtasks /create /sc once /st 23:59 /tn tag_1191f /tr C:\\Windows\\meterpreter_bind_tcp.exe /ru BREACH\\client1 && schtasks /run /tn tag_1191f) else (echo Unable to locate C:\\Windows\\meterpreter_bind_tcp.exe)", "entity_id": "{4901c233-3a5e-63a0-7a07-000000000600}", "executable": "C:\\Windows\\System32\\cmd.exe", "name": "cmd.exe", "pid": 5012}, "pe": {"imphash": "ecce05491f2e8f279f4790bcb1318c05"}, "pid": 4064, "working_directory": "C:\\Users\\ssh\\"}, "related": {"hash": ["796b784e98008854c27f4b18d287ba30", "356280cca63ca5e887fdbe5cb4105a53341fbac9219efc51621df9ba8ee9838b", "ecce05491f2e8f279f4790bcb1318c05"], "user": "ssh"}, "user": {"domain": "CLIENT1", "name": "ssh"}, "winlog": {"api": "wineventlog", "channel": "Microsoft-Windows-Sysmon/Operational", "computer_name": "CLIENT1.breach.local", "event_data": {"Company": "Microsoft Corporation", "Description": "Task Scheduler Configuration Tool", "FileVersion": "10.0.19041.906 (WinBuild.160101.0800)", "IntegrityLevel": "High", "LogonGuid": "{4901c233-3a5e-63a0-bdae-0f0100000000}", "LogonId": "0x10faebd", "OriginalFileName": "schtasks.exe", "ParentUser": "CLIENT1\\ssh", "Product": "Microsoft\u00ae Windows\u00ae Operating System", "RuleName": "-", "TerminalSessionId": "0"}, "event_id": 1, "opcode": "Info", "process": {"pid": 2072, "thread": {"id": 2684}}, "provider_guid": "{5770385f-c22a-43e0-bf4c-06f5698ffbd9}", "provider_name": "Microsoft-Windows-Sysmon", "record_id": 5097, "task": "Process Create (rule: ProcessCreate)", "user": {"domain": "NT AUTHORITY", "identifier": "S-1-5-18", "name": "SYSTEM", "type": "User"}, "version": 5}}, "rule": {"name": "Scheduled Task Creation", "authors": ["Florian Roth"], "level": "low", "source": "sigma", "status": "experimental", "falsepositives": ["Administrative activity", "Software installation"], "id": "92626ddd-662c-49e3-ac59-f6535f12d189", "logsource": {"category": "process_creation", "product": "windows"}, "tags": ["attack.execution", "attack.persistence", "attack.privilege_escalation", "attack.t1053.005", "attack.s0111", "car.2013-08-001"]}, "metadata": {"group": "Sigma", "kind": "individual", "document": {"kind": "jsonl", "path": "simulation_datasets/simulation_1/EntireSimulation_winlogbeat.jsonl"}, "timestamp": "2022-12-19T10:18:06.884+00:00", "misuse": true, "mitreattack": {"Execution": ["t1053.005"]}, "comment": "Scheduled Task"}}
