{"event": {"@timestamp": "2022-12-19T08:43:39.751Z", "agent": {"ephemeral_id": "75382475-4494-4885-af56-0a918c9c7d5b", "hostname": "CLIENT1", "id": "a5ea4d3e-40c5-43d5-9a2e-ed2c48327430", "name": "CLIENT1", "type": "winlogbeat", "version": "7.10.2"}, "ecs": {"version": "1.5.0"}, "event": {"code": 20, "created": "2022-12-19T08:46:43.000Z", "kind": "event", "provider": "Microsoft-Windows-Kernel-General"}, "host": {"name": "CLIENT1"}, "log": {"level": "information"}, "message": "The leap second configuration has been updated.\nReason: Leap second data initialized from registry during boot\nLeap seconds enabled: true\nNew leap second count: 0\nOld leap second count: 0", "winlog": {"api": "wineventlog", "channel": "System", "computer_name": "CLIENT1", "event_data": {"CountNew": "0", "CountOld": "0", "EnabledNew": "true", "UpdateReason": "0"}, "event_id": 20, "keywords": ["Time"], "opcode": "Info", "process": {"pid": 4, "thread": {"id": 8}}, "provider_guid": "{a68ca8b7-004f-d7b6-a698-07e2de0f1f5d}", "provider_name": "Microsoft-Windows-Kernel-General", "record_id": 478, "task": "", "user": {"domain": "NT AUTHORITY", "identifier": "S-1-5-18", "name": "SYSTEM", "type": "User"}}}, "rule": {"name": "WMI Event Subscription", "authors": ["Tom Ueltschi (@c_APT_ure)"], "level": "medium", "source": "sigma", "status": "experimental", "falsepositives": ["Exclude legitimate (vetted) use of WMI event subscription in your network"], "id": "0f06a3a5-6a09-413f-8743-e6cf35561297", "logsource": {"category": "wmi_event", "product": "windows"}, "tags": ["attack.persistence", "attack.t1546.003"]}, "metadata": {"group": "Sigma", "kind": "individual", "document": {"kind": "jsonl", "path": "simulation_datasets/simulation_1/EntireSimulation_winlogbeat.jsonl"}, "timestamp": "2022-12-19T08:43:39.751+00:00", "misuse": false}}
{"event": {"@timestamp": "2022-12-19T08:43:56.369Z", "agent": {"ephemeral_id": "f998276c-afe4-4463-aba7-6d1241c5c07f", "hostname": "CLIENT2", "id": "a5ea4d3e-40c5-43d5-9a2e-ed2c48327430", "name": "CLIENT2", "type": "winlogbeat", "version": "7.10.2"}, "ecs": {"version": "1.5.0"}, "event": {"action": "Process Create (rule: ProcessCreate)", "category": ["process"], "code": 1, "created": "2022-12-19T08:46:33.767Z", "kind": "event", "module": "sysmon", "provider": "Microsoft-Windows-Sysmon", "type": ["start", "process_start"]}, "hash": {"imphash": "1002d523645a81bc52877d82d9e88417", "md5": "62f170fb07fdbb79ceb7147101406eb8", "sha256": "53e000f5aa9b3a00934319db8080bb99cb323bf48fc628a64f75d7847c265606"}, "host": {"name": "CLIENT2"}, "log": {"level": "information"}, "message": "Process Create:\nRuleName: -\nUtcTime: 2022-12-19 08:43:56.369\nProcessGuid: {4901c233-244c-63a0-5e00-000000000500}\nProcessId: 4956\nImage: C:\\Windows\\System32\\ipconfig.exe\nFileVersion: 10.0.19041.1 (WinBuild.160101.0800)\nDescription: IP Configuration Utility\nProduct: Microsoft\u00ae Windows\u00ae Operating System\nCompany: Microsoft Corporation\nOriginalFileName: ipconfig.exe\nCommandLine: ipconfig /all\nCurrentDirectory: C:\\BREACH\\\nUser: CLIENT2\\setup\nLogonGuid: {4901c233-243a-63a0-a19b-020000000000}\nLogonId: 0x29BA1\nTerminalSessionId: 1\nIntegrityLevel: High\nHashes: MD5=62F170FB07FDBB79CEB7147101406EB8,SHA256=53E000F5AA9B3A00934319DB8080BB99CB323BF48FC628A64F75D7847C265606,IMPHASH=1002D523645A81BC52877D82D9E88417\nParentProcessGuid: {4901c233-244c-63a0-5d00-000000000500}\nParentProcessId: 2944\nParentImage: C:\\Python37\\python.exe\nParentCommandLine: C:\\Python37\\python.exe \"C:\\BREACH\\init_tbf_client.py\" \nParentUser: CLIENT2\\setup", "process": {"args": ["ipconfig", "/all"], "command_line": "ipconfig /all", "entity_id": "{4901c233-244c-63a0-5e00-000000000500}", "executable": "C:\\Windows\\System32\\ipconfig.exe", "hash": {"md5": "62f170fb07fdbb79ceb7147101406eb8", "sha256": "53e000f5aa9b3a00934319db8080bb99cb323bf48fc628a64f75d7847c265606"}, "name": "ipconfig.exe", "parent": {"args": ["C:\\Python37\\python.exe", "C:\\BREACH\\init_tbf_client.py"], "command_line": "C:\\Python37\\python.exe \"C:\\BREACH\\init_tbf_client.py\" ", "entity_id": "{4901c233-244c-63a0-5d00-000000000500}", "executable": "C:\\Python37\\python.exe", "name": "python.exe", "pid": 2944}, "pe": {"imphash": "1002d523645a81bc52877d82d9e88417"}, "pid": 4956, "working_directory": "C:\\BREACH\\"}, "related": {"hash": ["62f170fb07fdbb79ceb7147101406eb8", "53e000f5aa9b3a00934319db8080bb99cb323bf48fc628a64f75d7847c265606", "1002d523645a81bc52877d82d9e88417"], "user": "setup"}, "user": {"domain": "CLIENT2", "name": "setup"}, "winlog": {"api": "wineventlog", "channel": "Microsoft-Windows-Sysmon/Operational", "computer_name": "CLIENT2", "event_data": {"Company": "Microsoft Corporation", "Description": "IP Configuration Utility", "FileVersion": "10.0.19041.1 (WinBuild.160101.0800)", "IntegrityLevel": "High", "LogonGuid": "{4901c233-243a-63a0-a19b-020000000000}", "LogonId": "0x29ba1", "OriginalFileName": "ipconfig.exe", "ParentUser": "CLIENT2\\setup", "Product": "Microsoft\u00ae Windows\u00ae Operating System", "RuleName": "-", "TerminalSessionId": "1"}, "event_id": 1, "opcode": "Info", "process": {"pid": 2052, "thread": {"id": 2644}}, "provider_guid": "{5770385f-c22a-43e0-bf4c-06f5698ffbd9}", "provider_name": "Microsoft-Windows-Sysmon", "record_id": 973, "task": "Process Create (rule: ProcessCreate)", "user": {"domain": "NT AUTHORITY", "identifier": "S-1-5-18", "name": "SYSTEM", "type": "User"}, "version": 5}}, "rule": {"name": "Suspicious Network Command", "authors": ["frack113", "Christopher Peacock '@securepeacock'", "SCYTHE '@scythe_io'"], "level": "low", "source": "sigma", "status": "experimental", "falsepositives": ["Administrator, hotline ask to user"], "id": "a29c1813-ab1f-4dde-b489-330b952e91ae", "logsource": {"category": "process_creation", "product": "windows"}, "references": ["https://github.com/redcanaryco/atomic-red-team/blob/f339e7da7d05f6057fdfcdd3742bfcf365fee2a9/atomics/T1016/T1016.md#atomic-test-1---system-network-configuration-discovery-on-windows"], "tags": ["attack.discovery", "attack.t1016"]}, "metadata": {"group": "Sigma", "kind": "individual", "document": {"kind": "jsonl", "path": "simulation_datasets/simulation_1/EntireSimulation_winlogbeat.jsonl"}, "timestamp": "2022-12-19T08:43:56.369+00:00", "misuse": false}}
{"event": {"@timestamp": "2022-12-19T08:43:56.403Z", "agent": {"ephemeral_id": "f998276c-afe4-4463-aba7-6d1241c5c07f", "hostname": "CLIENT2", "id": "a5ea4d3e-40c5-43d5-9a2e-ed2c48327430", "name": "CLIENT2", "type": "winlogbeat", "version": "7.10.2"}, "ecs": {"version": "1.5.0"}, "event": {"action": "Process Create (rule: ProcessCreate)", "category": ["process"], "code": 1, "created": "2022-12-19T08:46:33.767Z", "kind": "event", "module": "sysmon", "provider": "Microsoft-Windows-Sysmon", "type": ["start", "process_start"]}, "hash": {"imphash": "1002d523645a81bc52877d82d9e88417", "md5": "62f170fb07fdbb79ceb7147101406eb8", "sha256": "53e000f5aa9b3a00934319db8080bb99cb323bf48fc628a64f75d7847c265606"}, "host": {"name": "CLIENT2"}, "log": {"level": "information"}, "message": "Process Create:\nRuleName: -\nUtcTime: 2022-12-19 08:43:56.403\nProcessGuid: {4901c233-244c-63a0-5f00-000000000500}\nProcessId: 2592\nImage: C:\\Windows\\System32\\ipconfig.exe\nFileVersion: 10.0.19041.1 (WinBuild.160101.0800)\nDescription: IP Configuration Utility\nProduct: Microsoft\u00ae Windows\u00ae Operating System\nCompany: Microsoft Corporation\nOriginalFileName: ipconfig.exe\nCommandLine: ipconfig /all\nCurrentDirectory: C:\\BREACH\\\nUser: CLIENT2\\setup\nLogonGuid: {4901c233-243a-63a0-a19b-020000000000}\nLogonId: 0x29BA1\nTerminalSessionId: 1\nIntegrityLevel: High\nHashes: MD5=62F170FB07FDBB79CEB7147101406EB8,SHA256=53E000F5AA9B3A00934319DB8080BB99CB323BF48FC628A64F75D7847C265606,IMPHASH=1002D523645A81BC52877D82D9E88417\nParentProcessGuid: {4901c233-244c-63a0-5d00-000000000500}\nParentProcessId: 2944\nParentImage: C:\\Python37\\python.exe\nParentCommandLine: C:\\Python37\\python.exe \"C:\\BREACH\\init_tbf_client.py\" \nParentUser: CLIENT2\\setup", "process": {"args": ["ipconfig", "/all"], "command_line": "ipconfig /all", "entity_id": "{4901c233-244c-63a0-5f00-000000000500}", "executable": "C:\\Windows\\System32\\ipconfig.exe", "hash": {"md5": "62f170fb07fdbb79ceb7147101406eb8", "sha256": "53e000f5aa9b3a00934319db8080bb99cb323bf48fc628a64f75d7847c265606"}, "name": "ipconfig.exe", "parent": {"args": ["C:\\Python37\\python.exe", "C:\\BREACH\\init_tbf_client.py"], "command_line": "C:\\Python37\\python.exe \"C:\\BREACH\\init_tbf_client.py\" ", "entity_id": "{4901c233-244c-63a0-5d00-000000000500}", "executable": "C:\\Python37\\python.exe", "name": "python.exe", "pid": 2944}, "pe": {"imphash": "1002d523645a81bc52877d82d9e88417"}, "pid": 2592, "working_directory": "C:\\BREACH\\"}, "related": {"hash": ["62f170fb07fdbb79ceb7147101406eb8", "53e000f5aa9b3a00934319db8080bb99cb323bf48fc628a64f75d7847c265606", "1002d523645a81bc52877d82d9e88417"], "user": "setup"}, "user": {"domain": "CLIENT2", "name": "setup"}, "winlog": {"api": "wineventlog", "channel": "Microsoft-Windows-Sysmon/Operational", "computer_name": "CLIENT2", "event_data": {"Company": "Microsoft Corporation", "Description": "IP Configuration Utility", "FileVersion": "10.0.19041.1 (WinBuild.160101.0800)", "IntegrityLevel": "High", "LogonGuid": "{4901c233-243a-63a0-a19b-020000000000}", "LogonId": "0x29ba1", "OriginalFileName": "ipconfig.exe", "ParentUser": "CLIENT2\\setup", "Product": "Microsoft\u00ae Windows\u00ae Operating System", "RuleName": "-", "TerminalSessionId": "1"}, "event_id": 1, "opcode": "Info", "process": {"pid": 2052, "thread": {"id": 2644}}, "provider_guid": "{5770385f-c22a-43e0-bf4c-06f5698ffbd9}", "provider_name": "Microsoft-Windows-Sysmon", "record_id": 974, "task": "Process Create (rule: ProcessCreate)", "user": {"domain": "NT AUTHORITY", "identifier": "S-1-5-18", "name": "SYSTEM", "type": "User"}, "version": 5}}, "rule": {"name": "Suspicious Network Command", "authors": ["frack113", "Christopher Peacock '@securepeacock'", "SCYTHE '@scythe_io'"], "level": "low", "source": "sigma", "status": "experimental", "falsepositives": ["Administrator, hotline ask to user"], "id": "a29c1813-ab1f-4dde-b489-330b952e91ae", "logsource": {"category": "process_creation", "product": "windows"}, "references": ["https://github.com/redcanaryco/atomic-red-team/blob/f339e7da7d05f6057fdfcdd3742bfcf365fee2a9/atomics/T1016/T1016.md#atomic-test-1---system-network-configuration-discovery-on-windows"], "tags": ["attack.discovery", "attack.t1016"]}, "metadata": {"group": "Sigma", "kind": "individual", "document": {"kind": "jsonl", "path": "simulation_datasets/simulation_1/EntireSimulation_winlogbeat.jsonl"}, "timestamp": "2022-12-19T08:43:56.403+00:00", "misuse": false}}
{"event": {"@timestamp": "2022-12-19T08:43:56.424Z", "agent": {"ephemeral_id": "f998276c-afe4-4463-aba7-6d1241c5c07f", "hostname": "CLIENT2", "id": "a5ea4d3e-40c5-43d5-9a2e-ed2c48327430", "name": "CLIENT2", "type": "winlogbeat", "version": "7.10.2"}, "ecs": {"version": "1.5.0"}, "event": {"action": "Process Create (rule: ProcessCreate)", "category": ["process"], "code": 1, "created": "2022-12-19T08:46:33.767Z", "kind": "event", "module": "sysmon", "provider": "Microsoft-Windows-Sysmon", "type": ["start", "process_start"]}, "hash": {"imphash": "7c955a0abc747f57ccc4324480737ef7", "md5": "04029e121a0cfa5991749937dd22a1d9", "sha256": "9f914d42706fe215501044acd85a32d58aaef1419d404fddfa5d3b48f66ccd9f"}, "host": {"name": "CLIENT2"}, "log": {"level": "information"}, "message": "Process Create:\nRuleName: -\nUtcTime: 2022-12-19 08:43:56.424\nProcessGuid: {4901c233-244c-63a0-6000-000000000500}\nProcessId: 4648\nImage: C:\\Windows\\System32\\WindowsPowerShell\\v1.0\\powershell.exe\nFileVersion: 10.0.19041.546 (WinBuild.160101.0800)\nDescription: Windows PowerShell\nProduct: Microsoft\u00ae Windows\u00ae Operating System\nCompany: Microsoft Corporation\nOriginalFileName: PowerShell.EXE\nCommandLine: powershell \"$reg_path = 'HKLM:\\Software\\Microsoft\\Windows NT\\CurrentVersion\\Winlogon'; Set-ItemProperty -Path $reg_path -Name 'AutoAdminLogon' -Value '1'; Set-ItemProperty -Path $reg_path -Name 'DefaultDomainName' -Value 'BREACH'; Set-ItemProperty -Path $reg_path -Name 'DefaultPassword' -Value 'breach'; Set-ItemProperty -Path $reg_path -Name 'DefaultUserName' -Value 'client2'\"\nCurrentDirectory: C:\\BREACH\\\nUser: CLIENT2\\setup\nLogonGuid: {4901c233-243a-63a0-a19b-020000000000}\nLogonId: 0x29BA1\nTerminalSessionId: 1\nIntegrityLevel: High\nHashes: MD5=04029E121A0CFA5991749937DD22A1D9,SHA256=9F914D42706FE215501044ACD85A32D58AAEF1419D404FDDFA5D3B48F66CCD9F,IMPHASH=7C955A0ABC747F57CCC4324480737EF7\nParentProcessGuid: {4901c233-244c-63a0-5d00-000000000500}\nParentProcessId: 2944\nParentImage: C:\\Python37\\python.exe\nParentCommandLine: C:\\Python37\\python.exe \"C:\\BREACH\\init_tbf_client.py\" \nParentUser: CLIENT2\\setup", "process": {"args": ["powershell", "$reg_path = 'HKLM:\\Software\\Microsoft\\Windows NT\\CurrentVersion\\Winlogon'; Set-ItemProperty -Path $reg_path -Name 'AutoAdminLogon' -Value '1'; Set-ItemProperty -Path $reg_path -Name 'DefaultDomainName' -Value 'BREACH'; Set-ItemProperty -Path $reg_path -Name 'DefaultPassword' -Value 'breach'; Set-ItemProperty -Path $reg_path -Name 'DefaultUserName' -Value 'client2'"], "command_line": "powershell \"$reg_path = 'HKLM:\\Software\\Microsoft\\Windows NT\\CurrentVersion\\Winlogon'; Set-ItemProperty -Path $reg_path -Name 'AutoAdminLogon' -Value '1'; Set-ItemProperty -Path $reg_path -Name 'DefaultDomainName' -Value 'BREACH'; Set-ItemProperty -Path $reg_path -Name 'DefaultPassword' -Value 'breach'; Set-ItemProperty -Path $reg_path -Name 'DefaultUserName' -Value 'client2'\"", "entity_id": "{4901c233-244c-63a0-6000-000000000500}", "executable": "C:\\Windows\\System32\\WindowsPowerShell\\v1.0\\powershell.exe", "hash": {"md5": "04029e121a0cfa5991749937dd22a1d9", "sha256": "9f914d42706fe215501044acd85a32d58aaef1419d404fddfa5d3b48f66ccd9f"}, "name": "powershell.exe", "parent": {"args": ["C:\\Python37\\python.exe", "C:\\BREACH\\init_tbf_client.py"], "command_line": "C:\\Python37\\python.exe \"C:\\BREACH\\init_tbf_client.py\" ", "entity_id": "{4901c233-244c-63a0-5d00-000000000500}", "executable": "C:\\Python37\\python.exe", "name": "python.exe", "pid": 2944}, "pe": {"imphash": "7c955a0abc747f57ccc4324480737ef7"}, "pid": 4648, "working_directory": "C:\\BREACH\\"}, "related": {"hash": ["04029e121a0cfa5991749937dd22a1d9", "9f914d42706fe215501044acd85a32d58aaef1419d404fddfa5d3b48f66ccd9f", "7c955a0abc747f57ccc4324480737ef7"], "user": "setup"}, "user": {"domain": "CLIENT2", "name": "setup"}, "winlog": {"api": "wineventlog", "channel": "Microsoft-Windows-Sysmon/Operational", "computer_name": "CLIENT2", "event_data": {"Company": "Microsoft Corporation", "Description": "Windows PowerShell", "FileVersion": "10.0.19041.546 (WinBuild.160101.0800)", "IntegrityLevel": "High", "LogonGuid": "{4901c233-243a-63a0-a19b-020000000000}", "LogonId": "0x29ba1", "OriginalFileName": "PowerShell.EXE", "ParentUser": "CLIENT2\\setup", "Product": "Microsoft\u00ae Windows\u00ae Operating System", "RuleName": "-", "TerminalSessionId": "1"}, "event_id": 1, "opcode": "Info", "process": {"pid": 2052, "thread": {"id": 2644}}, "provider_guid": "{5770385f-c22a-43e0-bf4c-06f5698ffbd9}", "provider_name": "Microsoft-Windows-Sysmon", "record_id": 975, "task": "Process Create (rule: ProcessCreate)", "user": {"domain": "NT AUTHORITY", "identifier": "S-1-5-18", "name": "SYSTEM", "type": "User"}, "version": 5}}, "rule": {"name": "Non Interactive PowerShell", "authors": ["Roberto Rodriguez @Cyb3rWard0g (rule)", "oscd.community (improvements)"], "level": "low", "source": "sigma", "status": "experimental", "falsepositives": ["Legitimate programs executing PowerShell scripts"], "id": "f4bbd493-b796-416e-bbf2-121235348529", "logsource": {"category": "process_creation", "product": "windows"}, "references": ["https://threathunterplaybook.com/notebooks/windows/02_execution/WIN-190410151110.html"], "tags": ["attack.execution", "attack.t1059.001"]}, "metadata": {"group": "Sigma", "kind": "individual", "document": {"kind": "jsonl", "path": "simulation_datasets/simulation_1/EntireSimulation_winlogbeat.jsonl"}, "timestamp": "2022-12-19T08:43:56.424+00:00", "misuse": false}}
{"event": {"@timestamp": "2022-12-19T08:43:58.502Z", "agent": {"ephemeral_id": "f998276c-afe4-4463-aba7-6d1241c5c07f", "hostname": "CLIENT2", "id": "a5ea4d3e-40c5-43d5-9a2e-ed2c48327430", "name": "CLIENT2", "type": "winlogbeat", "version": "7.10.2"}, "ecs": {"version": "1.5.0"}, "event": {"action": "Engine Lifecycle", "category": ["process"], "code": 400, "created": "2022-12-19T08:46:32.893Z", "kind": "event", "module": "powershell", "provider": "PowerShell", "sequence": 13, "type": ["start"]}, "host": {"name": "CLIENT2"}, "log": {"level": "information"}, "message": "Engine state is changed from None to Available. \n\nDetails: \n\tNewEngineState=Available\n\tPreviousEngineState=None\n\n\tSequenceNumber=13\n\n\tHostName=ConsoleHost\n\tHostVersion=5.1.19041.1237\n\tHostId=f36ea4fc-667e-4e41-bd3e-309faaf01996\n\tHostApplication=powershell $reg_path = 'HKLM:\\Software\\Microsoft\\Windows NT\\CurrentVersion\\Winlogon'; Set-ItemProperty -Path $reg_path -Name 'AutoAdminLogon' -Value '1'; Set-ItemProperty -Path $reg_path -Name 'DefaultDomainName' -Value 'BREACH'; Set-ItemProperty -Path $reg_path -Name 'DefaultPassword' -Value 'breach'; Set-ItemProperty -Path $reg_path -Name 'DefaultUserName' -Value 'client2'\n\tEngineVersion=5.1.19041.1237\n\tRunspaceId=ae298854-e272-49e3-a699-653a21ce9fc0\n\tPipelineId=\n\tCommandName=\n\tCommandType=\n\tScriptName=\n\tCommandPath=\n\tCommandLine=", "powershell": {"engine": {"new_state": "Available", "previous_state": "None", "version": "5.1.19041.1237"}, "process": {"executable_version": "5.1.19041.1237"}, "runspace_id": "ae298854-e272-49e3-a699-653a21ce9fc0"}, "process": {"args": ["powershell", "$reg_path", "=", "'HKLM:\\Software\\Microsoft\\Windows", "NT\\CurrentVersion\\Winlogon';", "Set-ItemProperty", "-Path", "$reg_path", "-Name", "'AutoAdminLogon'", "-Value", "'1';", "Set-ItemProperty", "-Path", "$reg_path", "-Name", "'DefaultDomainName'", "-Value", "'BREACH';", "Set-ItemProperty", "-Path", "$reg_path", "-Name", "'DefaultPassword'", "-Value", "'breach';", "Set-ItemProperty", "-Path", "$reg_path", "-Name", "'DefaultUserName'", "-Value", "'client2'"], "args_count": 33, "command_line": "powershell $reg_path = 'HKLM:\\Software\\Microsoft\\Windows NT\\CurrentVersion\\Winlogon'; Set-ItemProperty -Path $reg_path -Name 'AutoAdminLogon' -Value '1'; Set-ItemProperty -Path $reg_path -Name 'DefaultDomainName' -Value 'BREACH'; Set-ItemProperty -Path $reg_path -Name 'DefaultPassword' -Value 'breach'; Set-ItemProperty -Path $reg_path -Name 'DefaultUserName' -Value 'client2'", "entity_id": "f36ea4fc-667e-4e41-bd3e-309faaf01996", "title": "ConsoleHost"}, "winlog": {"api": "wineventlog", "channel": "Windows PowerShell", "computer_name": "CLIENT2", "event_id": 400, "keywords": ["Classic"], "opcode": "Info", "provider_name": "PowerShell", "record_id": 6682, "task": "Engine Lifecycle"}}, "rule": {"name": "Alternate PowerShell Hosts", "authors": ["Roberto Rodriguez @Cyb3rWard0g"], "level": "medium", "source": "sigma", "status": "experimental", "falsepositives": ["Programs using PowerShell directly without invocation of a dedicated interpreter", "MSP Detection Searcher", "Citrix ConfigSync.ps1"], "id": "d7326048-328b-4d5e-98af-86e84b17c765", "logsource": {"category": "ps_classic_start", "definition": "fields have to be extract from event", "product": "windows"}, "references": ["https://threathunterplaybook.com/notebooks/windows/02_execution/WIN-190815181010.html"], "tags": ["attack.execution", "attack.t1059.001"]}, "metadata": {"group": "Sigma", "kind": "individual", "document": {"kind": "jsonl", "path": "simulation_datasets/simulation_1/EntireSimulation_winlogbeat.jsonl"}, "timestamp": "2022-12-19T08:43:58.502+00:00", "misuse": false}}
{"event": {"@timestamp": "2022-12-19T08:43:58.830Z", "agent": {"ephemeral_id": "f998276c-afe4-4463-aba7-6d1241c5c07f", "hostname": "CLIENT2", "id": "a5ea4d3e-40c5-43d5-9a2e-ed2c48327430", "name": "CLIENT2", "type": "winlogbeat", "version": "7.10.2"}, "ecs": {"version": "1.5.0"}, "event": {"action": "Execute a Remote Command", "category": ["process"], "code": 4104, "created": "2022-12-19T08:46:32.843Z", "kind": "event", "module": "powershell", "provider": "Microsoft-Windows-PowerShell", "type": ["info"]}, "host": {"name": "CLIENT2"}, "log": {"level": "verbose"}, "message": "Creating Scriptblock text (1 of 1):\n$reg_path = 'HKLM:\\Software\\Microsoft\\Windows NT\\CurrentVersion\\Winlogon'; Set-ItemProperty -Path $reg_path -Name 'AutoAdminLogon' -Value '1'; Set-ItemProperty -Path $reg_path -Name 'DefaultDomainName' -Value 'BREACH'; Set-ItemProperty -Path $reg_path -Name 'DefaultPassword' -Value 'breach'; Set-ItemProperty -Path $reg_path -Name 'DefaultUserName' -Value 'client2'\n\nScriptBlock ID: 15a1fb7a-f6f5-4bc9-b68e-18ac193843cb\nPath: ", "powershell": {"file": {"script_block_id": "15a1fb7a-f6f5-4bc9-b68e-18ac193843cb", "script_block_text": "$reg_path = 'HKLM:\\Software\\Microsoft\\Windows NT\\CurrentVersion\\Winlogon'; Set-ItemProperty -Path $reg_path -Name 'AutoAdminLogon' -Value '1'; Set-ItemProperty -Path $reg_path -Name 'DefaultDomainName' -Value 'BREACH'; Set-ItemProperty -Path $reg_path -Name 'DefaultPassword' -Value 'breach'; Set-ItemProperty -Path $reg_path -Name 'DefaultUserName' -Value 'client2'"}, "sequence": 1, "total": 1}, "winlog": {"activity_id": "{f92de682-1385-0000-c2ea-2df98513d901}", "api": "wineventlog", "channel": "Microsoft-Windows-PowerShell/Operational", "computer_name": "CLIENT2", "event_id": 4104, "opcode": "On create calls", "process": {"pid": 4648, "thread": {"id": 2612}}, "provider_guid": "{a0c1853b-5c40-4b15-8766-3cf1c58f985a}", "provider_name": "Microsoft-Windows-PowerShell", "record_id": 6182, "task": "Execute a Remote Command", "user": {"domain": "CLIENT2", "identifier": "S-1-5-21-1007433295-766092996-2957732838-1002", "name": "setup", "type": "User"}, "version": 1}}, "rule": {"name": "Winlogon Helper DLL", "authors": ["Timur Zinniatullin", "oscd.community"], "level": "medium", "source": "sigma", "status": "experimental", "falsepositives": ["Unknown"], "id": "851c506b-6b7c-4ce2-8802-c703009d03c0", "logsource": {"category": "ps_script", "definition": "Script block logging must be enabled", "product": "windows"}, "references": ["https://github.com/redcanaryco/atomic-red-team/blob/f339e7da7d05f6057fdfcdd3742bfcf365fee2a9/atomics/T1547.004/T1547.004.md"], "tags": ["attack.persistence", "attack.t1547.004"]}, "metadata": {"group": "Sigma", "kind": "individual", "document": {"kind": "jsonl", "path": "simulation_datasets/simulation_1/EntireSimulation_winlogbeat.jsonl"}, "timestamp": "2022-12-19T08:43:58.830+00:00", "misuse": false}}
{"event": {"@timestamp": "2022-12-19T08:43:59.010Z", "agent": {"ephemeral_id": "9f267527-6a01-4adf-bfdd-37fe019af17c", "hostname": "CLIENT3", "id": "a5ea4d3e-40c5-43d5-9a2e-ed2c48327430", "name": "CLIENT3", "type": "winlogbeat", "version": "7.10.2"}, "ecs": {"version": "1.5.0"}, "event": {"action": "Process Create (rule: ProcessCreate)", "category": ["process"], "code": 1, "created": "2022-12-19T08:46:36.307Z", "kind": "event", "module": "sysmon", "provider": "Microsoft-Windows-Sysmon", "type": ["start", "process_start"]}, "hash": {"imphash": "1002d523645a81bc52877d82d9e88417", "md5": "62f170fb07fdbb79ceb7147101406eb8", "sha256": "53e000f5aa9b3a00934319db8080bb99cb323bf48fc628a64f75d7847c265606"}, "host": {"name": "CLIENT3"}, "log": {"level": "information"}, "message": "Process Create:\nRuleName: -\nUtcTime: 2022-12-19 08:43:59.010\nProcessGuid: {4901c233-244f-63a0-5f00-000000000500}\nProcessId: 4844\nImage: C:\\Windows\\System32\\ipconfig.exe\nFileVersion: 10.0.19041.1 (WinBuild.160101.0800)\nDescription: IP Configuration Utility\nProduct: Microsoft\u00ae Windows\u00ae Operating System\nCompany: Microsoft Corporation\nOriginalFileName: ipconfig.exe\nCommandLine: ipconfig /all\nCurrentDirectory: C:\\BREACH\\\nUser: CLIENT3\\setup\nLogonGuid: {4901c233-243a-63a0-be11-020000000000}\nLogonId: 0x211BE\nTerminalSessionId: 1\nIntegrityLevel: High\nHashes: MD5=62F170FB07FDBB79CEB7147101406EB8,SHA256=53E000F5AA9B3A00934319DB8080BB99CB323BF48FC628A64F75D7847C265606,IMPHASH=1002D523645A81BC52877D82D9E88417\nParentProcessGuid: {4901c233-244e-63a0-5c00-000000000500}\nParentProcessId: 4036\nParentImage: C:\\Python37\\python.exe\nParentCommandLine: C:\\Python37\\python.exe \"C:\\BREACH\\init_tbf_client.py\" \nParentUser: CLIENT3\\setup", "process": {"args": ["ipconfig", "/all"], "command_line": "ipconfig /all", "entity_id": "{4901c233-244f-63a0-5f00-000000000500}", "executable": "C:\\Windows\\System32\\ipconfig.exe", "hash": {"md5": "62f170fb07fdbb79ceb7147101406eb8", "sha256": "53e000f5aa9b3a00934319db8080bb99cb323bf48fc628a64f75d7847c265606"}, "name": "ipconfig.exe", "parent": {"args": ["C:\\Python37\\python.exe", "C:\\BREACH\\init_tbf_client.py"], "command_line": "C:\\Python37\\python.exe \"C:\\BREACH\\init_tbf_client.py\" ", "entity_id": "{4901c233-244e-63a0-5c00-000000000500}", "executable": "C:\\Python37\\python.exe", "name": "python.exe", "pid": 4036}, "pe": {"imphash": "1002d523645a81bc52877d82d9e88417"}, "pid": 4844, "working_directory": "C:\\BREACH\\"}, "related": {"hash": ["62f170fb07fdbb79ceb7147101406eb8", "53e000f5aa9b3a00934319db8080bb99cb323bf48fc628a64f75d7847c265606", "1002d523645a81bc52877d82d9e88417"], "user": "setup"}, "user": {"domain": "CLIENT3", "name": "setup"}, "winlog": {"api": "wineventlog", "channel": "Microsoft-Windows-Sysmon/Operational", "computer_name": "CLIENT3", "event_data": {"Company": "Microsoft Corporation", "Description": "IP Configuration Utility", "FileVersion": "10.0.19041.1 (WinBuild.160101.0800)", "IntegrityLevel": "High", "LogonGuid": "{4901c233-243a-63a0-be11-020000000000}", "LogonId": "0x211be", "OriginalFileName": "ipconfig.exe", "ParentUser": "CLIENT3\\setup", "Product": "Microsoft\u00ae Windows\u00ae Operating System", "RuleName": "-", "TerminalSessionId": "1"}, "event_id": 1, "opcode": "Info", "process": {"pid": 2004, "thread": {"id": 2708}}, "provider_guid": "{5770385f-c22a-43e0-bf4c-06f5698ffbd9}", "provider_name": "Microsoft-Windows-Sysmon", "record_id": 886, "task": "Process Create (rule: ProcessCreate)", "user": {"domain": "NT AUTHORITY", "identifier": "S-1-5-18", "name": "SYSTEM", "type": "User"}, "version": 5}}, "rule": {"name": "Suspicious Network Command", "authors": ["frack113", "Christopher Peacock '@securepeacock'", "SCYTHE '@scythe_io'"], "level": "low", "source": "sigma", "status": "experimental", "falsepositives": ["Administrator, hotline ask to user"], "id": "a29c1813-ab1f-4dde-b489-330b952e91ae", "logsource": {"category": "process_creation", "product": "windows"}, "references": ["https://github.com/redcanaryco/atomic-red-team/blob/f339e7da7d05f6057fdfcdd3742bfcf365fee2a9/atomics/T1016/T1016.md#atomic-test-1---system-network-configuration-discovery-on-windows"], "tags": ["attack.discovery", "attack.t1016"]}, "metadata": {"group": "Sigma", "kind": "individual", "document": {"kind": "jsonl", "path": "simulation_datasets/simulation_1/EntireSimulation_winlogbeat.jsonl"}, "timestamp": "2022-12-19T08:43:59.010+00:00", "misuse": false}}
{"event": {"@timestamp": "2022-12-19T08:43:59.034Z", "agent": {"ephemeral_id": "9f267527-6a01-4adf-bfdd-37fe019af17c", "hostname": "CLIENT3", "id": "a5ea4d3e-40c5-43d5-9a2e-ed2c48327430", "name": "CLIENT3", "type": "winlogbeat", "version": "7.10.2"}, "ecs": {"version": "1.5.0"}, "event": {"action": "Process Create (rule: ProcessCreate)", "category": ["process"], "code": 1, "created": "2022-12-19T08:46:36.307Z", "kind": "event", "module": "sysmon", "provider": "Microsoft-Windows-Sysmon", "type": ["start", "process_start"]}, "hash": {"imphash": "1002d523645a81bc52877d82d9e88417", "md5": "62f170fb07fdbb79ceb7147101406eb8", "sha256": "53e000f5aa9b3a00934319db8080bb99cb323bf48fc628a64f75d7847c265606"}, "host": {"name": "CLIENT3"}, "log": {"level": "information"}, "message": "Process Create:\nRuleName: -\nUtcTime: 2022-12-19 08:43:59.034\nProcessGuid: {4901c233-244f-63a0-6000-000000000500}\nProcessId: 2600\nImage: C:\\Windows\\System32\\ipconfig.exe\nFileVersion: 10.0.19041.1 (WinBuild.160101.0800)\nDescription: IP Configuration Utility\nProduct: Microsoft\u00ae Windows\u00ae Operating System\nCompany: Microsoft Corporation\nOriginalFileName: ipconfig.exe\nCommandLine: ipconfig /all\nCurrentDirectory: C:\\BREACH\\\nUser: CLIENT3\\setup\nLogonGuid: {4901c233-243a-63a0-be11-020000000000}\nLogonId: 0x211BE\nTerminalSessionId: 1\nIntegrityLevel: High\nHashes: MD5=62F170FB07FDBB79CEB7147101406EB8,SHA256=53E000F5AA9B3A00934319DB8080BB99CB323BF48FC628A64F75D7847C265606,IMPHASH=1002D523645A81BC52877D82D9E88417\nParentProcessGuid: {4901c233-244e-63a0-5c00-000000000500}\nParentProcessId: 4036\nParentImage: C:\\Python37\\python.exe\nParentCommandLine: C:\\Python37\\python.exe \"C:\\BREACH\\init_tbf_client.py\" \nParentUser: CLIENT3\\setup", "process": {"args": ["ipconfig", "/all"], "command_line": "ipconfig /all", "entity_id": "{4901c233-244f-63a0-6000-000000000500}", "executable": "C:\\Windows\\System32\\ipconfig.exe", "hash": {"md5": "62f170fb07fdbb79ceb7147101406eb8", "sha256": "53e000f5aa9b3a00934319db8080bb99cb323bf48fc628a64f75d7847c265606"}, "name": "ipconfig.exe", "parent": {"args": ["C:\\Python37\\python.exe", "C:\\BREACH\\init_tbf_client.py"], "command_line": "C:\\Python37\\python.exe \"C:\\BREACH\\init_tbf_client.py\" ", "entity_id": "{4901c233-244e-63a0-5c00-000000000500}", "executable": "C:\\Python37\\python.exe", "name": "python.exe", "pid": 4036}, "pe": {"imphash": "1002d523645a81bc52877d82d9e88417"}, "pid": 2600, "working_directory": "C:\\BREACH\\"}, "related": {"hash": ["62f170fb07fdbb79ceb7147101406eb8", "53e000f5aa9b3a00934319db8080bb99cb323bf48fc628a64f75d7847c265606", "1002d523645a81bc52877d82d9e88417"], "user": "setup"}, "user": {"domain": "CLIENT3", "name": "setup"}, "winlog": {"api": "wineventlog", "channel": "Microsoft-Windows-Sysmon/Operational", "computer_name": "CLIENT3", "event_data": {"Company": "Microsoft Corporation", "Description": "IP Configuration Utility", "FileVersion": "10.0.19041.1 (WinBuild.160101.0800)", "IntegrityLevel": "High", "LogonGuid": "{4901c233-243a-63a0-be11-020000000000}", "LogonId": "0x211be", "OriginalFileName": "ipconfig.exe", "ParentUser": "CLIENT3\\setup", "Product": "Microsoft\u00ae Windows\u00ae Operating System", "RuleName": "-", "TerminalSessionId": "1"}, "event_id": 1, "opcode": "Info", "process": {"pid": 2004, "thread": {"id": 2708}}, "provider_guid": "{5770385f-c22a-43e0-bf4c-06f5698ffbd9}", "provider_name": "Microsoft-Windows-Sysmon", "record_id": 887, "task": "Process Create (rule: ProcessCreate)", "user": {"domain": "NT AUTHORITY", "identifier": "S-1-5-18", "name": "SYSTEM", "type": "User"}, "version": 5}}, "rule": {"name": "Suspicious Network Command", "authors": ["frack113", "Christopher Peacock '@securepeacock'", "SCYTHE '@scythe_io'"], "level": "low", "source": "sigma", "status": "experimental", "falsepositives": ["Administrator, hotline ask to user"], "id": "a29c1813-ab1f-4dde-b489-330b952e91ae", "logsource": {"category": "process_creation", "product": "windows"}, "references": ["https://github.com/redcanaryco/atomic-red-team/blob/f339e7da7d05f6057fdfcdd3742bfcf365fee2a9/atomics/T1016/T1016.md#atomic-test-1---system-network-configuration-discovery-on-windows"], "tags": ["attack.discovery", "attack.t1016"]}, "metadata": {"group": "Sigma", "kind": "individual", "document": {"kind": "jsonl", "path": "simulation_datasets/simulation_1/EntireSimulation_winlogbeat.jsonl"}, "timestamp": "2022-12-19T08:43:59.034+00:00", "misuse": false}}
{"event": {"@timestamp": "2022-12-19T08:43:59.102Z", "agent": {"ephemeral_id": "9f267527-6a01-4adf-bfdd-37fe019af17c", "hostname": "CLIENT3", "id": "a5ea4d3e-40c5-43d5-9a2e-ed2c48327430", "name": "CLIENT3", "type": "winlogbeat", "version": "7.10.2"}, "ecs": {"version": "1.5.0"}, "event": {"action": "Process Create (rule: ProcessCreate)", "category": ["process"], "code": 1, "created": "2022-12-19T08:46:36.402Z", "kind": "event", "module": "sysmon", "provider": "Microsoft-Windows-Sysmon", "type": ["start", "process_start"]}, "hash": {"imphash": "7c955a0abc747f57ccc4324480737ef7", "md5": "04029e121a0cfa5991749937dd22a1d9", "sha256": "9f914d42706fe215501044acd85a32d58aaef1419d404fddfa5d3b48f66ccd9f"}, "host": {"name": "CLIENT3"}, "log": {"level": "information"}, "message": "Process Create:\nRuleName: -\nUtcTime: 2022-12-19 08:43:59.102\nProcessGuid: {4901c233-244f-63a0-6200-000000000500}\nProcessId: 2620\nImage: C:\\Windows\\System32\\WindowsPowerShell\\v1.0\\powershell.exe\nFileVersion: 10.0.19041.546 (WinBuild.160101.0800)\nDescription: Windows PowerShell\nProduct: Microsoft\u00ae Windows\u00ae Operating System\nCompany: Microsoft Corporation\nOriginalFileName: PowerShell.EXE\nCommandLine: powershell \"$reg_path = 'HKLM:\\Software\\Microsoft\\Windows NT\\CurrentVersion\\Winlogon'; Set-ItemProperty -Path $reg_path -Name 'AutoAdminLogon' -Value '1'; Set-ItemProperty -Path $reg_path -Name 'DefaultDomainName' -Value 'BREACH'; Set-ItemProperty -Path $reg_path -Name 'DefaultPassword' -Value 'breach'; Set-ItemProperty -Path $reg_path -Name 'DefaultUserName' -Value 'client3'\"\nCurrentDirectory: C:\\BREACH\\\nUser: CLIENT3\\setup\nLogonGuid: {4901c233-243a-63a0-be11-020000000000}\nLogonId: 0x211BE\nTerminalSessionId: 1\nIntegrityLevel: High\nHashes: MD5=04029E121A0CFA5991749937DD22A1D9,SHA256=9F914D42706FE215501044ACD85A32D58AAEF1419D404FDDFA5D3B48F66CCD9F,IMPHASH=7C955A0ABC747F57CCC4324480737EF7\nParentProcessGuid: {4901c233-244e-63a0-5c00-000000000500}\nParentProcessId: 4036\nParentImage: C:\\Python37\\python.exe\nParentCommandLine: C:\\Python37\\python.exe \"C:\\BREACH\\init_tbf_client.py\" \nParentUser: CLIENT3\\setup", "process": {"args": ["powershell", "$reg_path = 'HKLM:\\Software\\Microsoft\\Windows NT\\CurrentVersion\\Winlogon'; Set-ItemProperty -Path $reg_path -Name 'AutoAdminLogon' -Value '1'; Set-ItemProperty -Path $reg_path -Name 'DefaultDomainName' -Value 'BREACH'; Set-ItemProperty -Path $reg_path -Name 'DefaultPassword' -Value 'breach'; Set-ItemProperty -Path $reg_path -Name 'DefaultUserName' -Value 'client3'"], "command_line": "powershell \"$reg_path = 'HKLM:\\Software\\Microsoft\\Windows NT\\CurrentVersion\\Winlogon'; Set-ItemProperty -Path $reg_path -Name 'AutoAdminLogon' -Value '1'; Set-ItemProperty -Path $reg_path -Name 'DefaultDomainName' -Value 'BREACH'; Set-ItemProperty -Path $reg_path -Name 'DefaultPassword' -Value 'breach'; Set-ItemProperty -Path $reg_path -Name 'DefaultUserName' -Value 'client3'\"", "entity_id": "{4901c233-244f-63a0-6200-000000000500}", "executable": "C:\\Windows\\System32\\WindowsPowerShell\\v1.0\\powershell.exe", "hash": {"md5": "04029e121a0cfa5991749937dd22a1d9", "sha256": "9f914d42706fe215501044acd85a32d58aaef1419d404fddfa5d3b48f66ccd9f"}, "name": "powershell.exe", "parent": {"args": ["C:\\Python37\\python.exe", "C:\\BREACH\\init_tbf_client.py"], "command_line": "C:\\Python37\\python.exe \"C:\\BREACH\\init_tbf_client.py\" ", "entity_id": "{4901c233-244e-63a0-5c00-000000000500}", "executable": "C:\\Python37\\python.exe", "name": "python.exe", "pid": 4036}, "pe": {"imphash": "7c955a0abc747f57ccc4324480737ef7"}, "pid": 2620, "working_directory": "C:\\BREACH\\"}, "related": {"hash": ["04029e121a0cfa5991749937dd22a1d9", "9f914d42706fe215501044acd85a32d58aaef1419d404fddfa5d3b48f66ccd9f", "7c955a0abc747f57ccc4324480737ef7"], "user": "setup"}, "user": {"domain": "CLIENT3", "name": "setup"}, "winlog": {"api": "wineventlog", "channel": "Microsoft-Windows-Sysmon/Operational", "computer_name": "CLIENT3", "event_data": {"Company": "Microsoft Corporation", "Description": "Windows PowerShell", "FileVersion": "10.0.19041.546 (WinBuild.160101.0800)", "IntegrityLevel": "High", "LogonGuid": "{4901c233-243a-63a0-be11-020000000000}", "LogonId": "0x211be", "OriginalFileName": "PowerShell.EXE", "ParentUser": "CLIENT3\\setup", "Product": "Microsoft\u00ae Windows\u00ae Operating System", "RuleName": "-", "TerminalSessionId": "1"}, "event_id": 1, "opcode": "Info", "process": {"pid": 2004, "thread": {"id": 2708}}, "provider_guid": "{5770385f-c22a-43e0-bf4c-06f5698ffbd9}", "provider_name": "Microsoft-Windows-Sysmon", "record_id": 889, "task": "Process Create (rule: ProcessCreate)", "user": {"domain": "NT AUTHORITY", "identifier": "S-1-5-18", "name": "SYSTEM", "type": "User"}, "version": 5}}, "rule": {"name": "Non Interactive PowerShell", "authors": ["Roberto Rodriguez @Cyb3rWard0g (rule)", "oscd.community (improvements)"], "level": "low", "source": "sigma", "status": "experimental", "falsepositives": ["Legitimate programs executing PowerShell scripts"], "id": "f4bbd493-b796-416e-bbf2-121235348529", "logsource": {"category": "process_creation", "product": "windows"}, "references": ["https://threathunterplaybook.com/notebooks/windows/02_execution/WIN-190410151110.html"], "tags": ["attack.execution", "attack.t1059.001"]}, "metadata": {"group": "Sigma", "kind": "individual", "document": {"kind": "jsonl", "path": "simulation_datasets/simulation_1/EntireSimulation_winlogbeat.jsonl"}, "timestamp": "2022-12-19T08:43:59.102+00:00", "misuse": false}}
{"event": {"@timestamp": "2022-12-19T08:43:59.609Z", "agent": {"ephemeral_id": "f998276c-afe4-4463-aba7-6d1241c5c07f", "hostname": "CLIENT2", "id": "a5ea4d3e-40c5-43d5-9a2e-ed2c48327430", "name": "CLIENT2", "type": "winlogbeat", "version": "7.10.2"}, "ecs": {"version": "1.5.0"}, "event": {"action": "Process Create (rule: ProcessCreate)", "category": ["process"], "code": 1, "created": "2022-12-19T08:46:33.768Z", "kind": "event", "module": "sysmon", "provider": "Microsoft-Windows-Sysmon", "type": ["start", "process_start"]}, "hash": {"imphash": "7c955a0abc747f57ccc4324480737ef7", "md5": "04029e121a0cfa5991749937dd22a1d9", "sha256": "9f914d42706fe215501044acd85a32d58aaef1419d404fddfa5d3b48f66ccd9f"}, "host": {"name": "CLIENT2"}, "log": {"level": "information"}, "message": "Process Create:\nRuleName: -\nUtcTime: 2022-12-19 08:43:59.609\nProcessGuid: {4901c233-244f-63a0-6800-000000000500}\nProcessId: 2584\nImage: C:\\Windows\\System32\\WindowsPowerShell\\v1.0\\powershell.exe\nFileVersion: 10.0.19041.546 (WinBuild.160101.0800)\nDescription: Windows PowerShell\nProduct: Microsoft\u00ae Windows\u00ae Operating System\nCompany: Microsoft Corporation\nOriginalFileName: PowerShell.EXE\nCommandLine: powershell \"$admin_secpwd = ConvertTo-SecureString 'breach' -AsPlainText -Force; $credential = New-Object -TypeName System.Management.Automation.PSCredential -ArgumentList 'BREACH\\Administrator', $admin_secpwd; Add-Computer -Credential $credential -DomainName 'BREACH' -Restart -Force\"\nCurrentDirectory: C:\\BREACH\\\nUser: CLIENT2\\setup\nLogonGuid: {4901c233-243a-63a0-a19b-020000000000}\nLogonId: 0x29BA1\nTerminalSessionId: 1\nIntegrityLevel: High\nHashes: MD5=04029E121A0CFA5991749937DD22A1D9,SHA256=9F914D42706FE215501044ACD85A32D58AAEF1419D404FDDFA5D3B48F66CCD9F,IMPHASH=7C955A0ABC747F57CCC4324480737EF7\nParentProcessGuid: {4901c233-244c-63a0-5d00-000000000500}\nParentProcessId: 2944\nParentImage: C:\\Python37\\python.exe\nParentCommandLine: C:\\Python37\\python.exe \"C:\\BREACH\\init_tbf_client.py\" \nParentUser: CLIENT2\\setup", "process": {"args": ["powershell", "$admin_secpwd = ConvertTo-SecureString 'breach' -AsPlainText -Force; $credential = New-Object -TypeName System.Management.Automation.PSCredential -ArgumentList 'BREACH\\Administrator', $admin_secpwd; Add-Computer -Credential $credential -DomainName 'BREACH' -Restart -Force"], "command_line": "powershell \"$admin_secpwd = ConvertTo-SecureString 'breach' -AsPlainText -Force; $credential = New-Object -TypeName System.Management.Automation.PSCredential -ArgumentList 'BREACH\\Administrator', $admin_secpwd; Add-Computer -Credential $credential -DomainName 'BREACH' -Restart -Force\"", "entity_id": "{4901c233-244f-63a0-6800-000000000500}", "executable": "C:\\Windows\\System32\\WindowsPowerShell\\v1.0\\powershell.exe", "hash": {"md5": "04029e121a0cfa5991749937dd22a1d9", "sha256": "9f914d42706fe215501044acd85a32d58aaef1419d404fddfa5d3b48f66ccd9f"}, "name": "powershell.exe", "parent": {"args": ["C:\\Python37\\python.exe", "C:\\BREACH\\init_tbf_client.py"], "command_line": "C:\\Python37\\python.exe \"C:\\BREACH\\init_tbf_client.py\" ", "entity_id": "{4901c233-244c-63a0-5d00-000000000500}", "executable": "C:\\Python37\\python.exe", "name": "python.exe", "pid": 2944}, "pe": {"imphash": "7c955a0abc747f57ccc4324480737ef7"}, "pid": 2584, "working_directory": "C:\\BREACH\\"}, "related": {"hash": ["04029e121a0cfa5991749937dd22a1d9", "9f914d42706fe215501044acd85a32d58aaef1419d404fddfa5d3b48f66ccd9f", "7c955a0abc747f57ccc4324480737ef7"], "user": "setup"}, "user": {"domain": "CLIENT2", "name": "setup"}, "winlog": {"api": "wineventlog", "channel": "Microsoft-Windows-Sysmon/Operational", "computer_name": "CLIENT2", "event_data": {"Company": "Microsoft Corporation", "Description": "Windows PowerShell", "FileVersion": "10.0.19041.546 (WinBuild.160101.0800)", "IntegrityLevel": "High", "LogonGuid": "{4901c233-243a-63a0-a19b-020000000000}", "LogonId": "0x29ba1", "OriginalFileName": "PowerShell.EXE", "ParentUser": "CLIENT2\\setup", "Product": "Microsoft\u00ae Windows\u00ae Operating System", "RuleName": "-", "TerminalSessionId": "1"}, "event_id": 1, "opcode": "Info", "process": {"pid": 2052, "thread": {"id": 2644}}, "provider_guid": "{5770385f-c22a-43e0-bf4c-06f5698ffbd9}", "provider_name": "Microsoft-Windows-Sysmon", "record_id": 982, "task": "Process Create (rule: ProcessCreate)", "user": {"domain": "NT AUTHORITY", "identifier": "S-1-5-18", "name": "SYSTEM", "type": "User"}, "version": 5}}, "rule": {"name": "Encoded PowerShell Command Line Usage of ConvertTo-SecureString", "authors": ["Teymur Kheirkhabarov (idea)", "Vasiliy Burov (rule)", "oscd.community", "Tim Shelton"], "level": "high", "source": "sigma", "status": "experimental", "falsepositives": ["Unlikely"], "id": "74403157-20f5-415d-89a7-c505779585cf", "logsource": {"category": "process_creation", "product": "windows"}, "references": ["https://speakerdeck.com/heirhabarov/hunting-for-powershell-abuse?slide=65"], "tags": ["attack.defense_evasion", "attack.t1027", "attack.execution", "attack.t1059.001"]}, "metadata": {"group": "Sigma", "kind": "individual", "document": {"kind": "jsonl", "path": "simulation_datasets/simulation_1/EntireSimulation_winlogbeat.jsonl"}, "timestamp": "2022-12-19T08:43:59.609+00:00", "misuse": false}}
{"event": {"@timestamp": "2022-12-19T08:43:59.609Z", "agent": {"ephemeral_id": "f998276c-afe4-4463-aba7-6d1241c5c07f", "hostname": "CLIENT2", "id": "a5ea4d3e-40c5-43d5-9a2e-ed2c48327430", "name": "CLIENT2", "type": "winlogbeat", "version": "7.10.2"}, "ecs": {"version": "1.5.0"}, "event": {"action": "Process Create (rule: ProcessCreate)", "category": ["process"], "code": 1, "created": "2022-12-19T08:46:33.768Z", "kind": "event", "module": "sysmon", "provider": "Microsoft-Windows-Sysmon", "type": ["start", "process_start"]}, "hash": {"imphash": "7c955a0abc747f57ccc4324480737ef7", "md5": "04029e121a0cfa5991749937dd22a1d9", "sha256": "9f914d42706fe215501044acd85a32d58aaef1419d404fddfa5d3b48f66ccd9f"}, "host": {"name": "CLIENT2"}, "log": {"level": "information"}, "message": "Process Create:\nRuleName: -\nUtcTime: 2022-12-19 08:43:59.609\nProcessGuid: {4901c233-244f-63a0-6800-000000000500}\nProcessId: 2584\nImage: C:\\Windows\\System32\\WindowsPowerShell\\v1.0\\powershell.exe\nFileVersion: 10.0.19041.546 (WinBuild.160101.0800)\nDescription: Windows PowerShell\nProduct: Microsoft\u00ae Windows\u00ae Operating System\nCompany: Microsoft Corporation\nOriginalFileName: PowerShell.EXE\nCommandLine: powershell \"$admin_secpwd = ConvertTo-SecureString 'breach' -AsPlainText -Force; $credential = New-Object -TypeName System.Management.Automation.PSCredential -ArgumentList 'BREACH\\Administrator', $admin_secpwd; Add-Computer -Credential $credential -DomainName 'BREACH' -Restart -Force\"\nCurrentDirectory: C:\\BREACH\\\nUser: CLIENT2\\setup\nLogonGuid: {4901c233-243a-63a0-a19b-020000000000}\nLogonId: 0x29BA1\nTerminalSessionId: 1\nIntegrityLevel: High\nHashes: MD5=04029E121A0CFA5991749937DD22A1D9,SHA256=9F914D42706FE215501044ACD85A32D58AAEF1419D404FDDFA5D3B48F66CCD9F,IMPHASH=7C955A0ABC747F57CCC4324480737EF7\nParentProcessGuid: {4901c233-244c-63a0-5d00-000000000500}\nParentProcessId: 2944\nParentImage: C:\\Python37\\python.exe\nParentCommandLine: C:\\Python37\\python.exe \"C:\\BREACH\\init_tbf_client.py\" \nParentUser: CLIENT2\\setup", "process": {"args": ["powershell", "$admin_secpwd = ConvertTo-SecureString 'breach' -AsPlainText -Force; $credential = New-Object -TypeName System.Management.Automation.PSCredential -ArgumentList 'BREACH\\Administrator', $admin_secpwd; Add-Computer -Credential $credential -DomainName 'BREACH' -Restart -Force"], "command_line": "powershell \"$admin_secpwd = ConvertTo-SecureString 'breach' -AsPlainText -Force; $credential = New-Object -TypeName System.Management.Automation.PSCredential -ArgumentList 'BREACH\\Administrator', $admin_secpwd; Add-Computer -Credential $credential -DomainName 'BREACH' -Restart -Force\"", "entity_id": "{4901c233-244f-63a0-6800-000000000500}", "executable": "C:\\Windows\\System32\\WindowsPowerShell\\v1.0\\powershell.exe", "hash": {"md5": "04029e121a0cfa5991749937dd22a1d9", "sha256": "9f914d42706fe215501044acd85a32d58aaef1419d404fddfa5d3b48f66ccd9f"}, "name": "powershell.exe", "parent": {"args": ["C:\\Python37\\python.exe", "C:\\BREACH\\init_tbf_client.py"], "command_line": "C:\\Python37\\python.exe \"C:\\BREACH\\init_tbf_client.py\" ", "entity_id": "{4901c233-244c-63a0-5d00-000000000500}", "executable": "C:\\Python37\\python.exe", "name": "python.exe", "pid": 2944}, "pe": {"imphash": "7c955a0abc747f57ccc4324480737ef7"}, "pid": 2584, "working_directory": "C:\\BREACH\\"}, "related": {"hash": ["04029e121a0cfa5991749937dd22a1d9", "9f914d42706fe215501044acd85a32d58aaef1419d404fddfa5d3b48f66ccd9f", "7c955a0abc747f57ccc4324480737ef7"], "user": "setup"}, "user": {"domain": "CLIENT2", "name": "setup"}, "winlog": {"api": "wineventlog", "channel": "Microsoft-Windows-Sysmon/Operational", "computer_name": "CLIENT2", "event_data": {"Company": "Microsoft Corporation", "Description": "Windows PowerShell", "FileVersion": "10.0.19041.546 (WinBuild.160101.0800)", "IntegrityLevel": "High", "LogonGuid": "{4901c233-243a-63a0-a19b-020000000000}", "LogonId": "0x29ba1", "OriginalFileName": "PowerShell.EXE", "ParentUser": "CLIENT2\\setup", "Product": "Microsoft\u00ae Windows\u00ae Operating System", "RuleName": "-", "TerminalSessionId": "1"}, "event_id": 1, "opcode": "Info", "process": {"pid": 2052, "thread": {"id": 2644}}, "provider_guid": "{5770385f-c22a-43e0-bf4c-06f5698ffbd9}", "provider_name": "Microsoft-Windows-Sysmon", "record_id": 982, "task": "Process Create (rule: ProcessCreate)", "user": {"domain": "NT AUTHORITY", "identifier": "S-1-5-18", "name": "SYSTEM", "type": "User"}, "version": 5}}, "rule": {"name": "Non Interactive PowerShell", "authors": ["Roberto Rodriguez @Cyb3rWard0g (rule)", "oscd.community (improvements)"], "level": "low", "source": "sigma", "status": "experimental", "falsepositives": ["Legitimate programs executing PowerShell scripts"], "id": "f4bbd493-b796-416e-bbf2-121235348529", "logsource": {"category": "process_creation", "product": "windows"}, "references": ["https://threathunterplaybook.com/notebooks/windows/02_execution/WIN-190410151110.html"], "tags": ["attack.execution", "attack.t1059.001"]}, "metadata": {"group": "Sigma", "kind": "individual", "document": {"kind": "jsonl", "path": "simulation_datasets/simulation_1/EntireSimulation_winlogbeat.jsonl"}, "timestamp": "2022-12-19T08:43:59.609+00:00", "misuse": false}}
