{"event": {"@timestamp": "2022-12-19T08:44:07.138Z", "agent": {"ephemeral_id": "75382475-4494-4885-af56-0a918c9c7d5b", "hostname": "CLIENT1", "id": "a5ea4d3e-40c5-43d5-9a2e-ed2c48327430", "name": "CLIENT1", "type": "winlogbeat", "version": "7.10.2"}, "ecs": {"version": "1.5.0"}, "event": {"action": "Process Create (rule: ProcessCreate)", "category": ["process"], "code": 1, "created": "2022-12-19T08:46:43.540Z", "kind": "event", "module": "sysmon", "provider": "Microsoft-Windows-Sysmon", "type": ["start", "process_start"]}, "hash": {"imphash": "7c955a0abc747f57ccc4324480737ef7", "md5": "04029e121a0cfa5991749937dd22a1d9", "sha256": "9f914d42706fe215501044acd85a32d58aaef1419d404fddfa5d3b48f66ccd9f"}, "host": {"name": "CLIENT1"}, "log": {"level": "information"}, "message": "Process Create:\nRuleName: -\nUtcTime: 2022-12-19 08:44:07.138\nProcessGuid: {4901c233-2457-63a0-6300-000000000500}\nProcessId: 2748\nImage: C:\\Windows\\System32\\WindowsPowerShell\\v1.0\\powershell.exe\nFileVersion: 10.0.19041.546 (WinBuild.160101.0800)\nDescription: Windows PowerShell\nProduct: Microsoft\u00ae Windows\u00ae Operating System\nCompany: Microsoft Corporation\nOriginalFileName: PowerShell.EXE\nCommandLine: powershell \"$reg_path = 'HKLM:\\Software\\Microsoft\\Windows NT\\CurrentVersion\\Winlogon'; Set-ItemProperty -Path $reg_path -Name 'AutoAdminLogon' -Value '1'; Set-ItemProperty -Path $reg_path -Name 'DefaultDomainName' -Value 'BREACH'; Set-ItemProperty -Path $reg_path -Name 'DefaultPassword' -Value 'breach'; Set-ItemProperty -Path $reg_path -Name 'DefaultUserName' -Value 'client1'\"\nCurrentDirectory: C:\\BREACH\\\nUser: CLIENT1\\setup\nLogonGuid: {4901c233-2441-63a0-d017-020000000000}\nLogonId: 0x217D0\nTerminalSessionId: 1\nIntegrityLevel: High\nHashes: MD5=04029E121A0CFA5991749937DD22A1D9,SHA256=9F914D42706FE215501044ACD85A32D58AAEF1419D404FDDFA5D3B48F66CCD9F,IMPHASH=7C955A0ABC747F57CCC4324480737EF7\nParentProcessGuid: {4901c233-2456-63a0-5d00-000000000500}\nParentProcessId: 4540\nParentImage: C:\\Python37\\python.exe\nParentCommandLine: C:\\Python37\\python.exe \"C:\\BREACH\\init_tbf_client.py\" \nParentUser: CLIENT1\\setup", "process": {"args": ["powershell", "$reg_path = 'HKLM:\\Software\\Microsoft\\Windows NT\\CurrentVersion\\Winlogon'; Set-ItemProperty -Path $reg_path -Name 'AutoAdminLogon' -Value '1'; Set-ItemProperty -Path $reg_path -Name 'DefaultDomainName' -Value 'BREACH'; Set-ItemProperty -Path $reg_path -Name 'DefaultPassword' -Value 'breach'; Set-ItemProperty -Path $reg_path -Name 'DefaultUserName' -Value 'client1'"], "command_line": "powershell \"$reg_path = 'HKLM:\\Software\\Microsoft\\Windows NT\\CurrentVersion\\Winlogon'; Set-ItemProperty -Path $reg_path -Name 'AutoAdminLogon' -Value '1'; Set-ItemProperty -Path $reg_path -Name 'DefaultDomainName' -Value 'BREACH'; Set-ItemProperty -Path $reg_path -Name 'DefaultPassword' -Value 'breach'; Set-ItemProperty -Path $reg_path -Name 'DefaultUserName' -Value 'client1'\"", "entity_id": "{4901c233-2457-63a0-6300-000000000500}", "executable": "C:\\Windows\\System32\\WindowsPowerShell\\v1.0\\powershell.exe", "hash": {"md5": "04029e121a0cfa5991749937dd22a1d9", "sha256": "9f914d42706fe215501044acd85a32d58aaef1419d404fddfa5d3b48f66ccd9f"}, "name": "powershell.exe", "parent": {"args": ["C:\\Python37\\python.exe", "C:\\BREACH\\init_tbf_client.py"], "command_line": "C:\\Python37\\python.exe \"C:\\BREACH\\init_tbf_client.py\" ", "entity_id": "{4901c233-2456-63a0-5d00-000000000500}", "executable": "C:\\Python37\\python.exe", "name": "python.exe", "pid": 4540}, "pe": {"imphash": "7c955a0abc747f57ccc4324480737ef7"}, "pid": 2748, "working_directory": "C:\\BREACH\\"}, "related": {"hash": ["04029e121a0cfa5991749937dd22a1d9", "9f914d42706fe215501044acd85a32d58aaef1419d404fddfa5d3b48f66ccd9f", "7c955a0abc747f57ccc4324480737ef7"], "user": "setup"}, "user": {"domain": "CLIENT1", "name": "setup"}, "winlog": {"api": "wineventlog", "channel": "Microsoft-Windows-Sysmon/Operational", "computer_name": "CLIENT1", "event_data": {"Company": "Microsoft Corporation", "Description": "Windows PowerShell", "FileVersion": "10.0.19041.546 (WinBuild.160101.0800)", "IntegrityLevel": "High", "LogonGuid": "{4901c233-2441-63a0-d017-020000000000}", "LogonId": "0x217d0", "OriginalFileName": "PowerShell.EXE", "ParentUser": "CLIENT1\\setup", "Product": "Microsoft\u00ae Windows\u00ae Operating System", "RuleName": "-", "TerminalSessionId": "1"}, "event_id": 1, "opcode": "Info", "process": {"pid": 2092, "thread": {"id": 3628}}, "provider_guid": "{5770385f-c22a-43e0-bf4c-06f5698ffbd9}", "provider_name": "Microsoft-Windows-Sysmon", "record_id": 1022, "task": "Process Create (rule: ProcessCreate)", "user": {"domain": "NT AUTHORITY", "identifier": "S-1-5-18", "name": "SYSTEM", "type": "User"}, "version": 5}}, "rule": {"name": "Non Interactive PowerShell", "authors": ["Roberto Rodriguez @Cyb3rWard0g (rule)", "oscd.community (improvements)"], "level": "low", "source": "sigma", "status": "experimental", "falsepositives": ["Legitimate programs executing PowerShell scripts"], "id": "f4bbd493-b796-416e-bbf2-121235348529", "logsource": {"category": "process_creation", "product": "windows"}, "references": ["https://threathunterplaybook.com/notebooks/windows/02_execution/WIN-190410151110.html"], "tags": ["attack.execution", "attack.t1059.001"]}, "metadata": {"group": "Sigma", "kind": "individual", "document": {"kind": "jsonl", "path": "simulation_datasets/simulation_1/EntireSimulation_winlogbeat.jsonl"}, "timestamp": "2022-12-19T08:44:07.138+00:00", "misuse": false}}
{"event": {"@timestamp": "2022-12-19T08:44:07.832Z", "agent": {"ephemeral_id": "9f267527-6a01-4adf-bfdd-37fe019af17c", "hostname": "CLIENT3", "id": "a5ea4d3e-40c5-43d5-9a2e-ed2c48327430", "name": "CLIENT3", "type": "winlogbeat", "version": "7.10.2"}, "ecs": {"version": "1.5.0"}, "event": {"action": "File created (rule: FileCreate)", "category": ["file"], "code": 11, "created": "2022-12-19T08:46:36.494Z", "kind": "event", "module": "sysmon", "provider": "Microsoft-Windows-Sysmon", "type": ["creation"]}, "file": {"directory": "C:\\Users\\setup\\AppData\\Local\\Microsoft\\OneDrive\\19.043.0304.0013_1", "extension": "exe", "name": "OneDriveSetup.exe", "path": "C:\\Users\\setup\\AppData\\Local\\Microsoft\\OneDrive\\19.043.0304.0013_1\\OneDriveSetup.exe"}, "host": {"name": "CLIENT3"}, "log": {"level": "information"}, "message": "File created:\nRuleName: EXE\nUtcTime: 2022-12-19 08:44:07.832\nProcessGuid: {4901c233-2454-63a0-6800-000000000500}\nProcessId: 4912\nImage: C:\\Windows\\SysWOW64\\OneDriveSetup.exe\nTargetFilename: C:\\Users\\setup\\AppData\\Local\\Microsoft\\OneDrive\\19.043.0304.0013_1\\OneDriveSetup.exe\nCreationUtcTime: 2022-12-19 08:44:07.832\nUser: CLIENT3\\setup", "process": {"entity_id": "{4901c233-2454-63a0-6800-000000000500}", "executable": "C:\\Windows\\SysWOW64\\OneDriveSetup.exe", "name": "OneDriveSetup.exe", "pid": 4912}, "rule": {"name": "EXE"}, "winlog": {"api": "wineventlog", "channel": "Microsoft-Windows-Sysmon/Operational", "computer_name": "CLIENT3", "event_data": {"CreationUtcTime": "2022-12-19 08:44:07.832", "User": "CLIENT3\\setup"}, "event_id": 11, "opcode": "Info", "process": {"pid": 2004, "thread": {"id": 2708}}, "provider_guid": "{5770385f-c22a-43e0-bf4c-06f5698ffbd9}", "provider_name": "Microsoft-Windows-Sysmon", "record_id": 1007, "task": "File created (rule: FileCreate)", "user": {"domain": "NT AUTHORITY", "identifier": "S-1-5-18", "name": "SYSTEM", "type": "User"}, "version": 2}}, "rule": {"name": "Creation of an Executable by an Executable", "authors": ["frack113"], "level": "low", "source": "sigma", "status": "experimental", "falsepositives": ["Software installers", "Update utilities"], "id": "297afac9-5d02-4138-8c58-b977bac60556", "logsource": {"category": "file_event", "product": "windows"}, "references": ["Malware Sandbox"], "tags": ["attack.resource_development", "attack.t1587.001"]}, "metadata": {"group": "Sigma", "kind": "individual", "document": {"kind": "jsonl", "path": "simulation_datasets/simulation_1/EntireSimulation_winlogbeat.jsonl"}, "timestamp": "2022-12-19T08:44:07.832+00:00", "misuse": false}}
{"event": {"@timestamp": "2022-12-19T08:44:07.893Z", "agent": {"ephemeral_id": "9f267527-6a01-4adf-bfdd-37fe019af17c", "hostname": "CLIENT3", "id": "a5ea4d3e-40c5-43d5-9a2e-ed2c48327430", "name": "CLIENT3", "type": "winlogbeat", "version": "7.10.2"}, "ecs": {"version": "1.5.0"}, "event": {"action": "File created (rule: FileCreate)", "category": ["file"], "code": 11, "created": "2022-12-19T08:46:36.494Z", "kind": "event", "module": "sysmon", "provider": "Microsoft-Windows-Sysmon", "type": ["creation"]}, "file": {"directory": "C:\\Users\\setup\\AppData\\Local\\Microsoft\\OneDrive", "extension": "exe", "name": "OneDrive.exe", "path": "C:\\Users\\setup\\AppData\\Local\\Microsoft\\OneDrive\\OneDrive.exe"}, "host": {"name": "CLIENT3"}, "log": {"level": "information"}, "message": "File created:\nRuleName: EXE\nUtcTime: 2022-12-19 08:44:07.893\nProcessGuid: {4901c233-2454-63a0-6800-000000000500}\nProcessId: 4912\nImage: C:\\Windows\\SysWOW64\\OneDriveSetup.exe\nTargetFilename: C:\\Users\\setup\\AppData\\Local\\Microsoft\\OneDrive\\OneDrive.exe\nCreationUtcTime: 2022-12-19 08:44:07.893\nUser: CLIENT3\\setup", "process": {"entity_id": "{4901c233-2454-63a0-6800-000000000500}", "executable": "C:\\Windows\\SysWOW64\\OneDriveSetup.exe", "name": "OneDriveSetup.exe", "pid": 4912}, "rule": {"name": "EXE"}, "winlog": {"api": "wineventlog", "channel": "Microsoft-Windows-Sysmon/Operational", "computer_name": "CLIENT3", "event_data": {"CreationUtcTime": "2022-12-19 08:44:07.893", "User": "CLIENT3\\setup"}, "event_id": 11, "opcode": "Info", "process": {"pid": 2004, "thread": {"id": 2708}}, "provider_guid": "{5770385f-c22a-43e0-bf4c-06f5698ffbd9}", "provider_name": "Microsoft-Windows-Sysmon", "record_id": 1008, "task": "File created (rule: FileCreate)", "user": {"domain": "NT AUTHORITY", "identifier": "S-1-5-18", "name": "SYSTEM", "type": "User"}, "version": 2}}, "rule": {"name": "Creation of an Executable by an Executable", "authors": ["frack113"], "level": "low", "source": "sigma", "status": "experimental", "falsepositives": ["Software installers", "Update utilities"], "id": "297afac9-5d02-4138-8c58-b977bac60556", "logsource": {"category": "file_event", "product": "windows"}, "references": ["Malware Sandbox"], "tags": ["attack.resource_development", "attack.t1587.001"]}, "metadata": {"group": "Sigma", "kind": "individual", "document": {"kind": "jsonl", "path": "simulation_datasets/simulation_1/EntireSimulation_winlogbeat.jsonl"}, "timestamp": "2022-12-19T08:44:07.893+00:00", "misuse": false}}
{"event": {"@timestamp": "2022-12-19T08:44:07.926Z", "agent": {"ephemeral_id": "9f267527-6a01-4adf-bfdd-37fe019af17c", "hostname": "CLIENT3", "id": "a5ea4d3e-40c5-43d5-9a2e-ed2c48327430", "name": "CLIENT3", "type": "winlogbeat", "version": "7.10.2"}, "ecs": {"version": "1.5.0"}, "event": {"action": "File created (rule: FileCreate)", "category": ["file"], "code": 11, "created": "2022-12-19T08:46:36.494Z", "kind": "event", "module": "sysmon", "provider": "Microsoft-Windows-Sysmon", "type": ["creation"]}, "file": {"directory": "C:\\Users\\setup\\AppData\\Local\\Microsoft\\OneDrive", "extension": "exe", "name": "OneDriveStandaloneUpdater.exe", "path": "C:\\Users\\setup\\AppData\\Local\\Microsoft\\OneDrive\\OneDriveStandaloneUpdater.exe"}, "host": {"name": "CLIENT3"}, "log": {"level": "information"}, "message": "File created:\nRuleName: EXE\nUtcTime: 2022-12-19 08:44:07.926\nProcessGuid: {4901c233-2454-63a0-6800-000000000500}\nProcessId: 4912\nImage: C:\\Windows\\SysWOW64\\OneDriveSetup.exe\nTargetFilename: C:\\Users\\setup\\AppData\\Local\\Microsoft\\OneDrive\\OneDriveStandaloneUpdater.exe\nCreationUtcTime: 2022-12-19 08:44:07.926\nUser: CLIENT3\\setup", "process": {"entity_id": "{4901c233-2454-63a0-6800-000000000500}", "executable": "C:\\Windows\\SysWOW64\\OneDriveSetup.exe", "name": "OneDriveSetup.exe", "pid": 4912}, "rule": {"name": "EXE"}, "winlog": {"api": "wineventlog", "channel": "Microsoft-Windows-Sysmon/Operational", "computer_name": "CLIENT3", "event_data": {"CreationUtcTime": "2022-12-19 08:44:07.926", "User": "CLIENT3\\setup"}, "event_id": 11, "opcode": "Info", "process": {"pid": 2004, "thread": {"id": 2708}}, "provider_guid": "{5770385f-c22a-43e0-bf4c-06f5698ffbd9}", "provider_name": "Microsoft-Windows-Sysmon", "record_id": 1009, "task": "File created (rule: FileCreate)", "user": {"domain": "NT AUTHORITY", "identifier": "S-1-5-18", "name": "SYSTEM", "type": "User"}, "version": 2}}, "rule": {"name": "Creation of an Executable by an Executable", "authors": ["frack113"], "level": "low", "source": "sigma", "status": "experimental", "falsepositives": ["Software installers", "Update utilities"], "id": "297afac9-5d02-4138-8c58-b977bac60556", "logsource": {"category": "file_event", "product": "windows"}, "references": ["Malware Sandbox"], "tags": ["attack.resource_development", "attack.t1587.001"]}, "metadata": {"group": "Sigma", "kind": "individual", "document": {"kind": "jsonl", "path": "simulation_datasets/simulation_1/EntireSimulation_winlogbeat.jsonl"}, "timestamp": "2022-12-19T08:44:07.926+00:00", "misuse": false}}
{"event": {"@timestamp": "2022-12-19T08:44:08.708Z", "agent": {"ephemeral_id": "75382475-4494-4885-af56-0a918c9c7d5b", "hostname": "CLIENT1", "id": "a5ea4d3e-40c5-43d5-9a2e-ed2c48327430", "name": "CLIENT1", "type": "winlogbeat", "version": "7.10.2"}, "ecs": {"version": "1.5.0"}, "event": {"action": "Engine Lifecycle", "category": ["process"], "code": 400, "created": "2022-12-19T08:46:42.644Z", "kind": "event", "module": "powershell", "provider": "PowerShell", "sequence": 13, "type": ["start"]}, "host": {"name": "CLIENT1"}, "log": {"level": "information"}, "message": "Engine state is changed from None to Available. \n\nDetails: \n\tNewEngineState=Available\n\tPreviousEngineState=None\n\n\tSequenceNumber=13\n\n\tHostName=ConsoleHost\n\tHostVersion=5.1.19041.1237\n\tHostId=9095fa52-c9b9-4673-9206-73c193362c68\n\tHostApplication=powershell $reg_path = 'HKLM:\\Software\\Microsoft\\Windows NT\\CurrentVersion\\Winlogon'; Set-ItemProperty -Path $reg_path -Name 'AutoAdminLogon' -Value '1'; Set-ItemProperty -Path $reg_path -Name 'DefaultDomainName' -Value 'BREACH'; Set-ItemProperty -Path $reg_path -Name 'DefaultPassword' -Value 'breach'; Set-ItemProperty -Path $reg_path -Name 'DefaultUserName' -Value 'client1'\n\tEngineVersion=5.1.19041.1237\n\tRunspaceId=39d157be-8d48-45b6-aea4-935af684d721\n\tPipelineId=\n\tCommandName=\n\tCommandType=\n\tScriptName=\n\tCommandPath=\n\tCommandLine=", "powershell": {"engine": {"new_state": "Available", "previous_state": "None", "version": "5.1.19041.1237"}, "process": {"executable_version": "5.1.19041.1237"}, "runspace_id": "39d157be-8d48-45b6-aea4-935af684d721"}, "process": {"args": ["powershell", "$reg_path", "=", "'HKLM:\\Software\\Microsoft\\Windows", "NT\\CurrentVersion\\Winlogon';", "Set-ItemProperty", "-Path", "$reg_path", "-Name", "'AutoAdminLogon'", "-Value", "'1';", "Set-ItemProperty", "-Path", "$reg_path", "-Name", "'DefaultDomainName'", "-Value", "'BREACH';", "Set-ItemProperty", "-Path", "$reg_path", "-Name", "'DefaultPassword'", "-Value", "'breach';", "Set-ItemProperty", "-Path", "$reg_path", "-Name", "'DefaultUserName'", "-Value", "'client1'"], "args_count": 33, "command_line": "powershell $reg_path = 'HKLM:\\Software\\Microsoft\\Windows NT\\CurrentVersion\\Winlogon'; Set-ItemProperty -Path $reg_path -Name 'AutoAdminLogon' -Value '1'; Set-ItemProperty -Path $reg_path -Name 'DefaultDomainName' -Value 'BREACH'; Set-ItemProperty -Path $reg_path -Name 'DefaultPassword' -Value 'breach'; Set-ItemProperty -Path $reg_path -Name 'DefaultUserName' -Value 'client1'", "entity_id": "9095fa52-c9b9-4673-9206-73c193362c68", "title": "ConsoleHost"}, "winlog": {"api": "wineventlog", "channel": "Windows PowerShell", "computer_name": "CLIENT1", "event_id": 400, "keywords": ["Classic"], "opcode": "Info", "provider_name": "PowerShell", "record_id": 6682, "task": "Engine Lifecycle"}}, "rule": {"name": "Alternate PowerShell Hosts", "authors": ["Roberto Rodriguez @Cyb3rWard0g"], "level": "medium", "source": "sigma", "status": "experimental", "falsepositives": ["Programs using PowerShell directly without invocation of a dedicated interpreter", "MSP Detection Searcher", "Citrix ConfigSync.ps1"], "id": "d7326048-328b-4d5e-98af-86e84b17c765", "logsource": {"category": "ps_classic_start", "definition": "fields have to be extract from event", "product": "windows"}, "references": ["https://threathunterplaybook.com/notebooks/windows/02_execution/WIN-190815181010.html"], "tags": ["attack.execution", "attack.t1059.001"]}, "metadata": {"group": "Sigma", "kind": "individual", "document": {"kind": "jsonl", "path": "simulation_datasets/simulation_1/EntireSimulation_winlogbeat.jsonl"}, "timestamp": "2022-12-19T08:44:08.708+00:00", "misuse": false}}
{"event": {"@timestamp": "2022-12-19T08:44:08.963Z", "agent": {"ephemeral_id": "75382475-4494-4885-af56-0a918c9c7d5b", "hostname": "CLIENT1", "id": "a5ea4d3e-40c5-43d5-9a2e-ed2c48327430", "name": "CLIENT1", "type": "winlogbeat", "version": "7.10.2"}, "ecs": {"version": "1.5.0"}, "event": {"action": "Execute a Remote Command", "category": ["process"], "code": 4104, "created": "2022-12-19T08:46:42.523Z", "kind": "event", "module": "powershell", "provider": "Microsoft-Windows-PowerShell", "type": ["info"]}, "host": {"name": "CLIENT1"}, "log": {"level": "verbose"}, "message": "Creating Scriptblock text (1 of 1):\n$reg_path = 'HKLM:\\Software\\Microsoft\\Windows NT\\CurrentVersion\\Winlogon'; Set-ItemProperty -Path $reg_path -Name 'AutoAdminLogon' -Value '1'; Set-ItemProperty -Path $reg_path -Name 'DefaultDomainName' -Value 'BREACH'; Set-ItemProperty -Path $reg_path -Name 'DefaultPassword' -Value 'breach'; Set-ItemProperty -Path $reg_path -Name 'DefaultUserName' -Value 'client1'\n\nScriptBlock ID: 746d45bb-5730-4647-b62f-a334f5f58f62\nPath: ", "powershell": {"file": {"script_block_id": "746d45bb-5730-4647-b62f-a334f5f58f62", "script_block_text": "$reg_path = 'HKLM:\\Software\\Microsoft\\Windows NT\\CurrentVersion\\Winlogon'; Set-ItemProperty -Path $reg_path -Name 'AutoAdminLogon' -Value '1'; Set-ItemProperty -Path $reg_path -Name 'DefaultDomainName' -Value 'BREACH'; Set-ItemProperty -Path $reg_path -Name 'DefaultPassword' -Value 'breach'; Set-ItemProperty -Path $reg_path -Name 'DefaultUserName' -Value 'client1'"}, "sequence": 1, "total": 1}, "winlog": {"activity_id": "{fdf7885b-1385-0001-5f8c-f7fd8513d901}", "api": "wineventlog", "channel": "Microsoft-Windows-PowerShell/Operational", "computer_name": "CLIENT1", "event_id": 4104, "opcode": "On create calls", "process": {"pid": 2748, "thread": {"id": 5192}}, "provider_guid": "{a0c1853b-5c40-4b15-8766-3cf1c58f985a}", "provider_name": "Microsoft-Windows-PowerShell", "record_id": 6182, "task": "Execute a Remote Command", "user": {"domain": "CLIENT1", "identifier": "S-1-5-21-1007433295-766092996-2957732838-1002", "name": "setup", "type": "User"}, "version": 1}}, "rule": {"name": "Winlogon Helper DLL", "authors": ["Timur Zinniatullin", "oscd.community"], "level": "medium", "source": "sigma", "status": "experimental", "falsepositives": ["Unknown"], "id": "851c506b-6b7c-4ce2-8802-c703009d03c0", "logsource": {"category": "ps_script", "definition": "Script block logging must be enabled", "product": "windows"}, "references": ["https://github.com/redcanaryco/atomic-red-team/blob/f339e7da7d05f6057fdfcdd3742bfcf365fee2a9/atomics/T1547.004/T1547.004.md"], "tags": ["attack.persistence", "attack.t1547.004"]}, "metadata": {"group": "Sigma", "kind": "individual", "document": {"kind": "jsonl", "path": "simulation_datasets/simulation_1/EntireSimulation_winlogbeat.jsonl"}, "timestamp": "2022-12-19T08:44:08.963+00:00", "misuse": false}}
{"event": {"@timestamp": "2022-12-19T08:44:08.991Z", "agent": {"ephemeral_id": "9f267527-6a01-4adf-bfdd-37fe019af17c", "hostname": "CLIENT3", "id": "a5ea4d3e-40c5-43d5-9a2e-ed2c48327430", "name": "CLIENT3", "type": "winlogbeat", "version": "7.10.2"}, "destination": {"domain": "-", "ip": "93.184.220.29", "port": 80}, "ecs": {"version": "1.5.0"}, "event": {"action": "Network connection detected (rule: NetworkConnect)", "category": ["network"], "code": 3, "created": "2022-12-19T08:46:36.645Z", "kind": "event", "module": "sysmon", "provider": "Microsoft-Windows-Sysmon", "type": ["connection", "start", "protocol"]}, "host": {"name": "CLIENT3"}, "log": {"level": "information"}, "message": "Network connection detected:\nRuleName: Usermode\nUtcTime: 2022-12-19 08:44:08.991\nProcessGuid: {4901c233-2458-63a0-6b00-000000000500}\nProcessId: 2592\nImage: C:\\Users\\setup\\AppData\\Local\\Microsoft\\OneDrive\\OneDrive.exe\nUser: CLIENT3\\setup\nProtocol: tcp\nInitiated: true\nSourceIsIpv6: false\nSourceIp: 172.16.1.3\nSourceHostname: CLIENT3.breach.local\nSourcePort: 49703\nSourcePortName: -\nDestinationIsIpv6: false\nDestinationIp: 93.184.220.29\nDestinationHostname: -\nDestinationPort: 80\nDestinationPortName: http", "network": {"community_id": "1:e+q5hfE2o9b4K/engOjCOadttZE=", "direction": "outbound", "protocol": "http", "transport": "tcp", "type": "ipv4"}, "process": {"entity_id": "{4901c233-2458-63a0-6b00-000000000500}", "executable": "C:\\Users\\setup\\AppData\\Local\\Microsoft\\OneDrive\\OneDrive.exe", "name": "OneDrive.exe", "pid": 2592}, "related": {"ip": ["172.16.1.3", "93.184.220.29"], "user": "setup"}, "rule": {"name": "Usermode"}, "source": {"domain": "CLIENT3.breach.local", "ip": "172.16.1.3", "port": 49703}, "user": {"domain": "CLIENT3", "name": "setup"}, "winlog": {"api": "wineventlog", "channel": "Microsoft-Windows-Sysmon/Operational", "computer_name": "CLIENT3", "event_data": {"SourcePortName": "-"}, "event_id": 3, "opcode": "Info", "process": {"pid": 2004, "thread": {"id": 2716}}, "provider_guid": "{5770385f-c22a-43e0-bf4c-06f5698ffbd9}", "provider_name": "Microsoft-Windows-Sysmon", "record_id": 1102, "task": "Network connection detected (rule: NetworkConnect)", "user": {"domain": "NT AUTHORITY", "identifier": "S-1-5-18", "name": "SYSTEM", "type": "User"}, "version": 5}}, "rule": {"name": "Cleartext Protocol Usage", "authors": ["Alexandr Yampolskyi", "SOC Prime"], "level": "low", "source": "sigma", "status": "stable", "falsepositives": ["Unknown"], "id": "7e4bfe58-4a47-4709-828d-d86c78b7cc1f", "logsource": {"service": "netflow"}, "references": ["https://www.cisecurity.org/controls/cis-controls-list/", "https://www.pcisecuritystandards.org/documents/PCI_DSS_v3-2-1.pdf", "https://nvlpubs.nist.gov/nistpubs/CSWP/NIST.CSWP.04162018.pdf"]}, "metadata": {"group": "Sigma", "kind": "individual", "document": {"kind": "jsonl", "path": "simulation_datasets/simulation_1/EntireSimulation_winlogbeat.jsonl"}, "timestamp": "2022-12-19T08:44:08.991+00:00", "misuse": false}}
{"event": {"@timestamp": "2022-12-19T08:44:09.473Z", "agent": {"ephemeral_id": "75382475-4494-4885-af56-0a918c9c7d5b", "hostname": "CLIENT1", "id": "a5ea4d3e-40c5-43d5-9a2e-ed2c48327430", "name": "CLIENT1", "type": "winlogbeat", "version": "7.10.2"}, "ecs": {"version": "1.5.0"}, "event": {"action": "File created (rule: FileCreate)", "category": ["file"], "code": 11, "created": "2022-12-19T08:46:43.541Z", "kind": "event", "module": "sysmon", "provider": "Microsoft-Windows-Sysmon", "type": ["creation"]}, "file": {"directory": "C:\\Users\\setup\\AppData\\Local\\Microsoft\\OneDrive\\Update", "extension": "exe", "name": "OneDriveSetup.exe", "path": "C:\\Users\\setup\\AppData\\Local\\Microsoft\\OneDrive\\Update\\OneDriveSetup.exe"}, "host": {"name": "CLIENT1"}, "log": {"level": "information"}, "message": "File created:\nRuleName: EXE\nUtcTime: 2022-12-19 08:44:09.473\nProcessGuid: {4901c233-2455-63a0-5a00-000000000500}\nProcessId: 3800\nImage: C:\\Users\\setup\\AppData\\Local\\Microsoft\\OneDrive\\OneDrive.exe\nTargetFilename: C:\\Users\\setup\\AppData\\Local\\Microsoft\\OneDrive\\Update\\OneDriveSetup.exe\nCreationUtcTime: 2022-12-19 08:44:09.473\nUser: CLIENT1\\setup", "process": {"entity_id": "{4901c233-2455-63a0-5a00-000000000500}", "executable": "C:\\Users\\setup\\AppData\\Local\\Microsoft\\OneDrive\\OneDrive.exe", "name": "OneDrive.exe", "pid": 3800}, "rule": {"name": "EXE"}, "winlog": {"api": "wineventlog", "channel": "Microsoft-Windows-Sysmon/Operational", "computer_name": "CLIENT1", "event_data": {"CreationUtcTime": "2022-12-19 08:44:09.473", "User": "CLIENT1\\setup"}, "event_id": 11, "opcode": "Info", "process": {"pid": 2092, "thread": {"id": 3628}}, "provider_guid": "{5770385f-c22a-43e0-bf4c-06f5698ffbd9}", "provider_name": "Microsoft-Windows-Sysmon", "record_id": 1027, "task": "File created (rule: FileCreate)", "user": {"domain": "NT AUTHORITY", "identifier": "S-1-5-18", "name": "SYSTEM", "type": "User"}, "version": 2}}, "rule": {"name": "Creation of an Executable by an Executable", "authors": ["frack113"], "level": "low", "source": "sigma", "status": "experimental", "falsepositives": ["Software installers", "Update utilities"], "id": "297afac9-5d02-4138-8c58-b977bac60556", "logsource": {"category": "file_event", "product": "windows"}, "references": ["Malware Sandbox"], "tags": ["attack.resource_development", "attack.t1587.001"]}, "metadata": {"group": "Sigma", "kind": "individual", "document": {"kind": "jsonl", "path": "simulation_datasets/simulation_1/EntireSimulation_winlogbeat.jsonl"}, "timestamp": "2022-12-19T08:44:09.473+00:00", "misuse": false}}
{"event": {"@timestamp": "2022-12-19T08:44:09.758Z", "agent": {"ephemeral_id": "75382475-4494-4885-af56-0a918c9c7d5b", "hostname": "CLIENT1", "id": "a5ea4d3e-40c5-43d5-9a2e-ed2c48327430", "name": "CLIENT1", "type": "winlogbeat", "version": "7.10.2"}, "ecs": {"version": "1.5.0"}, "event": {"action": "Process Create (rule: ProcessCreate)", "category": ["process"], "code": 1, "created": "2022-12-19T08:46:43.541Z", "kind": "event", "module": "sysmon", "provider": "Microsoft-Windows-Sysmon", "type": ["start", "process_start"]}, "hash": {"imphash": "7c955a0abc747f57ccc4324480737ef7", "md5": "04029e121a0cfa5991749937dd22a1d9", "sha256": "9f914d42706fe215501044acd85a32d58aaef1419d404fddfa5d3b48f66ccd9f"}, "host": {"name": "CLIENT1"}, "log": {"level": "information"}, "message": "Process Create:\nRuleName: -\nUtcTime: 2022-12-19 08:44:09.758\nProcessGuid: {4901c233-2459-63a0-6800-000000000500}\nProcessId: 5236\nImage: C:\\Windows\\System32\\WindowsPowerShell\\v1.0\\powershell.exe\nFileVersion: 10.0.19041.546 (WinBuild.160101.0800)\nDescription: Windows PowerShell\nProduct: Microsoft\u00ae Windows\u00ae Operating System\nCompany: Microsoft Corporation\nOriginalFileName: PowerShell.EXE\nCommandLine: powershell \"$admin_secpwd = ConvertTo-SecureString 'breach' -AsPlainText -Force; $credential = New-Object -TypeName System.Management.Automation.PSCredential -ArgumentList 'BREACH\\Administrator', $admin_secpwd; Add-Computer -Credential $credential -DomainName 'BREACH' -Restart -Force\"\nCurrentDirectory: C:\\BREACH\\\nUser: CLIENT1\\setup\nLogonGuid: {4901c233-2441-63a0-d017-020000000000}\nLogonId: 0x217D0\nTerminalSessionId: 1\nIntegrityLevel: High\nHashes: MD5=04029E121A0CFA5991749937DD22A1D9,SHA256=9F914D42706FE215501044ACD85A32D58AAEF1419D404FDDFA5D3B48F66CCD9F,IMPHASH=7C955A0ABC747F57CCC4324480737EF7\nParentProcessGuid: {4901c233-2456-63a0-5d00-000000000500}\nParentProcessId: 4540\nParentImage: C:\\Python37\\python.exe\nParentCommandLine: C:\\Python37\\python.exe \"C:\\BREACH\\init_tbf_client.py\" \nParentUser: CLIENT1\\setup", "process": {"args": ["powershell", "$admin_secpwd = ConvertTo-SecureString 'breach' -AsPlainText -Force; $credential = New-Object -TypeName System.Management.Automation.PSCredential -ArgumentList 'BREACH\\Administrator', $admin_secpwd; Add-Computer -Credential $credential -DomainName 'BREACH' -Restart -Force"], "command_line": "powershell \"$admin_secpwd = ConvertTo-SecureString 'breach' -AsPlainText -Force; $credential = New-Object -TypeName System.Management.Automation.PSCredential -ArgumentList 'BREACH\\Administrator', $admin_secpwd; Add-Computer -Credential $credential -DomainName 'BREACH' -Restart -Force\"", "entity_id": "{4901c233-2459-63a0-6800-000000000500}", "executable": "C:\\Windows\\System32\\WindowsPowerShell\\v1.0\\powershell.exe", "hash": {"md5": "04029e121a0cfa5991749937dd22a1d9", "sha256": "9f914d42706fe215501044acd85a32d58aaef1419d404fddfa5d3b48f66ccd9f"}, "name": "powershell.exe", "parent": {"args": ["C:\\Python37\\python.exe", "C:\\BREACH\\init_tbf_client.py"], "command_line": "C:\\Python37\\python.exe \"C:\\BREACH\\init_tbf_client.py\" ", "entity_id": "{4901c233-2456-63a0-5d00-000000000500}", "executable": "C:\\Python37\\python.exe", "name": "python.exe", "pid": 4540}, "pe": {"imphash": "7c955a0abc747f57ccc4324480737ef7"}, "pid": 5236, "working_directory": "C:\\BREACH\\"}, "related": {"hash": ["04029e121a0cfa5991749937dd22a1d9", "9f914d42706fe215501044acd85a32d58aaef1419d404fddfa5d3b48f66ccd9f", "7c955a0abc747f57ccc4324480737ef7"], "user": "setup"}, "user": {"domain": "CLIENT1", "name": "setup"}, "winlog": {"api": "wineventlog", "channel": "Microsoft-Windows-Sysmon/Operational", "computer_name": "CLIENT1", "event_data": {"Company": "Microsoft Corporation", "Description": "Windows PowerShell", "FileVersion": "10.0.19041.546 (WinBuild.160101.0800)", "IntegrityLevel": "High", "LogonGuid": "{4901c233-2441-63a0-d017-020000000000}", "LogonId": "0x217d0", "OriginalFileName": "PowerShell.EXE", "ParentUser": "CLIENT1\\setup", "Product": "Microsoft\u00ae Windows\u00ae Operating System", "RuleName": "-", "TerminalSessionId": "1"}, "event_id": 1, "opcode": "Info", "process": {"pid": 2092, "thread": {"id": 3628}}, "provider_guid": "{5770385f-c22a-43e0-bf4c-06f5698ffbd9}", "provider_name": "Microsoft-Windows-Sysmon", "record_id": 1028, "task": "Process Create (rule: ProcessCreate)", "user": {"domain": "NT AUTHORITY", "identifier": "S-1-5-18", "name": "SYSTEM", "type": "User"}, "version": 5}}, "rule": {"name": "Encoded PowerShell Command Line Usage of ConvertTo-SecureString", "authors": ["Teymur Kheirkhabarov (idea)", "Vasiliy Burov (rule)", "oscd.community", "Tim Shelton"], "level": "high", "source": "sigma", "status": "experimental", "falsepositives": ["Unlikely"], "id": "74403157-20f5-415d-89a7-c505779585cf", "logsource": {"category": "process_creation", "product": "windows"}, "references": ["https://speakerdeck.com/heirhabarov/hunting-for-powershell-abuse?slide=65"], "tags": ["attack.defense_evasion", "attack.t1027", "attack.execution", "attack.t1059.001"]}, "metadata": {"group": "Sigma", "kind": "individual", "document": {"kind": "jsonl", "path": "simulation_datasets/simulation_1/EntireSimulation_winlogbeat.jsonl"}, "timestamp": "2022-12-19T08:44:09.758+00:00", "misuse": false}}
{"event": {"@timestamp": "2022-12-19T08:44:09.758Z", "agent": {"ephemeral_id": "75382475-4494-4885-af56-0a918c9c7d5b", "hostname": "CLIENT1", "id": "a5ea4d3e-40c5-43d5-9a2e-ed2c48327430", "name": "CLIENT1", "type": "winlogbeat", "version": "7.10.2"}, "ecs": {"version": "1.5.0"}, "event": {"action": "Process Create (rule: ProcessCreate)", "category": ["process"], "code": 1, "created": "2022-12-19T08:46:43.541Z", "kind": "event", "module": "sysmon", "provider": "Microsoft-Windows-Sysmon", "type": ["start", "process_start"]}, "hash": {"imphash": "7c955a0abc747f57ccc4324480737ef7", "md5": "04029e121a0cfa5991749937dd22a1d9", "sha256": "9f914d42706fe215501044acd85a32d58aaef1419d404fddfa5d3b48f66ccd9f"}, "host": {"name": "CLIENT1"}, "log": {"level": "information"}, "message": "Process Create:\nRuleName: -\nUtcTime: 2022-12-19 08:44:09.758\nProcessGuid: {4901c233-2459-63a0-6800-000000000500}\nProcessId: 5236\nImage: C:\\Windows\\System32\\WindowsPowerShell\\v1.0\\powershell.exe\nFileVersion: 10.0.19041.546 (WinBuild.160101.0800)\nDescription: Windows PowerShell\nProduct: Microsoft\u00ae Windows\u00ae Operating System\nCompany: Microsoft Corporation\nOriginalFileName: PowerShell.EXE\nCommandLine: powershell \"$admin_secpwd = ConvertTo-SecureString 'breach' -AsPlainText -Force; $credential = New-Object -TypeName System.Management.Automation.PSCredential -ArgumentList 'BREACH\\Administrator', $admin_secpwd; Add-Computer -Credential $credential -DomainName 'BREACH' -Restart -Force\"\nCurrentDirectory: C:\\BREACH\\\nUser: CLIENT1\\setup\nLogonGuid: {4901c233-2441-63a0-d017-020000000000}\nLogonId: 0x217D0\nTerminalSessionId: 1\nIntegrityLevel: High\nHashes: MD5=04029E121A0CFA5991749937DD22A1D9,SHA256=9F914D42706FE215501044ACD85A32D58AAEF1419D404FDDFA5D3B48F66CCD9F,IMPHASH=7C955A0ABC747F57CCC4324480737EF7\nParentProcessGuid: {4901c233-2456-63a0-5d00-000000000500}\nParentProcessId: 4540\nParentImage: C:\\Python37\\python.exe\nParentCommandLine: C:\\Python37\\python.exe \"C:\\BREACH\\init_tbf_client.py\" \nParentUser: CLIENT1\\setup", "process": {"args": ["powershell", "$admin_secpwd = ConvertTo-SecureString 'breach' -AsPlainText -Force; $credential = New-Object -TypeName System.Management.Automation.PSCredential -ArgumentList 'BREACH\\Administrator', $admin_secpwd; Add-Computer -Credential $credential -DomainName 'BREACH' -Restart -Force"], "command_line": "powershell \"$admin_secpwd = ConvertTo-SecureString 'breach' -AsPlainText -Force; $credential = New-Object -TypeName System.Management.Automation.PSCredential -ArgumentList 'BREACH\\Administrator', $admin_secpwd; Add-Computer -Credential $credential -DomainName 'BREACH' -Restart -Force\"", "entity_id": "{4901c233-2459-63a0-6800-000000000500}", "executable": "C:\\Windows\\System32\\WindowsPowerShell\\v1.0\\powershell.exe", "hash": {"md5": "04029e121a0cfa5991749937dd22a1d9", "sha256": "9f914d42706fe215501044acd85a32d58aaef1419d404fddfa5d3b48f66ccd9f"}, "name": "powershell.exe", "parent": {"args": ["C:\\Python37\\python.exe", "C:\\BREACH\\init_tbf_client.py"], "command_line": "C:\\Python37\\python.exe \"C:\\BREACH\\init_tbf_client.py\" ", "entity_id": "{4901c233-2456-63a0-5d00-000000000500}", "executable": "C:\\Python37\\python.exe", "name": "python.exe", "pid": 4540}, "pe": {"imphash": "7c955a0abc747f57ccc4324480737ef7"}, "pid": 5236, "working_directory": "C:\\BREACH\\"}, "related": {"hash": ["04029e121a0cfa5991749937dd22a1d9", "9f914d42706fe215501044acd85a32d58aaef1419d404fddfa5d3b48f66ccd9f", "7c955a0abc747f57ccc4324480737ef7"], "user": "setup"}, "user": {"domain": "CLIENT1", "name": "setup"}, "winlog": {"api": "wineventlog", "channel": "Microsoft-Windows-Sysmon/Operational", "computer_name": "CLIENT1", "event_data": {"Company": "Microsoft Corporation", "Description": "Windows PowerShell", "FileVersion": "10.0.19041.546 (WinBuild.160101.0800)", "IntegrityLevel": "High", "LogonGuid": "{4901c233-2441-63a0-d017-020000000000}", "LogonId": "0x217d0", "OriginalFileName": "PowerShell.EXE", "ParentUser": "CLIENT1\\setup", "Product": "Microsoft\u00ae Windows\u00ae Operating System", "RuleName": "-", "TerminalSessionId": "1"}, "event_id": 1, "opcode": "Info", "process": {"pid": 2092, "thread": {"id": 3628}}, "provider_guid": "{5770385f-c22a-43e0-bf4c-06f5698ffbd9}", "provider_name": "Microsoft-Windows-Sysmon", "record_id": 1028, "task": "Process Create (rule: ProcessCreate)", "user": {"domain": "NT AUTHORITY", "identifier": "S-1-5-18", "name": "SYSTEM", "type": "User"}, "version": 5}}, "rule": {"name": "Non Interactive PowerShell", "authors": ["Roberto Rodriguez @Cyb3rWard0g (rule)", "oscd.community (improvements)"], "level": "low", "source": "sigma", "status": "experimental", "falsepositives": ["Legitimate programs executing PowerShell scripts"], "id": "f4bbd493-b796-416e-bbf2-121235348529", "logsource": {"category": "process_creation", "product": "windows"}, "references": ["https://threathunterplaybook.com/notebooks/windows/02_execution/WIN-190410151110.html"], "tags": ["attack.execution", "attack.t1059.001"]}, "metadata": {"group": "Sigma", "kind": "individual", "document": {"kind": "jsonl", "path": "simulation_datasets/simulation_1/EntireSimulation_winlogbeat.jsonl"}, "timestamp": "2022-12-19T08:44:09.758+00:00", "misuse": false}}
{"event": {"@timestamp": "2022-12-19T08:44:11.973Z", "agent": {"ephemeral_id": "75382475-4494-4885-af56-0a918c9c7d5b", "hostname": "CLIENT1", "id": "a5ea4d3e-40c5-43d5-9a2e-ed2c48327430", "name": "CLIENT1", "type": "winlogbeat", "version": "7.10.2"}, "ecs": {"version": "1.5.0"}, "event": {"action": "Engine Lifecycle", "category": ["process"], "code": 400, "created": "2022-12-19T08:46:42.650Z", "kind": "event", "module": "powershell", "provider": "PowerShell", "sequence": 13, "type": ["start"]}, "host": {"name": "CLIENT1"}, "log": {"level": "information"}, "message": "Engine state is changed from None to Available. \n\nDetails: \n\tNewEngineState=Available\n\tPreviousEngineState=None\n\n\tSequenceNumber=13\n\n\tHostName=ConsoleHost\n\tHostVersion=5.1.19041.1237\n\tHostId=edd8ad9e-f9ee-4a67-b87f-4b3237304b61\n\tHostApplication=powershell $admin_secpwd = ConvertTo-SecureString 'breach' -AsPlainText -Force; $credential = New-Object -TypeName System.Management.Automation.PSCredential -ArgumentList 'BREACH\\Administrator', $admin_secpwd; Add-Computer -Credential $credential -DomainName 'BREACH' -Restart -Force\n\tEngineVersion=5.1.19041.1237\n\tRunspaceId=c31060dc-8c12-4094-8cf6-121269bf84d0\n\tPipelineId=\n\tCommandName=\n\tCommandType=\n\tScriptName=\n\tCommandPath=\n\tCommandLine=", "powershell": {"engine": {"new_state": "Available", "previous_state": "None", "version": "5.1.19041.1237"}, "process": {"executable_version": "5.1.19041.1237"}, "runspace_id": "c31060dc-8c12-4094-8cf6-121269bf84d0"}, "process": {"args": ["powershell", "$admin_secpwd", "=", "ConvertTo-SecureString", "'breach'", "-AsPlainText", "-Force;", "$credential", "=", "New-Object", "-TypeName", "System.Management.Automation.PSCredential", "-ArgumentList", "'BREACH\\Administrator',", "$admin_secpwd;", "Add-Computer", "-Credential", "$credential", "-DomainName", "'BREACH'", "-Restart", "-Force"], "args_count": 22, "command_line": "powershell $admin_secpwd = ConvertTo-SecureString 'breach' -AsPlainText -Force; $credential = New-Object -TypeName System.Management.Automation.PSCredential -ArgumentList 'BREACH\\Administrator', $admin_secpwd; Add-Computer -Credential $credential -DomainName 'BREACH' -Restart -Force", "entity_id": "edd8ad9e-f9ee-4a67-b87f-4b3237304b61", "title": "ConsoleHost"}, "winlog": {"api": "wineventlog", "channel": "Windows PowerShell", "computer_name": "CLIENT1", "event_id": 400, "keywords": ["Classic"], "opcode": "Info", "provider_name": "PowerShell", "record_id": 6695, "task": "Engine Lifecycle"}}, "rule": {"name": "Alternate PowerShell Hosts", "authors": ["Roberto Rodriguez @Cyb3rWard0g"], "level": "medium", "source": "sigma", "status": "experimental", "falsepositives": ["Programs using PowerShell directly without invocation of a dedicated interpreter", "MSP Detection Searcher", "Citrix ConfigSync.ps1"], "id": "d7326048-328b-4d5e-98af-86e84b17c765", "logsource": {"category": "ps_classic_start", "definition": "fields have to be extract from event", "product": "windows"}, "references": ["https://threathunterplaybook.com/notebooks/windows/02_execution/WIN-190815181010.html"], "tags": ["attack.execution", "attack.t1059.001"]}, "metadata": {"group": "Sigma", "kind": "individual", "document": {"kind": "jsonl", "path": "simulation_datasets/simulation_1/EntireSimulation_winlogbeat.jsonl"}, "timestamp": "2022-12-19T08:44:11.973+00:00", "misuse": false}}
{"event": {"@timestamp": "2022-12-19T08:44:12.272Z", "agent": {"ephemeral_id": "9f267527-6a01-4adf-bfdd-37fe019af17c", "hostname": "CLIENT3", "id": "a5ea4d3e-40c5-43d5-9a2e-ed2c48327430", "name": "CLIENT3", "type": "winlogbeat", "version": "7.10.2"}, "ecs": {"version": "1.5.0"}, "event": {"action": "File created (rule: FileCreate)", "category": ["file"], "code": 11, "created": "2022-12-19T08:46:36.645Z", "kind": "event", "module": "sysmon", "provider": "Microsoft-Windows-Sysmon", "type": ["creation"]}, "file": {"directory": "C:\\Users\\setup\\AppData\\Local\\Microsoft\\OneDrive\\Update", "extension": "exe", "name": "OneDriveSetup.exe", "path": "C:\\Users\\setup\\AppData\\Local\\Microsoft\\OneDrive\\Update\\OneDriveSetup.exe"}, "host": {"name": "CLIENT3"}, "log": {"level": "information"}, "message": "File created:\nRuleName: EXE\nUtcTime: 2022-12-19 08:44:12.272\nProcessGuid: {4901c233-2458-63a0-6b00-000000000500}\nProcessId: 2592\nImage: C:\\Users\\setup\\AppData\\Local\\Microsoft\\OneDrive\\OneDrive.exe\nTargetFilename: C:\\Users\\setup\\AppData\\Local\\Microsoft\\OneDrive\\Update\\OneDriveSetup.exe\nCreationUtcTime: 2022-12-19 08:44:12.272\nUser: CLIENT3\\setup", "process": {"entity_id": "{4901c233-2458-63a0-6b00-000000000500}", "executable": "C:\\Users\\setup\\AppData\\Local\\Microsoft\\OneDrive\\OneDrive.exe", "name": "OneDrive.exe", "pid": 2592}, "rule": {"name": "EXE"}, "winlog": {"api": "wineventlog", "channel": "Microsoft-Windows-Sysmon/Operational", "computer_name": "CLIENT3", "event_data": {"CreationUtcTime": "2022-12-19 08:44:12.272", "User": "CLIENT3\\setup"}, "event_id": 11, "opcode": "Info", "process": {"pid": 2004, "thread": {"id": 2708}}, "provider_guid": "{5770385f-c22a-43e0-bf4c-06f5698ffbd9}", "provider_name": "Microsoft-Windows-Sysmon", "record_id": 1105, "task": "File created (rule: FileCreate)", "user": {"domain": "NT AUTHORITY", "identifier": "S-1-5-18", "name": "SYSTEM", "type": "User"}, "version": 2}}, "rule": {"name": "Creation of an Executable by an Executable", "authors": ["frack113"], "level": "low", "source": "sigma", "status": "experimental", "falsepositives": ["Software installers", "Update utilities"], "id": "297afac9-5d02-4138-8c58-b977bac60556", "logsource": {"category": "file_event", "product": "windows"}, "references": ["Malware Sandbox"], "tags": ["attack.resource_development", "attack.t1587.001"]}, "metadata": {"group": "Sigma", "kind": "individual", "document": {"kind": "jsonl", "path": "simulation_datasets/simulation_1/EntireSimulation_winlogbeat.jsonl"}, "timestamp": "2022-12-19T08:44:12.272+00:00", "misuse": false}}
{"event": {"@timestamp": "2022-12-19T08:44:26.801Z", "agent": {"ephemeral_id": "f998276c-afe4-4463-aba7-6d1241c5c07f", "hostname": "CLIENT2", "id": "a5ea4d3e-40c5-43d5-9a2e-ed2c48327430", "name": "CLIENT2", "type": "winlogbeat", "version": "7.10.2"}, "ecs": {"version": "1.5.0"}, "event": {"code": 20, "created": "2022-12-19T08:46:33.236Z", "kind": "event", "provider": "Microsoft-Windows-Kernel-Boot"}, "host": {"name": "CLIENT2.breach.local"}, "log": {"level": "information"}, "message": "The last shutdown's success status was true. The last boot's success status was true.", "winlog": {"api": "wineventlog", "channel": "System", "computer_name": "CLIENT2.breach.local", "event_data": {"BootStatusPolicy": "2", "LastBootGood": "true", "LastBootId": "5", "LastShutdownGood": "true"}, "event_id": 20, "opcode": "Info", "process": {"pid": 4, "thread": {"id": 8}}, "provider_guid": "{15ca44ff-4d7a-4baa-bba5-0998955e531e}", "provider_name": "Microsoft-Windows-Kernel-Boot", "record_id": 540, "task": "", "user": {"domain": "NT AUTHORITY", "identifier": "S-1-5-18", "name": "SYSTEM", "type": "User"}, "version": 1}}, "rule": {"name": "WMI Event Subscription", "authors": ["Tom Ueltschi (@c_APT_ure)"], "level": "medium", "source": "sigma", "status": "experimental", "falsepositives": ["Exclude legitimate (vetted) use of WMI event subscription in your network"], "id": "0f06a3a5-6a09-413f-8743-e6cf35561297", "logsource": {"category": "wmi_event", "product": "windows"}, "tags": ["attack.persistence", "attack.t1546.003"]}, "metadata": {"group": "Sigma", "kind": "individual", "document": {"kind": "jsonl", "path": "simulation_datasets/simulation_1/EntireSimulation_winlogbeat.jsonl"}, "timestamp": "2022-12-19T08:44:26.801+00:00", "misuse": false}}
{"event": {"@timestamp": "2022-12-19T08:44:26.811Z", "agent": {"ephemeral_id": "f998276c-afe4-4463-aba7-6d1241c5c07f", "hostname": "CLIENT2", "id": "a5ea4d3e-40c5-43d5-9a2e-ed2c48327430", "name": "CLIENT2", "type": "winlogbeat", "version": "7.10.2"}, "ecs": {"version": "1.5.0"}, "event": {"code": 20, "created": "2022-12-19T08:46:33.236Z", "kind": "event", "provider": "Microsoft-Windows-Kernel-General"}, "host": {"name": "CLIENT2.breach.local"}, "log": {"level": "information"}, "message": "The leap second configuration has been updated.\nReason: Leap second data initialized from registry during boot\nLeap seconds enabled: true\nNew leap second count: 0\nOld leap second count: 0", "winlog": {"api": "wineventlog", "channel": "System", "computer_name": "CLIENT2.breach.local", "event_data": {"CountNew": "0", "CountOld": "0", "EnabledNew": "true", "UpdateReason": "0"}, "event_id": 20, "keywords": ["Time"], "opcode": "Info", "process": {"pid": 4, "thread": {"id": 8}}, "provider_guid": "{a68ca8b7-004f-d7b6-a698-07e2de0f1f5d}", "provider_name": "Microsoft-Windows-Kernel-General", "record_id": 545, "task": "", "user": {"domain": "NT AUTHORITY", "identifier": "S-1-5-18", "name": "SYSTEM", "type": "User"}}}, "rule": {"name": "WMI Event Subscription", "authors": ["Tom Ueltschi (@c_APT_ure)"], "level": "medium", "source": "sigma", "status": "experimental", "falsepositives": ["Exclude legitimate (vetted) use of WMI event subscription in your network"], "id": "0f06a3a5-6a09-413f-8743-e6cf35561297", "logsource": {"category": "wmi_event", "product": "windows"}, "tags": ["attack.persistence", "attack.t1546.003"]}, "metadata": {"group": "Sigma", "kind": "individual", "document": {"kind": "jsonl", "path": "simulation_datasets/simulation_1/EntireSimulation_winlogbeat.jsonl"}, "timestamp": "2022-12-19T08:44:26.811+00:00", "misuse": false}}
{"event": {"@timestamp": "2022-12-19T08:44:29.725Z", "agent": {"ephemeral_id": "9f267527-6a01-4adf-bfdd-37fe019af17c", "hostname": "CLIENT3", "id": "a5ea4d3e-40c5-43d5-9a2e-ed2c48327430", "name": "CLIENT3", "type": "winlogbeat", "version": "7.10.2"}, "ecs": {"version": "1.5.0"}, "event": {"code": 20, "created": "2022-12-19T08:46:35.974Z", "kind": "event", "provider": "Microsoft-Windows-Kernel-Boot"}, "host": {"name": "CLIENT3.breach.local"}, "log": {"level": "information"}, "message": "The last shutdown's success status was true. The last boot's success status was true.", "winlog": {"api": "wineventlog", "channel": "System", "computer_name": "CLIENT3.breach.local", "event_data": {"BootStatusPolicy": "2", "LastBootGood": "true", "LastBootId": "5", "LastShutdownGood": "true"}, "event_id": 20, "opcode": "Info", "process": {"pid": 4, "thread": {"id": 8}}, "provider_guid": "{15ca44ff-4d7a-4baa-bba5-0998955e531e}", "provider_name": "Microsoft-Windows-Kernel-Boot", "record_id": 527, "task": "", "user": {"domain": "NT AUTHORITY", "identifier": "S-1-5-18", "name": "SYSTEM", "type": "User"}, "version": 1}}, "rule": {"name": "WMI Event Subscription", "authors": ["Tom Ueltschi (@c_APT_ure)"], "level": "medium", "source": "sigma", "status": "experimental", "falsepositives": ["Exclude legitimate (vetted) use of WMI event subscription in your network"], "id": "0f06a3a5-6a09-413f-8743-e6cf35561297", "logsource": {"category": "wmi_event", "product": "windows"}, "tags": ["attack.persistence", "attack.t1546.003"]}, "metadata": {"group": "Sigma", "kind": "individual", "document": {"kind": "jsonl", "path": "simulation_datasets/simulation_1/EntireSimulation_winlogbeat.jsonl"}, "timestamp": "2022-12-19T08:44:29.725+00:00", "misuse": false}}
{"event": {"@timestamp": "2022-12-19T08:44:29.732Z", "agent": {"ephemeral_id": "9f267527-6a01-4adf-bfdd-37fe019af17c", "hostname": "CLIENT3", "id": "a5ea4d3e-40c5-43d5-9a2e-ed2c48327430", "name": "CLIENT3", "type": "winlogbeat", "version": "7.10.2"}, "ecs": {"version": "1.5.0"}, "event": {"code": 20, "created": "2022-12-19T08:46:35.974Z", "kind": "event", "provider": "Microsoft-Windows-Kernel-General"}, "host": {"name": "CLIENT3.breach.local"}, "log": {"level": "information"}, "message": "The leap second configuration has been updated.\nReason: Leap second data initialized from registry during boot\nLeap seconds enabled: true\nNew leap second count: 0\nOld leap second count: 0", "winlog": {"api": "wineventlog", "channel": "System", "computer_name": "CLIENT3.breach.local", "event_data": {"CountNew": "0", "CountOld": "0", "EnabledNew": "true", "UpdateReason": "0"}, "event_id": 20, "keywords": ["Time"], "opcode": "Info", "process": {"pid": 4, "thread": {"id": 8}}, "provider_guid": "{a68ca8b7-004f-d7b6-a698-07e2de0f1f5d}", "provider_name": "Microsoft-Windows-Kernel-General", "record_id": 532, "task": "", "user": {"domain": "NT AUTHORITY", "identifier": "S-1-5-18", "name": "SYSTEM", "type": "User"}}}, "rule": {"name": "WMI Event Subscription", "authors": ["Tom Ueltschi (@c_APT_ure)"], "level": "medium", "source": "sigma", "status": "experimental", "falsepositives": ["Exclude legitimate (vetted) use of WMI event subscription in your network"], "id": "0f06a3a5-6a09-413f-8743-e6cf35561297", "logsource": {"category": "wmi_event", "product": "windows"}, "tags": ["attack.persistence", "attack.t1546.003"]}, "metadata": {"group": "Sigma", "kind": "individual", "document": {"kind": "jsonl", "path": "simulation_datasets/simulation_1/EntireSimulation_winlogbeat.jsonl"}, "timestamp": "2022-12-19T08:44:29.732+00:00", "misuse": false}}
