{"event": {"@timestamp": "2022-12-19T08:43:16.232Z", "agent": {"ephemeral_id": "75382475-4494-4885-af56-0a918c9c7d5b", "hostname": "CLIENT1", "id": "a5ea4d3e-40c5-43d5-9a2e-ed2c48327430", "name": "CLIENT1", "type": "winlogbeat", "version": "7.10.2"}, "ecs": {"version": "1.5.0"}, "event": {"action": "File created (rule: FileCreate)", "category": ["file"], "code": 11, "created": "2022-12-19T08:46:43.241Z", "kind": "event", "module": "sysmon", "provider": "Microsoft-Windows-Sysmon", "type": ["creation"]}, "file": {"directory": "C:\\Users\\setup\\AppData\\Local\\Microsoft\\OneDrive\\19.043.0304.0013", "extension": "exe", "name": "OneDriveStandaloneUpdater.exe", "path": "C:\\Users\\setup\\AppData\\Local\\Microsoft\\OneDrive\\19.043.0304.0013\\OneDriveStandaloneUpdater.exe"}, "host": {"name": "CLIENT"}, "log": {"level": "information"}, "message": "File created:\nRuleName: EXE\nUtcTime: 2022-12-19 08:43:16.232\nProcessGuid: {4901c233-2422-63a0-9900-000000000400}\nProcessId: 6180\nImage: C:\\Windows\\SysWOW64\\OneDriveSetup.exe\nTargetFilename: C:\\Users\\setup\\AppData\\Local\\Microsoft\\OneDrive\\19.043.0304.0013\\OneDriveStandaloneUpdater.exe\nCreationUtcTime: 2022-12-19 08:43:16.232\nUser: CLIENT\\setup", "process": {"entity_id": "{4901c233-2422-63a0-9900-000000000400}", "executable": "C:\\Windows\\SysWOW64\\OneDriveSetup.exe", "name": "OneDriveSetup.exe", "pid": 6180}, "rule": {"name": "EXE"}, "winlog": {"api": "wineventlog", "channel": "Microsoft-Windows-Sysmon/Operational", "computer_name": "CLIENT", "event_data": {"CreationUtcTime": "2022-12-19 08:43:16.232", "User": "CLIENT\\setup"}, "event_id": 11, "opcode": "Info", "process": {"pid": 1240, "thread": {"id": 2444}}, "provider_guid": "{5770385f-c22a-43e0-bf4c-06f5698ffbd9}", "provider_name": "Microsoft-Windows-Sysmon", "record_id": 709, "task": "File created (rule: FileCreate)", "user": {"domain": "NT AUTHORITY", "identifier": "S-1-5-18", "name": "SYSTEM", "type": "User"}, "version": 2}}, "rule": {"name": "Creation of an Executable by an Executable", "authors": ["frack113"], "level": "low", "source": "sigma", "status": "experimental", "falsepositives": ["Software installers", "Update utilities"], "id": "297afac9-5d02-4138-8c58-b977bac60556", "logsource": {"category": "file_event", "product": "windows"}, "references": ["Malware Sandbox"], "tags": ["attack.resource_development", "attack.t1587.001"]}, "metadata": {"group": "Sigma", "kind": "individual", "document": {"kind": "jsonl", "path": "simulation_datasets/simulation_1/EntireSimulation_winlogbeat.jsonl"}, "timestamp": "2022-12-19T08:43:16.232+00:00", "misuse": false}}
{"event": {"@timestamp": "2022-12-19T08:43:16.887Z", "agent": {"ephemeral_id": "75382475-4494-4885-af56-0a918c9c7d5b", "hostname": "CLIENT1", "id": "a5ea4d3e-40c5-43d5-9a2e-ed2c48327430", "name": "CLIENT1", "type": "winlogbeat", "version": "7.10.2"}, "ecs": {"version": "1.5.0"}, "event": {"action": "File created (rule: FileCreate)", "category": ["file"], "code": 11, "created": "2022-12-19T08:46:43.241Z", "kind": "event", "module": "sysmon", "provider": "Microsoft-Windows-Sysmon", "type": ["creation"]}, "file": {"directory": "C:\\Users\\setup\\AppData\\Local\\Microsoft\\OneDrive\\19.043.0304.0013", "extension": "exe", "name": "OneDriveUpdaterService.exe", "path": "C:\\Users\\setup\\AppData\\Local\\Microsoft\\OneDrive\\19.043.0304.0013\\OneDriveUpdaterService.exe"}, "host": {"name": "CLIENT"}, "log": {"level": "information"}, "message": "File created:\nRuleName: EXE\nUtcTime: 2022-12-19 08:43:16.887\nProcessGuid: {4901c233-2422-63a0-9900-000000000400}\nProcessId: 6180\nImage: C:\\Windows\\SysWOW64\\OneDriveSetup.exe\nTargetFilename: C:\\Users\\setup\\AppData\\Local\\Microsoft\\OneDrive\\19.043.0304.0013\\OneDriveUpdaterService.exe\nCreationUtcTime: 2022-12-19 08:43:16.887\nUser: CLIENT\\setup", "process": {"entity_id": "{4901c233-2422-63a0-9900-000000000400}", "executable": "C:\\Windows\\SysWOW64\\OneDriveSetup.exe", "name": "OneDriveSetup.exe", "pid": 6180}, "rule": {"name": "EXE"}, "winlog": {"api": "wineventlog", "channel": "Microsoft-Windows-Sysmon/Operational", "computer_name": "CLIENT", "event_data": {"CreationUtcTime": "2022-12-19 08:43:16.887", "User": "CLIENT\\setup"}, "event_id": 11, "opcode": "Info", "process": {"pid": 1240, "thread": {"id": 2444}}, "provider_guid": "{5770385f-c22a-43e0-bf4c-06f5698ffbd9}", "provider_name": "Microsoft-Windows-Sysmon", "record_id": 710, "task": "File created (rule: FileCreate)", "user": {"domain": "NT AUTHORITY", "identifier": "S-1-5-18", "name": "SYSTEM", "type": "User"}, "version": 2}}, "rule": {"name": "Creation of an Executable by an Executable", "authors": ["frack113"], "level": "low", "source": "sigma", "status": "experimental", "falsepositives": ["Software installers", "Update utilities"], "id": "297afac9-5d02-4138-8c58-b977bac60556", "logsource": {"category": "file_event", "product": "windows"}, "references": ["Malware Sandbox"], "tags": ["attack.resource_development", "attack.t1587.001"]}, "metadata": {"group": "Sigma", "kind": "individual", "document": {"kind": "jsonl", "path": "simulation_datasets/simulation_1/EntireSimulation_winlogbeat.jsonl"}, "timestamp": "2022-12-19T08:43:16.887+00:00", "misuse": false}}
{"event": {"@timestamp": "2022-12-19T08:43:17.468Z", "agent": {"ephemeral_id": "f998276c-afe4-4463-aba7-6d1241c5c07f", "hostname": "CLIENT2", "id": "a5ea4d3e-40c5-43d5-9a2e-ed2c48327430", "name": "CLIENT2", "type": "winlogbeat", "version": "7.10.2"}, "ecs": {"version": "1.5.0"}, "event": {"action": "Engine Lifecycle", "category": ["process"], "code": 400, "created": "2022-12-19T08:46:32.886Z", "kind": "event", "module": "powershell", "provider": "PowerShell", "sequence": 13, "type": ["start"]}, "host": {"name": "CLIENT"}, "log": {"level": "information"}, "message": "Engine state is changed from None to Available. \n\nDetails: \n\tNewEngineState=Available\n\tPreviousEngineState=None\n\n\tSequenceNumber=13\n\n\tHostName=ConsoleHost\n\tHostVersion=5.1.19041.1237\n\tHostId=8ae9e51e-0d10-4992-aa1a-a3d552317e2e\n\tHostApplication=powershell $new_name = 'CLIENT2'; Rename-Computer -NewName $new_name -Restart -Force\n\tEngineVersion=5.1.19041.1237\n\tRunspaceId=94b56f0a-9265-4189-a2cd-dd22b903d5a6\n\tPipelineId=\n\tCommandName=\n\tCommandType=\n\tScriptName=\n\tCommandPath=\n\tCommandLine=", "powershell": {"engine": {"new_state": "Available", "previous_state": "None", "version": "5.1.19041.1237"}, "process": {"executable_version": "5.1.19041.1237"}, "runspace_id": "94b56f0a-9265-4189-a2cd-dd22b903d5a6"}, "process": {"args": ["powershell", "$new_name", "=", "'CLIENT2';", "Rename-Computer", "-NewName", "$new_name", "-Restart", "-Force"], "args_count": 9, "command_line": "powershell $new_name = 'CLIENT2'; Rename-Computer -NewName $new_name -Restart -Force", "entity_id": "8ae9e51e-0d10-4992-aa1a-a3d552317e2e", "title": "ConsoleHost"}, "winlog": {"api": "wineventlog", "channel": "Windows PowerShell", "computer_name": "CLIENT", "event_id": 400, "keywords": ["Classic"], "opcode": "Info", "provider_name": "PowerShell", "record_id": 6672, "task": "Engine Lifecycle"}}, "rule": {"name": "Alternate PowerShell Hosts", "authors": ["Roberto Rodriguez @Cyb3rWard0g"], "level": "medium", "source": "sigma", "status": "experimental", "falsepositives": ["Programs using PowerShell directly without invocation of a dedicated interpreter", "MSP Detection Searcher", "Citrix ConfigSync.ps1"], "id": "d7326048-328b-4d5e-98af-86e84b17c765", "logsource": {"category": "ps_classic_start", "definition": "fields have to be extract from event", "product": "windows"}, "references": ["https://threathunterplaybook.com/notebooks/windows/02_execution/WIN-190815181010.html"], "tags": ["attack.execution", "attack.t1059.001"]}, "metadata": {"group": "Sigma", "kind": "individual", "document": {"kind": "jsonl", "path": "simulation_datasets/simulation_1/EntireSimulation_winlogbeat.jsonl"}, "timestamp": "2022-12-19T08:43:17.468+00:00", "misuse": false}}
{"event": {"@timestamp": "2022-12-19T08:43:17.791Z", "agent": {"ephemeral_id": "9f267527-6a01-4adf-bfdd-37fe019af17c", "hostname": "CLIENT3", "id": "a5ea4d3e-40c5-43d5-9a2e-ed2c48327430", "name": "CLIENT3", "type": "winlogbeat", "version": "7.10.2"}, "ecs": {"version": "1.5.0"}, "event": {"action": "Process Create (rule: ProcessCreate)", "category": ["process"], "code": 1, "created": "2022-12-19T08:46:36.202Z", "kind": "event", "module": "sysmon", "provider": "Microsoft-Windows-Sysmon", "type": ["start", "process_start"]}, "hash": {"imphash": "7c955a0abc747f57ccc4324480737ef7", "md5": "04029e121a0cfa5991749937dd22a1d9", "sha256": "9f914d42706fe215501044acd85a32d58aaef1419d404fddfa5d3b48f66ccd9f"}, "host": {"name": "CLIENT"}, "log": {"level": "information"}, "message": "Process Create:\nRuleName: -\nUtcTime: 2022-12-19 08:43:17.791\nProcessGuid: {4901c233-2425-63a0-9e00-000000000400}\nProcessId: 6628\nImage: C:\\Windows\\System32\\WindowsPowerShell\\v1.0\\powershell.exe\nFileVersion: 10.0.19041.546 (WinBuild.160101.0800)\nDescription: Windows PowerShell\nProduct: Microsoft\u00ae Windows\u00ae Operating System\nCompany: Microsoft Corporation\nOriginalFileName: PowerShell.EXE\nCommandLine: powershell \"$new_name = 'CLIENT3'; Rename-Computer -NewName $new_name -Restart -Force\"\nCurrentDirectory: C:\\BREACH\\\nUser: CLIENT\\setup\nLogonGuid: {4901c233-23f1-63a0-d027-030000000000}\nLogonId: 0x327D0\nTerminalSessionId: 1\nIntegrityLevel: High\nHashes: MD5=04029E121A0CFA5991749937DD22A1D9,SHA256=9F914D42706FE215501044ACD85A32D58AAEF1419D404FDDFA5D3B48F66CCD9F,IMPHASH=7C955A0ABC747F57CCC4324480737EF7\nParentProcessGuid: {4901c233-241c-63a0-8f00-000000000400}\nParentProcessId: 4080\nParentImage: C:\\Python37\\python.exe\nParentCommandLine: C:\\Python37\\python.exe \"C:\\BREACH\\init_tbf_client.py\" \nParentUser: CLIENT\\setup", "process": {"args": ["powershell", "$new_name = 'CLIENT3'; Rename-Computer -NewName $new_name -Restart -Force"], "command_line": "powershell \"$new_name = 'CLIENT3'; Rename-Computer -NewName $new_name -Restart -Force\"", "entity_id": "{4901c233-2425-63a0-9e00-000000000400}", "executable": "C:\\Windows\\System32\\WindowsPowerShell\\v1.0\\powershell.exe", "hash": {"md5": "04029e121a0cfa5991749937dd22a1d9", "sha256": "9f914d42706fe215501044acd85a32d58aaef1419d404fddfa5d3b48f66ccd9f"}, "name": "powershell.exe", "parent": {"args": ["C:\\Python37\\python.exe", "C:\\BREACH\\init_tbf_client.py"], "command_line": "C:\\Python37\\python.exe \"C:\\BREACH\\init_tbf_client.py\" ", "entity_id": "{4901c233-241c-63a0-8f00-000000000400}", "executable": "C:\\Python37\\python.exe", "name": "python.exe", "pid": 4080}, "pe": {"imphash": "7c955a0abc747f57ccc4324480737ef7"}, "pid": 6628, "working_directory": "C:\\BREACH\\"}, "related": {"hash": ["04029e121a0cfa5991749937dd22a1d9", "9f914d42706fe215501044acd85a32d58aaef1419d404fddfa5d3b48f66ccd9f", "7c955a0abc747f57ccc4324480737ef7"], "user": "setup"}, "user": {"domain": "CLIENT", "name": "setup"}, "winlog": {"api": "wineventlog", "channel": "Microsoft-Windows-Sysmon/Operational", "computer_name": "CLIENT", "event_data": {"Company": "Microsoft Corporation", "Description": "Windows PowerShell", "FileVersion": "10.0.19041.546 (WinBuild.160101.0800)", "IntegrityLevel": "High", "LogonGuid": "{4901c233-23f1-63a0-d027-030000000000}", "LogonId": "0x327d0", "OriginalFileName": "PowerShell.EXE", "ParentUser": "CLIENT\\setup", "Product": "Microsoft\u00ae Windows\u00ae Operating System", "RuleName": "-", "TerminalSessionId": "1"}, "event_id": 1, "opcode": "Info", "process": {"pid": 1708, "thread": {"id": 2544}}, "provider_guid": "{5770385f-c22a-43e0-bf4c-06f5698ffbd9}", "provider_name": "Microsoft-Windows-Sysmon", "record_id": 745, "task": "Process Create (rule: ProcessCreate)", "user": {"domain": "NT AUTHORITY", "identifier": "S-1-5-18", "name": "SYSTEM", "type": "User"}, "version": 5}}, "rule": {"name": "Non Interactive PowerShell", "authors": ["Roberto Rodriguez @Cyb3rWard0g (rule)", "oscd.community (improvements)"], "level": "low", "source": "sigma", "status": "experimental", "falsepositives": ["Legitimate programs executing PowerShell scripts"], "id": "f4bbd493-b796-416e-bbf2-121235348529", "logsource": {"category": "process_creation", "product": "windows"}, "references": ["https://threathunterplaybook.com/notebooks/windows/02_execution/WIN-190410151110.html"], "tags": ["attack.execution", "attack.t1059.001"]}, "metadata": {"group": "Sigma", "kind": "individual", "document": {"kind": "jsonl", "path": "simulation_datasets/simulation_1/EntireSimulation_winlogbeat.jsonl"}, "timestamp": "2022-12-19T08:43:17.791+00:00", "misuse": false}}
{"event": {"@timestamp": "2022-12-19T08:43:18.325Z", "agent": {"ephemeral_id": "75382475-4494-4885-af56-0a918c9c7d5b", "hostname": "CLIENT1", "id": "a5ea4d3e-40c5-43d5-9a2e-ed2c48327430", "name": "CLIENT1", "type": "winlogbeat", "version": "7.10.2"}, "ecs": {"version": "1.5.0"}, "event": {"action": "Process Create (rule: ProcessCreate)", "category": ["process"], "code": 1, "created": "2022-12-19T08:46:43.244Z", "kind": "event", "module": "sysmon", "provider": "Microsoft-Windows-Sysmon", "type": ["start", "process_start"]}, "hash": {"imphash": "7c955a0abc747f57ccc4324480737ef7", "md5": "04029e121a0cfa5991749937dd22a1d9", "sha256": "9f914d42706fe215501044acd85a32d58aaef1419d404fddfa5d3b48f66ccd9f"}, "host": {"name": "CLIENT"}, "log": {"level": "information"}, "message": "Process Create:\nRuleName: -\nUtcTime: 2022-12-19 08:43:18.325\nProcessGuid: {4901c233-2426-63a0-9b00-000000000400}\nProcessId: 6372\nImage: C:\\Windows\\System32\\WindowsPowerShell\\v1.0\\powershell.exe\nFileVersion: 10.0.19041.546 (WinBuild.160101.0800)\nDescription: Windows PowerShell\nProduct: Microsoft\u00ae Windows\u00ae Operating System\nCompany: Microsoft Corporation\nOriginalFileName: PowerShell.EXE\nCommandLine: powershell \"$new_name = 'CLIENT1'; Rename-Computer -NewName $new_name -Restart -Force\"\nCurrentDirectory: C:\\BREACH\\\nUser: CLIENT\\setup\nLogonGuid: {4901c233-23f1-63a0-ee0c-030000000000}\nLogonId: 0x30CEE\nTerminalSessionId: 1\nIntegrityLevel: High\nHashes: MD5=04029E121A0CFA5991749937DD22A1D9,SHA256=9F914D42706FE215501044ACD85A32D58AAEF1419D404FDDFA5D3B48F66CCD9F,IMPHASH=7C955A0ABC747F57CCC4324480737EF7\nParentProcessGuid: {4901c233-241d-63a0-8c00-000000000400}\nParentProcessId: 3908\nParentImage: C:\\Python37\\python.exe\nParentCommandLine: C:\\Python37\\python.exe \"C:\\BREACH\\init_tbf_client.py\" \nParentUser: CLIENT\\setup", "process": {"args": ["powershell", "$new_name = 'CLIENT1'; Rename-Computer -NewName $new_name -Restart -Force"], "command_line": "powershell \"$new_name = 'CLIENT1'; Rename-Computer -NewName $new_name -Restart -Force\"", "entity_id": "{4901c233-2426-63a0-9b00-000000000400}", "executable": "C:\\Windows\\System32\\WindowsPowerShell\\v1.0\\powershell.exe", "hash": {"md5": "04029e121a0cfa5991749937dd22a1d9", "sha256": "9f914d42706fe215501044acd85a32d58aaef1419d404fddfa5d3b48f66ccd9f"}, "name": "powershell.exe", "parent": {"args": ["C:\\Python37\\python.exe", "C:\\BREACH\\init_tbf_client.py"], "command_line": "C:\\Python37\\python.exe \"C:\\BREACH\\init_tbf_client.py\" ", "entity_id": "{4901c233-241d-63a0-8c00-000000000400}", "executable": "C:\\Python37\\python.exe", "name": "python.exe", "pid": 3908}, "pe": {"imphash": "7c955a0abc747f57ccc4324480737ef7"}, "pid": 6372, "working_directory": "C:\\BREACH\\"}, "related": {"hash": ["04029e121a0cfa5991749937dd22a1d9", "9f914d42706fe215501044acd85a32d58aaef1419d404fddfa5d3b48f66ccd9f", "7c955a0abc747f57ccc4324480737ef7"], "user": "setup"}, "user": {"domain": "CLIENT", "name": "setup"}, "winlog": {"api": "wineventlog", "channel": "Microsoft-Windows-Sysmon/Operational", "computer_name": "CLIENT", "event_data": {"Company": "Microsoft Corporation", "Description": "Windows PowerShell", "FileVersion": "10.0.19041.546 (WinBuild.160101.0800)", "IntegrityLevel": "High", "LogonGuid": "{4901c233-23f1-63a0-ee0c-030000000000}", "LogonId": "0x30cee", "OriginalFileName": "PowerShell.EXE", "ParentUser": "CLIENT\\setup", "Product": "Microsoft\u00ae Windows\u00ae Operating System", "RuleName": "-", "TerminalSessionId": "1"}, "event_id": 1, "opcode": "Info", "process": {"pid": 1240, "thread": {"id": 2444}}, "provider_guid": "{5770385f-c22a-43e0-bf4c-06f5698ffbd9}", "provider_name": "Microsoft-Windows-Sysmon", "record_id": 744, "task": "Process Create (rule: ProcessCreate)", "user": {"domain": "NT AUTHORITY", "identifier": "S-1-5-18", "name": "SYSTEM", "type": "User"}, "version": 5}}, "rule": {"name": "Non Interactive PowerShell", "authors": ["Roberto Rodriguez @Cyb3rWard0g (rule)", "oscd.community (improvements)"], "level": "low", "source": "sigma", "status": "experimental", "falsepositives": ["Legitimate programs executing PowerShell scripts"], "id": "f4bbd493-b796-416e-bbf2-121235348529", "logsource": {"category": "process_creation", "product": "windows"}, "references": ["https://threathunterplaybook.com/notebooks/windows/02_execution/WIN-190410151110.html"], "tags": ["attack.execution", "attack.t1059.001"]}, "metadata": {"group": "Sigma", "kind": "individual", "document": {"kind": "jsonl", "path": "simulation_datasets/simulation_1/EntireSimulation_winlogbeat.jsonl"}, "timestamp": "2022-12-19T08:43:18.325+00:00", "misuse": false}}
{"event": {"@timestamp": "2022-12-19T08:43:19.765Z", "agent": {"ephemeral_id": "9f267527-6a01-4adf-bfdd-37fe019af17c", "hostname": "CLIENT3", "id": "a5ea4d3e-40c5-43d5-9a2e-ed2c48327430", "name": "CLIENT3", "type": "winlogbeat", "version": "7.10.2"}, "ecs": {"version": "1.5.0"}, "event": {"action": "Engine Lifecycle", "category": ["process"], "code": 400, "created": "2022-12-19T08:46:35.649Z", "kind": "event", "module": "powershell", "provider": "PowerShell", "sequence": 13, "type": ["start"]}, "host": {"name": "CLIENT"}, "log": {"level": "information"}, "message": "Engine state is changed from None to Available. \n\nDetails: \n\tNewEngineState=Available\n\tPreviousEngineState=None\n\n\tSequenceNumber=13\n\n\tHostName=ConsoleHost\n\tHostVersion=5.1.19041.1237\n\tHostId=9ae884a4-bf81-466b-a359-a1ee23742f8f\n\tHostApplication=powershell $new_name = 'CLIENT3'; Rename-Computer -NewName $new_name -Restart -Force\n\tEngineVersion=5.1.19041.1237\n\tRunspaceId=198331d2-5eb7-4c0a-bae6-369f8c0a7b56\n\tPipelineId=\n\tCommandName=\n\tCommandType=\n\tScriptName=\n\tCommandPath=\n\tCommandLine=", "powershell": {"engine": {"new_state": "Available", "previous_state": "None", "version": "5.1.19041.1237"}, "process": {"executable_version": "5.1.19041.1237"}, "runspace_id": "198331d2-5eb7-4c0a-bae6-369f8c0a7b56"}, "process": {"args": ["powershell", "$new_name", "=", "'CLIENT3';", "Rename-Computer", "-NewName", "$new_name", "-Restart", "-Force"], "args_count": 9, "command_line": "powershell $new_name = 'CLIENT3'; Rename-Computer -NewName $new_name -Restart -Force", "entity_id": "9ae884a4-bf81-466b-a359-a1ee23742f8f", "title": "ConsoleHost"}, "winlog": {"api": "wineventlog", "channel": "Windows PowerShell", "computer_name": "CLIENT", "event_id": 400, "keywords": ["Classic"], "opcode": "Info", "provider_name": "PowerShell", "record_id": 6672, "task": "Engine Lifecycle"}}, "rule": {"name": "Alternate PowerShell Hosts", "authors": ["Roberto Rodriguez @Cyb3rWard0g"], "level": "medium", "source": "sigma", "status": "experimental", "falsepositives": ["Programs using PowerShell directly without invocation of a dedicated interpreter", "MSP Detection Searcher", "Citrix ConfigSync.ps1"], "id": "d7326048-328b-4d5e-98af-86e84b17c765", "logsource": {"category": "ps_classic_start", "definition": "fields have to be extract from event", "product": "windows"}, "references": ["https://threathunterplaybook.com/notebooks/windows/02_execution/WIN-190815181010.html"], "tags": ["attack.execution", "attack.t1059.001"]}, "metadata": {"group": "Sigma", "kind": "individual", "document": {"kind": "jsonl", "path": "simulation_datasets/simulation_1/EntireSimulation_winlogbeat.jsonl"}, "timestamp": "2022-12-19T08:43:19.765+00:00", "misuse": false}}
{"event": {"@timestamp": "2022-12-19T08:43:19.953Z", "agent": {"ephemeral_id": "f998276c-afe4-4463-aba7-6d1241c5c07f", "hostname": "CLIENT2", "id": "a5ea4d3e-40c5-43d5-9a2e-ed2c48327430", "name": "CLIENT2", "type": "winlogbeat", "version": "7.10.2"}, "ecs": {"version": "1.5.0"}, "event": {"action": "File created (rule: FileCreate)", "category": ["file"], "code": 11, "created": "2022-12-19T08:46:33.516Z", "kind": "event", "module": "sysmon", "provider": "Microsoft-Windows-Sysmon", "type": ["creation"]}, "file": {"directory": "C:\\Users\\setup\\AppData\\Local\\Microsoft\\OneDrive\\19.043.0304.0013", "extension": "exe", "name": "OneDriveSetup.exe", "path": "C:\\Users\\setup\\AppData\\Local\\Microsoft\\OneDrive\\19.043.0304.0013\\OneDriveSetup.exe"}, "host": {"name": "CLIENT"}, "log": {"level": "information"}, "message": "File created:\nRuleName: EXE\nUtcTime: 2022-12-19 08:43:19.953\nProcessGuid: {4901c233-2421-63a0-9800-000000000400}\nProcessId: 6456\nImage: C:\\Windows\\SysWOW64\\OneDriveSetup.exe\nTargetFilename: C:\\Users\\setup\\AppData\\Local\\Microsoft\\OneDrive\\19.043.0304.0013\\OneDriveSetup.exe\nCreationUtcTime: 2022-12-19 08:43:19.953\nUser: CLIENT\\setup", "process": {"entity_id": "{4901c233-2421-63a0-9800-000000000400}", "executable": "C:\\Windows\\SysWOW64\\OneDriveSetup.exe", "name": "OneDriveSetup.exe", "pid": 6456}, "rule": {"name": "EXE"}, "winlog": {"api": "wineventlog", "channel": "Microsoft-Windows-Sysmon/Operational", "computer_name": "CLIENT", "event_data": {"CreationUtcTime": "2022-12-19 08:43:19.953", "User": "CLIENT\\setup"}, "event_id": 11, "opcode": "Info", "process": {"pid": 1808, "thread": {"id": 2672}}, "provider_guid": "{5770385f-c22a-43e0-bf4c-06f5698ffbd9}", "provider_name": "Microsoft-Windows-Sysmon", "record_id": 757, "task": "File created (rule: FileCreate)", "user": {"domain": "NT AUTHORITY", "identifier": "S-1-5-18", "name": "SYSTEM", "type": "User"}, "version": 2}}, "rule": {"name": "Creation of an Executable by an Executable", "authors": ["frack113"], "level": "low", "source": "sigma", "status": "experimental", "falsepositives": ["Software installers", "Update utilities"], "id": "297afac9-5d02-4138-8c58-b977bac60556", "logsource": {"category": "file_event", "product": "windows"}, "references": ["Malware Sandbox"], "tags": ["attack.resource_development", "attack.t1587.001"]}, "metadata": {"group": "Sigma", "kind": "individual", "document": {"kind": "jsonl", "path": "simulation_datasets/simulation_1/EntireSimulation_winlogbeat.jsonl"}, "timestamp": "2022-12-19T08:43:19.953+00:00", "misuse": false}}
{"event": {"@timestamp": "2022-12-19T08:43:20.031Z", "agent": {"ephemeral_id": "f998276c-afe4-4463-aba7-6d1241c5c07f", "hostname": "CLIENT2", "id": "a5ea4d3e-40c5-43d5-9a2e-ed2c48327430", "name": "CLIENT2", "type": "winlogbeat", "version": "7.10.2"}, "ecs": {"version": "1.5.0"}, "event": {"action": "File created (rule: FileCreate)", "category": ["file"], "code": 11, "created": "2022-12-19T08:46:33.516Z", "kind": "event", "module": "sysmon", "provider": "Microsoft-Windows-Sysmon", "type": ["creation"]}, "file": {"directory": "C:\\Users\\setup\\AppData\\Local\\Microsoft\\OneDrive", "extension": "exe", "name": "OneDrive.exe", "path": "C:\\Users\\setup\\AppData\\Local\\Microsoft\\OneDrive\\OneDrive.exe"}, "host": {"name": "CLIENT"}, "log": {"level": "information"}, "message": "File created:\nRuleName: EXE\nUtcTime: 2022-12-19 08:43:20.031\nProcessGuid: {4901c233-2421-63a0-9800-000000000400}\nProcessId: 6456\nImage: C:\\Windows\\SysWOW64\\OneDriveSetup.exe\nTargetFilename: C:\\Users\\setup\\AppData\\Local\\Microsoft\\OneDrive\\OneDrive.exe\nCreationUtcTime: 2022-12-19 08:43:20.031\nUser: CLIENT\\setup", "process": {"entity_id": "{4901c233-2421-63a0-9800-000000000400}", "executable": "C:\\Windows\\SysWOW64\\OneDriveSetup.exe", "name": "OneDriveSetup.exe", "pid": 6456}, "rule": {"name": "EXE"}, "winlog": {"api": "wineventlog", "channel": "Microsoft-Windows-Sysmon/Operational", "computer_name": "CLIENT", "event_data": {"CreationUtcTime": "2022-12-19 08:43:20.031", "User": "CLIENT\\setup"}, "event_id": 11, "opcode": "Info", "process": {"pid": 1808, "thread": {"id": 2672}}, "provider_guid": "{5770385f-c22a-43e0-bf4c-06f5698ffbd9}", "provider_name": "Microsoft-Windows-Sysmon", "record_id": 758, "task": "File created (rule: FileCreate)", "user": {"domain": "NT AUTHORITY", "identifier": "S-1-5-18", "name": "SYSTEM", "type": "User"}, "version": 2}}, "rule": {"name": "Creation of an Executable by an Executable", "authors": ["frack113"], "level": "low", "source": "sigma", "status": "experimental", "falsepositives": ["Software installers", "Update utilities"], "id": "297afac9-5d02-4138-8c58-b977bac60556", "logsource": {"category": "file_event", "product": "windows"}, "references": ["Malware Sandbox"], "tags": ["attack.resource_development", "attack.t1587.001"]}, "metadata": {"group": "Sigma", "kind": "individual", "document": {"kind": "jsonl", "path": "simulation_datasets/simulation_1/EntireSimulation_winlogbeat.jsonl"}, "timestamp": "2022-12-19T08:43:20.031+00:00", "misuse": false}}
{"event": {"@timestamp": "2022-12-19T08:43:20.078Z", "agent": {"ephemeral_id": "f998276c-afe4-4463-aba7-6d1241c5c07f", "hostname": "CLIENT2", "id": "a5ea4d3e-40c5-43d5-9a2e-ed2c48327430", "name": "CLIENT2", "type": "winlogbeat", "version": "7.10.2"}, "ecs": {"version": "1.5.0"}, "event": {"action": "File created (rule: FileCreate)", "category": ["file"], "code": 11, "created": "2022-12-19T08:46:33.516Z", "kind": "event", "module": "sysmon", "provider": "Microsoft-Windows-Sysmon", "type": ["creation"]}, "file": {"directory": "C:\\Users\\setup\\AppData\\Local\\Microsoft\\OneDrive", "extension": "exe", "name": "OneDriveStandaloneUpdater.exe", "path": "C:\\Users\\setup\\AppData\\Local\\Microsoft\\OneDrive\\OneDriveStandaloneUpdater.exe"}, "host": {"name": "CLIENT"}, "log": {"level": "information"}, "message": "File created:\nRuleName: EXE\nUtcTime: 2022-12-19 08:43:20.078\nProcessGuid: {4901c233-2421-63a0-9800-000000000400}\nProcessId: 6456\nImage: C:\\Windows\\SysWOW64\\OneDriveSetup.exe\nTargetFilename: C:\\Users\\setup\\AppData\\Local\\Microsoft\\OneDrive\\OneDriveStandaloneUpdater.exe\nCreationUtcTime: 2022-12-19 08:43:20.078\nUser: CLIENT\\setup", "process": {"entity_id": "{4901c233-2421-63a0-9800-000000000400}", "executable": "C:\\Windows\\SysWOW64\\OneDriveSetup.exe", "name": "OneDriveSetup.exe", "pid": 6456}, "rule": {"name": "EXE"}, "winlog": {"api": "wineventlog", "channel": "Microsoft-Windows-Sysmon/Operational", "computer_name": "CLIENT", "event_data": {"CreationUtcTime": "2022-12-19 08:43:20.078", "User": "CLIENT\\setup"}, "event_id": 11, "opcode": "Info", "process": {"pid": 1808, "thread": {"id": 2672}}, "provider_guid": "{5770385f-c22a-43e0-bf4c-06f5698ffbd9}", "provider_name": "Microsoft-Windows-Sysmon", "record_id": 759, "task": "File created (rule: FileCreate)", "user": {"domain": "NT AUTHORITY", "identifier": "S-1-5-18", "name": "SYSTEM", "type": "User"}, "version": 2}}, "rule": {"name": "Creation of an Executable by an Executable", "authors": ["frack113"], "level": "low", "source": "sigma", "status": "experimental", "falsepositives": ["Software installers", "Update utilities"], "id": "297afac9-5d02-4138-8c58-b977bac60556", "logsource": {"category": "file_event", "product": "windows"}, "references": ["Malware Sandbox"], "tags": ["attack.resource_development", "attack.t1587.001"]}, "metadata": {"group": "Sigma", "kind": "individual", "document": {"kind": "jsonl", "path": "simulation_datasets/simulation_1/EntireSimulation_winlogbeat.jsonl"}, "timestamp": "2022-12-19T08:43:20.078+00:00", "misuse": false}}
{"event": {"@timestamp": "2022-12-19T08:43:20.278Z", "agent": {"ephemeral_id": "75382475-4494-4885-af56-0a918c9c7d5b", "hostname": "CLIENT1", "id": "a5ea4d3e-40c5-43d5-9a2e-ed2c48327430", "name": "CLIENT1", "type": "winlogbeat", "version": "7.10.2"}, "ecs": {"version": "1.5.0"}, "event": {"action": "Engine Lifecycle", "category": ["process"], "code": 400, "created": "2022-12-19T08:46:42.635Z", "kind": "event", "module": "powershell", "provider": "PowerShell", "sequence": 13, "type": ["start"]}, "host": {"name": "CLIENT"}, "log": {"level": "information"}, "message": "Engine state is changed from None to Available. \n\nDetails: \n\tNewEngineState=Available\n\tPreviousEngineState=None\n\n\tSequenceNumber=13\n\n\tHostName=ConsoleHost\n\tHostVersion=5.1.19041.1237\n\tHostId=c15f74c6-727a-44d7-bcdf-f152a3af201a\n\tHostApplication=powershell $new_name = 'CLIENT1'; Rename-Computer -NewName $new_name -Restart -Force\n\tEngineVersion=5.1.19041.1237\n\tRunspaceId=029c62ea-745e-4f57-a0f3-6ed850376d4a\n\tPipelineId=\n\tCommandName=\n\tCommandType=\n\tScriptName=\n\tCommandPath=\n\tCommandLine=", "powershell": {"engine": {"new_state": "Available", "previous_state": "None", "version": "5.1.19041.1237"}, "process": {"executable_version": "5.1.19041.1237"}, "runspace_id": "029c62ea-745e-4f57-a0f3-6ed850376d4a"}, "process": {"args": ["powershell", "$new_name", "=", "'CLIENT1';", "Rename-Computer", "-NewName", "$new_name", "-Restart", "-Force"], "args_count": 9, "command_line": "powershell $new_name = 'CLIENT1'; Rename-Computer -NewName $new_name -Restart -Force", "entity_id": "c15f74c6-727a-44d7-bcdf-f152a3af201a", "title": "ConsoleHost"}, "winlog": {"api": "wineventlog", "channel": "Windows PowerShell", "computer_name": "CLIENT", "event_id": 400, "keywords": ["Classic"], "opcode": "Info", "provider_name": "PowerShell", "record_id": 6672, "task": "Engine Lifecycle"}}, "rule": {"name": "Alternate PowerShell Hosts", "authors": ["Roberto Rodriguez @Cyb3rWard0g"], "level": "medium", "source": "sigma", "status": "experimental", "falsepositives": ["Programs using PowerShell directly without invocation of a dedicated interpreter", "MSP Detection Searcher", "Citrix ConfigSync.ps1"], "id": "d7326048-328b-4d5e-98af-86e84b17c765", "logsource": {"category": "ps_classic_start", "definition": "fields have to be extract from event", "product": "windows"}, "references": ["https://threathunterplaybook.com/notebooks/windows/02_execution/WIN-190815181010.html"], "tags": ["attack.execution", "attack.t1059.001"]}, "metadata": {"group": "Sigma", "kind": "individual", "document": {"kind": "jsonl", "path": "simulation_datasets/simulation_1/EntireSimulation_winlogbeat.jsonl"}, "timestamp": "2022-12-19T08:43:20.278+00:00", "misuse": false}}
{"event": {"@timestamp": "2022-12-19T08:43:22.309Z", "agent": {"ephemeral_id": "75382475-4494-4885-af56-0a918c9c7d5b", "hostname": "CLIENT1", "id": "a5ea4d3e-40c5-43d5-9a2e-ed2c48327430", "name": "CLIENT1", "type": "winlogbeat", "version": "7.10.2"}, "ecs": {"version": "1.5.0"}, "event": {"action": "File created (rule: FileCreate)", "category": ["file"], "code": 11, "created": "2022-12-19T08:46:43.245Z", "kind": "event", "module": "sysmon", "provider": "Microsoft-Windows-Sysmon", "type": ["creation"]}, "file": {"directory": "C:\\Users\\setup\\AppData\\Local\\Microsoft\\OneDrive\\19.043.0304.0013", "extension": "exe", "name": "OneDriveSetup.exe", "path": "C:\\Users\\setup\\AppData\\Local\\Microsoft\\OneDrive\\19.043.0304.0013\\OneDriveSetup.exe"}, "host": {"name": "CLIENT"}, "log": {"level": "information"}, "message": "File created:\nRuleName: EXE\nUtcTime: 2022-12-19 08:43:22.309\nProcessGuid: {4901c233-2422-63a0-9900-000000000400}\nProcessId: 6180\nImage: C:\\Windows\\SysWOW64\\OneDriveSetup.exe\nTargetFilename: C:\\Users\\setup\\AppData\\Local\\Microsoft\\OneDrive\\19.043.0304.0013\\OneDriveSetup.exe\nCreationUtcTime: 2022-12-19 08:43:22.309\nUser: CLIENT\\setup", "process": {"entity_id": "{4901c233-2422-63a0-9900-000000000400}", "executable": "C:\\Windows\\SysWOW64\\OneDriveSetup.exe", "name": "OneDriveSetup.exe", "pid": 6180}, "rule": {"name": "EXE"}, "winlog": {"api": "wineventlog", "channel": "Microsoft-Windows-Sysmon/Operational", "computer_name": "CLIENT", "event_data": {"CreationUtcTime": "2022-12-19 08:43:22.309", "User": "CLIENT\\setup"}, "event_id": 11, "opcode": "Info", "process": {"pid": 1240, "thread": {"id": 2444}}, "provider_guid": "{5770385f-c22a-43e0-bf4c-06f5698ffbd9}", "provider_name": "Microsoft-Windows-Sysmon", "record_id": 757, "task": "File created (rule: FileCreate)", "user": {"domain": "NT AUTHORITY", "identifier": "S-1-5-18", "name": "SYSTEM", "type": "User"}, "version": 2}}, "rule": {"name": "Creation of an Executable by an Executable", "authors": ["frack113"], "level": "low", "source": "sigma", "status": "experimental", "falsepositives": ["Software installers", "Update utilities"], "id": "297afac9-5d02-4138-8c58-b977bac60556", "logsource": {"category": "file_event", "product": "windows"}, "references": ["Malware Sandbox"], "tags": ["attack.resource_development", "attack.t1587.001"]}, "metadata": {"group": "Sigma", "kind": "individual", "document": {"kind": "jsonl", "path": "simulation_datasets/simulation_1/EntireSimulation_winlogbeat.jsonl"}, "timestamp": "2022-12-19T08:43:22.309+00:00", "misuse": false}}
{"event": {"@timestamp": "2022-12-19T08:43:22.371Z", "agent": {"ephemeral_id": "75382475-4494-4885-af56-0a918c9c7d5b", "hostname": "CLIENT1", "id": "a5ea4d3e-40c5-43d5-9a2e-ed2c48327430", "name": "CLIENT1", "type": "winlogbeat", "version": "7.10.2"}, "ecs": {"version": "1.5.0"}, "event": {"action": "File created (rule: FileCreate)", "category": ["file"], "code": 11, "created": "2022-12-19T08:46:43.245Z", "kind": "event", "module": "sysmon", "provider": "Microsoft-Windows-Sysmon", "type": ["creation"]}, "file": {"directory": "C:\\Users\\setup\\AppData\\Local\\Microsoft\\OneDrive", "extension": "exe", "name": "OneDrive.exe", "path": "C:\\Users\\setup\\AppData\\Local\\Microsoft\\OneDrive\\OneDrive.exe"}, "host": {"name": "CLIENT"}, "log": {"level": "information"}, "message": "File created:\nRuleName: EXE\nUtcTime: 2022-12-19 08:43:22.371\nProcessGuid: {4901c233-2422-63a0-9900-000000000400}\nProcessId: 6180\nImage: C:\\Windows\\SysWOW64\\OneDriveSetup.exe\nTargetFilename: C:\\Users\\setup\\AppData\\Local\\Microsoft\\OneDrive\\OneDrive.exe\nCreationUtcTime: 2022-12-19 08:43:22.371\nUser: CLIENT\\setup", "process": {"entity_id": "{4901c233-2422-63a0-9900-000000000400}", "executable": "C:\\Windows\\SysWOW64\\OneDriveSetup.exe", "name": "OneDriveSetup.exe", "pid": 6180}, "rule": {"name": "EXE"}, "winlog": {"api": "wineventlog", "channel": "Microsoft-Windows-Sysmon/Operational", "computer_name": "CLIENT", "event_data": {"CreationUtcTime": "2022-12-19 08:43:22.371", "User": "CLIENT\\setup"}, "event_id": 11, "opcode": "Info", "process": {"pid": 1240, "thread": {"id": 2444}}, "provider_guid": "{5770385f-c22a-43e0-bf4c-06f5698ffbd9}", "provider_name": "Microsoft-Windows-Sysmon", "record_id": 758, "task": "File created (rule: FileCreate)", "user": {"domain": "NT AUTHORITY", "identifier": "S-1-5-18", "name": "SYSTEM", "type": "User"}, "version": 2}}, "rule": {"name": "Creation of an Executable by an Executable", "authors": ["frack113"], "level": "low", "source": "sigma", "status": "experimental", "falsepositives": ["Software installers", "Update utilities"], "id": "297afac9-5d02-4138-8c58-b977bac60556", "logsource": {"category": "file_event", "product": "windows"}, "references": ["Malware Sandbox"], "tags": ["attack.resource_development", "attack.t1587.001"]}, "metadata": {"group": "Sigma", "kind": "individual", "document": {"kind": "jsonl", "path": "simulation_datasets/simulation_1/EntireSimulation_winlogbeat.jsonl"}, "timestamp": "2022-12-19T08:43:22.371+00:00", "misuse": false}}
{"event": {"@timestamp": "2022-12-19T08:43:22.402Z", "agent": {"ephemeral_id": "75382475-4494-4885-af56-0a918c9c7d5b", "hostname": "CLIENT1", "id": "a5ea4d3e-40c5-43d5-9a2e-ed2c48327430", "name": "CLIENT1", "type": "winlogbeat", "version": "7.10.2"}, "ecs": {"version": "1.5.0"}, "event": {"action": "File created (rule: FileCreate)", "category": ["file"], "code": 11, "created": "2022-12-19T08:46:43.245Z", "kind": "event", "module": "sysmon", "provider": "Microsoft-Windows-Sysmon", "type": ["creation"]}, "file": {"directory": "C:\\Users\\setup\\AppData\\Local\\Microsoft\\OneDrive", "extension": "exe", "name": "OneDriveStandaloneUpdater.exe", "path": "C:\\Users\\setup\\AppData\\Local\\Microsoft\\OneDrive\\OneDriveStandaloneUpdater.exe"}, "host": {"name": "CLIENT"}, "log": {"level": "information"}, "message": "File created:\nRuleName: EXE\nUtcTime: 2022-12-19 08:43:22.402\nProcessGuid: {4901c233-2422-63a0-9900-000000000400}\nProcessId: 6180\nImage: C:\\Windows\\SysWOW64\\OneDriveSetup.exe\nTargetFilename: C:\\Users\\setup\\AppData\\Local\\Microsoft\\OneDrive\\OneDriveStandaloneUpdater.exe\nCreationUtcTime: 2022-12-19 08:43:22.402\nUser: CLIENT\\setup", "process": {"entity_id": "{4901c233-2422-63a0-9900-000000000400}", "executable": "C:\\Windows\\SysWOW64\\OneDriveSetup.exe", "name": "OneDriveSetup.exe", "pid": 6180}, "rule": {"name": "EXE"}, "winlog": {"api": "wineventlog", "channel": "Microsoft-Windows-Sysmon/Operational", "computer_name": "CLIENT", "event_data": {"CreationUtcTime": "2022-12-19 08:43:22.402", "User": "CLIENT\\setup"}, "event_id": 11, "opcode": "Info", "process": {"pid": 1240, "thread": {"id": 2444}}, "provider_guid": "{5770385f-c22a-43e0-bf4c-06f5698ffbd9}", "provider_name": "Microsoft-Windows-Sysmon", "record_id": 759, "task": "File created (rule: FileCreate)", "user": {"domain": "NT AUTHORITY", "identifier": "S-1-5-18", "name": "SYSTEM", "type": "User"}, "version": 2}}, "rule": {"name": "Creation of an Executable by an Executable", "authors": ["frack113"], "level": "low", "source": "sigma", "status": "experimental", "falsepositives": ["Software installers", "Update utilities"], "id": "297afac9-5d02-4138-8c58-b977bac60556", "logsource": {"category": "file_event", "product": "windows"}, "references": ["Malware Sandbox"], "tags": ["attack.resource_development", "attack.t1587.001"]}, "metadata": {"group": "Sigma", "kind": "individual", "document": {"kind": "jsonl", "path": "simulation_datasets/simulation_1/EntireSimulation_winlogbeat.jsonl"}, "timestamp": "2022-12-19T08:43:22.402+00:00", "misuse": false}}
{"event": {"@timestamp": "2022-12-19T08:43:23.376Z", "agent": {"ephemeral_id": "75382475-4494-4885-af56-0a918c9c7d5b", "hostname": "CLIENT1", "id": "a5ea4d3e-40c5-43d5-9a2e-ed2c48327430", "name": "CLIENT1", "type": "winlogbeat", "version": "7.10.2"}, "destination": {"domain": "-", "ip": "93.184.220.29", "port": 80}, "ecs": {"version": "1.5.0"}, "event": {"action": "Network connection detected (rule: NetworkConnect)", "category": ["network"], "code": 3, "created": "2022-12-19T08:46:43.342Z", "kind": "event", "module": "sysmon", "provider": "Microsoft-Windows-Sysmon", "type": ["connection", "start", "protocol"]}, "host": {"name": "CLIENT"}, "log": {"level": "information"}, "message": "Network connection detected:\nRuleName: Usermode\nUtcTime: 2022-12-19 08:43:23.376\nProcessGuid: {4901c233-242a-63a0-9e00-000000000400}\nProcessId: 6624\nImage: C:\\Users\\setup\\AppData\\Local\\Microsoft\\OneDrive\\OneDrive.exe\nUser: CLIENT\\setup\nProtocol: tcp\nInitiated: true\nSourceIsIpv6: false\nSourceIp: 172.16.1.1\nSourceHostname: CLIENT.breach.local\nSourcePort: 49690\nSourcePortName: -\nDestinationIsIpv6: false\nDestinationIp: 93.184.220.29\nDestinationHostname: -\nDestinationPort: 80\nDestinationPortName: http", "network": {"community_id": "1:iUzZ/qSfE2V/sYD0/cVVkByfC1s=", "direction": "outbound", "protocol": "http", "transport": "tcp", "type": "ipv4"}, "process": {"entity_id": "{4901c233-242a-63a0-9e00-000000000400}", "executable": "C:\\Users\\setup\\AppData\\Local\\Microsoft\\OneDrive\\OneDrive.exe", "name": "OneDrive.exe", "pid": 6624}, "related": {"ip": ["172.16.1.1", "93.184.220.29"], "user": "setup"}, "rule": {"name": "Usermode"}, "source": {"domain": "CLIENT.breach.local", "ip": "172.16.1.1", "port": 49690}, "user": {"domain": "CLIENT", "name": "setup"}, "winlog": {"api": "wineventlog", "channel": "Microsoft-Windows-Sysmon/Operational", "computer_name": "CLIENT", "event_data": {"SourcePortName": "-"}, "event_id": 3, "opcode": "Info", "process": {"pid": 1240, "thread": {"id": 2456}}, "provider_guid": "{5770385f-c22a-43e0-bf4c-06f5698ffbd9}", "provider_name": "Microsoft-Windows-Sysmon", "record_id": 852, "task": "Network connection detected (rule: NetworkConnect)", "user": {"domain": "NT AUTHORITY", "identifier": "S-1-5-18", "name": "SYSTEM", "type": "User"}, "version": 5}}, "rule": {"name": "Cleartext Protocol Usage", "authors": ["Alexandr Yampolskyi", "SOC Prime"], "level": "low", "source": "sigma", "status": "stable", "falsepositives": ["Unknown"], "id": "7e4bfe58-4a47-4709-828d-d86c78b7cc1f", "logsource": {"service": "netflow"}, "references": ["https://www.cisecurity.org/controls/cis-controls-list/", "https://www.pcisecuritystandards.org/documents/PCI_DSS_v3-2-1.pdf", "https://nvlpubs.nist.gov/nistpubs/CSWP/NIST.CSWP.04162018.pdf"]}, "metadata": {"group": "Sigma", "kind": "individual", "document": {"kind": "jsonl", "path": "simulation_datasets/simulation_1/EntireSimulation_winlogbeat.jsonl"}, "timestamp": "2022-12-19T08:43:23.376+00:00", "misuse": false}}
{"event": {"@timestamp": "2022-12-19T08:43:31.723Z", "agent": {"ephemeral_id": "f998276c-afe4-4463-aba7-6d1241c5c07f", "hostname": "CLIENT2", "id": "a5ea4d3e-40c5-43d5-9a2e-ed2c48327430", "name": "CLIENT2", "type": "winlogbeat", "version": "7.10.2"}, "ecs": {"version": "1.5.0"}, "event": {"code": 20, "created": "2022-12-19T08:46:33.234Z", "kind": "event", "provider": "Microsoft-Windows-Kernel-Boot"}, "host": {"name": "CLIENT2"}, "log": {"level": "information"}, "message": "The last shutdown's success status was true. The last boot's success status was true.", "winlog": {"api": "wineventlog", "channel": "System", "computer_name": "CLIENT2", "event_data": {"BootStatusPolicy": "2", "LastBootGood": "true", "LastBootId": "4", "LastShutdownGood": "true"}, "event_id": 20, "opcode": "Info", "process": {"pid": 4, "thread": {"id": 8}}, "provider_guid": "{15ca44ff-4d7a-4baa-bba5-0998955e531e}", "provider_name": "Microsoft-Windows-Kernel-Boot", "record_id": 482, "task": "", "user": {"domain": "NT AUTHORITY", "identifier": "S-1-5-18", "name": "SYSTEM", "type": "User"}, "version": 1}}, "rule": {"name": "WMI Event Subscription", "authors": ["Tom Ueltschi (@c_APT_ure)"], "level": "medium", "source": "sigma", "status": "experimental", "falsepositives": ["Exclude legitimate (vetted) use of WMI event subscription in your network"], "id": "0f06a3a5-6a09-413f-8743-e6cf35561297", "logsource": {"category": "wmi_event", "product": "windows"}, "tags": ["attack.persistence", "attack.t1546.003"]}, "metadata": {"group": "Sigma", "kind": "individual", "document": {"kind": "jsonl", "path": "simulation_datasets/simulation_1/EntireSimulation_winlogbeat.jsonl"}, "timestamp": "2022-12-19T08:43:31.723+00:00", "misuse": false}}
{"event": {"@timestamp": "2022-12-19T08:43:31.729Z", "agent": {"ephemeral_id": "f998276c-afe4-4463-aba7-6d1241c5c07f", "hostname": "CLIENT2", "id": "a5ea4d3e-40c5-43d5-9a2e-ed2c48327430", "name": "CLIENT2", "type": "winlogbeat", "version": "7.10.2"}, "ecs": {"version": "1.5.0"}, "event": {"code": 20, "created": "2022-12-19T08:46:33.235Z", "kind": "event", "provider": "Microsoft-Windows-Kernel-General"}, "host": {"name": "CLIENT2"}, "log": {"level": "information"}, "message": "The leap second configuration has been updated.\nReason: Leap second data initialized from registry during boot\nLeap seconds enabled: true\nNew leap second count: 0\nOld leap second count: 0", "winlog": {"api": "wineventlog", "channel": "System", "computer_name": "CLIENT2", "event_data": {"CountNew": "0", "CountOld": "0", "EnabledNew": "true", "UpdateReason": "0"}, "event_id": 20, "keywords": ["Time"], "opcode": "Info", "process": {"pid": 4, "thread": {"id": 8}}, "provider_guid": "{a68ca8b7-004f-d7b6-a698-07e2de0f1f5d}", "provider_name": "Microsoft-Windows-Kernel-General", "record_id": 487, "task": "", "user": {"domain": "NT AUTHORITY", "identifier": "S-1-5-18", "name": "SYSTEM", "type": "User"}}}, "rule": {"name": "WMI Event Subscription", "authors": ["Tom Ueltschi (@c_APT_ure)"], "level": "medium", "source": "sigma", "status": "experimental", "falsepositives": ["Exclude legitimate (vetted) use of WMI event subscription in your network"], "id": "0f06a3a5-6a09-413f-8743-e6cf35561297", "logsource": {"category": "wmi_event", "product": "windows"}, "tags": ["attack.persistence", "attack.t1546.003"]}, "metadata": {"group": "Sigma", "kind": "individual", "document": {"kind": "jsonl", "path": "simulation_datasets/simulation_1/EntireSimulation_winlogbeat.jsonl"}, "timestamp": "2022-12-19T08:43:31.729+00:00", "misuse": false}}
{"event": {"@timestamp": "2022-12-19T08:43:32.719Z", "agent": {"ephemeral_id": "9f267527-6a01-4adf-bfdd-37fe019af17c", "hostname": "CLIENT3", "id": "a5ea4d3e-40c5-43d5-9a2e-ed2c48327430", "name": "CLIENT3", "type": "winlogbeat", "version": "7.10.2"}, "ecs": {"version": "1.5.0"}, "event": {"code": 20, "created": "2022-12-19T08:46:35.823Z", "kind": "event", "provider": "Microsoft-Windows-Kernel-Boot"}, "host": {"name": "CLIENT3"}, "log": {"level": "information"}, "message": "The last shutdown's success status was true. The last boot's success status was true.", "winlog": {"api": "wineventlog", "channel": "System", "computer_name": "CLIENT3", "event_data": {"BootStatusPolicy": "2", "LastBootGood": "true", "LastBootId": "4", "LastShutdownGood": "true"}, "event_id": 20, "opcode": "Info", "process": {"pid": 4, "thread": {"id": 8}}, "provider_guid": "{15ca44ff-4d7a-4baa-bba5-0998955e531e}", "provider_name": "Microsoft-Windows-Kernel-Boot", "record_id": 469, "task": "", "user": {"domain": "NT AUTHORITY", "identifier": "S-1-5-18", "name": "SYSTEM", "type": "User"}, "version": 1}}, "rule": {"name": "WMI Event Subscription", "authors": ["Tom Ueltschi (@c_APT_ure)"], "level": "medium", "source": "sigma", "status": "experimental", "falsepositives": ["Exclude legitimate (vetted) use of WMI event subscription in your network"], "id": "0f06a3a5-6a09-413f-8743-e6cf35561297", "logsource": {"category": "wmi_event", "product": "windows"}, "tags": ["attack.persistence", "attack.t1546.003"]}, "metadata": {"group": "Sigma", "kind": "individual", "document": {"kind": "jsonl", "path": "simulation_datasets/simulation_1/EntireSimulation_winlogbeat.jsonl"}, "timestamp": "2022-12-19T08:43:32.719+00:00", "misuse": false}}
{"event": {"@timestamp": "2022-12-19T08:43:32.722Z", "agent": {"ephemeral_id": "9f267527-6a01-4adf-bfdd-37fe019af17c", "hostname": "CLIENT3", "id": "a5ea4d3e-40c5-43d5-9a2e-ed2c48327430", "name": "CLIENT3", "type": "winlogbeat", "version": "7.10.2"}, "ecs": {"version": "1.5.0"}, "event": {"code": 20, "created": "2022-12-19T08:46:35.974Z", "kind": "event", "provider": "Microsoft-Windows-Kernel-General"}, "host": {"name": "CLIENT3"}, "log": {"level": "information"}, "message": "The leap second configuration has been updated.\nReason: Leap second data initialized from registry during boot\nLeap seconds enabled: true\nNew leap second count: 0\nOld leap second count: 0", "winlog": {"api": "wineventlog", "channel": "System", "computer_name": "CLIENT3", "event_data": {"CountNew": "0", "CountOld": "0", "EnabledNew": "true", "UpdateReason": "0"}, "event_id": 20, "keywords": ["Time"], "opcode": "Info", "process": {"pid": 4, "thread": {"id": 8}}, "provider_guid": "{a68ca8b7-004f-d7b6-a698-07e2de0f1f5d}", "provider_name": "Microsoft-Windows-Kernel-General", "record_id": 474, "task": "", "user": {"domain": "NT AUTHORITY", "identifier": "S-1-5-18", "name": "SYSTEM", "type": "User"}}}, "rule": {"name": "WMI Event Subscription", "authors": ["Tom Ueltschi (@c_APT_ure)"], "level": "medium", "source": "sigma", "status": "experimental", "falsepositives": ["Exclude legitimate (vetted) use of WMI event subscription in your network"], "id": "0f06a3a5-6a09-413f-8743-e6cf35561297", "logsource": {"category": "wmi_event", "product": "windows"}, "tags": ["attack.persistence", "attack.t1546.003"]}, "metadata": {"group": "Sigma", "kind": "individual", "document": {"kind": "jsonl", "path": "simulation_datasets/simulation_1/EntireSimulation_winlogbeat.jsonl"}, "timestamp": "2022-12-19T08:43:32.722+00:00", "misuse": false}}
{"event": {"@timestamp": "2022-12-19T08:43:39.747Z", "agent": {"ephemeral_id": "75382475-4494-4885-af56-0a918c9c7d5b", "hostname": "CLIENT1", "id": "a5ea4d3e-40c5-43d5-9a2e-ed2c48327430", "name": "CLIENT1", "type": "winlogbeat", "version": "7.10.2"}, "ecs": {"version": "1.5.0"}, "event": {"code": 20, "created": "2022-12-19T08:46:43.000Z", "kind": "event", "provider": "Microsoft-Windows-Kernel-Boot"}, "host": {"name": "CLIENT1"}, "log": {"level": "information"}, "message": "The last shutdown's success status was true. The last boot's success status was true.", "winlog": {"api": "wineventlog", "channel": "System", "computer_name": "CLIENT1", "event_data": {"BootStatusPolicy": "2", "LastBootGood": "true", "LastBootId": "4", "LastShutdownGood": "true"}, "event_id": 20, "opcode": "Info", "process": {"pid": 4, "thread": {"id": 8}}, "provider_guid": "{15ca44ff-4d7a-4baa-bba5-0998955e531e}", "provider_name": "Microsoft-Windows-Kernel-Boot", "record_id": 473, "task": "", "user": {"domain": "NT AUTHORITY", "identifier": "S-1-5-18", "name": "SYSTEM", "type": "User"}, "version": 1}}, "rule": {"name": "WMI Event Subscription", "authors": ["Tom Ueltschi (@c_APT_ure)"], "level": "medium", "source": "sigma", "status": "experimental", "falsepositives": ["Exclude legitimate (vetted) use of WMI event subscription in your network"], "id": "0f06a3a5-6a09-413f-8743-e6cf35561297", "logsource": {"category": "wmi_event", "product": "windows"}, "tags": ["attack.persistence", "attack.t1546.003"]}, "metadata": {"group": "Sigma", "kind": "individual", "document": {"kind": "jsonl", "path": "simulation_datasets/simulation_1/EntireSimulation_winlogbeat.jsonl"}, "timestamp": "2022-12-19T08:43:39.747+00:00", "misuse": false}}
