{"event": {"@timestamp": "2022-12-19T08:42:11.801Z", "agent": {"ephemeral_id": "75382475-4494-4885-af56-0a918c9c7d5b", "hostname": "CLIENT1", "id": "a5ea4d3e-40c5-43d5-9a2e-ed2c48327430", "name": "CLIENT1", "type": "winlogbeat", "version": "7.10.2"}, "ecs": {"version": "1.5.0"}, "event": {"code": 20, "created": "2022-12-19T08:46:42.832Z", "kind": "event", "provider": "Microsoft-Windows-Kernel-Boot"}, "host": {"name": "CLIENT"}, "log": {"level": "information"}, "message": "The last shutdown's success status was true. The last boot's success status was true.", "winlog": {"api": "wineventlog", "channel": "System", "computer_name": "CLIENT", "event_data": {"BootStatusPolicy": "2", "LastBootGood": "true", "LastBootId": "3", "LastShutdownGood": "true"}, "event_id": 20, "opcode": "Info", "process": {"pid": 4, "thread": {"id": 8}}, "provider_guid": "{15ca44ff-4d7a-4baa-bba5-0998955e531e}", "provider_name": "Microsoft-Windows-Kernel-Boot", "record_id": 390, "task": "", "user": {"domain": "NT AUTHORITY", "identifier": "S-1-5-18", "name": "SYSTEM", "type": "User"}, "version": 1}}, "rule": {"name": "WMI Event Subscription", "authors": ["Tom Ueltschi (@c_APT_ure)"], "level": "medium", "source": "sigma", "status": "experimental", "falsepositives": ["Exclude legitimate (vetted) use of WMI event subscription in your network"], "id": "0f06a3a5-6a09-413f-8743-e6cf35561297", "logsource": {"category": "wmi_event", "product": "windows"}, "tags": ["attack.persistence", "attack.t1546.003"]}, "metadata": {"group": "Sigma", "kind": "individual", "document": {"kind": "jsonl", "path": "simulation_datasets/simulation_1/EntireSimulation_winlogbeat.jsonl"}, "timestamp": "2022-12-19T08:42:11.801+00:00", "misuse": false}}
{"event": {"@timestamp": "2022-12-19T08:42:11.807Z", "agent": {"ephemeral_id": "75382475-4494-4885-af56-0a918c9c7d5b", "hostname": "CLIENT1", "id": "a5ea4d3e-40c5-43d5-9a2e-ed2c48327430", "name": "CLIENT1", "type": "winlogbeat", "version": "7.10.2"}, "ecs": {"version": "1.5.0"}, "event": {"code": 20, "created": "2022-12-19T08:46:42.832Z", "kind": "event", "provider": "Microsoft-Windows-Kernel-General"}, "host": {"name": "CLIENT"}, "log": {"level": "information"}, "message": "The leap second configuration has been updated.\nReason: Leap second data initialized from registry during boot\nLeap seconds enabled: true\nNew leap second count: 0\nOld leap second count: 0", "winlog": {"api": "wineventlog", "channel": "System", "computer_name": "CLIENT", "event_data": {"CountNew": "0", "CountOld": "0", "EnabledNew": "true", "UpdateReason": "0"}, "event_id": 20, "keywords": ["Time"], "opcode": "Info", "process": {"pid": 4, "thread": {"id": 8}}, "provider_guid": "{a68ca8b7-004f-d7b6-a698-07e2de0f1f5d}", "provider_name": "Microsoft-Windows-Kernel-General", "record_id": 395, "task": "", "user": {"domain": "NT AUTHORITY", "identifier": "S-1-5-18", "name": "SYSTEM", "type": "User"}}}, "rule": {"name": "WMI Event Subscription", "authors": ["Tom Ueltschi (@c_APT_ure)"], "level": "medium", "source": "sigma", "status": "experimental", "falsepositives": ["Exclude legitimate (vetted) use of WMI event subscription in your network"], "id": "0f06a3a5-6a09-413f-8743-e6cf35561297", "logsource": {"category": "wmi_event", "product": "windows"}, "tags": ["attack.persistence", "attack.t1546.003"]}, "metadata": {"group": "Sigma", "kind": "individual", "document": {"kind": "jsonl", "path": "simulation_datasets/simulation_1/EntireSimulation_winlogbeat.jsonl"}, "timestamp": "2022-12-19T08:42:11.807+00:00", "misuse": false}}
{"event": {"@timestamp": "2022-12-19T08:42:11.900Z", "agent": {"ephemeral_id": "9f267527-6a01-4adf-bfdd-37fe019af17c", "hostname": "CLIENT3", "id": "a5ea4d3e-40c5-43d5-9a2e-ed2c48327430", "name": "CLIENT3", "type": "winlogbeat", "version": "7.10.2"}, "ecs": {"version": "1.5.0"}, "event": {"code": 20, "created": "2022-12-19T08:46:35.822Z", "kind": "event", "provider": "Microsoft-Windows-Kernel-Boot"}, "host": {"name": "CLIENT"}, "log": {"level": "information"}, "message": "The last shutdown's success status was true. The last boot's success status was true.", "winlog": {"api": "wineventlog", "channel": "System", "computer_name": "CLIENT", "event_data": {"BootStatusPolicy": "2", "LastBootGood": "true", "LastBootId": "3", "LastShutdownGood": "true"}, "event_id": 20, "opcode": "Info", "process": {"pid": 4, "thread": {"id": 8}}, "provider_guid": "{15ca44ff-4d7a-4baa-bba5-0998955e531e}", "provider_name": "Microsoft-Windows-Kernel-Boot", "record_id": 390, "task": "", "user": {"domain": "NT AUTHORITY", "identifier": "S-1-5-18", "name": "SYSTEM", "type": "User"}, "version": 1}}, "rule": {"name": "WMI Event Subscription", "authors": ["Tom Ueltschi (@c_APT_ure)"], "level": "medium", "source": "sigma", "status": "experimental", "falsepositives": ["Exclude legitimate (vetted) use of WMI event subscription in your network"], "id": "0f06a3a5-6a09-413f-8743-e6cf35561297", "logsource": {"category": "wmi_event", "product": "windows"}, "tags": ["attack.persistence", "attack.t1546.003"]}, "metadata": {"group": "Sigma", "kind": "individual", "document": {"kind": "jsonl", "path": "simulation_datasets/simulation_1/EntireSimulation_winlogbeat.jsonl"}, "timestamp": "2022-12-19T08:42:11.900+00:00", "misuse": false}}
{"event": {"@timestamp": "2022-12-19T08:42:11.912Z", "agent": {"ephemeral_id": "9f267527-6a01-4adf-bfdd-37fe019af17c", "hostname": "CLIENT3", "id": "a5ea4d3e-40c5-43d5-9a2e-ed2c48327430", "name": "CLIENT3", "type": "winlogbeat", "version": "7.10.2"}, "ecs": {"version": "1.5.0"}, "event": {"code": 20, "created": "2022-12-19T08:46:35.822Z", "kind": "event", "provider": "Microsoft-Windows-Kernel-General"}, "host": {"name": "CLIENT"}, "log": {"level": "information"}, "message": "The leap second configuration has been updated.\nReason: Leap second data initialized from registry during boot\nLeap seconds enabled: true\nNew leap second count: 0\nOld leap second count: 0", "winlog": {"api": "wineventlog", "channel": "System", "computer_name": "CLIENT", "event_data": {"CountNew": "0", "CountOld": "0", "EnabledNew": "true", "UpdateReason": "0"}, "event_id": 20, "keywords": ["Time"], "opcode": "Info", "process": {"pid": 4, "thread": {"id": 8}}, "provider_guid": "{a68ca8b7-004f-d7b6-a698-07e2de0f1f5d}", "provider_name": "Microsoft-Windows-Kernel-General", "record_id": 395, "task": "", "user": {"domain": "NT AUTHORITY", "identifier": "S-1-5-18", "name": "SYSTEM", "type": "User"}}}, "rule": {"name": "WMI Event Subscription", "authors": ["Tom Ueltschi (@c_APT_ure)"], "level": "medium", "source": "sigma", "status": "experimental", "falsepositives": ["Exclude legitimate (vetted) use of WMI event subscription in your network"], "id": "0f06a3a5-6a09-413f-8743-e6cf35561297", "logsource": {"category": "wmi_event", "product": "windows"}, "tags": ["attack.persistence", "attack.t1546.003"]}, "metadata": {"group": "Sigma", "kind": "individual", "document": {"kind": "jsonl", "path": "simulation_datasets/simulation_1/EntireSimulation_winlogbeat.jsonl"}, "timestamp": "2022-12-19T08:42:11.912+00:00", "misuse": false}}
{"event": {"@timestamp": "2022-12-19T08:42:11.919Z", "agent": {"ephemeral_id": "f998276c-afe4-4463-aba7-6d1241c5c07f", "hostname": "CLIENT2", "id": "a5ea4d3e-40c5-43d5-9a2e-ed2c48327430", "name": "CLIENT2", "type": "winlogbeat", "version": "7.10.2"}, "ecs": {"version": "1.5.0"}, "event": {"code": 20, "created": "2022-12-19T08:46:33.069Z", "kind": "event", "provider": "Microsoft-Windows-Kernel-Boot"}, "host": {"name": "CLIENT"}, "log": {"level": "information"}, "message": "The last shutdown's success status was true. The last boot's success status was true.", "winlog": {"api": "wineventlog", "channel": "System", "computer_name": "CLIENT", "event_data": {"BootStatusPolicy": "2", "LastBootGood": "true", "LastBootId": "3", "LastShutdownGood": "true"}, "event_id": 20, "opcode": "Info", "process": {"pid": 4, "thread": {"id": 8}}, "provider_guid": "{15ca44ff-4d7a-4baa-bba5-0998955e531e}", "provider_name": "Microsoft-Windows-Kernel-Boot", "record_id": 390, "task": "", "user": {"domain": "NT AUTHORITY", "identifier": "S-1-5-18", "name": "SYSTEM", "type": "User"}, "version": 1}}, "rule": {"name": "WMI Event Subscription", "authors": ["Tom Ueltschi (@c_APT_ure)"], "level": "medium", "source": "sigma", "status": "experimental", "falsepositives": ["Exclude legitimate (vetted) use of WMI event subscription in your network"], "id": "0f06a3a5-6a09-413f-8743-e6cf35561297", "logsource": {"category": "wmi_event", "product": "windows"}, "tags": ["attack.persistence", "attack.t1546.003"]}, "metadata": {"group": "Sigma", "kind": "individual", "document": {"kind": "jsonl", "path": "simulation_datasets/simulation_1/EntireSimulation_winlogbeat.jsonl"}, "timestamp": "2022-12-19T08:42:11.919+00:00", "misuse": false}}
{"event": {"@timestamp": "2022-12-19T08:42:11.928Z", "agent": {"ephemeral_id": "f998276c-afe4-4463-aba7-6d1241c5c07f", "hostname": "CLIENT2", "id": "a5ea4d3e-40c5-43d5-9a2e-ed2c48327430", "name": "CLIENT2", "type": "winlogbeat", "version": "7.10.2"}, "ecs": {"version": "1.5.0"}, "event": {"code": 20, "created": "2022-12-19T08:46:33.069Z", "kind": "event", "provider": "Microsoft-Windows-Kernel-General"}, "host": {"name": "CLIENT"}, "log": {"level": "information"}, "message": "The leap second configuration has been updated.\nReason: Leap second data initialized from registry during boot\nLeap seconds enabled: true\nNew leap second count: 0\nOld leap second count: 0", "winlog": {"api": "wineventlog", "channel": "System", "computer_name": "CLIENT", "event_data": {"CountNew": "0", "CountOld": "0", "EnabledNew": "true", "UpdateReason": "0"}, "event_id": 20, "keywords": ["Time"], "opcode": "Info", "process": {"pid": 4, "thread": {"id": 8}}, "provider_guid": "{a68ca8b7-004f-d7b6-a698-07e2de0f1f5d}", "provider_name": "Microsoft-Windows-Kernel-General", "record_id": 395, "task": "", "user": {"domain": "NT AUTHORITY", "identifier": "S-1-5-18", "name": "SYSTEM", "type": "User"}}}, "rule": {"name": "WMI Event Subscription", "authors": ["Tom Ueltschi (@c_APT_ure)"], "level": "medium", "source": "sigma", "status": "experimental", "falsepositives": ["Exclude legitimate (vetted) use of WMI event subscription in your network"], "id": "0f06a3a5-6a09-413f-8743-e6cf35561297", "logsource": {"category": "wmi_event", "product": "windows"}, "tags": ["attack.persistence", "attack.t1546.003"]}, "metadata": {"group": "Sigma", "kind": "individual", "document": {"kind": "jsonl", "path": "simulation_datasets/simulation_1/EntireSimulation_winlogbeat.jsonl"}, "timestamp": "2022-12-19T08:42:11.928+00:00", "misuse": false}}
{"event": {"@timestamp": "2022-12-19T08:42:33.921Z", "agent": {"ephemeral_id": "f998276c-afe4-4463-aba7-6d1241c5c07f", "hostname": "CLIENT2", "id": "a5ea4d3e-40c5-43d5-9a2e-ed2c48327430", "name": "CLIENT2", "type": "winlogbeat", "version": "7.10.2"}, "ecs": {"version": "1.5.0"}, "event": {"action": "File created (rule: FileCreate)", "category": ["file"], "code": 11, "created": "2022-12-19T08:46:33.292Z", "kind": "event", "module": "sysmon", "provider": "Microsoft-Windows-Sysmon", "type": ["creation"]}, "file": {"directory": "C:\\Users\\setup\\AppData\\Roaming\\Microsoft\\Windows\\Start Menu\\Programs\\Startup", "extension": "ini", "name": "desktop.ini", "path": "C:\\Users\\setup\\AppData\\Roaming\\Microsoft\\Windows\\Start Menu\\Programs\\Startup\\desktop.ini"}, "host": {"name": "CLIENT"}, "log": {"level": "information"}, "message": "File created:\nRuleName: T1023\nUtcTime: 2022-12-19 08:42:33.921\nProcessGuid: {4901c233-23f4-63a0-4500-000000000400}\nProcessId: 4048\nImage: C:\\Windows\\Explorer.EXE\nTargetFilename: C:\\Users\\setup\\AppData\\Roaming\\Microsoft\\Windows\\Start Menu\\Programs\\Startup\\desktop.ini\nCreationUtcTime: 2022-12-19 08:42:33.921\nUser: CLIENT\\setup", "process": {"entity_id": "{4901c233-23f4-63a0-4500-000000000400}", "executable": "C:\\Windows\\Explorer.EXE", "name": "Explorer.EXE", "pid": 4048}, "rule": {"name": "T1023"}, "winlog": {"api": "wineventlog", "channel": "Microsoft-Windows-Sysmon/Operational", "computer_name": "CLIENT", "event_data": {"CreationUtcTime": "2022-12-19 08:42:33.921", "User": "CLIENT\\setup"}, "event_id": 11, "opcode": "Info", "process": {"pid": 1808, "thread": {"id": 2672}}, "provider_guid": "{5770385f-c22a-43e0-bf4c-06f5698ffbd9}", "provider_name": "Microsoft-Windows-Sysmon", "record_id": 570, "task": "File created (rule: FileCreate)", "user": {"domain": "NT AUTHORITY", "identifier": "S-1-5-18", "name": "SYSTEM", "type": "User"}, "version": 2}}, "rule": {"name": "Startup Folder File Write", "authors": ["Roberto Rodriguez (Cyb3rWard0g)", "OTR (Open Threat Research)"], "level": "medium", "source": "sigma", "status": "experimental", "falsepositives": ["An FP could be caused by legitimate application writing shortcuts for example. This folder should always be inspected to make sure that all the files in there are legitimate"], "id": "2aa0a6b4-a865-495b-ab51-c28249537b75", "logsource": {"category": "file_event", "product": "windows"}, "references": ["https://github.com/OTRF/detection-hackathon-apt29/issues/12", "https://threathunterplaybook.com/evals/apt29/detections/5.B.1_611FCA99-97D0-4873-9E51-1C1BA2DBB40D.html"], "tags": ["attack.persistence", "attack.t1547.001"]}, "metadata": {"group": "Sigma", "kind": "individual", "document": {"kind": "jsonl", "path": "simulation_datasets/simulation_1/EntireSimulation_winlogbeat.jsonl"}, "timestamp": "2022-12-19T08:42:33.921+00:00", "misuse": false}}
{"event": {"@timestamp": "2022-12-19T08:42:33.921Z", "agent": {"ephemeral_id": "f998276c-afe4-4463-aba7-6d1241c5c07f", "hostname": "CLIENT2", "id": "a5ea4d3e-40c5-43d5-9a2e-ed2c48327430", "name": "CLIENT2", "type": "winlogbeat", "version": "7.10.2"}, "ecs": {"version": "1.5.0"}, "event": {"action": "File created (rule: FileCreate)", "category": ["file"], "code": 11, "created": "2022-12-19T08:46:33.292Z", "kind": "event", "module": "sysmon", "provider": "Microsoft-Windows-Sysmon", "type": ["creation"]}, "file": {"directory": "C:\\Users\\setup\\AppData\\Roaming\\Microsoft\\Windows\\Start Menu\\Programs", "name": "Startup", "path": "C:\\Users\\setup\\AppData\\Roaming\\Microsoft\\Windows\\Start Menu\\Programs\\Startup"}, "host": {"name": "CLIENT"}, "log": {"level": "information"}, "message": "File created:\nRuleName: T1023\nUtcTime: 2022-12-19 08:42:33.921\nProcessGuid: {4901c233-23f4-63a0-4500-000000000400}\nProcessId: 4048\nImage: C:\\Windows\\Explorer.EXE\nTargetFilename: C:\\Users\\setup\\AppData\\Roaming\\Microsoft\\Windows\\Start Menu\\Programs\\Startup\nCreationUtcTime: 2022-12-19 08:42:33.921\nUser: CLIENT\\setup", "process": {"entity_id": "{4901c233-23f4-63a0-4500-000000000400}", "executable": "C:\\Windows\\Explorer.EXE", "name": "Explorer.EXE", "pid": 4048}, "rule": {"name": "T1023"}, "winlog": {"api": "wineventlog", "channel": "Microsoft-Windows-Sysmon/Operational", "computer_name": "CLIENT", "event_data": {"CreationUtcTime": "2022-12-19 08:42:33.921", "User": "CLIENT\\setup"}, "event_id": 11, "opcode": "Info", "process": {"pid": 1808, "thread": {"id": 2672}}, "provider_guid": "{5770385f-c22a-43e0-bf4c-06f5698ffbd9}", "provider_name": "Microsoft-Windows-Sysmon", "record_id": 569, "task": "File created (rule: FileCreate)", "user": {"domain": "NT AUTHORITY", "identifier": "S-1-5-18", "name": "SYSTEM", "type": "User"}, "version": 2}}, "rule": {"name": "Startup Folder File Write", "authors": ["Roberto Rodriguez (Cyb3rWard0g)", "OTR (Open Threat Research)"], "level": "medium", "source": "sigma", "status": "experimental", "falsepositives": ["An FP could be caused by legitimate application writing shortcuts for example. This folder should always be inspected to make sure that all the files in there are legitimate"], "id": "2aa0a6b4-a865-495b-ab51-c28249537b75", "logsource": {"category": "file_event", "product": "windows"}, "references": ["https://github.com/OTRF/detection-hackathon-apt29/issues/12", "https://threathunterplaybook.com/evals/apt29/detections/5.B.1_611FCA99-97D0-4873-9E51-1C1BA2DBB40D.html"], "tags": ["attack.persistence", "attack.t1547.001"]}, "metadata": {"group": "Sigma", "kind": "individual", "document": {"kind": "jsonl", "path": "simulation_datasets/simulation_1/EntireSimulation_winlogbeat.jsonl"}, "timestamp": "2022-12-19T08:42:33.921+00:00", "misuse": false}}
{"event": {"@timestamp": "2022-12-19T08:42:33.983Z", "agent": {"ephemeral_id": "9f267527-6a01-4adf-bfdd-37fe019af17c", "hostname": "CLIENT3", "id": "a5ea4d3e-40c5-43d5-9a2e-ed2c48327430", "name": "CLIENT3", "type": "winlogbeat", "version": "7.10.2"}, "ecs": {"version": "1.5.0"}, "event": {"action": "File created (rule: FileCreate)", "category": ["file"], "code": 11, "created": "2022-12-19T08:46:35.993Z", "kind": "event", "module": "sysmon", "provider": "Microsoft-Windows-Sysmon", "type": ["creation"]}, "file": {"directory": "C:\\Users\\setup\\AppData\\Roaming\\Microsoft\\Windows\\Start Menu\\Programs\\Startup", "extension": "ini", "name": "desktop.ini", "path": "C:\\Users\\setup\\AppData\\Roaming\\Microsoft\\Windows\\Start Menu\\Programs\\Startup\\desktop.ini"}, "host": {"name": "CLIENT"}, "log": {"level": "information"}, "message": "File created:\nRuleName: T1023\nUtcTime: 2022-12-19 08:42:33.983\nProcessGuid: {4901c233-23f5-63a0-4600-000000000400}\nProcessId: 3892\nImage: C:\\Windows\\Explorer.EXE\nTargetFilename: C:\\Users\\setup\\AppData\\Roaming\\Microsoft\\Windows\\Start Menu\\Programs\\Startup\\desktop.ini\nCreationUtcTime: 2022-12-19 08:42:33.983\nUser: CLIENT\\setup", "process": {"entity_id": "{4901c233-23f5-63a0-4600-000000000400}", "executable": "C:\\Windows\\Explorer.EXE", "name": "Explorer.EXE", "pid": 3892}, "rule": {"name": "T1023"}, "winlog": {"api": "wineventlog", "channel": "Microsoft-Windows-Sysmon/Operational", "computer_name": "CLIENT", "event_data": {"CreationUtcTime": "2022-12-19 08:42:33.983", "User": "CLIENT\\setup"}, "event_id": 11, "opcode": "Info", "process": {"pid": 1708, "thread": {"id": 2544}}, "provider_guid": "{5770385f-c22a-43e0-bf4c-06f5698ffbd9}", "provider_name": "Microsoft-Windows-Sysmon", "record_id": 575, "task": "File created (rule: FileCreate)", "user": {"domain": "NT AUTHORITY", "identifier": "S-1-5-18", "name": "SYSTEM", "type": "User"}, "version": 2}}, "rule": {"name": "Startup Folder File Write", "authors": ["Roberto Rodriguez (Cyb3rWard0g)", "OTR (Open Threat Research)"], "level": "medium", "source": "sigma", "status": "experimental", "falsepositives": ["An FP could be caused by legitimate application writing shortcuts for example. This folder should always be inspected to make sure that all the files in there are legitimate"], "id": "2aa0a6b4-a865-495b-ab51-c28249537b75", "logsource": {"category": "file_event", "product": "windows"}, "references": ["https://github.com/OTRF/detection-hackathon-apt29/issues/12", "https://threathunterplaybook.com/evals/apt29/detections/5.B.1_611FCA99-97D0-4873-9E51-1C1BA2DBB40D.html"], "tags": ["attack.persistence", "attack.t1547.001"]}, "metadata": {"group": "Sigma", "kind": "individual", "document": {"kind": "jsonl", "path": "simulation_datasets/simulation_1/EntireSimulation_winlogbeat.jsonl"}, "timestamp": "2022-12-19T08:42:33.983+00:00", "misuse": false}}
{"event": {"@timestamp": "2022-12-19T08:42:33.983Z", "agent": {"ephemeral_id": "9f267527-6a01-4adf-bfdd-37fe019af17c", "hostname": "CLIENT3", "id": "a5ea4d3e-40c5-43d5-9a2e-ed2c48327430", "name": "CLIENT3", "type": "winlogbeat", "version": "7.10.2"}, "ecs": {"version": "1.5.0"}, "event": {"action": "File created (rule: FileCreate)", "category": ["file"], "code": 11, "created": "2022-12-19T08:46:35.993Z", "kind": "event", "module": "sysmon", "provider": "Microsoft-Windows-Sysmon", "type": ["creation"]}, "file": {"directory": "C:\\Users\\setup\\AppData\\Roaming\\Microsoft\\Windows\\Start Menu\\Programs", "name": "Startup", "path": "C:\\Users\\setup\\AppData\\Roaming\\Microsoft\\Windows\\Start Menu\\Programs\\Startup"}, "host": {"name": "CLIENT"}, "log": {"level": "information"}, "message": "File created:\nRuleName: T1023\nUtcTime: 2022-12-19 08:42:33.983\nProcessGuid: {4901c233-23f5-63a0-4600-000000000400}\nProcessId: 3892\nImage: C:\\Windows\\Explorer.EXE\nTargetFilename: C:\\Users\\setup\\AppData\\Roaming\\Microsoft\\Windows\\Start Menu\\Programs\\Startup\nCreationUtcTime: 2022-12-19 08:42:33.983\nUser: CLIENT\\setup", "process": {"entity_id": "{4901c233-23f5-63a0-4600-000000000400}", "executable": "C:\\Windows\\Explorer.EXE", "name": "Explorer.EXE", "pid": 3892}, "rule": {"name": "T1023"}, "winlog": {"api": "wineventlog", "channel": "Microsoft-Windows-Sysmon/Operational", "computer_name": "CLIENT", "event_data": {"CreationUtcTime": "2022-12-19 08:42:33.983", "User": "CLIENT\\setup"}, "event_id": 11, "opcode": "Info", "process": {"pid": 1708, "thread": {"id": 2544}}, "provider_guid": "{5770385f-c22a-43e0-bf4c-06f5698ffbd9}", "provider_name": "Microsoft-Windows-Sysmon", "record_id": 574, "task": "File created (rule: FileCreate)", "user": {"domain": "NT AUTHORITY", "identifier": "S-1-5-18", "name": "SYSTEM", "type": "User"}, "version": 2}}, "rule": {"name": "Startup Folder File Write", "authors": ["Roberto Rodriguez (Cyb3rWard0g)", "OTR (Open Threat Research)"], "level": "medium", "source": "sigma", "status": "experimental", "falsepositives": ["An FP could be caused by legitimate application writing shortcuts for example. This folder should always be inspected to make sure that all the files in there are legitimate"], "id": "2aa0a6b4-a865-495b-ab51-c28249537b75", "logsource": {"category": "file_event", "product": "windows"}, "references": ["https://github.com/OTRF/detection-hackathon-apt29/issues/12", "https://threathunterplaybook.com/evals/apt29/detections/5.B.1_611FCA99-97D0-4873-9E51-1C1BA2DBB40D.html"], "tags": ["attack.persistence", "attack.t1547.001"]}, "metadata": {"group": "Sigma", "kind": "individual", "document": {"kind": "jsonl", "path": "simulation_datasets/simulation_1/EntireSimulation_winlogbeat.jsonl"}, "timestamp": "2022-12-19T08:42:33.983+00:00", "misuse": false}}
{"event": {"@timestamp": "2022-12-19T08:42:34.512Z", "agent": {"ephemeral_id": "75382475-4494-4885-af56-0a918c9c7d5b", "hostname": "CLIENT1", "id": "a5ea4d3e-40c5-43d5-9a2e-ed2c48327430", "name": "CLIENT1", "type": "winlogbeat", "version": "7.10.2"}, "ecs": {"version": "1.5.0"}, "event": {"action": "File created (rule: FileCreate)", "category": ["file"], "code": 11, "created": "2022-12-19T08:46:43.016Z", "kind": "event", "module": "sysmon", "provider": "Microsoft-Windows-Sysmon", "type": ["creation"]}, "file": {"directory": "C:\\Users\\setup\\AppData\\Roaming\\Microsoft\\Windows\\Start Menu\\Programs", "name": "Startup", "path": "C:\\Users\\setup\\AppData\\Roaming\\Microsoft\\Windows\\Start Menu\\Programs\\Startup"}, "host": {"name": "CLIENT"}, "log": {"level": "information"}, "message": "File created:\nRuleName: T1023\nUtcTime: 2022-12-19 08:42:34.512\nProcessGuid: {4901c233-23f5-63a0-4500-000000000400}\nProcessId: 3968\nImage: C:\\Windows\\Explorer.EXE\nTargetFilename: C:\\Users\\setup\\AppData\\Roaming\\Microsoft\\Windows\\Start Menu\\Programs\\Startup\nCreationUtcTime: 2022-12-19 08:42:34.512\nUser: CLIENT\\setup", "process": {"entity_id": "{4901c233-23f5-63a0-4500-000000000400}", "executable": "C:\\Windows\\Explorer.EXE", "name": "Explorer.EXE", "pid": 3968}, "rule": {"name": "T1023"}, "winlog": {"api": "wineventlog", "channel": "Microsoft-Windows-Sysmon/Operational", "computer_name": "CLIENT", "event_data": {"CreationUtcTime": "2022-12-19 08:42:34.512", "User": "CLIENT\\setup"}, "event_id": 11, "opcode": "Info", "process": {"pid": 1240, "thread": {"id": 2444}}, "provider_guid": "{5770385f-c22a-43e0-bf4c-06f5698ffbd9}", "provider_name": "Microsoft-Windows-Sysmon", "record_id": 573, "task": "File created (rule: FileCreate)", "user": {"domain": "NT AUTHORITY", "identifier": "S-1-5-18", "name": "SYSTEM", "type": "User"}, "version": 2}}, "rule": {"name": "Startup Folder File Write", "authors": ["Roberto Rodriguez (Cyb3rWard0g)", "OTR (Open Threat Research)"], "level": "medium", "source": "sigma", "status": "experimental", "falsepositives": ["An FP could be caused by legitimate application writing shortcuts for example. This folder should always be inspected to make sure that all the files in there are legitimate"], "id": "2aa0a6b4-a865-495b-ab51-c28249537b75", "logsource": {"category": "file_event", "product": "windows"}, "references": ["https://github.com/OTRF/detection-hackathon-apt29/issues/12", "https://threathunterplaybook.com/evals/apt29/detections/5.B.1_611FCA99-97D0-4873-9E51-1C1BA2DBB40D.html"], "tags": ["attack.persistence", "attack.t1547.001"]}, "metadata": {"group": "Sigma", "kind": "individual", "document": {"kind": "jsonl", "path": "simulation_datasets/simulation_1/EntireSimulation_winlogbeat.jsonl"}, "timestamp": "2022-12-19T08:42:34.512+00:00", "misuse": false}}
{"event": {"@timestamp": "2022-12-19T08:42:34.512Z", "agent": {"ephemeral_id": "75382475-4494-4885-af56-0a918c9c7d5b", "hostname": "CLIENT1", "id": "a5ea4d3e-40c5-43d5-9a2e-ed2c48327430", "name": "CLIENT1", "type": "winlogbeat", "version": "7.10.2"}, "ecs": {"version": "1.5.0"}, "event": {"action": "File created (rule: FileCreate)", "category": ["file"], "code": 11, "created": "2022-12-19T08:46:43.016Z", "kind": "event", "module": "sysmon", "provider": "Microsoft-Windows-Sysmon", "type": ["creation"]}, "file": {"directory": "C:\\Users\\setup\\AppData\\Roaming\\Microsoft\\Windows\\Start Menu\\Programs\\Startup", "extension": "ini", "name": "desktop.ini", "path": "C:\\Users\\setup\\AppData\\Roaming\\Microsoft\\Windows\\Start Menu\\Programs\\Startup\\desktop.ini"}, "host": {"name": "CLIENT"}, "log": {"level": "information"}, "message": "File created:\nRuleName: T1023\nUtcTime: 2022-12-19 08:42:34.512\nProcessGuid: {4901c233-23f5-63a0-4500-000000000400}\nProcessId: 3968\nImage: C:\\Windows\\Explorer.EXE\nTargetFilename: C:\\Users\\setup\\AppData\\Roaming\\Microsoft\\Windows\\Start Menu\\Programs\\Startup\\desktop.ini\nCreationUtcTime: 2022-12-19 08:42:34.512\nUser: CLIENT\\setup", "process": {"entity_id": "{4901c233-23f5-63a0-4500-000000000400}", "executable": "C:\\Windows\\Explorer.EXE", "name": "Explorer.EXE", "pid": 3968}, "rule": {"name": "T1023"}, "winlog": {"api": "wineventlog", "channel": "Microsoft-Windows-Sysmon/Operational", "computer_name": "CLIENT", "event_data": {"CreationUtcTime": "2022-12-19 08:42:34.512", "User": "CLIENT\\setup"}, "event_id": 11, "opcode": "Info", "process": {"pid": 1240, "thread": {"id": 2444}}, "provider_guid": "{5770385f-c22a-43e0-bf4c-06f5698ffbd9}", "provider_name": "Microsoft-Windows-Sysmon", "record_id": 574, "task": "File created (rule: FileCreate)", "user": {"domain": "NT AUTHORITY", "identifier": "S-1-5-18", "name": "SYSTEM", "type": "User"}, "version": 2}}, "rule": {"name": "Startup Folder File Write", "authors": ["Roberto Rodriguez (Cyb3rWard0g)", "OTR (Open Threat Research)"], "level": "medium", "source": "sigma", "status": "experimental", "falsepositives": ["An FP could be caused by legitimate application writing shortcuts for example. This folder should always be inspected to make sure that all the files in there are legitimate"], "id": "2aa0a6b4-a865-495b-ab51-c28249537b75", "logsource": {"category": "file_event", "product": "windows"}, "references": ["https://github.com/OTRF/detection-hackathon-apt29/issues/12", "https://threathunterplaybook.com/evals/apt29/detections/5.B.1_611FCA99-97D0-4873-9E51-1C1BA2DBB40D.html"], "tags": ["attack.persistence", "attack.t1547.001"]}, "metadata": {"group": "Sigma", "kind": "individual", "document": {"kind": "jsonl", "path": "simulation_datasets/simulation_1/EntireSimulation_winlogbeat.jsonl"}, "timestamp": "2022-12-19T08:42:34.512+00:00", "misuse": false}}
{"event": {"@timestamp": "2022-12-19T08:42:58.264Z", "agent": {"ephemeral_id": "f998276c-afe4-4463-aba7-6d1241c5c07f", "hostname": "CLIENT2", "id": "a5ea4d3e-40c5-43d5-9a2e-ed2c48327430", "name": "CLIENT2", "type": "winlogbeat", "version": "7.10.2"}, "ecs": {"version": "1.5.0"}, "event": {"action": "Process Create (rule: ProcessCreate)", "category": ["process"], "code": 1, "created": "2022-12-19T08:46:33.402Z", "kind": "event", "module": "sysmon", "provider": "Microsoft-Windows-Sysmon", "type": ["start", "process_start"]}, "hash": {"imphash": "fa65d753209c7382631265744de49154", "md5": "81d41e225b8b55748ffb0d8747fe8bac", "sha256": "ac6e1f614cb902c0abe4297646e21c70590624b652a080bfbb8407b1ab52609d"}, "host": {"name": "CLIENT"}, "log": {"level": "information"}, "message": "Process Create:\nRuleName: -\nUtcTime: 2022-12-19 08:42:58.264\nProcessGuid: {4901c233-2412-63a0-8400-000000000400}\nProcessId: 6084\nImage: C:\\Windows\\System32\\verclsid.exe\nFileVersion: 10.0.19041.1 (WinBuild.160101.0800)\nDescription: Extension CLSID Verification Host\nProduct: Microsoft\u00ae Windows\u00ae Operating System\nCompany: Microsoft Corporation\nOriginalFileName: verclsid.exe\nCommandLine: \"C:\\Windows\\system32\\verclsid.exe\" /S /C {9E175B8B-F52A-11D8-B9A5-505054503030} /I {0C733A8A-2A1C-11CE-ADE5-00AA0044773D} /X 0x401\nCurrentDirectory: C:\\Windows\\system32\\\nUser: CLIENT\\setup\nLogonGuid: {4901c233-23f1-63a0-1314-030000000000}\nLogonId: 0x31413\nTerminalSessionId: 1\nIntegrityLevel: High\nHashes: MD5=81D41E225B8B55748FFB0D8747FE8BAC,SHA256=AC6E1F614CB902C0ABE4297646E21C70590624B652A080BFBB8407B1AB52609D,IMPHASH=FA65D753209C7382631265744DE49154\nParentProcessGuid: {4901c233-2411-63a0-8200-000000000400}\nParentProcessId: 5904\nParentImage: C:\\Windows\\System32\\RuntimeBroker.exe\nParentCommandLine: C:\\Windows\\System32\\RuntimeBroker.exe -Embedding\nParentUser: CLIENT\\setup", "process": {"args": ["C:\\Windows\\system32\\verclsid.exe", "/S", "/C", "{9E175B8B-F52A-11D8-B9A5-505054503030}", "/I", "{0C733A8A-2A1C-11CE-ADE5-00AA0044773D}", "/X", "0x401"], "command_line": "\"C:\\Windows\\system32\\verclsid.exe\" /S /C {9E175B8B-F52A-11D8-B9A5-505054503030} /I {0C733A8A-2A1C-11CE-ADE5-00AA0044773D} /X 0x401", "entity_id": "{4901c233-2412-63a0-8400-000000000400}", "executable": "C:\\Windows\\System32\\verclsid.exe", "hash": {"md5": "81d41e225b8b55748ffb0d8747fe8bac", "sha256": "ac6e1f614cb902c0abe4297646e21c70590624b652a080bfbb8407b1ab52609d"}, "name": "verclsid.exe", "parent": {"args": ["C:\\Windows\\System32\\RuntimeBroker.exe", "-Embedding"], "command_line": "C:\\Windows\\System32\\RuntimeBroker.exe -Embedding", "entity_id": "{4901c233-2411-63a0-8200-000000000400}", "executable": "C:\\Windows\\System32\\RuntimeBroker.exe", "name": "RuntimeBroker.exe", "pid": 5904}, "pe": {"imphash": "fa65d753209c7382631265744de49154"}, "pid": 6084, "working_directory": "C:\\Windows\\system32\\"}, "related": {"hash": ["81d41e225b8b55748ffb0d8747fe8bac", "ac6e1f614cb902c0abe4297646e21c70590624b652a080bfbb8407b1ab52609d", "fa65d753209c7382631265744de49154"], "user": "setup"}, "user": {"domain": "CLIENT", "name": "setup"}, "winlog": {"api": "wineventlog", "channel": "Microsoft-Windows-Sysmon/Operational", "computer_name": "CLIENT", "event_data": {"Company": "Microsoft Corporation", "Description": "Extension CLSID Verification Host", "FileVersion": "10.0.19041.1 (WinBuild.160101.0800)", "IntegrityLevel": "High", "LogonGuid": "{4901c233-23f1-63a0-1314-030000000000}", "LogonId": "0x31413", "OriginalFileName": "verclsid.exe", "ParentUser": "CLIENT\\setup", "Product": "Microsoft\u00ae Windows\u00ae Operating System", "RuleName": "-", "TerminalSessionId": "1"}, "event_id": 1, "opcode": "Info", "process": {"pid": 1808, "thread": {"id": 2672}}, "provider_guid": "{5770385f-c22a-43e0-bf4c-06f5698ffbd9}", "provider_name": "Microsoft-Windows-Sysmon", "record_id": 623, "task": "Process Create (rule: ProcessCreate)", "user": {"domain": "NT AUTHORITY", "identifier": "S-1-5-18", "name": "SYSTEM", "type": "User"}, "version": 5}}, "rule": {"name": "Verclsid.exe Runs COM Object", "authors": ["Victor Sergeev", "oscd.community"], "level": "medium", "source": "sigma", "status": "experimental", "falsepositives": ["Unknown"], "id": "d06be4b9-8045-428b-a567-740a26d9db25", "logsource": {"category": "process_creation", "product": "windows"}, "references": ["https://lolbas-project.github.io/lolbas/Binaries/Verclsid/", "https://gist.github.com/NickTyrer/0598b60112eaafe6d07789f7964290d5", "https://bohops.com/2018/08/18/abusing-the-com-registry-structure-part-2-loading-techniques-for-evasion-and-persistence/"], "tags": ["attack.defense_evasion", "attack.t1218"]}, "metadata": {"group": "Sigma", "kind": "individual", "document": {"kind": "jsonl", "path": "simulation_datasets/simulation_1/EntireSimulation_winlogbeat.jsonl"}, "timestamp": "2022-12-19T08:42:58.264+00:00", "misuse": false}}
{"event": {"@timestamp": "2022-12-19T08:43:00.339Z", "agent": {"ephemeral_id": "9f267527-6a01-4adf-bfdd-37fe019af17c", "hostname": "CLIENT3", "id": "a5ea4d3e-40c5-43d5-9a2e-ed2c48327430", "name": "CLIENT3", "type": "winlogbeat", "version": "7.10.2"}, "ecs": {"version": "1.5.0"}, "event": {"action": "Process Create (rule: ProcessCreate)", "category": ["process"], "code": 1, "created": "2022-12-19T08:46:36.096Z", "kind": "event", "module": "sysmon", "provider": "Microsoft-Windows-Sysmon", "type": ["start", "process_start"]}, "hash": {"imphash": "fa65d753209c7382631265744de49154", "md5": "81d41e225b8b55748ffb0d8747fe8bac", "sha256": "ac6e1f614cb902c0abe4297646e21c70590624b652a080bfbb8407b1ab52609d"}, "host": {"name": "CLIENT"}, "log": {"level": "information"}, "message": "Process Create:\nRuleName: -\nUtcTime: 2022-12-19 08:43:00.339\nProcessGuid: {4901c233-2414-63a0-8800-000000000400}\nProcessId: 5012\nImage: C:\\Windows\\System32\\verclsid.exe\nFileVersion: 10.0.19041.1 (WinBuild.160101.0800)\nDescription: Extension CLSID Verification Host\nProduct: Microsoft\u00ae Windows\u00ae Operating System\nCompany: Microsoft Corporation\nOriginalFileName: verclsid.exe\nCommandLine: \"C:\\Windows\\system32\\verclsid.exe\" /S /C {9E175B8B-F52A-11D8-B9A5-505054503030} /I {0C733A8A-2A1C-11CE-ADE5-00AA0044773D} /X 0x401\nCurrentDirectory: C:\\Windows\\system32\\\nUser: CLIENT\\setup\nLogonGuid: {4901c233-23f1-63a0-d027-030000000000}\nLogonId: 0x327D0\nTerminalSessionId: 1\nIntegrityLevel: High\nHashes: MD5=81D41E225B8B55748FFB0D8747FE8BAC,SHA256=AC6E1F614CB902C0ABE4297646E21C70590624B652A080BFBB8407B1AB52609D,IMPHASH=FA65D753209C7382631265744DE49154\nParentProcessGuid: {4901c233-2412-63a0-8500-000000000400}\nParentProcessId: 4844\nParentImage: C:\\Windows\\System32\\RuntimeBroker.exe\nParentCommandLine: C:\\Windows\\System32\\RuntimeBroker.exe -Embedding\nParentUser: CLIENT\\setup", "process": {"args": ["C:\\Windows\\system32\\verclsid.exe", "/S", "/C", "{9E175B8B-F52A-11D8-B9A5-505054503030}", "/I", "{0C733A8A-2A1C-11CE-ADE5-00AA0044773D}", "/X", "0x401"], "command_line": "\"C:\\Windows\\system32\\verclsid.exe\" /S /C {9E175B8B-F52A-11D8-B9A5-505054503030} /I {0C733A8A-2A1C-11CE-ADE5-00AA0044773D} /X 0x401", "entity_id": "{4901c233-2414-63a0-8800-000000000400}", "executable": "C:\\Windows\\System32\\verclsid.exe", "hash": {"md5": "81d41e225b8b55748ffb0d8747fe8bac", "sha256": "ac6e1f614cb902c0abe4297646e21c70590624b652a080bfbb8407b1ab52609d"}, "name": "verclsid.exe", "parent": {"args": ["C:\\Windows\\System32\\RuntimeBroker.exe", "-Embedding"], "command_line": "C:\\Windows\\System32\\RuntimeBroker.exe -Embedding", "entity_id": "{4901c233-2412-63a0-8500-000000000400}", "executable": "C:\\Windows\\System32\\RuntimeBroker.exe", "name": "RuntimeBroker.exe", "pid": 4844}, "pe": {"imphash": "fa65d753209c7382631265744de49154"}, "pid": 5012, "working_directory": "C:\\Windows\\system32\\"}, "related": {"hash": ["81d41e225b8b55748ffb0d8747fe8bac", "ac6e1f614cb902c0abe4297646e21c70590624b652a080bfbb8407b1ab52609d", "fa65d753209c7382631265744de49154"], "user": "setup"}, "user": {"domain": "CLIENT", "name": "setup"}, "winlog": {"api": "wineventlog", "channel": "Microsoft-Windows-Sysmon/Operational", "computer_name": "CLIENT", "event_data": {"Company": "Microsoft Corporation", "Description": "Extension CLSID Verification Host", "FileVersion": "10.0.19041.1 (WinBuild.160101.0800)", "IntegrityLevel": "High", "LogonGuid": "{4901c233-23f1-63a0-d027-030000000000}", "LogonId": "0x327d0", "OriginalFileName": "verclsid.exe", "ParentUser": "CLIENT\\setup", "Product": "Microsoft\u00ae Windows\u00ae Operating System", "RuleName": "-", "TerminalSessionId": "1"}, "event_id": 1, "opcode": "Info", "process": {"pid": 1708, "thread": {"id": 2544}}, "provider_guid": "{5770385f-c22a-43e0-bf4c-06f5698ffbd9}", "provider_name": "Microsoft-Windows-Sysmon", "record_id": 625, "task": "Process Create (rule: ProcessCreate)", "user": {"domain": "NT AUTHORITY", "identifier": "S-1-5-18", "name": "SYSTEM", "type": "User"}, "version": 5}}, "rule": {"name": "Verclsid.exe Runs COM Object", "authors": ["Victor Sergeev", "oscd.community"], "level": "medium", "source": "sigma", "status": "experimental", "falsepositives": ["Unknown"], "id": "d06be4b9-8045-428b-a567-740a26d9db25", "logsource": {"category": "process_creation", "product": "windows"}, "references": ["https://lolbas-project.github.io/lolbas/Binaries/Verclsid/", "https://gist.github.com/NickTyrer/0598b60112eaafe6d07789f7964290d5", "https://bohops.com/2018/08/18/abusing-the-com-registry-structure-part-2-loading-techniques-for-evasion-and-persistence/"], "tags": ["attack.defense_evasion", "attack.t1218"]}, "metadata": {"group": "Sigma", "kind": "individual", "document": {"kind": "jsonl", "path": "simulation_datasets/simulation_1/EntireSimulation_winlogbeat.jsonl"}, "timestamp": "2022-12-19T08:43:00.339+00:00", "misuse": false}}
{"event": {"@timestamp": "2022-12-19T08:43:01.393Z", "agent": {"ephemeral_id": "75382475-4494-4885-af56-0a918c9c7d5b", "hostname": "CLIENT1", "id": "a5ea4d3e-40c5-43d5-9a2e-ed2c48327430", "name": "CLIENT1", "type": "winlogbeat", "version": "7.10.2"}, "ecs": {"version": "1.5.0"}, "event": {"action": "Process Create (rule: ProcessCreate)", "category": ["process"], "code": 1, "created": "2022-12-19T08:46:43.131Z", "kind": "event", "module": "sysmon", "provider": "Microsoft-Windows-Sysmon", "type": ["start", "process_start"]}, "hash": {"imphash": "fa65d753209c7382631265744de49154", "md5": "81d41e225b8b55748ffb0d8747fe8bac", "sha256": "ac6e1f614cb902c0abe4297646e21c70590624b652a080bfbb8407b1ab52609d"}, "host": {"name": "CLIENT"}, "log": {"level": "information"}, "message": "Process Create:\nRuleName: -\nUtcTime: 2022-12-19 08:43:01.393\nProcessGuid: {4901c233-2415-63a0-8500-000000000400}\nProcessId: 5612\nImage: C:\\Windows\\System32\\verclsid.exe\nFileVersion: 10.0.19041.1 (WinBuild.160101.0800)\nDescription: Extension CLSID Verification Host\nProduct: Microsoft\u00ae Windows\u00ae Operating System\nCompany: Microsoft Corporation\nOriginalFileName: verclsid.exe\nCommandLine: \"C:\\Windows\\system32\\verclsid.exe\" /S /C {9E175B8B-F52A-11D8-B9A5-505054503030} /I {0C733A8A-2A1C-11CE-ADE5-00AA0044773D} /X 0x401\nCurrentDirectory: C:\\Windows\\system32\\\nUser: CLIENT\\setup\nLogonGuid: {4901c233-23f1-63a0-ee0c-030000000000}\nLogonId: 0x30CEE\nTerminalSessionId: 1\nIntegrityLevel: High\nHashes: MD5=81D41E225B8B55748FFB0D8747FE8BAC,SHA256=AC6E1F614CB902C0ABE4297646E21C70590624B652A080BFBB8407B1AB52609D,IMPHASH=FA65D753209C7382631265744DE49154\nParentProcessGuid: {4901c233-2413-63a0-8100-000000000400}\nParentProcessId: 4220\nParentImage: C:\\Windows\\System32\\RuntimeBroker.exe\nParentCommandLine: C:\\Windows\\System32\\RuntimeBroker.exe -Embedding\nParentUser: CLIENT\\setup", "process": {"args": ["C:\\Windows\\system32\\verclsid.exe", "/S", "/C", "{9E175B8B-F52A-11D8-B9A5-505054503030}", "/I", "{0C733A8A-2A1C-11CE-ADE5-00AA0044773D}", "/X", "0x401"], "command_line": "\"C:\\Windows\\system32\\verclsid.exe\" /S /C {9E175B8B-F52A-11D8-B9A5-505054503030} /I {0C733A8A-2A1C-11CE-ADE5-00AA0044773D} /X 0x401", "entity_id": "{4901c233-2415-63a0-8500-000000000400}", "executable": "C:\\Windows\\System32\\verclsid.exe", "hash": {"md5": "81d41e225b8b55748ffb0d8747fe8bac", "sha256": "ac6e1f614cb902c0abe4297646e21c70590624b652a080bfbb8407b1ab52609d"}, "name": "verclsid.exe", "parent": {"args": ["C:\\Windows\\System32\\RuntimeBroker.exe", "-Embedding"], "command_line": "C:\\Windows\\System32\\RuntimeBroker.exe -Embedding", "entity_id": "{4901c233-2413-63a0-8100-000000000400}", "executable": "C:\\Windows\\System32\\RuntimeBroker.exe", "name": "RuntimeBroker.exe", "pid": 4220}, "pe": {"imphash": "fa65d753209c7382631265744de49154"}, "pid": 5612, "working_directory": "C:\\Windows\\system32\\"}, "related": {"hash": ["81d41e225b8b55748ffb0d8747fe8bac", "ac6e1f614cb902c0abe4297646e21c70590624b652a080bfbb8407b1ab52609d", "fa65d753209c7382631265744de49154"], "user": "setup"}, "user": {"domain": "CLIENT", "name": "setup"}, "winlog": {"api": "wineventlog", "channel": "Microsoft-Windows-Sysmon/Operational", "computer_name": "CLIENT", "event_data": {"Company": "Microsoft Corporation", "Description": "Extension CLSID Verification Host", "FileVersion": "10.0.19041.1 (WinBuild.160101.0800)", "IntegrityLevel": "High", "LogonGuid": "{4901c233-23f1-63a0-ee0c-030000000000}", "LogonId": "0x30cee", "OriginalFileName": "verclsid.exe", "ParentUser": "CLIENT\\setup", "Product": "Microsoft\u00ae Windows\u00ae Operating System", "RuleName": "-", "TerminalSessionId": "1"}, "event_id": 1, "opcode": "Info", "process": {"pid": 1240, "thread": {"id": 2444}}, "provider_guid": "{5770385f-c22a-43e0-bf4c-06f5698ffbd9}", "provider_name": "Microsoft-Windows-Sysmon", "record_id": 623, "task": "Process Create (rule: ProcessCreate)", "user": {"domain": "NT AUTHORITY", "identifier": "S-1-5-18", "name": "SYSTEM", "type": "User"}, "version": 5}}, "rule": {"name": "Verclsid.exe Runs COM Object", "authors": ["Victor Sergeev", "oscd.community"], "level": "medium", "source": "sigma", "status": "experimental", "falsepositives": ["Unknown"], "id": "d06be4b9-8045-428b-a567-740a26d9db25", "logsource": {"category": "process_creation", "product": "windows"}, "references": ["https://lolbas-project.github.io/lolbas/Binaries/Verclsid/", "https://gist.github.com/NickTyrer/0598b60112eaafe6d07789f7964290d5", "https://bohops.com/2018/08/18/abusing-the-com-registry-structure-part-2-loading-techniques-for-evasion-and-persistence/"], "tags": ["attack.defense_evasion", "attack.t1218"]}, "metadata": {"group": "Sigma", "kind": "individual", "document": {"kind": "jsonl", "path": "simulation_datasets/simulation_1/EntireSimulation_winlogbeat.jsonl"}, "timestamp": "2022-12-19T08:43:01.393+00:00", "misuse": false}}
{"event": {"@timestamp": "2022-12-19T08:43:07.230Z", "agent": {"ephemeral_id": "f998276c-afe4-4463-aba7-6d1241c5c07f", "hostname": "CLIENT2", "id": "a5ea4d3e-40c5-43d5-9a2e-ed2c48327430", "name": "CLIENT2", "type": "winlogbeat", "version": "7.10.2"}, "ecs": {"version": "1.5.0"}, "event": {"action": "Process Create (rule: ProcessCreate)", "category": ["process"], "code": 1, "created": "2022-12-19T08:46:33.403Z", "kind": "event", "module": "sysmon", "provider": "Microsoft-Windows-Sysmon", "type": ["start", "process_start"]}, "hash": {"imphash": "1002d523645a81bc52877d82d9e88417", "md5": "62f170fb07fdbb79ceb7147101406eb8", "sha256": "53e000f5aa9b3a00934319db8080bb99cb323bf48fc628a64f75d7847c265606"}, "host": {"name": "CLIENT"}, "log": {"level": "information"}, "message": "Process Create:\nRuleName: -\nUtcTime: 2022-12-19 08:43:07.230\nProcessGuid: {4901c233-241b-63a0-8d00-000000000400}\nProcessId: 6052\nImage: C:\\Windows\\System32\\ipconfig.exe\nFileVersion: 10.0.19041.1 (WinBuild.160101.0800)\nDescription: IP Configuration Utility\nProduct: Microsoft\u00ae Windows\u00ae Operating System\nCompany: Microsoft Corporation\nOriginalFileName: ipconfig.exe\nCommandLine: ipconfig /all\nCurrentDirectory: C:\\BREACH\\\nUser: CLIENT\\setup\nLogonGuid: {4901c233-23f1-63a0-1314-030000000000}\nLogonId: 0x31413\nTerminalSessionId: 1\nIntegrityLevel: High\nHashes: MD5=62F170FB07FDBB79CEB7147101406EB8,SHA256=53E000F5AA9B3A00934319DB8080BB99CB323BF48FC628A64F75D7847C265606,IMPHASH=1002D523645A81BC52877D82D9E88417\nParentProcessGuid: {4901c233-241a-63a0-8c00-000000000400}\nParentProcessId: 5520\nParentImage: C:\\Python37\\python.exe\nParentCommandLine: C:\\Python37\\python.exe \"C:\\BREACH\\init_tbf_client.py\" \nParentUser: CLIENT\\setup", "process": {"args": ["ipconfig", "/all"], "command_line": "ipconfig /all", "entity_id": "{4901c233-241b-63a0-8d00-000000000400}", "executable": "C:\\Windows\\System32\\ipconfig.exe", "hash": {"md5": "62f170fb07fdbb79ceb7147101406eb8", "sha256": "53e000f5aa9b3a00934319db8080bb99cb323bf48fc628a64f75d7847c265606"}, "name": "ipconfig.exe", "parent": {"args": ["C:\\Python37\\python.exe", "C:\\BREACH\\init_tbf_client.py"], "command_line": "C:\\Python37\\python.exe \"C:\\BREACH\\init_tbf_client.py\" ", "entity_id": "{4901c233-241a-63a0-8c00-000000000400}", "executable": "C:\\Python37\\python.exe", "name": "python.exe", "pid": 5520}, "pe": {"imphash": "1002d523645a81bc52877d82d9e88417"}, "pid": 6052, "working_directory": "C:\\BREACH\\"}, "related": {"hash": ["62f170fb07fdbb79ceb7147101406eb8", "53e000f5aa9b3a00934319db8080bb99cb323bf48fc628a64f75d7847c265606", "1002d523645a81bc52877d82d9e88417"], "user": "setup"}, "user": {"domain": "CLIENT", "name": "setup"}, "winlog": {"api": "wineventlog", "channel": "Microsoft-Windows-Sysmon/Operational", "computer_name": "CLIENT", "event_data": {"Company": "Microsoft Corporation", "Description": "IP Configuration Utility", "FileVersion": "10.0.19041.1 (WinBuild.160101.0800)", "IntegrityLevel": "High", "LogonGuid": "{4901c233-23f1-63a0-1314-030000000000}", "LogonId": "0x31413", "OriginalFileName": "ipconfig.exe", "ParentUser": "CLIENT\\setup", "Product": "Microsoft\u00ae Windows\u00ae Operating System", "RuleName": "-", "TerminalSessionId": "1"}, "event_id": 1, "opcode": "Info", "process": {"pid": 1808, "thread": {"id": 2672}}, "provider_guid": "{5770385f-c22a-43e0-bf4c-06f5698ffbd9}", "provider_name": "Microsoft-Windows-Sysmon", "record_id": 632, "task": "Process Create (rule: ProcessCreate)", "user": {"domain": "NT AUTHORITY", "identifier": "S-1-5-18", "name": "SYSTEM", "type": "User"}, "version": 5}}, "rule": {"name": "Suspicious Network Command", "authors": ["frack113", "Christopher Peacock '@securepeacock'", "SCYTHE '@scythe_io'"], "level": "low", "source": "sigma", "status": "experimental", "falsepositives": ["Administrator, hotline ask to user"], "id": "a29c1813-ab1f-4dde-b489-330b952e91ae", "logsource": {"category": "process_creation", "product": "windows"}, "references": ["https://github.com/redcanaryco/atomic-red-team/blob/f339e7da7d05f6057fdfcdd3742bfcf365fee2a9/atomics/T1016/T1016.md#atomic-test-1---system-network-configuration-discovery-on-windows"], "tags": ["attack.discovery", "attack.t1016"]}, "metadata": {"group": "Sigma", "kind": "individual", "document": {"kind": "jsonl", "path": "simulation_datasets/simulation_1/EntireSimulation_winlogbeat.jsonl"}, "timestamp": "2022-12-19T08:43:07.230+00:00", "misuse": false}}
