{"event": {"@timestamp": "2022-12-19T08:45:16.553Z", "agent": {"ephemeral_id": "9f267527-6a01-4adf-bfdd-37fe019af17c", "hostname": "CLIENT3", "id": "a5ea4d3e-40c5-43d5-9a2e-ed2c48327430", "name": "CLIENT3", "type": "winlogbeat", "version": "7.10.2"}, "ecs": {"version": "1.5.0"}, "event": {"action": "Process Create (rule: ProcessCreate)", "category": ["process"], "code": 1, "created": "2022-12-19T08:46:37.017Z", "kind": "event", "module": "sysmon", "provider": "Microsoft-Windows-Sysmon", "type": ["start", "process_start"]}, "hash": {"imphash": "1002d523645a81bc52877d82d9e88417", "md5": "62f170fb07fdbb79ceb7147101406eb8", "sha256": "53e000f5aa9b3a00934319db8080bb99cb323bf48fc628a64f75d7847c265606"}, "host": {"name": "CLIENT3.breach.local"}, "log": {"level": "information"}, "message": "Process Create:\nRuleName: -\nUtcTime: 2022-12-19 08:45:16.553\nProcessGuid: {4901c233-249c-63a0-8b00-000000000600}\nProcessId: 4788\nImage: C:\\Windows\\System32\\ipconfig.exe\nFileVersion: 10.0.19041.1 (WinBuild.160101.0800)\nDescription: IP Configuration Utility\nProduct: Microsoft\u00ae Windows\u00ae Operating System\nCompany: Microsoft Corporation\nOriginalFileName: ipconfig.exe\nCommandLine: ipconfig /all\nCurrentDirectory: C:\\BREACH\\\nUser: BREACH\\client3\nLogonGuid: {4901c233-2474-63a0-e78e-020000000000}\nLogonId: 0x28EE7\nTerminalSessionId: 1\nIntegrityLevel: Medium\nHashes: MD5=62F170FB07FDBB79CEB7147101406EB8,SHA256=53E000F5AA9B3A00934319DB8080BB99CB323BF48FC628A64F75D7847C265606,IMPHASH=1002D523645A81BC52877D82D9E88417\nParentProcessGuid: {4901c233-249c-63a0-8800-000000000600}\nParentProcessId: 4128\nParentImage: C:\\Python37\\python.exe\nParentCommandLine: python C:\\BREACH\\userbehavior\\run.py --use-breach-setup\nParentUser: BREACH\\client3", "process": {"args": ["ipconfig", "/all"], "command_line": "ipconfig /all", "entity_id": "{4901c233-249c-63a0-8b00-000000000600}", "executable": "C:\\Windows\\System32\\ipconfig.exe", "hash": {"md5": "62f170fb07fdbb79ceb7147101406eb8", "sha256": "53e000f5aa9b3a00934319db8080bb99cb323bf48fc628a64f75d7847c265606"}, "name": "ipconfig.exe", "parent": {"args": ["python", "C:\\BREACH\\userbehavior\\run.py", "--use-breach-setup"], "command_line": "python C:\\BREACH\\userbehavior\\run.py --use-breach-setup", "entity_id": "{4901c233-249c-63a0-8800-000000000600}", "executable": "C:\\Python37\\python.exe", "name": "python.exe", "pid": 4128}, "pe": {"imphash": "1002d523645a81bc52877d82d9e88417"}, "pid": 4788, "working_directory": "C:\\BREACH\\"}, "related": {"hash": ["62f170fb07fdbb79ceb7147101406eb8", "53e000f5aa9b3a00934319db8080bb99cb323bf48fc628a64f75d7847c265606", "1002d523645a81bc52877d82d9e88417"], "user": "client3"}, "user": {"domain": "BREACH", "name": "client3"}, "winlog": {"api": "wineventlog", "channel": "Microsoft-Windows-Sysmon/Operational", "computer_name": "CLIENT3.breach.local", "event_data": {"Company": "Microsoft Corporation", "Description": "IP Configuration Utility", "FileVersion": "10.0.19041.1 (WinBuild.160101.0800)", "IntegrityLevel": "Medium", "LogonGuid": "{4901c233-2474-63a0-e78e-020000000000}", "LogonId": "0x28ee7", "OriginalFileName": "ipconfig.exe", "ParentUser": "BREACH\\client3", "Product": "Microsoft\u00ae Windows\u00ae Operating System", "RuleName": "-", "TerminalSessionId": "1"}, "event_id": 1, "opcode": "Info", "process": {"pid": 2052, "thread": {"id": 2744}}, "provider_guid": "{5770385f-c22a-43e0-bf4c-06f5698ffbd9}", "provider_name": "Microsoft-Windows-Sysmon", "record_id": 1395, "task": "Process Create (rule: ProcessCreate)", "user": {"domain": "NT AUTHORITY", "identifier": "S-1-5-18", "name": "SYSTEM", "type": "User"}, "version": 5}}, "rule": {"name": "Suspicious Network Command", "authors": ["frack113", "Christopher Peacock '@securepeacock'", "SCYTHE '@scythe_io'"], "level": "low", "source": "sigma", "status": "experimental", "falsepositives": ["Administrator, hotline ask to user"], "id": "a29c1813-ab1f-4dde-b489-330b952e91ae", "logsource": {"category": "process_creation", "product": "windows"}, "references": ["https://github.com/redcanaryco/atomic-red-team/blob/f339e7da7d05f6057fdfcdd3742bfcf365fee2a9/atomics/T1016/T1016.md#atomic-test-1---system-network-configuration-discovery-on-windows"], "tags": ["attack.discovery", "attack.t1016"]}, "metadata": {"group": "Sigma", "kind": "individual", "document": {"kind": "jsonl", "path": "simulation_datasets/simulation_1/EntireSimulation_winlogbeat.jsonl"}, "timestamp": "2022-12-19T08:45:16.553+00:00", "misuse": false}}
{"event": {"@timestamp": "2022-12-19T08:45:19.044Z", "agent": {"ephemeral_id": "75382475-4494-4885-af56-0a918c9c7d5b", "hostname": "CLIENT1", "id": "a5ea4d3e-40c5-43d5-9a2e-ed2c48327430", "name": "CLIENT1", "type": "winlogbeat", "version": "7.10.2"}, "ecs": {"version": "1.5.0"}, "event": {"action": "File created (rule: FileCreate)", "category": ["file"], "code": 11, "created": "2022-12-19T08:46:43.797Z", "kind": "event", "module": "sysmon", "provider": "Microsoft-Windows-Sysmon", "type": ["creation"]}, "file": {"directory": "C:\\Users\\client1\\AppData\\Roaming\\Microsoft\\Windows\\Start Menu\\Programs", "name": "Startup", "path": "C:\\Users\\client1\\AppData\\Roaming\\Microsoft\\Windows\\Start Menu\\Programs\\Startup"}, "host": {"name": "CLIENT1.breach.local"}, "log": {"level": "information"}, "message": "File created:\nRuleName: T1023\nUtcTime: 2022-12-19 08:45:19.044\nProcessGuid: {4901c233-249c-63a0-4500-000000000600}\nProcessId: 3468\nImage: C:\\Windows\\Explorer.EXE\nTargetFilename: C:\\Users\\client1\\AppData\\Roaming\\Microsoft\\Windows\\Start Menu\\Programs\\Startup\nCreationUtcTime: 2022-12-19 08:45:19.044\nUser: BREACH\\client1", "process": {"entity_id": "{4901c233-249c-63a0-4500-000000000600}", "executable": "C:\\Windows\\Explorer.EXE", "name": "Explorer.EXE", "pid": 3468}, "rule": {"name": "T1023"}, "winlog": {"api": "wineventlog", "channel": "Microsoft-Windows-Sysmon/Operational", "computer_name": "CLIENT1.breach.local", "event_data": {"CreationUtcTime": "2022-12-19 08:45:19.044", "User": "BREACH\\client1"}, "event_id": 11, "opcode": "Info", "process": {"pid": 2072, "thread": {"id": 2684}}, "provider_guid": "{5770385f-c22a-43e0-bf4c-06f5698ffbd9}", "provider_name": "Microsoft-Windows-Sysmon", "record_id": 1268, "task": "File created (rule: FileCreate)", "user": {"domain": "NT AUTHORITY", "identifier": "S-1-5-18", "name": "SYSTEM", "type": "User"}, "version": 2}}, "rule": {"name": "Startup Folder File Write", "authors": ["Roberto Rodriguez (Cyb3rWard0g)", "OTR (Open Threat Research)"], "level": "medium", "source": "sigma", "status": "experimental", "falsepositives": ["An FP could be caused by legitimate application writing shortcuts for example. This folder should always be inspected to make sure that all the files in there are legitimate"], "id": "2aa0a6b4-a865-495b-ab51-c28249537b75", "logsource": {"category": "file_event", "product": "windows"}, "references": ["https://github.com/OTRF/detection-hackathon-apt29/issues/12", "https://threathunterplaybook.com/evals/apt29/detections/5.B.1_611FCA99-97D0-4873-9E51-1C1BA2DBB40D.html"], "tags": ["attack.persistence", "attack.t1547.001"]}, "metadata": {"group": "Sigma", "kind": "individual", "document": {"kind": "jsonl", "path": "simulation_datasets/simulation_1/EntireSimulation_winlogbeat.jsonl"}, "timestamp": "2022-12-19T08:45:19.044+00:00", "misuse": false}}
{"event": {"@timestamp": "2022-12-19T08:45:19.044Z", "agent": {"ephemeral_id": "75382475-4494-4885-af56-0a918c9c7d5b", "hostname": "CLIENT1", "id": "a5ea4d3e-40c5-43d5-9a2e-ed2c48327430", "name": "CLIENT1", "type": "winlogbeat", "version": "7.10.2"}, "ecs": {"version": "1.5.0"}, "event": {"action": "File created (rule: FileCreate)", "category": ["file"], "code": 11, "created": "2022-12-19T08:46:43.797Z", "kind": "event", "module": "sysmon", "provider": "Microsoft-Windows-Sysmon", "type": ["creation"]}, "file": {"directory": "C:\\Users\\client1\\AppData\\Roaming\\Microsoft\\Windows\\Start Menu\\Programs\\Startup", "extension": "ini", "name": "desktop.ini", "path": "C:\\Users\\client1\\AppData\\Roaming\\Microsoft\\Windows\\Start Menu\\Programs\\Startup\\desktop.ini"}, "host": {"name": "CLIENT1.breach.local"}, "log": {"level": "information"}, "message": "File created:\nRuleName: T1023\nUtcTime: 2022-12-19 08:45:19.044\nProcessGuid: {4901c233-249c-63a0-4500-000000000600}\nProcessId: 3468\nImage: C:\\Windows\\Explorer.EXE\nTargetFilename: C:\\Users\\client1\\AppData\\Roaming\\Microsoft\\Windows\\Start Menu\\Programs\\Startup\\desktop.ini\nCreationUtcTime: 2022-12-19 08:45:19.044\nUser: BREACH\\client1", "process": {"entity_id": "{4901c233-249c-63a0-4500-000000000600}", "executable": "C:\\Windows\\Explorer.EXE", "name": "Explorer.EXE", "pid": 3468}, "rule": {"name": "T1023"}, "winlog": {"api": "wineventlog", "channel": "Microsoft-Windows-Sysmon/Operational", "computer_name": "CLIENT1.breach.local", "event_data": {"CreationUtcTime": "2022-12-19 08:45:19.044", "User": "BREACH\\client1"}, "event_id": 11, "opcode": "Info", "process": {"pid": 2072, "thread": {"id": 2684}}, "provider_guid": "{5770385f-c22a-43e0-bf4c-06f5698ffbd9}", "provider_name": "Microsoft-Windows-Sysmon", "record_id": 1269, "task": "File created (rule: FileCreate)", "user": {"domain": "NT AUTHORITY", "identifier": "S-1-5-18", "name": "SYSTEM", "type": "User"}, "version": 2}}, "rule": {"name": "Startup Folder File Write", "authors": ["Roberto Rodriguez (Cyb3rWard0g)", "OTR (Open Threat Research)"], "level": "medium", "source": "sigma", "status": "experimental", "falsepositives": ["An FP could be caused by legitimate application writing shortcuts for example. This folder should always be inspected to make sure that all the files in there are legitimate"], "id": "2aa0a6b4-a865-495b-ab51-c28249537b75", "logsource": {"category": "file_event", "product": "windows"}, "references": ["https://github.com/OTRF/detection-hackathon-apt29/issues/12", "https://threathunterplaybook.com/evals/apt29/detections/5.B.1_611FCA99-97D0-4873-9E51-1C1BA2DBB40D.html"], "tags": ["attack.persistence", "attack.t1547.001"]}, "metadata": {"group": "Sigma", "kind": "individual", "document": {"kind": "jsonl", "path": "simulation_datasets/simulation_1/EntireSimulation_winlogbeat.jsonl"}, "timestamp": "2022-12-19T08:45:19.044+00:00", "misuse": false}}
{"event": {"@timestamp": "2022-12-19T08:45:22.512Z", "agent": {"ephemeral_id": "f998276c-afe4-4463-aba7-6d1241c5c07f", "hostname": "CLIENT2", "id": "a5ea4d3e-40c5-43d5-9a2e-ed2c48327430", "name": "CLIENT2", "type": "winlogbeat", "version": "7.10.2"}, "ecs": {"version": "1.5.0"}, "event": {"action": "File created (rule: FileCreate)", "category": ["file"], "code": 11, "created": "2022-12-19T08:46:34.278Z", "kind": "event", "module": "sysmon", "provider": "Microsoft-Windows-Sysmon", "type": ["creation"]}, "file": {"directory": "C:\\Users\\client2\\AppData\\Local\\Microsoft\\OneDrive\\19.043.0304.0013", "extension": "exe", "name": "FileCoAuth.exe", "path": "C:\\Users\\client2\\AppData\\Local\\Microsoft\\OneDrive\\19.043.0304.0013\\FileCoAuth.exe"}, "host": {"name": "CLIENT2.breach.local"}, "log": {"level": "information"}, "message": "File created:\nRuleName: EXE\nUtcTime: 2022-12-19 08:45:22.512\nProcessGuid: {4901c233-249f-63a0-9500-000000000600}\nProcessId: 4744\nImage: C:\\Windows\\SysWOW64\\OneDriveSetup.exe\nTargetFilename: C:\\Users\\client2\\AppData\\Local\\Microsoft\\OneDrive\\19.043.0304.0013\\FileCoAuth.exe\nCreationUtcTime: 2022-12-19 08:45:22.512\nUser: BREACH\\client2", "process": {"entity_id": "{4901c233-249f-63a0-9500-000000000600}", "executable": "C:\\Windows\\SysWOW64\\OneDriveSetup.exe", "name": "OneDriveSetup.exe", "pid": 4744}, "rule": {"name": "EXE"}, "winlog": {"api": "wineventlog", "channel": "Microsoft-Windows-Sysmon/Operational", "computer_name": "CLIENT2.breach.local", "event_data": {"CreationUtcTime": "2022-12-19 08:45:22.512", "User": "BREACH\\client2"}, "event_id": 11, "opcode": "Info", "process": {"pid": 1912, "thread": {"id": 2676}}, "provider_guid": "{5770385f-c22a-43e0-bf4c-06f5698ffbd9}", "provider_name": "Microsoft-Windows-Sysmon", "record_id": 1342, "task": "File created (rule: FileCreate)", "user": {"domain": "NT AUTHORITY", "identifier": "S-1-5-18", "name": "SYSTEM", "type": "User"}, "version": 2}}, "rule": {"name": "Creation of an Executable by an Executable", "authors": ["frack113"], "level": "low", "source": "sigma", "status": "experimental", "falsepositives": ["Software installers", "Update utilities"], "id": "297afac9-5d02-4138-8c58-b977bac60556", "logsource": {"category": "file_event", "product": "windows"}, "references": ["Malware Sandbox"], "tags": ["attack.resource_development", "attack.t1587.001"]}, "metadata": {"group": "Sigma", "kind": "individual", "document": {"kind": "jsonl", "path": "simulation_datasets/simulation_1/EntireSimulation_winlogbeat.jsonl"}, "timestamp": "2022-12-19T08:45:22.512+00:00", "misuse": false}}
{"event": {"@timestamp": "2022-12-19T08:45:22.713Z", "agent": {"ephemeral_id": "f998276c-afe4-4463-aba7-6d1241c5c07f", "hostname": "CLIENT2", "id": "a5ea4d3e-40c5-43d5-9a2e-ed2c48327430", "name": "CLIENT2", "type": "winlogbeat", "version": "7.10.2"}, "ecs": {"version": "1.5.0"}, "event": {"action": "File created (rule: FileCreate)", "category": ["file"], "code": 11, "created": "2022-12-19T08:46:34.280Z", "kind": "event", "module": "sysmon", "provider": "Microsoft-Windows-Sysmon", "type": ["creation"]}, "file": {"directory": "C:\\Users\\client2\\AppData\\Local\\Microsoft\\OneDrive\\19.043.0304.0013", "extension": "exe", "name": "FileSyncConfig.exe", "path": "C:\\Users\\client2\\AppData\\Local\\Microsoft\\OneDrive\\19.043.0304.0013\\FileSyncConfig.exe"}, "host": {"name": "CLIENT2.breach.local"}, "log": {"level": "information"}, "message": "File created:\nRuleName: EXE\nUtcTime: 2022-12-19 08:45:22.713\nProcessGuid: {4901c233-249f-63a0-9500-000000000600}\nProcessId: 4744\nImage: C:\\Windows\\SysWOW64\\OneDriveSetup.exe\nTargetFilename: C:\\Users\\client2\\AppData\\Local\\Microsoft\\OneDrive\\19.043.0304.0013\\FileSyncConfig.exe\nCreationUtcTime: 2022-12-19 08:45:22.713\nUser: BREACH\\client2", "process": {"entity_id": "{4901c233-249f-63a0-9500-000000000600}", "executable": "C:\\Windows\\SysWOW64\\OneDriveSetup.exe", "name": "OneDriveSetup.exe", "pid": 4744}, "rule": {"name": "EXE"}, "winlog": {"api": "wineventlog", "channel": "Microsoft-Windows-Sysmon/Operational", "computer_name": "CLIENT2.breach.local", "event_data": {"CreationUtcTime": "2022-12-19 08:45:22.713", "User": "BREACH\\client2"}, "event_id": 11, "opcode": "Info", "process": {"pid": 1912, "thread": {"id": 2676}}, "provider_guid": "{5770385f-c22a-43e0-bf4c-06f5698ffbd9}", "provider_name": "Microsoft-Windows-Sysmon", "record_id": 1352, "task": "File created (rule: FileCreate)", "user": {"domain": "NT AUTHORITY", "identifier": "S-1-5-18", "name": "SYSTEM", "type": "User"}, "version": 2}}, "rule": {"name": "Creation of an Executable by an Executable", "authors": ["frack113"], "level": "low", "source": "sigma", "status": "experimental", "falsepositives": ["Software installers", "Update utilities"], "id": "297afac9-5d02-4138-8c58-b977bac60556", "logsource": {"category": "file_event", "product": "windows"}, "references": ["Malware Sandbox"], "tags": ["attack.resource_development", "attack.t1587.001"]}, "metadata": {"group": "Sigma", "kind": "individual", "document": {"kind": "jsonl", "path": "simulation_datasets/simulation_1/EntireSimulation_winlogbeat.jsonl"}, "timestamp": "2022-12-19T08:45:22.713+00:00", "misuse": false}}
{"event": {"@timestamp": "2022-12-19T08:45:22.730Z", "agent": {"ephemeral_id": "f998276c-afe4-4463-aba7-6d1241c5c07f", "hostname": "CLIENT2", "id": "a5ea4d3e-40c5-43d5-9a2e-ed2c48327430", "name": "CLIENT2", "type": "winlogbeat", "version": "7.10.2"}, "ecs": {"version": "1.5.0"}, "event": {"action": "File created (rule: FileCreate)", "category": ["file"], "code": 11, "created": "2022-12-19T08:46:34.280Z", "kind": "event", "module": "sysmon", "provider": "Microsoft-Windows-Sysmon", "type": ["creation"]}, "file": {"directory": "C:\\Users\\client2\\AppData\\Local\\Microsoft\\OneDrive\\19.043.0304.0013", "extension": "exe", "name": "FileSyncHelper.exe", "path": "C:\\Users\\client2\\AppData\\Local\\Microsoft\\OneDrive\\19.043.0304.0013\\FileSyncHelper.exe"}, "host": {"name": "CLIENT2.breach.local"}, "log": {"level": "information"}, "message": "File created:\nRuleName: EXE\nUtcTime: 2022-12-19 08:45:22.730\nProcessGuid: {4901c233-249f-63a0-9500-000000000600}\nProcessId: 4744\nImage: C:\\Windows\\SysWOW64\\OneDriveSetup.exe\nTargetFilename: C:\\Users\\client2\\AppData\\Local\\Microsoft\\OneDrive\\19.043.0304.0013\\FileSyncHelper.exe\nCreationUtcTime: 2022-12-19 08:45:22.730\nUser: BREACH\\client2", "process": {"entity_id": "{4901c233-249f-63a0-9500-000000000600}", "executable": "C:\\Windows\\SysWOW64\\OneDriveSetup.exe", "name": "OneDriveSetup.exe", "pid": 4744}, "rule": {"name": "EXE"}, "winlog": {"api": "wineventlog", "channel": "Microsoft-Windows-Sysmon/Operational", "computer_name": "CLIENT2.breach.local", "event_data": {"CreationUtcTime": "2022-12-19 08:45:22.730", "User": "BREACH\\client2"}, "event_id": 11, "opcode": "Info", "process": {"pid": 1912, "thread": {"id": 2676}}, "provider_guid": "{5770385f-c22a-43e0-bf4c-06f5698ffbd9}", "provider_name": "Microsoft-Windows-Sysmon", "record_id": 1355, "task": "File created (rule: FileCreate)", "user": {"domain": "NT AUTHORITY", "identifier": "S-1-5-18", "name": "SYSTEM", "type": "User"}, "version": 2}}, "rule": {"name": "Creation of an Executable by an Executable", "authors": ["frack113"], "level": "low", "source": "sigma", "status": "experimental", "falsepositives": ["Software installers", "Update utilities"], "id": "297afac9-5d02-4138-8c58-b977bac60556", "logsource": {"category": "file_event", "product": "windows"}, "references": ["Malware Sandbox"], "tags": ["attack.resource_development", "attack.t1587.001"]}, "metadata": {"group": "Sigma", "kind": "individual", "document": {"kind": "jsonl", "path": "simulation_datasets/simulation_1/EntireSimulation_winlogbeat.jsonl"}, "timestamp": "2022-12-19T08:45:22.730+00:00", "misuse": false}}
{"event": {"@timestamp": "2022-12-19T08:45:23.774Z", "agent": {"ephemeral_id": "f998276c-afe4-4463-aba7-6d1241c5c07f", "hostname": "CLIENT2", "id": "a5ea4d3e-40c5-43d5-9a2e-ed2c48327430", "name": "CLIENT2", "type": "winlogbeat", "version": "7.10.2"}, "ecs": {"version": "1.5.0"}, "event": {"action": "File created (rule: FileCreate)", "category": ["file"], "code": 11, "created": "2022-12-19T08:46:34.281Z", "kind": "event", "module": "sysmon", "provider": "Microsoft-Windows-Sysmon", "type": ["creation"]}, "file": {"directory": "C:\\Users\\client2\\AppData\\Local\\Microsoft\\OneDrive\\19.043.0304.0013", "extension": "exe", "name": "OneDrive.exe", "path": "C:\\Users\\client2\\AppData\\Local\\Microsoft\\OneDrive\\19.043.0304.0013\\OneDrive.exe"}, "host": {"name": "CLIENT2.breach.local"}, "log": {"level": "information"}, "message": "File created:\nRuleName: EXE\nUtcTime: 2022-12-19 08:45:23.774\nProcessGuid: {4901c233-249f-63a0-9500-000000000600}\nProcessId: 4744\nImage: C:\\Windows\\SysWOW64\\OneDriveSetup.exe\nTargetFilename: C:\\Users\\client2\\AppData\\Local\\Microsoft\\OneDrive\\19.043.0304.0013\\OneDrive.exe\nCreationUtcTime: 2022-12-19 08:45:23.761\nUser: BREACH\\client2", "process": {"entity_id": "{4901c233-249f-63a0-9500-000000000600}", "executable": "C:\\Windows\\SysWOW64\\OneDriveSetup.exe", "name": "OneDriveSetup.exe", "pid": 4744}, "rule": {"name": "EXE"}, "winlog": {"api": "wineventlog", "channel": "Microsoft-Windows-Sysmon/Operational", "computer_name": "CLIENT2.breach.local", "event_data": {"CreationUtcTime": "2022-12-19 08:45:23.761", "User": "BREACH\\client2"}, "event_id": 11, "opcode": "Info", "process": {"pid": 1912, "thread": {"id": 2676}}, "provider_guid": "{5770385f-c22a-43e0-bf4c-06f5698ffbd9}", "provider_name": "Microsoft-Windows-Sysmon", "record_id": 1370, "task": "File created (rule: FileCreate)", "user": {"domain": "NT AUTHORITY", "identifier": "S-1-5-18", "name": "SYSTEM", "type": "User"}, "version": 2}}, "rule": {"name": "Creation of an Executable by an Executable", "authors": ["frack113"], "level": "low", "source": "sigma", "status": "experimental", "falsepositives": ["Software installers", "Update utilities"], "id": "297afac9-5d02-4138-8c58-b977bac60556", "logsource": {"category": "file_event", "product": "windows"}, "references": ["Malware Sandbox"], "tags": ["attack.resource_development", "attack.t1587.001"]}, "metadata": {"group": "Sigma", "kind": "individual", "document": {"kind": "jsonl", "path": "simulation_datasets/simulation_1/EntireSimulation_winlogbeat.jsonl"}, "timestamp": "2022-12-19T08:45:23.774+00:00", "misuse": false}}
{"event": {"@timestamp": "2022-12-19T08:45:23.794Z", "agent": {"ephemeral_id": "f998276c-afe4-4463-aba7-6d1241c5c07f", "hostname": "CLIENT2", "id": "a5ea4d3e-40c5-43d5-9a2e-ed2c48327430", "name": "CLIENT2", "type": "winlogbeat", "version": "7.10.2"}, "ecs": {"version": "1.5.0"}, "event": {"action": "File created (rule: FileCreate)", "category": ["file"], "code": 11, "created": "2022-12-19T08:46:34.281Z", "kind": "event", "module": "sysmon", "provider": "Microsoft-Windows-Sysmon", "type": ["creation"]}, "file": {"directory": "C:\\Users\\client2\\AppData\\Local\\Microsoft\\OneDrive\\19.043.0304.0013", "extension": "exe", "name": "OneDriveStandaloneUpdater.exe", "path": "C:\\Users\\client2\\AppData\\Local\\Microsoft\\OneDrive\\19.043.0304.0013\\OneDriveStandaloneUpdater.exe"}, "host": {"name": "CLIENT2.breach.local"}, "log": {"level": "information"}, "message": "File created:\nRuleName: EXE\nUtcTime: 2022-12-19 08:45:23.794\nProcessGuid: {4901c233-249f-63a0-9500-000000000600}\nProcessId: 4744\nImage: C:\\Windows\\SysWOW64\\OneDriveSetup.exe\nTargetFilename: C:\\Users\\client2\\AppData\\Local\\Microsoft\\OneDrive\\19.043.0304.0013\\OneDriveStandaloneUpdater.exe\nCreationUtcTime: 2022-12-19 08:45:23.794\nUser: BREACH\\client2", "process": {"entity_id": "{4901c233-249f-63a0-9500-000000000600}", "executable": "C:\\Windows\\SysWOW64\\OneDriveSetup.exe", "name": "OneDriveSetup.exe", "pid": 4744}, "rule": {"name": "EXE"}, "winlog": {"api": "wineventlog", "channel": "Microsoft-Windows-Sysmon/Operational", "computer_name": "CLIENT2.breach.local", "event_data": {"CreationUtcTime": "2022-12-19 08:45:23.794", "User": "BREACH\\client2"}, "event_id": 11, "opcode": "Info", "process": {"pid": 1912, "thread": {"id": 2676}}, "provider_guid": "{5770385f-c22a-43e0-bf4c-06f5698ffbd9}", "provider_name": "Microsoft-Windows-Sysmon", "record_id": 1371, "task": "File created (rule: FileCreate)", "user": {"domain": "NT AUTHORITY", "identifier": "S-1-5-18", "name": "SYSTEM", "type": "User"}, "version": 2}}, "rule": {"name": "Creation of an Executable by an Executable", "authors": ["frack113"], "level": "low", "source": "sigma", "status": "experimental", "falsepositives": ["Software installers", "Update utilities"], "id": "297afac9-5d02-4138-8c58-b977bac60556", "logsource": {"category": "file_event", "product": "windows"}, "references": ["Malware Sandbox"], "tags": ["attack.resource_development", "attack.t1587.001"]}, "metadata": {"group": "Sigma", "kind": "individual", "document": {"kind": "jsonl", "path": "simulation_datasets/simulation_1/EntireSimulation_winlogbeat.jsonl"}, "timestamp": "2022-12-19T08:45:23.794+00:00", "misuse": false}}
{"event": {"@timestamp": "2022-12-19T08:45:23.803Z", "agent": {"ephemeral_id": "9f267527-6a01-4adf-bfdd-37fe019af17c", "hostname": "CLIENT3", "id": "a5ea4d3e-40c5-43d5-9a2e-ed2c48327430", "name": "CLIENT3", "type": "winlogbeat", "version": "7.10.2"}, "ecs": {"version": "1.5.0"}, "event": {"action": "File created (rule: FileCreate)", "category": ["file"], "code": 11, "created": "2022-12-19T08:46:37.027Z", "kind": "event", "module": "sysmon", "provider": "Microsoft-Windows-Sysmon", "type": ["creation"]}, "file": {"directory": "C:\\Users\\client3\\AppData\\Local\\Microsoft\\OneDrive\\19.043.0304.0013", "extension": "exe", "name": "FileCoAuth.exe", "path": "C:\\Users\\client3\\AppData\\Local\\Microsoft\\OneDrive\\19.043.0304.0013\\FileCoAuth.exe"}, "host": {"name": "CLIENT3.breach.local"}, "log": {"level": "information"}, "message": "File created:\nRuleName: EXE\nUtcTime: 2022-12-19 08:45:23.803\nProcessGuid: {4901c233-24a0-63a0-9300-000000000600}\nProcessId: 3680\nImage: C:\\Windows\\SysWOW64\\OneDriveSetup.exe\nTargetFilename: C:\\Users\\client3\\AppData\\Local\\Microsoft\\OneDrive\\19.043.0304.0013\\FileCoAuth.exe\nCreationUtcTime: 2022-12-19 08:45:23.803\nUser: BREACH\\client3", "process": {"entity_id": "{4901c233-24a0-63a0-9300-000000000600}", "executable": "C:\\Windows\\SysWOW64\\OneDriveSetup.exe", "name": "OneDriveSetup.exe", "pid": 3680}, "rule": {"name": "EXE"}, "winlog": {"api": "wineventlog", "channel": "Microsoft-Windows-Sysmon/Operational", "computer_name": "CLIENT3.breach.local", "event_data": {"CreationUtcTime": "2022-12-19 08:45:23.803", "User": "BREACH\\client3"}, "event_id": 11, "opcode": "Info", "process": {"pid": 2052, "thread": {"id": 2744}}, "provider_guid": "{5770385f-c22a-43e0-bf4c-06f5698ffbd9}", "provider_name": "Microsoft-Windows-Sysmon", "record_id": 1466, "task": "File created (rule: FileCreate)", "user": {"domain": "NT AUTHORITY", "identifier": "S-1-5-18", "name": "SYSTEM", "type": "User"}, "version": 2}}, "rule": {"name": "Creation of an Executable by an Executable", "authors": ["frack113"], "level": "low", "source": "sigma", "status": "experimental", "falsepositives": ["Software installers", "Update utilities"], "id": "297afac9-5d02-4138-8c58-b977bac60556", "logsource": {"category": "file_event", "product": "windows"}, "references": ["Malware Sandbox"], "tags": ["attack.resource_development", "attack.t1587.001"]}, "metadata": {"group": "Sigma", "kind": "individual", "document": {"kind": "jsonl", "path": "simulation_datasets/simulation_1/EntireSimulation_winlogbeat.jsonl"}, "timestamp": "2022-12-19T08:45:23.803+00:00", "misuse": false}}
{"event": {"@timestamp": "2022-12-19T08:45:23.876Z", "agent": {"ephemeral_id": "f998276c-afe4-4463-aba7-6d1241c5c07f", "hostname": "CLIENT2", "id": "a5ea4d3e-40c5-43d5-9a2e-ed2c48327430", "name": "CLIENT2", "type": "winlogbeat", "version": "7.10.2"}, "ecs": {"version": "1.5.0"}, "event": {"action": "File created (rule: FileCreate)", "category": ["file"], "code": 11, "created": "2022-12-19T08:46:34.281Z", "kind": "event", "module": "sysmon", "provider": "Microsoft-Windows-Sysmon", "type": ["creation"]}, "file": {"directory": "C:\\Users\\client2\\AppData\\Local\\Microsoft\\OneDrive\\19.043.0304.0013", "extension": "exe", "name": "OneDriveUpdaterService.exe", "path": "C:\\Users\\client2\\AppData\\Local\\Microsoft\\OneDrive\\19.043.0304.0013\\OneDriveUpdaterService.exe"}, "host": {"name": "CLIENT2.breach.local"}, "log": {"level": "information"}, "message": "File created:\nRuleName: EXE\nUtcTime: 2022-12-19 08:45:23.876\nProcessGuid: {4901c233-249f-63a0-9500-000000000600}\nProcessId: 4744\nImage: C:\\Windows\\SysWOW64\\OneDriveSetup.exe\nTargetFilename: C:\\Users\\client2\\AppData\\Local\\Microsoft\\OneDrive\\19.043.0304.0013\\OneDriveUpdaterService.exe\nCreationUtcTime: 2022-12-19 08:45:23.876\nUser: BREACH\\client2", "process": {"entity_id": "{4901c233-249f-63a0-9500-000000000600}", "executable": "C:\\Windows\\SysWOW64\\OneDriveSetup.exe", "name": "OneDriveSetup.exe", "pid": 4744}, "rule": {"name": "EXE"}, "winlog": {"api": "wineventlog", "channel": "Microsoft-Windows-Sysmon/Operational", "computer_name": "CLIENT2.breach.local", "event_data": {"CreationUtcTime": "2022-12-19 08:45:23.876", "User": "BREACH\\client2"}, "event_id": 11, "opcode": "Info", "process": {"pid": 1912, "thread": {"id": 2676}}, "provider_guid": "{5770385f-c22a-43e0-bf4c-06f5698ffbd9}", "provider_name": "Microsoft-Windows-Sysmon", "record_id": 1372, "task": "File created (rule: FileCreate)", "user": {"domain": "NT AUTHORITY", "identifier": "S-1-5-18", "name": "SYSTEM", "type": "User"}, "version": 2}}, "rule": {"name": "Creation of an Executable by an Executable", "authors": ["frack113"], "level": "low", "source": "sigma", "status": "experimental", "falsepositives": ["Software installers", "Update utilities"], "id": "297afac9-5d02-4138-8c58-b977bac60556", "logsource": {"category": "file_event", "product": "windows"}, "references": ["Malware Sandbox"], "tags": ["attack.resource_development", "attack.t1587.001"]}, "metadata": {"group": "Sigma", "kind": "individual", "document": {"kind": "jsonl", "path": "simulation_datasets/simulation_1/EntireSimulation_winlogbeat.jsonl"}, "timestamp": "2022-12-19T08:45:23.876+00:00", "misuse": false}}
{"event": {"@timestamp": "2022-12-19T08:45:23.945Z", "agent": {"ephemeral_id": "9f267527-6a01-4adf-bfdd-37fe019af17c", "hostname": "CLIENT3", "id": "a5ea4d3e-40c5-43d5-9a2e-ed2c48327430", "name": "CLIENT3", "type": "winlogbeat", "version": "7.10.2"}, "ecs": {"version": "1.5.0"}, "event": {"action": "File created (rule: FileCreate)", "category": ["file"], "code": 11, "created": "2022-12-19T08:46:37.028Z", "kind": "event", "module": "sysmon", "provider": "Microsoft-Windows-Sysmon", "type": ["creation"]}, "file": {"directory": "C:\\Users\\client3\\AppData\\Local\\Microsoft\\OneDrive\\19.043.0304.0013", "extension": "exe", "name": "FileSyncConfig.exe", "path": "C:\\Users\\client3\\AppData\\Local\\Microsoft\\OneDrive\\19.043.0304.0013\\FileSyncConfig.exe"}, "host": {"name": "CLIENT3.breach.local"}, "log": {"level": "information"}, "message": "File created:\nRuleName: EXE\nUtcTime: 2022-12-19 08:45:23.945\nProcessGuid: {4901c233-24a0-63a0-9300-000000000600}\nProcessId: 3680\nImage: C:\\Windows\\SysWOW64\\OneDriveSetup.exe\nTargetFilename: C:\\Users\\client3\\AppData\\Local\\Microsoft\\OneDrive\\19.043.0304.0013\\FileSyncConfig.exe\nCreationUtcTime: 2022-12-19 08:45:23.945\nUser: BREACH\\client3", "process": {"entity_id": "{4901c233-24a0-63a0-9300-000000000600}", "executable": "C:\\Windows\\SysWOW64\\OneDriveSetup.exe", "name": "OneDriveSetup.exe", "pid": 3680}, "rule": {"name": "EXE"}, "winlog": {"api": "wineventlog", "channel": "Microsoft-Windows-Sysmon/Operational", "computer_name": "CLIENT3.breach.local", "event_data": {"CreationUtcTime": "2022-12-19 08:45:23.945", "User": "BREACH\\client3"}, "event_id": 11, "opcode": "Info", "process": {"pid": 2052, "thread": {"id": 2744}}, "provider_guid": "{5770385f-c22a-43e0-bf4c-06f5698ffbd9}", "provider_name": "Microsoft-Windows-Sysmon", "record_id": 1472, "task": "File created (rule: FileCreate)", "user": {"domain": "NT AUTHORITY", "identifier": "S-1-5-18", "name": "SYSTEM", "type": "User"}, "version": 2}}, "rule": {"name": "Creation of an Executable by an Executable", "authors": ["frack113"], "level": "low", "source": "sigma", "status": "experimental", "falsepositives": ["Software installers", "Update utilities"], "id": "297afac9-5d02-4138-8c58-b977bac60556", "logsource": {"category": "file_event", "product": "windows"}, "references": ["Malware Sandbox"], "tags": ["attack.resource_development", "attack.t1587.001"]}, "metadata": {"group": "Sigma", "kind": "individual", "document": {"kind": "jsonl", "path": "simulation_datasets/simulation_1/EntireSimulation_winlogbeat.jsonl"}, "timestamp": "2022-12-19T08:45:23.945+00:00", "misuse": false}}
{"event": {"@timestamp": "2022-12-19T08:45:23.961Z", "agent": {"ephemeral_id": "9f267527-6a01-4adf-bfdd-37fe019af17c", "hostname": "CLIENT3", "id": "a5ea4d3e-40c5-43d5-9a2e-ed2c48327430", "name": "CLIENT3", "type": "winlogbeat", "version": "7.10.2"}, "ecs": {"version": "1.5.0"}, "event": {"action": "File created (rule: FileCreate)", "category": ["file"], "code": 11, "created": "2022-12-19T08:46:37.029Z", "kind": "event", "module": "sysmon", "provider": "Microsoft-Windows-Sysmon", "type": ["creation"]}, "file": {"directory": "C:\\Users\\client3\\AppData\\Local\\Microsoft\\OneDrive\\19.043.0304.0013", "extension": "exe", "name": "FileSyncHelper.exe", "path": "C:\\Users\\client3\\AppData\\Local\\Microsoft\\OneDrive\\19.043.0304.0013\\FileSyncHelper.exe"}, "host": {"name": "CLIENT3.breach.local"}, "log": {"level": "information"}, "message": "File created:\nRuleName: EXE\nUtcTime: 2022-12-19 08:45:23.961\nProcessGuid: {4901c233-24a0-63a0-9300-000000000600}\nProcessId: 3680\nImage: C:\\Windows\\SysWOW64\\OneDriveSetup.exe\nTargetFilename: C:\\Users\\client3\\AppData\\Local\\Microsoft\\OneDrive\\19.043.0304.0013\\FileSyncHelper.exe\nCreationUtcTime: 2022-12-19 08:45:23.961\nUser: BREACH\\client3", "process": {"entity_id": "{4901c233-24a0-63a0-9300-000000000600}", "executable": "C:\\Windows\\SysWOW64\\OneDriveSetup.exe", "name": "OneDriveSetup.exe", "pid": 3680}, "rule": {"name": "EXE"}, "winlog": {"api": "wineventlog", "channel": "Microsoft-Windows-Sysmon/Operational", "computer_name": "CLIENT3.breach.local", "event_data": {"CreationUtcTime": "2022-12-19 08:45:23.961", "User": "BREACH\\client3"}, "event_id": 11, "opcode": "Info", "process": {"pid": 2052, "thread": {"id": 2744}}, "provider_guid": "{5770385f-c22a-43e0-bf4c-06f5698ffbd9}", "provider_name": "Microsoft-Windows-Sysmon", "record_id": 1475, "task": "File created (rule: FileCreate)", "user": {"domain": "NT AUTHORITY", "identifier": "S-1-5-18", "name": "SYSTEM", "type": "User"}, "version": 2}}, "rule": {"name": "Creation of an Executable by an Executable", "authors": ["frack113"], "level": "low", "source": "sigma", "status": "experimental", "falsepositives": ["Software installers", "Update utilities"], "id": "297afac9-5d02-4138-8c58-b977bac60556", "logsource": {"category": "file_event", "product": "windows"}, "references": ["Malware Sandbox"], "tags": ["attack.resource_development", "attack.t1587.001"]}, "metadata": {"group": "Sigma", "kind": "individual", "document": {"kind": "jsonl", "path": "simulation_datasets/simulation_1/EntireSimulation_winlogbeat.jsonl"}, "timestamp": "2022-12-19T08:45:23.961+00:00", "misuse": false}}
{"event": {"@timestamp": "2022-12-19T08:45:24.493Z", "agent": {"ephemeral_id": "9f267527-6a01-4adf-bfdd-37fe019af17c", "hostname": "CLIENT3", "id": "a5ea4d3e-40c5-43d5-9a2e-ed2c48327430", "name": "CLIENT3", "type": "winlogbeat", "version": "7.10.2"}, "ecs": {"version": "1.5.0"}, "event": {"action": "File created (rule: FileCreate)", "category": ["file"], "code": 11, "created": "2022-12-19T08:46:37.110Z", "kind": "event", "module": "sysmon", "provider": "Microsoft-Windows-Sysmon", "type": ["creation"]}, "file": {"directory": "C:\\Users\\client3\\AppData\\Local\\Microsoft\\OneDrive\\19.043.0304.0013", "extension": "exe", "name": "OneDrive.exe", "path": "C:\\Users\\client3\\AppData\\Local\\Microsoft\\OneDrive\\19.043.0304.0013\\OneDrive.exe"}, "host": {"name": "CLIENT3.breach.local"}, "log": {"level": "information"}, "message": "File created:\nRuleName: EXE\nUtcTime: 2022-12-19 08:45:24.493\nProcessGuid: {4901c233-24a0-63a0-9300-000000000600}\nProcessId: 3680\nImage: C:\\Windows\\SysWOW64\\OneDriveSetup.exe\nTargetFilename: C:\\Users\\client3\\AppData\\Local\\Microsoft\\OneDrive\\19.043.0304.0013\\OneDrive.exe\nCreationUtcTime: 2022-12-19 08:45:24.493\nUser: BREACH\\client3", "process": {"entity_id": "{4901c233-24a0-63a0-9300-000000000600}", "executable": "C:\\Windows\\SysWOW64\\OneDriveSetup.exe", "name": "OneDriveSetup.exe", "pid": 3680}, "rule": {"name": "EXE"}, "winlog": {"api": "wineventlog", "channel": "Microsoft-Windows-Sysmon/Operational", "computer_name": "CLIENT3.breach.local", "event_data": {"CreationUtcTime": "2022-12-19 08:45:24.493", "User": "BREACH\\client3"}, "event_id": 11, "opcode": "Info", "process": {"pid": 2052, "thread": {"id": 2744}}, "provider_guid": "{5770385f-c22a-43e0-bf4c-06f5698ffbd9}", "provider_name": "Microsoft-Windows-Sysmon", "record_id": 1489, "task": "File created (rule: FileCreate)", "user": {"domain": "NT AUTHORITY", "identifier": "S-1-5-18", "name": "SYSTEM", "type": "User"}, "version": 2}}, "rule": {"name": "Creation of an Executable by an Executable", "authors": ["frack113"], "level": "low", "source": "sigma", "status": "experimental", "falsepositives": ["Software installers", "Update utilities"], "id": "297afac9-5d02-4138-8c58-b977bac60556", "logsource": {"category": "file_event", "product": "windows"}, "references": ["Malware Sandbox"], "tags": ["attack.resource_development", "attack.t1587.001"]}, "metadata": {"group": "Sigma", "kind": "individual", "document": {"kind": "jsonl", "path": "simulation_datasets/simulation_1/EntireSimulation_winlogbeat.jsonl"}, "timestamp": "2022-12-19T08:45:24.493+00:00", "misuse": false}}
{"event": {"@timestamp": "2022-12-19T08:45:24.508Z", "agent": {"ephemeral_id": "9f267527-6a01-4adf-bfdd-37fe019af17c", "hostname": "CLIENT3", "id": "a5ea4d3e-40c5-43d5-9a2e-ed2c48327430", "name": "CLIENT3", "type": "winlogbeat", "version": "7.10.2"}, "ecs": {"version": "1.5.0"}, "event": {"action": "File created (rule: FileCreate)", "category": ["file"], "code": 11, "created": "2022-12-19T08:46:37.110Z", "kind": "event", "module": "sysmon", "provider": "Microsoft-Windows-Sysmon", "type": ["creation"]}, "file": {"directory": "C:\\Users\\client3\\AppData\\Local\\Microsoft\\OneDrive\\19.043.0304.0013", "extension": "exe", "name": "OneDriveStandaloneUpdater.exe", "path": "C:\\Users\\client3\\AppData\\Local\\Microsoft\\OneDrive\\19.043.0304.0013\\OneDriveStandaloneUpdater.exe"}, "host": {"name": "CLIENT3.breach.local"}, "log": {"level": "information"}, "message": "File created:\nRuleName: EXE\nUtcTime: 2022-12-19 08:45:24.508\nProcessGuid: {4901c233-24a0-63a0-9300-000000000600}\nProcessId: 3680\nImage: C:\\Windows\\SysWOW64\\OneDriveSetup.exe\nTargetFilename: C:\\Users\\client3\\AppData\\Local\\Microsoft\\OneDrive\\19.043.0304.0013\\OneDriveStandaloneUpdater.exe\nCreationUtcTime: 2022-12-19 08:45:24.508\nUser: BREACH\\client3", "process": {"entity_id": "{4901c233-24a0-63a0-9300-000000000600}", "executable": "C:\\Windows\\SysWOW64\\OneDriveSetup.exe", "name": "OneDriveSetup.exe", "pid": 3680}, "rule": {"name": "EXE"}, "winlog": {"api": "wineventlog", "channel": "Microsoft-Windows-Sysmon/Operational", "computer_name": "CLIENT3.breach.local", "event_data": {"CreationUtcTime": "2022-12-19 08:45:24.508", "User": "BREACH\\client3"}, "event_id": 11, "opcode": "Info", "process": {"pid": 2052, "thread": {"id": 2744}}, "provider_guid": "{5770385f-c22a-43e0-bf4c-06f5698ffbd9}", "provider_name": "Microsoft-Windows-Sysmon", "record_id": 1490, "task": "File created (rule: FileCreate)", "user": {"domain": "NT AUTHORITY", "identifier": "S-1-5-18", "name": "SYSTEM", "type": "User"}, "version": 2}}, "rule": {"name": "Creation of an Executable by an Executable", "authors": ["frack113"], "level": "low", "source": "sigma", "status": "experimental", "falsepositives": ["Software installers", "Update utilities"], "id": "297afac9-5d02-4138-8c58-b977bac60556", "logsource": {"category": "file_event", "product": "windows"}, "references": ["Malware Sandbox"], "tags": ["attack.resource_development", "attack.t1587.001"]}, "metadata": {"group": "Sigma", "kind": "individual", "document": {"kind": "jsonl", "path": "simulation_datasets/simulation_1/EntireSimulation_winlogbeat.jsonl"}, "timestamp": "2022-12-19T08:45:24.508+00:00", "misuse": false}}
{"event": {"@timestamp": "2022-12-19T08:45:24.550Z", "agent": {"ephemeral_id": "9f267527-6a01-4adf-bfdd-37fe019af17c", "hostname": "CLIENT3", "id": "a5ea4d3e-40c5-43d5-9a2e-ed2c48327430", "name": "CLIENT3", "type": "winlogbeat", "version": "7.10.2"}, "ecs": {"version": "1.5.0"}, "event": {"action": "File created (rule: FileCreate)", "category": ["file"], "code": 11, "created": "2022-12-19T08:46:37.111Z", "kind": "event", "module": "sysmon", "provider": "Microsoft-Windows-Sysmon", "type": ["creation"]}, "file": {"directory": "C:\\Users\\client3\\AppData\\Local\\Microsoft\\OneDrive\\19.043.0304.0013", "extension": "exe", "name": "OneDriveUpdaterService.exe", "path": "C:\\Users\\client3\\AppData\\Local\\Microsoft\\OneDrive\\19.043.0304.0013\\OneDriveUpdaterService.exe"}, "host": {"name": "CLIENT3.breach.local"}, "log": {"level": "information"}, "message": "File created:\nRuleName: EXE\nUtcTime: 2022-12-19 08:45:24.550\nProcessGuid: {4901c233-24a0-63a0-9300-000000000600}\nProcessId: 3680\nImage: C:\\Windows\\SysWOW64\\OneDriveSetup.exe\nTargetFilename: C:\\Users\\client3\\AppData\\Local\\Microsoft\\OneDrive\\19.043.0304.0013\\OneDriveUpdaterService.exe\nCreationUtcTime: 2022-12-19 08:45:24.550\nUser: BREACH\\client3", "process": {"entity_id": "{4901c233-24a0-63a0-9300-000000000600}", "executable": "C:\\Windows\\SysWOW64\\OneDriveSetup.exe", "name": "OneDriveSetup.exe", "pid": 3680}, "rule": {"name": "EXE"}, "winlog": {"api": "wineventlog", "channel": "Microsoft-Windows-Sysmon/Operational", "computer_name": "CLIENT3.breach.local", "event_data": {"CreationUtcTime": "2022-12-19 08:45:24.550", "User": "BREACH\\client3"}, "event_id": 11, "opcode": "Info", "process": {"pid": 2052, "thread": {"id": 2744}}, "provider_guid": "{5770385f-c22a-43e0-bf4c-06f5698ffbd9}", "provider_name": "Microsoft-Windows-Sysmon", "record_id": 1491, "task": "File created (rule: FileCreate)", "user": {"domain": "NT AUTHORITY", "identifier": "S-1-5-18", "name": "SYSTEM", "type": "User"}, "version": 2}}, "rule": {"name": "Creation of an Executable by an Executable", "authors": ["frack113"], "level": "low", "source": "sigma", "status": "experimental", "falsepositives": ["Software installers", "Update utilities"], "id": "297afac9-5d02-4138-8c58-b977bac60556", "logsource": {"category": "file_event", "product": "windows"}, "references": ["Malware Sandbox"], "tags": ["attack.resource_development", "attack.t1587.001"]}, "metadata": {"group": "Sigma", "kind": "individual", "document": {"kind": "jsonl", "path": "simulation_datasets/simulation_1/EntireSimulation_winlogbeat.jsonl"}, "timestamp": "2022-12-19T08:45:24.550+00:00", "misuse": false}}
{"event": {"@timestamp": "2022-12-19T08:45:26.630Z", "agent": {"ephemeral_id": "f998276c-afe4-4463-aba7-6d1241c5c07f", "hostname": "CLIENT2", "id": "a5ea4d3e-40c5-43d5-9a2e-ed2c48327430", "name": "CLIENT2", "type": "winlogbeat", "version": "7.10.2"}, "ecs": {"version": "1.5.0"}, "event": {"action": "File created (rule: FileCreate)", "category": ["file"], "code": 11, "created": "2022-12-19T08:46:34.362Z", "kind": "event", "module": "sysmon", "provider": "Microsoft-Windows-Sysmon", "type": ["creation"]}, "file": {"directory": "C:\\Users\\client2\\AppData\\Local\\Microsoft\\OneDrive\\19.043.0304.0013", "extension": "exe", "name": "OneDriveSetup.exe", "path": "C:\\Users\\client2\\AppData\\Local\\Microsoft\\OneDrive\\19.043.0304.0013\\OneDriveSetup.exe"}, "host": {"name": "CLIENT2.breach.local"}, "log": {"level": "information"}, "message": "File created:\nRuleName: EXE\nUtcTime: 2022-12-19 08:45:26.630\nProcessGuid: {4901c233-249f-63a0-9500-000000000600}\nProcessId: 4744\nImage: C:\\Windows\\SysWOW64\\OneDriveSetup.exe\nTargetFilename: C:\\Users\\client2\\AppData\\Local\\Microsoft\\OneDrive\\19.043.0304.0013\\OneDriveSetup.exe\nCreationUtcTime: 2022-12-19 08:45:26.630\nUser: BREACH\\client2", "process": {"entity_id": "{4901c233-249f-63a0-9500-000000000600}", "executable": "C:\\Windows\\SysWOW64\\OneDriveSetup.exe", "name": "OneDriveSetup.exe", "pid": 4744}, "rule": {"name": "EXE"}, "winlog": {"api": "wineventlog", "channel": "Microsoft-Windows-Sysmon/Operational", "computer_name": "CLIENT2.breach.local", "event_data": {"CreationUtcTime": "2022-12-19 08:45:26.630", "User": "BREACH\\client2"}, "event_id": 11, "opcode": "Info", "process": {"pid": 1912, "thread": {"id": 2676}}, "provider_guid": "{5770385f-c22a-43e0-bf4c-06f5698ffbd9}", "provider_name": "Microsoft-Windows-Sysmon", "record_id": 1413, "task": "File created (rule: FileCreate)", "user": {"domain": "NT AUTHORITY", "identifier": "S-1-5-18", "name": "SYSTEM", "type": "User"}, "version": 2}}, "rule": {"name": "Creation of an Executable by an Executable", "authors": ["frack113"], "level": "low", "source": "sigma", "status": "experimental", "falsepositives": ["Software installers", "Update utilities"], "id": "297afac9-5d02-4138-8c58-b977bac60556", "logsource": {"category": "file_event", "product": "windows"}, "references": ["Malware Sandbox"], "tags": ["attack.resource_development", "attack.t1587.001"]}, "metadata": {"group": "Sigma", "kind": "individual", "document": {"kind": "jsonl", "path": "simulation_datasets/simulation_1/EntireSimulation_winlogbeat.jsonl"}, "timestamp": "2022-12-19T08:45:26.630+00:00", "misuse": false}}
{"event": {"@timestamp": "2022-12-19T08:45:26.686Z", "agent": {"ephemeral_id": "f998276c-afe4-4463-aba7-6d1241c5c07f", "hostname": "CLIENT2", "id": "a5ea4d3e-40c5-43d5-9a2e-ed2c48327430", "name": "CLIENT2", "type": "winlogbeat", "version": "7.10.2"}, "ecs": {"version": "1.5.0"}, "event": {"action": "File created (rule: FileCreate)", "category": ["file"], "code": 11, "created": "2022-12-19T08:46:34.363Z", "kind": "event", "module": "sysmon", "provider": "Microsoft-Windows-Sysmon", "type": ["creation"]}, "file": {"directory": "C:\\Users\\client2\\AppData\\Local\\Microsoft\\OneDrive", "extension": "exe", "name": "OneDrive.exe", "path": "C:\\Users\\client2\\AppData\\Local\\Microsoft\\OneDrive\\OneDrive.exe"}, "host": {"name": "CLIENT2.breach.local"}, "log": {"level": "information"}, "message": "File created:\nRuleName: EXE\nUtcTime: 2022-12-19 08:45:26.686\nProcessGuid: {4901c233-249f-63a0-9500-000000000600}\nProcessId: 4744\nImage: C:\\Windows\\SysWOW64\\OneDriveSetup.exe\nTargetFilename: C:\\Users\\client2\\AppData\\Local\\Microsoft\\OneDrive\\OneDrive.exe\nCreationUtcTime: 2022-12-19 08:45:26.686\nUser: BREACH\\client2", "process": {"entity_id": "{4901c233-249f-63a0-9500-000000000600}", "executable": "C:\\Windows\\SysWOW64\\OneDriveSetup.exe", "name": "OneDriveSetup.exe", "pid": 4744}, "rule": {"name": "EXE"}, "winlog": {"api": "wineventlog", "channel": "Microsoft-Windows-Sysmon/Operational", "computer_name": "CLIENT2.breach.local", "event_data": {"CreationUtcTime": "2022-12-19 08:45:26.686", "User": "BREACH\\client2"}, "event_id": 11, "opcode": "Info", "process": {"pid": 1912, "thread": {"id": 2676}}, "provider_guid": "{5770385f-c22a-43e0-bf4c-06f5698ffbd9}", "provider_name": "Microsoft-Windows-Sysmon", "record_id": 1414, "task": "File created (rule: FileCreate)", "user": {"domain": "NT AUTHORITY", "identifier": "S-1-5-18", "name": "SYSTEM", "type": "User"}, "version": 2}}, "rule": {"name": "Creation of an Executable by an Executable", "authors": ["frack113"], "level": "low", "source": "sigma", "status": "experimental", "falsepositives": ["Software installers", "Update utilities"], "id": "297afac9-5d02-4138-8c58-b977bac60556", "logsource": {"category": "file_event", "product": "windows"}, "references": ["Malware Sandbox"], "tags": ["attack.resource_development", "attack.t1587.001"]}, "metadata": {"group": "Sigma", "kind": "individual", "document": {"kind": "jsonl", "path": "simulation_datasets/simulation_1/EntireSimulation_winlogbeat.jsonl"}, "timestamp": "2022-12-19T08:45:26.686+00:00", "misuse": false}}
{"event": {"@timestamp": "2022-12-19T08:45:26.717Z", "agent": {"ephemeral_id": "f998276c-afe4-4463-aba7-6d1241c5c07f", "hostname": "CLIENT2", "id": "a5ea4d3e-40c5-43d5-9a2e-ed2c48327430", "name": "CLIENT2", "type": "winlogbeat", "version": "7.10.2"}, "ecs": {"version": "1.5.0"}, "event": {"action": "File created (rule: FileCreate)", "category": ["file"], "code": 11, "created": "2022-12-19T08:46:34.363Z", "kind": "event", "module": "sysmon", "provider": "Microsoft-Windows-Sysmon", "type": ["creation"]}, "file": {"directory": "C:\\Users\\client2\\AppData\\Local\\Microsoft\\OneDrive", "extension": "exe", "name": "OneDriveStandaloneUpdater.exe", "path": "C:\\Users\\client2\\AppData\\Local\\Microsoft\\OneDrive\\OneDriveStandaloneUpdater.exe"}, "host": {"name": "CLIENT2.breach.local"}, "log": {"level": "information"}, "message": "File created:\nRuleName: EXE\nUtcTime: 2022-12-19 08:45:26.717\nProcessGuid: {4901c233-249f-63a0-9500-000000000600}\nProcessId: 4744\nImage: C:\\Windows\\SysWOW64\\OneDriveSetup.exe\nTargetFilename: C:\\Users\\client2\\AppData\\Local\\Microsoft\\OneDrive\\OneDriveStandaloneUpdater.exe\nCreationUtcTime: 2022-12-19 08:45:26.717\nUser: BREACH\\client2", "process": {"entity_id": "{4901c233-249f-63a0-9500-000000000600}", "executable": "C:\\Windows\\SysWOW64\\OneDriveSetup.exe", "name": "OneDriveSetup.exe", "pid": 4744}, "rule": {"name": "EXE"}, "winlog": {"api": "wineventlog", "channel": "Microsoft-Windows-Sysmon/Operational", "computer_name": "CLIENT2.breach.local", "event_data": {"CreationUtcTime": "2022-12-19 08:45:26.717", "User": "BREACH\\client2"}, "event_id": 11, "opcode": "Info", "process": {"pid": 1912, "thread": {"id": 2676}}, "provider_guid": "{5770385f-c22a-43e0-bf4c-06f5698ffbd9}", "provider_name": "Microsoft-Windows-Sysmon", "record_id": 1415, "task": "File created (rule: FileCreate)", "user": {"domain": "NT AUTHORITY", "identifier": "S-1-5-18", "name": "SYSTEM", "type": "User"}, "version": 2}}, "rule": {"name": "Creation of an Executable by an Executable", "authors": ["frack113"], "level": "low", "source": "sigma", "status": "experimental", "falsepositives": ["Software installers", "Update utilities"], "id": "297afac9-5d02-4138-8c58-b977bac60556", "logsource": {"category": "file_event", "product": "windows"}, "references": ["Malware Sandbox"], "tags": ["attack.resource_development", "attack.t1587.001"]}, "metadata": {"group": "Sigma", "kind": "individual", "document": {"kind": "jsonl", "path": "simulation_datasets/simulation_1/EntireSimulation_winlogbeat.jsonl"}, "timestamp": "2022-12-19T08:45:26.717+00:00", "misuse": false}}
